NTR A0007_ R t 06 S f  0.0 H t 72 M 000
LEU A0007_ R t 06 S f  0.0 H t 72 M 000
HIS A0008_ R t 06 S f  0.0 H t 72 M 000
LYS A0009_ R t 06 S f  0.0 H t 72 M 000
GLU A0010_ R t 06 S f  0.0 H t 72 M 000
PRO A0011_ R t 06 S f  0.0 H t 72 M 000
ALA A0012_ R t 06 S f  0.0 H t 72 M 000
THR A0013_ R t 06 S f  0.0 H t 72 M 000
LEU A0014_ R t 06 S f  0.0 H t 72 M 000
ILE A0015_ R t 06 S f  0.0 H t 72 M 000
LYS A0016_ R t 06 S f  0.0 H t 72 M 000
ALA A0017_ R t 06 S f  0.0 H t 72 M 000
ILE A0018_ R t 06 S f  0.0 H t 72 M 000
ASP A0019_ R t 06 S f  0.0 H t 72 M 000
GLY A0020_ R t 06 S f  0.0 H t 72 M 000
ASP A0021_ R t 06 S f  0.0 H t 72 M 000
THR A0022_ R t 06 S f  0.0 H t 72 M 000
VAL A0023_ R t 06 S f  0.0 H t 72 M 000
LYS A0024_ R t 06 S f  0.0 H t 72 M 000
LEU A0025_ R t 06 S f  0.0 H t 72 M 000
MET A0026_ R t 06 S f  0.0 H t 72 M 000
TYR A0027_ R t 06 S f  0.0 H t 72 M 000
LYS A0028_ R t 06 S f  0.0 H t 72 M 000
GLY A0029_ R t 06 S f  0.0 H t 72 M 000
GLN A0030_ R t 06 S f  0.0 H t 72 M 000
PRO A0031_ R t 06 S f  0.0 H t 72 M 000
MET A0032_ R t 06 S f  0.0 H t 72 M 000
THR A0033_ R t 06 S f  0.0 H t 72 M 000
PHE A0034_ R t 06 S f  0.0 H t 72 M 000
ARG A0035_ R t 06 S f  0.0 H t 72 M 000
LEU A0036_ R t 06 S f  0.0 H t 72 M 000
LEU A0037_ R t 06 S f  0.0 H t 72 M 000
LEU A0038_ R t 06 S f  0.0 H t 72 M 000
VAL A0039_ R t 06 S f  0.0 H t 72 M 000
ASP A0040_ R t 06 S f  0.0 H t 72 M 000
THR A0041_ R t 06 S f  0.0 H t 72 M 000
PRO A0042_ R t 06 S f  0.0 H t 72 M 000
GLU A0043_ R t 06 S f  0.0 H t 72 M 000
THR A0044_ R t 06 S f  0.0 H t 72 M 000
CTR A0044_ R t 06 S f  0.0 H t 72 M 000
NTR A0051_ R t 06 S f  0.0 H t 72 M 000
VAL A0051_ R t 06 S f  0.0 H t 72 M 000
GLU A0052_ R t 06 S f  0.0 H t 72 M 000
LYS A0053_ R t 06 S f  0.0 H t 72 M 000
TYR A0054_ R t 06 S f  0.0 H t 72 M 000
GLY A0055_ R t 06 S f  0.0 H t 72 M 000
PRO A0056_ R t 06 S f  0.0 H t 72 M 000
GLU A0057_ R t 06 S f  0.0 H t 72 M 000
ALA A0058_ R t 06 S f  0.0 H t 72 M 000
SER A0059_ R t 06 S f  0.0 H t 72 M 000
ALA A0060_ R t 06 S f  0.0 H t 72 M 000
PHE A0061_ R t 06 S f  0.0 H t 72 M 000
THR A0062_ R t 06 S f  0.0 H t 72 M 000
LYS A0063_ R t 06 S f  0.0 H t 72 M 000
LYS A0064_ R t 06 S f  0.0 H t 72 M 000
MET A0065_ R t 06 S f  0.0 H t 72 M 000
ASP A0066_ R t 06 S f  0.0 H t 72 M 000
GLU A0067_ R t 06 S f  0.0 H t 72 M 000
ASN A0068_ R t 06 S f  0.0 H t 72 M 000
ALA A0069_ R t 06 S f  0.0 H t 72 M 000
LYS A0070_ R t 06 S f  0.0 H t 72 M 000
LYS A0071_ R t 06 S f  0.0 H t 72 M 000
ILE A0072_ R t 06 S f  0.0 H t 72 M 000
GLU A0073_ R t 06 S f  0.0 H t 72 M 000
VAL A0074_ R t 06 S f  0.0 H t 72 M 000
GLU A0075_ R t 06 S f  0.0 H t 72 M 000
PHE A0076_ R t 06 S f  0.0 H t 72 M 000
ASP A0077_ R t 06 S f  0.0 H t 72 M 000
LYS A0078_ R t 06 S f  0.0 H t 72 M 000
GLY A0079_ R t 06 S f  0.0 H t 72 M 000
GLN A0080_ R t 06 S f  0.0 H t 72 M 000
ARG A0081_ R t 06 S f  0.0 H t 72 M 000
THR A0082_ R t 06 S f  0.0 H t 72 M 000
ASP A0083_ R t 06 S f  0.0 H t 72 M 000
LYS A0084_ R t 06 S f  0.0 H t 72 M 000
TYR A0085_ R t 06 S f  0.0 H t 72 M 000
GLY A0086_ R t 06 S f  0.0 H t 72 M 000
ARG A0087_ R t 06 S f  0.0 H t 72 M 000
GLY A0088_ R t 06 S f  0.0 H t 72 M 000
LEU A0089_ R t 06 S f  0.0 H t 72 M 000
ALA A0090_ R t 06 S f  0.0 H t 72 M 000
TYR A0091_ R t 06 S f  0.0 H t 72 M 000
ILE A0092_ R t 06 S f  0.0 H t 72 M 000
TYR A0093_ R t 06 S f  0.0 H t 72 M 000
ALA A0094_ R t 06 S f  0.0 H t 72 M 000
ASP A0095_ R t 06 S f  0.0 H t 72 M 000
GLY A0096_ R t 06 S f  0.0 H t 72 M 000
LYS A0097_ R t 06 S f  0.0 H t 72 M 000
MET A0098_ R t 06 S f  0.0 H t 72 M 000
VAL A0099_ R t 06 S f  0.0 H t 72 M 000
ASN A0100_ R t 06 S f  0.0 H t 72 M 000
GLU A0101_ R t 06 S f  0.0 H t 72 M 000
ALA A0102_ R t 06 S f  0.0 H t 72 M 000
LEU A0103_ R t 06 S f  0.0 H t 72 M 000
VAL A0104_ R t 06 S f  0.0 H t 72 M 000
ARG A0105_ R t 06 S f  0.0 H t 72 M 000
GLN A0106_ R t 06 S f  0.0 H t 72 M 000
GLY A0107_ R t 06 S f  0.0 H t 72 M 000
LEU A0108_ R t 06 S f  0.0 H t 72 M 000
ALA A0109_ R t 06 S f  0.0 H t 72 M 000
LYS A0110_ R t 06 S f  0.0 H t 72 M 000
VAL A0111_ R t 06 S f  0.0 H t 72 M 000
ALA A0112_ R t 06 S f  0.0 H t 72 M 000
TYR A0113_ R t 06 S f  0.0 H t 72 M 000
VAL A0114_ R t 06 S f  0.0 H t 72 M 000
TYR A0115_ R t 06 S f  0.0 H t 72 M 000
LYS A0116_ R t 06 S f  0.0 H t 72 M 000
GLY A0117_ R t 06 S f  0.0 H t 72 M 000
ASN A0118_ R t 06 S f  0.0 H t 72 M 000
ASN A0119_ R t 06 S f  0.0 H t 72 M 000
THR A0120_ R t 06 S f  0.0 H t 72 M 000
HIS A0121_ R t 06 S f  0.0 H t 72 M 000
GLU A0122_ R t 06 S f  0.0 H t 72 M 000
GLN A0123_ R t 06 S f  0.0 H t 72 M 000
LEU A0124_ R t 06 S f  0.0 H t 72 M 000
LEU A0125_ R t 06 S f  0.0 H t 72 M 000
ARG A0126_ R t 06 S f  0.0 H t 72 M 000
LYS A0127_ R t 06 S f  0.0 H t 72 M 000
ALA A0128_ R t 06 S f  0.0 H t 72 M 000
GLU A0129_ R t 06 S f  0.0 H t 72 M 000
ALA A0130_ R t 06 S f  0.0 H t 72 M 000
GLN A0131_ R t 06 S f  0.0 H t 72 M 000
ALA A0132_ R t 06 S f  0.0 H t 72 M 000
LYS A0133_ R t 06 S f  0.0 H t 72 M 000
LYS A0134_ R t 06 S f  0.0 H t 72 M 000
GLU A0135_ R t 06 S f  0.0 H t 72 M 000
LYS A0136_ R t 06 S f  0.0 H t 72 M 000
LEU A0137_ R t 06 S f  0.0 H t 72 M 000
ASN A0138_ R t 06 S f  0.0 H t 72 M 000
ILE A0139_ R t 06 S f  0.0 H t 72 M 000
TRP A0140_ R t 06 S f  0.0 H t 72 M 000
SER A0141_ R t 06 S f  0.0 H t 72 M 000
CTR A0141_ R t 06 S f  0.0 H t 72 M 000
HOH A0201_ R t 06 S f  0.0 H t 72 M 000
HOH A0205_ R t 06 S f  0.0 H t 72 M 000
HOH A0206_ R t 06 S f  0.0 H t 72 M 000
HOH A0207_ R t 06 S f  0.0 H t 72 M 000
HOH A0208_ R t 06 S f  0.0 H t 72 M 000
HOH A0216_ R t 06 S f  0.0 H t 72 M 000
HOH A0218_ R t 06 S f  0.0 H t 72 M 000
HOH A0220_ R t 06 S f  0.0 H t 72 M 000
HOH A0221_ R t 06 S f  0.0 H t 72 M 000
HOH A0222_ R t 06 S f  0.0 H t 72 M 000
HOH A0223_ R t 06 S f  0.0 H t 72 M 000
HOH A0225_ R t 06 S f  0.0 H t 72 M 000
HOH A0228_ R t 06 S f  0.0 H t 72 M 000
HOH A0256_ R t 06 S f  0.0 H t 72 M 000
HOH A0266_ R t 06 S f  0.0 H t 72 M 000
THP A0300_ R t 06 S f  0.0 H t 72 M 000
