  pH           0     1     2     3     4     5     6     7     8     9    10    11    12    13    14
NTR+A0007_  1.00  1.00  1.00  1.00  1.00  1.00  0.97  0.87  0.59  0.17  0.02  0.00  0.00  0.00  0.00
HIS+A0008_  1.00  1.00  1.00  1.00  0.99  0.97  0.86  0.42  0.13  0.03  0.01  0.00  0.00  0.00  0.00
LYS+A0009_  1.00  1.00  1.00  1.00  1.00  1.00  1.00  1.00  1.00  1.00  0.97  0.86  0.59  0.16  0.03
GLU-A0010_ -0.00 -0.00 -0.03 -0.17 -0.52 -0.90 -0.98 -1.00 -1.00 -1.00 -1.00 -1.00 -1.00 -1.00 -1.00
LYS+A0016_  1.00  1.00  1.00  1.00  1.00  1.00  1.00  1.00  0.99  0.96  0.79  0.41  0.10  0.02  0.00
ASP-A0019_ -0.00 -0.04 -0.22 -0.52 -0.83 -0.88 -0.93 -0.93 -0.98 -1.00 -1.00 -1.00 -1.00 -1.00 -1.00
ASP-A0021_ -0.00 -0.00 -0.05 -0.12 -0.00 -0.09 -0.12 -0.40 -0.82 -0.95 -1.00 -1.00 -1.00 -1.00 -1.00
LYS+A0024_  1.00  1.00  1.00  1.00  1.00  1.00  1.00  1.00  1.00  0.93  0.66  0.23  0.05  0.01  0.00
TYR-A0027_ -0.00 -0.00 -0.00 -0.00 -0.00 -0.00 -0.00 -0.00 -0.00 -0.00 -0.00 -0.00 -0.00 -0.00 -0.00
LYS+A0028_  1.00  1.00  1.00  1.00  1.00  1.00  1.00  1.00  1.00  0.99  0.95  0.72  0.27  0.04  0.01
ARG+A0035_  1.00  1.00  1.00  1.00  1.00  1.00  1.00  1.00  1.00  1.00  1.00  1.00  1.00  1.00  1.00
ASP-A0040_ -0.00 -0.01 -0.07 -0.25 -0.57 -0.83 -0.96 -0.99 -1.00 -1.00 -1.00 -1.00 -1.00 -1.00 -1.00
GLU-A0043_ -0.00 -0.01 -0.09 -0.24 -0.50 -0.85 -0.98 -1.00 -1.00 -1.00 -1.00 -1.00 -1.00 -1.00 -1.00
CTR-A0044_ -0.00 -0.01 -0.07 -0.30 -0.67 -0.92 -0.99 -1.00 -1.00 -1.00 -1.00 -1.00 -1.00 -1.00 -1.00
NTR+A0051_  1.00  1.00  1.00  1.00  1.00  1.00  1.00  0.96  0.76  0.26  0.04  0.00  0.00  0.00  0.00
GLU-A0052_ -0.00 -0.01 -0.07 -0.29 -0.57 -0.84 -0.97 -1.00 -1.00 -1.00 -1.00 -1.00 -1.00 -1.00 -1.00
LYS+A0053_  1.00  1.00  1.00  1.00  1.00  1.00  1.00  1.00  1.00  0.99  0.94  0.67  0.24  0.05  0.00
TYR-A0054_ -0.00 -0.00 -0.00 -0.00 -0.00 -0.00 -0.00 -0.00 -0.00 -0.00 -0.03 -0.14 -0.44 -0.84 -0.98
GLU-A0057_ -0.00 -0.01 -0.04 -0.26 -0.72 -0.95 -0.99 -1.00 -1.00 -1.00 -1.00 -1.00 -1.00 -1.00 -1.00
LYS+A0063_  1.00  1.00  1.00  1.00  1.00  1.00  1.00  1.00  1.00  0.98  0.86  0.54  0.16  0.02  0.00
LYS+A0064_  1.00  1.00  1.00  1.00  1.00  1.00  1.00  1.00  0.99  0.90  0.50  0.12  0.02  0.00  0.00
ASP-A0066_ -0.00 -0.00 -0.00 -0.00 -0.00 -0.00 -0.00 -0.00 -0.00 -0.00 -0.00 -0.00 -0.00 -0.01 -0.07
GLU-A0067_ -0.00 -0.00 -0.01 -0.11 -0.50 -0.86 -0.98 -1.00 -1.00 -1.00 -1.00 -1.00 -1.00 -1.00 -1.00
LYS+A0070_  1.00  1.00  1.00  1.00  1.00  1.00  1.00  1.00  0.99  0.96  0.79  0.39  0.09  0.02  0.00
LYS+A0071_  1.00  1.00  1.00  1.00  1.00  1.00  1.00  1.00  1.00  0.99  0.93  0.71  0.32  0.09  0.01
GLU-A0073_ -0.01 -0.13 -0.54 -0.85 -0.95 -1.00 -1.00 -1.00 -1.00 -1.00 -1.00 -1.00 -1.00 -1.00 -1.00
GLU-A0075_ -0.00 -0.01 -0.16 -0.52 -0.83 -0.94 -0.98 -0.98 -0.99 -1.00 -1.00 -1.00 -1.00 -1.00 -1.00
ASP-A0077_ -1.00 -1.00 -1.00 -1.00 -1.00 -1.00 -1.00 -1.00 -1.00 -1.00 -1.00 -1.00 -1.00 -1.00 -1.00
LYS+A0078_  1.00  1.00  1.00  1.00  1.00  1.00  1.00  1.00  1.00  0.99  0.92  0.59  0.15  0.02  0.00
ARG+A0081_  1.00  1.00  1.00  1.00  1.00  1.00  1.00  1.00  1.00  1.00  1.00  0.99  0.95  0.77  0.30
ASP-A0083_ -1.00 -1.00 -1.00 -1.00 -1.00 -1.00 -1.00 -1.00 -1.00 -1.00 -1.00 -1.00 -1.00 -1.00 -1.00
LYS+A0084_  1.00  1.00  1.00  1.00  1.00  1.00  1.00  1.00  0.99  0.95  0.79  0.52  0.15  0.02  0.00
TYR-A0085_ -0.00 -0.00 -0.00 -0.00 -0.00 -0.00 -0.00 -0.00 -0.02 -0.14 -0.50 -0.79 -0.95 -0.99 -1.00
ARG+A0087_  1.00  1.00  1.00  1.00  1.00  1.00  1.00  1.00  1.00  1.00  1.00  1.00  1.00  1.00  1.00
TYR-A0091_ -0.00 -0.00 -0.00 -0.00 -0.00 -0.00 -0.00 -0.00 -0.00 -0.00 -0.00 -0.00 -0.00 -0.00 -0.00
TYR-A0093_ -0.00 -0.00 -0.00 -0.00 -0.00 -0.00 -0.00 -0.00 -0.00 -0.00 -0.00 -0.00 -0.00 -0.00 -0.00
ASP-A0095_ -0.00 -0.02 -0.13 -0.50 -0.88 -0.98 -1.00 -1.00 -1.00 -1.00 -1.00 -1.00 -1.00 -1.00 -1.00
LYS+A0097_  1.00  1.00  1.00  1.00  1.00  1.00  1.00  1.00  1.00  0.98  0.87  0.47  0.11  0.02  0.00
GLU-A0101_ -0.00 -0.00 -0.06 -0.25 -0.63 -0.92 -0.99 -1.00 -1.00 -1.00 -1.00 -1.00 -1.00 -1.00 -1.00
ARG+A0105_  1.00  1.00  1.00  1.00  1.00  1.00  1.00  1.00  1.00  1.00  1.00  1.00  1.00  0.97  0.80
LYS+A0110_  1.00  1.00  1.00  1.00  1.00  1.00  1.00  1.00  1.00  0.99  0.95  0.79  0.46  0.15  0.02
TYR-A0113_ -0.00 -0.00 -0.00 -0.00 -0.00 -0.00 -0.00 -0.00 -0.00 -0.00 -0.01 -0.06 -0.23 -0.66 -0.93
TYR-A0115_ -0.00 -0.00 -0.00 -0.00 -0.00 -0.00 -0.00 -0.01 -0.04 -0.23 -0.60 -0.88 -0.98 -0.99 -1.00
LYS+A0116_  1.00  1.00  1.00  1.00  1.00  1.00  1.00  0.99  0.96  0.73  0.40  0.12  0.02  0.00  0.00
HIS+A0121_  1.00  1.00  1.00  0.99  0.99  0.98  0.96  0.81  0.38  0.08  0.02  0.00  0.00  0.00  0.00
GLU-A0122_ -0.00 -0.00 -0.01 -0.09 -0.39 -0.83 -0.97 -1.00 -1.00 -1.00 -1.00 -1.00 -1.00 -1.00 -1.00
ARG+A0126_  1.00  1.00  1.00  1.00  1.00  1.00  1.00  1.00  1.00  1.00  1.00  0.97  0.91  0.62  0.13
LYS+A0127_  1.00  1.00  1.00  1.00  1.00  1.00  1.00  1.00  0.98  0.90  0.51  0.13  0.02  0.00  0.00
GLU-A0129_ -0.00 -0.00 -0.03 -0.13 -0.45 -0.79 -0.97 -0.99 -1.00 -1.00 -1.00 -1.00 -1.00 -1.00 -1.00
LYS+A0133_  1.00  1.00  1.00  1.00  1.00  1.00  1.00  1.00  1.00  0.97  0.86  0.49  0.13  0.03  0.00
LYS+A0134_  1.00  1.00  1.00  1.00  1.00  1.00  1.00  1.00  1.00  0.97  0.79  0.33  0.06  0.01  0.00
GLU-A0135_ -0.00 -0.02 -0.14 -0.56 -0.88 -0.98 -1.00 -1.00 -1.00 -1.00 -1.00 -1.00 -1.00 -1.00 -1.00
LYS+A0136_  1.00  1.00  1.00  1.00  1.00  1.00  1.00  1.00  1.00  0.99  0.91  0.56  0.21  0.04  0.00
CTR-A0141_ -0.00 -0.00 -0.03 -0.17 -0.64 -0.92 -0.99 -1.00 -1.00 -1.00 -1.00 -1.00 -1.00 -1.00 -1.00
----------
Net_Charge 24.98 24.74 23.23 19.67 14.45 10.49  8.99  7.76  5.91  3.38 -0.67 -7.22 -13.58 -17.45 -19.67
Protons    24.98 24.74 23.23 19.67 14.45 10.49  8.99  7.76  5.91  3.38 -0.67 -7.22 -13.58 -17.45 -19.67
Electrons   0.00  0.00  0.00  0.00  0.00  0.00  0.00  0.00  0.00  0.00  0.00  0.00  0.00  0.00  0.00
