 ph              0.0   1.0   2.0   3.0   4.0   5.0   6.0   7.0   8.0   9.0  10.0  11.0  12.0  13.0  14.0
NTR01A0001_001 0.000 0.000 0.000 0.000 0.000 0.637 0.651 0.650 0.651 0.651 0.651 0.651 0.651 0.651 0.651
NTR01A0001_002 0.000 0.000 0.000 0.000 0.000 0.637 0.651 0.650 0.651 0.651 0.651 0.651 0.651 0.651 0.651
NTR01A0001_003 0.000 0.000 0.000 0.000 0.000 0.637 0.651 0.650 0.651 0.651 0.651 0.651 0.651 0.651 0.651
NTR+1A0001_004 0.000 0.000 0.000 0.000 0.000 0.000 0.000 0.000 0.000 0.000 0.000 0.000 0.000 0.000 0.000
ARG01A0001_001 0.000 0.000 0.000 0.000 0.000 0.000 0.000 0.000 0.000 0.000 0.000 0.649 1.145 1.186 1.147
ARG01A0001_002 0.000 0.000 0.000 0.000 0.000 0.000 0.000 0.000 0.000 0.000 0.000 0.649 1.145 1.186 1.147
ARG02A0001_003 0.000 0.000 0.000 0.000 0.000 0.000 0.000 0.000 0.000 0.000 0.000 0.649 1.145 1.186 1.147
ARG02A0001_004 0.000 0.000 0.000 0.000 0.000 0.000 0.000 0.000 0.000 0.000 0.000 0.649 1.145 1.186 1.147
ARG02A0001_005 0.000 0.000 0.000 0.000 0.000 0.000 0.000 0.000 0.000 0.000 0.000 0.649 1.145 1.186 1.147
ARG02A0001_006 0.000 0.000 0.000 0.000 0.000 0.000 0.000 0.000 0.000 0.000 0.000 0.649 1.145 1.186 1.147
ARG03A0001_007 0.000 0.000 0.000 0.000 0.000 0.000 0.000 0.000 0.000 0.000 0.000 0.649 1.145 1.186 1.147
ARG03A0001_008 0.000 0.000 0.000 0.000 0.000 0.000 0.000 0.000 0.000 0.000 0.000 0.649 1.145 1.186 1.147
ARG03A0001_009 0.000 0.000 0.000 0.000 0.000 0.000 0.000 0.000 0.000 0.000 0.000 0.649 1.145 1.186 1.147
ARG03A0001_010 0.000 0.000 0.000 0.000 0.000 0.000 0.000 0.000 0.000 0.000 0.000 0.649 1.145 1.186 1.147
ARG+1A0001_011 0.410 0.409 0.409 0.410 0.410 0.409 0.410 0.409 0.409 0.409 0.408 0.410 0.411 0.409 0.410
ARG+1A0001_012 0.410 0.409 0.409 0.410 0.410 0.409 0.410 0.409 0.409 0.409 0.408 0.410 0.411 0.409 0.410
PRO01A0002_001 0.000 0.000 0.000 0.000 0.000 0.000 0.000 0.000 0.000 0.000 0.000 0.000 0.000 0.000 0.000
ASP01A0003_001 0.849 0.848 0.841 0.849 0.844 0.799 0.513 0.000 0.000 0.000 0.000 0.000 0.000 0.000 0.000
ASP01A0003_002 0.849 0.848 0.841 0.849 0.844 0.799 0.513 0.000 0.000 0.000 0.000 0.000 0.000 0.000 0.000
ASP01A0003_003 0.849 0.848 0.841 0.849 0.844 0.799 0.513 0.000 0.000 0.000 0.000 0.000 0.000 0.000 0.000
ASP02A0003_004 0.849 0.848 0.841 0.849 0.844 0.799 0.513 0.000 0.000 0.000 0.000 0.000 0.000 0.000 0.000
ASP02A0003_005 0.849 0.848 0.841 0.849 0.844 0.799 0.513 0.000 0.000 0.000 0.000 0.000 0.000 0.000 0.000
ASP-1A0003_006 0.000 0.000 0.000 0.000 0.000 0.000 0.000 0.000 0.000 0.000 0.000 0.000 0.000 0.000 0.000
PHE01A0004_001 0.000 0.000 0.000 0.000 0.000 0.000 0.000 0.000 0.000 0.000 0.000 0.000 0.000 0.000 0.000
CYD01A0005_001 0.000 0.000 0.000 0.000 0.000 0.000 0.000 0.000 0.000 0.000 0.000 0.000 0.000 0.000 0.000
LEU01A0006_001 0.000 0.000 0.000 0.000 0.000 0.000 0.000 0.000 0.000 0.000 0.000 0.000 0.000 0.000 0.000
GLU01A0007_001 1.310 1.283 1.258 1.285 1.233 1.201 0.706 0.000 0.000 0.000 0.000 0.000 0.000 0.000 0.000
GLU01A0007_002 1.310 1.283 1.258 1.285 1.233 1.201 0.706 0.000 0.000 0.000 0.000 0.000 0.000 0.000 0.000
GLU01A0007_003 1.310 1.283 1.258 1.285 1.233 1.201 0.706 0.000 0.000 0.000 0.000 0.000 0.000 0.000 0.000
GLU01A0007_004 1.310 1.283 1.258 1.285 1.233 1.201 0.706 0.000 0.000 0.000 0.000 0.000 0.000 0.000 0.000
GLU01A0007_005 1.310 1.283 1.258 1.285 1.233 1.201 0.706 0.000 0.000 0.000 0.000 0.000 0.000 0.000 0.000
GLU01A0007_006 1.310 1.283 1.258 1.285 1.233 1.201 0.706 0.000 0.000 0.000 0.000 0.000 0.000 0.000 0.000
GLU01A0007_007 1.310 1.283 1.258 1.285 1.233 1.201 0.706 0.000 0.000 0.000 0.000 0.000 0.000 0.000 0.000
GLU01A0007_008 1.310 1.283 1.258 1.285 1.233 1.201 0.706 0.000 0.000 0.000 0.000 0.000 0.000 0.000 0.000
GLU02A0007_009 1.310 1.283 1.258 1.285 1.233 1.201 0.706 0.000 0.000 0.000 0.000 0.000 0.000 0.000 0.000
GLU02A0007_010 1.310 1.283 1.258 1.285 1.233 1.201 0.706 0.000 0.000 0.000 0.000 0.000 0.000 0.000 0.000
GLU02A0007_011 1.310 1.283 1.258 1.285 1.233 1.201 0.706 0.000 0.000 0.000 0.000 0.000 0.000 0.000 0.000
GLU02A0007_012 1.310 1.283 1.258 1.285 1.233 1.201 0.706 0.000 0.000 0.000 0.000 0.000 0.000 0.000 0.000
GLU02A0007_013 1.310 1.283 1.258 1.285 1.233 1.201 0.706 0.000 0.000 0.000 0.000 0.000 0.000 0.000 0.000
GLU02A0007_014 1.310 1.283 1.258 1.285 1.233 1.201 0.706 0.000 0.000 0.000 0.000 0.000 0.000 0.000 0.000
GLU02A0007_015 1.310 1.283 1.258 1.285 1.233 1.201 0.706 0.000 0.000 0.000 0.000 0.000 0.000 0.000 0.000
GLU02A0007_016 1.310 1.283 1.258 1.285 1.233 1.201 0.706 0.000 0.000 0.000 0.000 0.000 0.000 0.000 0.000
GLU02A0007_017 1.310 1.283 1.258 1.285 1.233 1.201 0.706 0.000 0.000 0.000 0.000 0.000 0.000 0.000 0.000
GLU02A0007_018 1.310 1.283 1.258 1.285 1.233 1.201 0.706 0.000 0.000 0.000 0.000 0.000 0.000 0.000 0.000
GLU02A0007_019 1.310 1.283 1.258 1.285 1.233 1.201 0.706 0.000 0.000 0.000 0.000 0.000 0.000 0.000 0.000
GLU-1A0007_020 0.000 0.000 0.000 0.403 0.395 0.402 0.404 0.399 0.401 0.401 0.401 0.403 0.402 0.404 0.402
GLU-1A0007_021 0.000 0.000 0.000 0.403 0.395 0.402 0.404 0.399 0.401 0.401 0.401 0.403 0.402 0.404 0.402
PRO01A0008_001 0.000 0.000 0.000 0.000 0.000 0.000 0.000 0.000 0.000 0.000 0.000 0.000 0.000 0.000 0.000
PRO01A0009_001 0.000 0.000 0.000 0.000 0.000 0.000 0.000 0.000 0.000 0.000 0.000 0.000 0.000 0.000 0.000
TYR01A0010_001 0.912 0.913 0.913 0.915 0.914 0.917 0.912 0.912 0.917 0.918 0.917 0.921 0.919 0.916 0.000
TYR01A0010_002 0.912 0.913 0.913 0.915 0.914 0.917 0.912 0.912 0.917 0.918 0.917 0.921 0.919 0.916 0.000
TYR01A0010_003 0.912 0.913 0.913 0.915 0.914 0.917 0.912 0.912 0.917 0.918 0.917 0.921 0.919 0.916 0.000
TYR01A0010_004 0.912 0.913 0.913 0.915 0.914 0.917 0.912 0.912 0.917 0.918 0.917 0.921 0.919 0.916 0.000
TYR01A0010_005 0.912 0.913 0.913 0.915 0.914 0.917 0.912 0.912 0.917 0.918 0.917 0.921 0.919 0.916 0.000
TYR-1A0010_006 0.000 0.000 0.000 0.000 0.000 0.000 0.000 0.000 0.000 0.000 0.000 0.000 0.000 0.000 0.000
THR01A0011_001 0.789 0.792 0.792 0.792 0.794 0.798 0.798 0.796 0.795 0.798 0.797 0.797 0.796 0.789 0.795
THR01A0011_002 0.789 0.792 0.792 0.792 0.794 0.798 0.798 0.796 0.795 0.798 0.797 0.797 0.796 0.789 0.795
THR01A0011_003 0.789 0.792 0.792 0.792 0.794 0.798 0.798 0.796 0.795 0.798 0.797 0.797 0.796 0.789 0.795
THR01A0011_004 0.789 0.792 0.792 0.792 0.794 0.798 0.798 0.796 0.795 0.798 0.797 0.797 0.796 0.789 0.795
PRO01A0013_001 0.000 0.000 0.000 0.000 0.000 0.000 0.000 0.000 0.000 0.000 0.000 0.000 0.000 0.000 0.000
CYD01A0014_001 0.000 0.000 0.000 0.000 0.000 0.000 0.000 0.000 0.000 0.000 0.000 0.000 0.000 0.000 0.000
LYS01A0015_001 0.000 0.000 0.000 0.000 0.000 0.000 0.000 0.000 0.595 0.651 0.651 0.651 0.650 0.651 0.651
LYS01A0015_002 0.000 0.000 0.000 0.000 0.000 0.000 0.000 0.000 0.595 0.651 0.651 0.651 0.650 0.651 0.651
LYS01A0015_003 0.000 0.000 0.000 0.000 0.000 0.000 0.000 0.000 0.595 0.651 0.651 0.651 0.650 0.651 0.651
LYS+1A0015_004 0.000 0.000 0.000 0.000 0.000 0.000 0.000 0.000 0.000 0.000 0.000 0.000 0.000 0.000 0.000
ALA01A0016_001 0.000 0.000 0.000 0.000 0.000 0.000 0.000 0.000 0.000 0.000 0.000 0.000 0.000 0.000 0.000
ARG01A0017_001 0.000 0.000 0.000 0.000 0.000 0.000 0.000 0.000 0.000 0.000 0.898 0.939 0.940 0.943 0.945
ARG02A0017_002 0.000 0.000 0.000 0.000 0.000 0.000 0.000 0.000 0.000 0.000 0.898 0.939 0.940 0.943 0.945
ARG02A0017_003 0.000 0.000 0.000 0.000 0.000 0.000 0.000 0.000 0.000 0.000 0.898 0.939 0.940 0.943 0.945
ARG03A0017_004 0.000 0.000 0.000 0.000 0.000 0.000 0.000 0.000 0.000 0.000 0.898 0.939 0.940 0.943 0.945
ARG03A0017_005 0.000 0.000 0.000 0.000 0.000 0.000 0.000 0.000 0.000 0.000 0.898 0.939 0.940 0.943 0.945
ARG+1A0017_006 0.000 0.000 0.000 0.000 0.000 0.000 0.000 0.000 0.000 0.000 0.000 0.000 0.000 0.000 0.000
ILE01A0018_001 0.000 0.000 0.000 0.000 0.000 0.000 0.000 0.000 0.000 0.000 0.000 0.000 0.000 0.000 0.000
ILE01A0019_001 0.000 0.000 0.000 0.000 0.000 0.000 0.000 0.000 0.000 0.000 0.000 0.000 0.000 0.000 0.000
ARG01A0020_001 0.000 0.000 0.000 0.000 0.000 0.000 0.000 0.000 0.000 0.000 0.571 0.886 1.238 1.262 1.265
ARG01A0020_002 0.000 0.000 0.000 0.000 0.000 0.000 0.000 0.000 0.000 0.000 0.571 0.886 1.238 1.262 1.265
ARG02A0020_003 0.000 0.000 0.000 0.000 0.000 0.000 0.000 0.000 0.000 0.000 0.571 0.886 1.238 1.262 1.265
ARG02A0020_004 0.000 0.000 0.000 0.000 0.000 0.000 0.000 0.000 0.000 0.000 0.571 0.886 1.238 1.262 1.265
ARG02A0020_005 0.000 0.000 0.000 0.000 0.000 0.000 0.000 0.000 0.000 0.000 0.571 0.886 1.238 1.262 1.265
ARG02A0020_006 0.000 0.000 0.000 0.000 0.000 0.000 0.000 0.000 0.000 0.000 0.571 0.886 1.238 1.262 1.265
ARG03A0020_007 0.000 0.000 0.000 0.000 0.000 0.000 0.000 0.000 0.000 0.000 0.571 0.886 1.238 1.262 1.265
ARG03A0020_008 0.000 0.000 0.000 0.000 0.000 0.000 0.000 0.000 0.000 0.000 0.571 0.886 1.238 1.262 1.265
ARG03A0020_009 0.000 0.000 0.000 0.000 0.000 0.000 0.000 0.000 0.000 0.000 0.571 0.886 1.238 1.262 1.265
ARG03A0020_010 0.000 0.000 0.000 0.000 0.000 0.000 0.000 0.000 0.000 0.000 0.571 0.886 1.238 1.262 1.265
ARG+1A0020_011 0.338 0.340 0.340 0.341 0.340 0.343 0.344 0.349 0.353 0.353 0.355 0.362 0.378 0.376 0.368
ARG+1A0020_012 0.338 0.340 0.340 0.341 0.340 0.343 0.344 0.349 0.353 0.353 0.355 0.362 0.378 0.376 0.368
TYR01A0021_001 1.017 1.017 1.014 1.016 1.019 1.021 1.022 1.020 1.022 1.021 1.022 1.022 1.026 0.939 0.000
TYR01A0021_002 1.017 1.017 1.014 1.016 1.019 1.021 1.022 1.020 1.022 1.021 1.022 1.022 1.026 0.939 0.000
TYR01A0021_003 1.017 1.017 1.014 1.016 1.019 1.021 1.022 1.020 1.022 1.021 1.022 1.022 1.026 0.939 0.000
TYR01A0021_004 1.017 1.017 1.014 1.016 1.019 1.021 1.022 1.020 1.022 1.021 1.022 1.022 1.026 0.939 0.000
TYR01A0021_005 1.017 1.017 1.014 1.016 1.019 1.021 1.022 1.020 1.022 1.021 1.022 1.022 1.026 0.939 0.000
TYR01A0021_006 1.017 1.017 1.014 1.016 1.019 1.021 1.022 1.020 1.022 1.021 1.022 1.022 1.026 0.939 0.000
TYR-1A0021_007 0.000 0.000 0.000 0.000 0.000 0.000 0.000 0.000 0.000 0.000 0.000 0.000 0.000 0.000 0.000
PHE01A0022_001 0.000 0.000 0.000 0.000 0.000 0.000 0.000 0.000 0.000 0.000 0.000 0.000 0.000 0.000 0.000
TYR01A0023_001 1.124 1.120 1.121 1.124 1.131 1.125 1.129 1.128 1.136 1.126 1.131 1.126 1.144 1.132 0.989
TYR01A0023_002 1.124 1.120 1.121 1.124 1.131 1.125 1.129 1.128 1.136 1.126 1.131 1.126 1.144 1.132 0.989
TYR01A0023_003 1.124 1.120 1.121 1.124 1.131 1.125 1.129 1.128 1.136 1.126 1.131 1.126 1.144 1.132 0.989
TYR01A0023_004 1.124 1.120 1.121 1.124 1.131 1.125 1.129 1.128 1.136 1.126 1.131 1.126 1.144 1.132 0.989
TYR01A0023_005 1.124 1.120 1.121 1.124 1.131 1.125 1.129 1.128 1.136 1.126 1.131 1.126 1.144 1.132 0.989
TYR01A0023_006 1.124 1.120 1.121 1.124 1.131 1.125 1.129 1.128 1.136 1.126 1.131 1.126 1.144 1.132 0.989
TYR01A0023_007 1.124 1.120 1.121 1.124 1.131 1.125 1.129 1.128 1.136 1.126 1.131 1.126 1.144 1.132 0.989
TYR01A0023_008 1.124 1.120 1.121 1.124 1.131 1.125 1.129 1.128 1.136 1.126 1.131 1.126 1.144 1.132 0.989
TYR-1A0023_009 0.000 0.000 0.000 0.000 0.000 0.000 0.000 0.000 0.000 0.398 0.392 0.397 0.397 0.386 0.398
TYR-1A0023_010 0.000 0.000 0.000 0.000 0.000 0.000 0.000 0.000 0.000 0.398 0.392 0.397 0.397 0.386 0.398
ASN01A0024_001 0.410 0.410 0.411 0.411 0.410 0.410 0.410 0.410 0.410 0.410 0.410 0.410 0.410 0.410 0.411
ASN01A0024_002 0.410 0.410 0.411 0.411 0.410 0.410 0.410 0.410 0.410 0.410 0.410 0.410 0.410 0.410 0.411
ALA01A0025_001 0.000 0.000 0.000 0.000 0.000 0.000 0.000 0.000 0.000 0.000 0.000 0.000 0.000 0.000 0.000
LYS01A0026_001 0.000 0.000 0.000 0.000 0.000 0.000 0.000 0.000 0.648 0.649 0.650 0.650 0.650 0.650 0.651
LYS01A0026_002 0.000 0.000 0.000 0.000 0.000 0.000 0.000 0.000 0.648 0.649 0.650 0.650 0.650 0.650 0.651
LYS01A0026_003 0.000 0.000 0.000 0.000 0.000 0.000 0.000 0.000 0.648 0.649 0.650 0.650 0.650 0.650 0.651
LYS+1A0026_004 0.000 0.000 0.000 0.000 0.000 0.000 0.000 0.000 0.000 0.000 0.000 0.000 0.000 0.000 0.000
ALA01A0027_001 0.000 0.000 0.000 0.000 0.000 0.000 0.000 0.000 0.000 0.000 0.000 0.000 0.000 0.000 0.000
LEU01A0029_001 0.000 0.000 0.000 0.000 0.000 0.000 0.000 0.000 0.000 0.000 0.000 0.000 0.000 0.000 0.000
CYD01A0030_001 0.000 0.000 0.000 0.000 0.000 0.000 0.000 0.000 0.000 0.000 0.000 0.000 0.000 0.000 0.000
GLN01A0031_001 0.395 0.396 0.394 0.395 0.395 0.395 0.397 0.395 0.395 0.396 0.395 0.396 0.399 0.399 0.399
GLN01A0031_002 0.395 0.396 0.394 0.395 0.395 0.395 0.397 0.395 0.395 0.396 0.395 0.396 0.399 0.399 0.399
THR01A0032_001 0.796 0.799 0.794 0.796 0.795 0.793 0.799 0.798 0.792 0.797 0.798 0.800 0.802 0.799 0.800
THR01A0032_002 0.796 0.799 0.794 0.796 0.795 0.793 0.799 0.798 0.792 0.797 0.798 0.800 0.802 0.799 0.800
THR01A0032_003 0.796 0.799 0.794 0.796 0.795 0.793 0.799 0.798 0.792 0.797 0.798 0.800 0.802 0.799 0.800
THR01A0032_004 0.796 0.799 0.794 0.796 0.795 0.793 0.799 0.798 0.792 0.797 0.798 0.800 0.802 0.799 0.800
PHE01A0033_001 0.000 0.000 0.000 0.000 0.000 0.000 0.000 0.000 0.000 0.000 0.000 0.000 0.000 0.000 0.000
VAL01A0034_001 0.000 0.000 0.000 0.000 0.000 0.000 0.000 0.000 0.000 0.000 0.000 0.000 0.000 0.000 0.000
TYR01A0035_001 0.864 0.864 0.842 0.851 0.858 0.000 0.853 0.866 0.885 0.881 0.884 0.835 0.858 0.000 0.000
TYR01A0035_002 0.864 0.864 0.842 0.851 0.858 0.000 0.853 0.866 0.885 0.881 0.884 0.835 0.858 0.000 0.000
TYR01A0035_003 0.864 0.864 0.842 0.851 0.858 0.000 0.853 0.866 0.885 0.881 0.884 0.835 0.858 0.000 0.000
TYR01A0035_004 0.864 0.864 0.842 0.851 0.858 0.000 0.853 0.866 0.885 0.881 0.884 0.835 0.858 0.000 0.000
TYR01A0035_005 0.864 0.864 0.842 0.851 0.858 0.000 0.853 0.866 0.885 0.881 0.884 0.835 0.858 0.000 0.000
TYR01A0035_006 0.864 0.864 0.842 0.851 0.858 0.000 0.853 0.866 0.885 0.881 0.884 0.835 0.858 0.000 0.000
TYR-1A0035_007 0.000 0.000 0.000 0.000 0.000 0.000 0.000 0.000 0.000 0.000 0.000 0.000 0.000 0.000 0.000
CYD01A0038_001 0.000 0.000 0.000 0.000 0.000 0.000 0.000 0.000 0.000 0.000 0.000 0.000 0.000 0.000 0.000
ARG01A0039_001 0.000 0.000 0.000 0.000 0.000 0.000 0.000 0.000 0.000 0.000 0.913 0.937 0.947 0.000 0.942
ARG02A0039_002 0.000 0.000 0.000 0.000 0.000 0.000 0.000 0.000 0.000 0.000 0.913 0.937 0.947 0.000 0.942
ARG02A0039_003 0.000 0.000 0.000 0.000 0.000 0.000 0.000 0.000 0.000 0.000 0.913 0.937 0.947 0.000 0.942
ARG03A0039_004 0.000 0.000 0.000 0.000 0.000 0.000 0.000 0.000 0.000 0.000 0.913 0.937 0.947 0.000 0.942
ARG03A0039_005 0.000 0.000 0.000 0.000 0.000 0.000 0.000 0.000 0.000 0.000 0.913 0.937 0.947 0.000 0.942
ARG+1A0039_006 0.000 0.000 0.000 0.000 0.000 0.000 0.000 0.000 0.000 0.000 0.000 0.000 0.000 0.000 0.000
ALA01A0040_001 0.000 0.000 0.000 0.000 0.000 0.000 0.000 0.000 0.000 0.000 0.000 0.000 0.000 0.000 0.000
LYS01A0041_001 0.000 0.000 0.000 0.000 0.000 0.000 0.000 0.000 0.622 0.646 0.649 0.648 0.649 0.649 0.648
LYS01A0041_002 0.000 0.000 0.000 0.000 0.000 0.000 0.000 0.000 0.622 0.646 0.649 0.648 0.649 0.649 0.648
LYS01A0041_003 0.000 0.000 0.000 0.000 0.000 0.000 0.000 0.000 0.622 0.646 0.649 0.648 0.649 0.649 0.648
LYS+1A0041_004 0.000 0.000 0.000 0.000 0.000 0.000 0.000 0.000 0.000 0.000 0.000 0.000 0.000 0.000 0.000
ARG01A0042_001 0.000 0.000 0.000 0.000 0.000 0.000 0.000 0.000 0.000 0.000 0.704 0.947 0.953 0.948 0.951
ARG02A0042_002 0.000 0.000 0.000 0.000 0.000 0.000 0.000 0.000 0.000 0.000 0.704 0.947 0.953 0.948 0.951
ARG02A0042_003 0.000 0.000 0.000 0.000 0.000 0.000 0.000 0.000 0.000 0.000 0.704 0.947 0.953 0.948 0.951
ARG03A0042_004 0.000 0.000 0.000 0.000 0.000 0.000 0.000 0.000 0.000 0.000 0.704 0.947 0.953 0.948 0.951
ARG03A0042_005 0.000 0.000 0.000 0.000 0.000 0.000 0.000 0.000 0.000 0.000 0.704 0.947 0.953 0.948 0.951
ARG+1A0042_006 0.000 0.000 0.000 0.000 0.000 0.000 0.000 0.000 0.000 0.000 0.000 0.000 0.000 0.000 0.000
ASN01A0043_001 0.000 0.000 0.000 0.000 0.000 0.000 0.000 0.000 0.000 0.000 0.000 0.000 0.000 0.000 0.000
ASN01A0044_001 0.000 0.000 0.000 0.000 0.000 0.000 0.000 0.000 0.000 0.000 0.000 0.000 0.000 0.000 0.000
PHE01A0045_001 0.000 0.000 0.000 0.000 0.000 0.000 0.000 0.000 0.000 0.000 0.000 0.000 0.000 0.000 0.000
LYS01A0046_001 0.000 0.000 0.000 0.000 0.000 0.000 0.000 0.000 0.599 0.650 0.650 0.650 0.650 0.651 0.650
LYS01A0046_002 0.000 0.000 0.000 0.000 0.000 0.000 0.000 0.000 0.599 0.650 0.650 0.650 0.650 0.651 0.650
LYS01A0046_003 0.000 0.000 0.000 0.000 0.000 0.000 0.000 0.000 0.599 0.650 0.650 0.650 0.650 0.651 0.650
LYS+1A0046_004 0.000 0.000 0.000 0.000 0.000 0.000 0.000 0.000 0.000 0.000 0.000 0.000 0.000 0.000 0.000
SER01A0047_001 0.000 0.000 0.000 0.000 0.000 0.649 0.651 0.656 0.656 0.708 0.650 0.729 0.731 0.725 0.738
SER01A0047_002 0.000 0.000 0.000 0.000 0.000 0.649 0.651 0.656 0.656 0.708 0.650 0.729 0.731 0.725 0.738
SER01A0047_003 0.000 0.000 0.000 0.000 0.000 0.649 0.651 0.656 0.656 0.708 0.650 0.729 0.731 0.725 0.738
SER01A0047_004 0.000 0.000 0.000 0.000 0.000 0.649 0.651 0.656 0.656 0.708 0.650 0.729 0.731 0.725 0.738
SER01A0047_005 0.000 0.000 0.000 0.000 0.000 0.649 0.651 0.656 0.656 0.708 0.650 0.729 0.731 0.725 0.738
ALA01A0048_001 0.000 0.000 0.000 0.000 0.000 0.000 0.000 0.000 0.000 0.000 0.000 0.000 0.000 0.000 0.000
GLU01A0049_001 0.774 0.768 0.792 0.783 0.779 0.796 0.673 0.000 0.000 0.000 0.000 0.000 0.000 0.000 0.000
GLU01A0049_002 0.774 0.768 0.792 0.783 0.779 0.796 0.673 0.000 0.000 0.000 0.000 0.000 0.000 0.000 0.000
GLU01A0049_003 0.774 0.768 0.792 0.783 0.779 0.796 0.673 0.000 0.000 0.000 0.000 0.000 0.000 0.000 0.000
GLU02A0049_004 0.774 0.768 0.792 0.783 0.779 0.796 0.673 0.000 0.000 0.000 0.000 0.000 0.000 0.000 0.000
GLU02A0049_005 0.774 0.768 0.792 0.783 0.779 0.796 0.673 0.000 0.000 0.000 0.000 0.000 0.000 0.000 0.000
GLU02A0049_006 0.774 0.768 0.792 0.783 0.779 0.796 0.673 0.000 0.000 0.000 0.000 0.000 0.000 0.000 0.000
GLU-1A0049_007 0.000 0.000 0.000 0.000 0.000 0.000 0.000 0.000 0.000 0.000 0.000 0.000 0.000 0.000 0.000
ASP01A0050_001 1.467 1.471 1.451 1.414 1.252 0.669 0.000 0.000 0.000 0.000 0.000 0.000 0.000 0.000 0.000
ASP01A0050_002 1.467 1.471 1.451 1.414 1.252 0.669 0.000 0.000 0.000 0.000 0.000 0.000 0.000 0.000 0.000
ASP01A0050_003 1.467 1.471 1.451 1.414 1.252 0.669 0.000 0.000 0.000 0.000 0.000 0.000 0.000 0.000 0.000
ASP01A0050_004 1.467 1.471 1.451 1.414 1.252 0.669 0.000 0.000 0.000 0.000 0.000 0.000 0.000 0.000 0.000
ASP01A0050_005 1.467 1.471 1.451 1.414 1.252 0.669 0.000 0.000 0.000 0.000 0.000 0.000 0.000 0.000 0.000
ASP01A0050_006 1.467 1.471 1.451 1.414 1.252 0.669 0.000 0.000 0.000 0.000 0.000 0.000 0.000 0.000 0.000
ASP01A0050_007 1.467 1.471 1.451 1.414 1.252 0.669 0.000 0.000 0.000 0.000 0.000 0.000 0.000 0.000 0.000
ASP01A0050_008 1.467 1.471 1.451 1.414 1.252 0.669 0.000 0.000 0.000 0.000 0.000 0.000 0.000 0.000 0.000
ASP01A0050_009 1.467 1.471 1.451 1.414 1.252 0.669 0.000 0.000 0.000 0.000 0.000 0.000 0.000 0.000 0.000
ASP01A0050_010 1.467 1.471 1.451 1.414 1.252 0.669 0.000 0.000 0.000 0.000 0.000 0.000 0.000 0.000 0.000
ASP02A0050_011 1.467 1.471 1.451 1.414 1.252 0.669 0.000 0.000 0.000 0.000 0.000 0.000 0.000 0.000 0.000
ASP02A0050_012 1.467 1.471 1.451 1.414 1.252 0.669 0.000 0.000 0.000 0.000 0.000 0.000 0.000 0.000 0.000
ASP02A0050_013 1.467 1.471 1.451 1.414 1.252 0.669 0.000 0.000 0.000 0.000 0.000 0.000 0.000 0.000 0.000
ASP02A0050_014 1.467 1.471 1.451 1.414 1.252 0.669 0.000 0.000 0.000 0.000 0.000 0.000 0.000 0.000 0.000
ASP02A0050_015 1.467 1.471 1.451 1.414 1.252 0.669 0.000 0.000 0.000 0.000 0.000 0.000 0.000 0.000 0.000
ASP02A0050_016 1.467 1.471 1.451 1.414 1.252 0.669 0.000 0.000 0.000 0.000 0.000 0.000 0.000 0.000 0.000
ASP02A0050_017 1.467 1.471 1.451 1.414 1.252 0.669 0.000 0.000 0.000 0.000 0.000 0.000 0.000 0.000 0.000
ASP02A0050_018 1.467 1.471 1.451 1.414 1.252 0.669 0.000 0.000 0.000 0.000 0.000 0.000 0.000 0.000 0.000
ASP-1A0050_019 0.401 0.410 0.409 0.409 0.409 0.407 0.408 0.408 0.348 0.318 0.312 0.328 0.338 0.337 0.349
ASP-1A0050_020 0.401 0.410 0.409 0.409 0.409 0.407 0.408 0.408 0.348 0.318 0.312 0.328 0.338 0.337 0.349
CYD01A0051_001 0.000 0.000 0.000 0.000 0.000 0.000 0.000 0.000 0.000 0.000 0.000 0.000 0.000 0.000 0.000
MET01A0052_001 0.000 0.000 0.000 0.000 0.000 0.000 0.000 0.000 0.000 0.000 0.000 0.000 0.000 0.000 0.000
ARG01A0053_001 0.000 0.000 0.000 0.000 0.000 0.000 0.000 0.000 0.000 0.000 0.495 0.000 0.000 0.000 0.830
ARG02A0053_002 0.000 0.000 0.000 0.000 0.000 0.000 0.000 0.000 0.000 0.000 0.495 0.000 0.000 0.000 0.830
ARG02A0053_003 0.000 0.000 0.000 0.000 0.000 0.000 0.000 0.000 0.000 0.000 0.495 0.000 0.000 0.000 0.830
ARG03A0053_004 0.000 0.000 0.000 0.000 0.000 0.000 0.000 0.000 0.000 0.000 0.495 0.000 0.000 0.000 0.830
ARG03A0053_005 0.000 0.000 0.000 0.000 0.000 0.000 0.000 0.000 0.000 0.000 0.495 0.000 0.000 0.000 0.830
ARG+1A0053_006 0.000 0.000 0.000 0.000 0.000 0.000 0.000 0.000 0.000 0.000 0.000 0.000 0.000 0.000 0.000
THR01A0054_001 0.951 0.953 0.953 0.952 0.952 0.000 0.000 0.952 0.947 0.944 0.000 0.000 0.000 0.000 0.939
THR01A0054_002 0.951 0.953 0.953 0.952 0.952 0.000 0.000 0.952 0.947 0.944 0.000 0.000 0.000 0.000 0.939
THR01A0054_003 0.951 0.953 0.953 0.952 0.952 0.000 0.000 0.952 0.947 0.944 0.000 0.000 0.000 0.000 0.939
THR01A0054_004 0.951 0.953 0.953 0.952 0.952 0.000 0.000 0.952 0.947 0.944 0.000 0.000 0.000 0.000 0.939
THR01A0054_005 0.951 0.953 0.953 0.952 0.952 0.000 0.000 0.952 0.947 0.944 0.000 0.000 0.000 0.000 0.939
CYD01A0055_001 0.000 0.000 0.000 0.000 0.000 0.000 0.000 0.000 0.000 0.000 0.000 0.000 0.000 0.000 0.000
ALA01A0058_001 0.000 0.000 0.000 0.000 0.000 0.000 0.000 0.000 0.000 0.000 0.000 0.000 0.000 0.000 0.000
CTR01A0058_001 0.000 0.000 0.000 0.000 0.000 0.804 0.569 0.000 0.000 0.000 0.000 0.000 0.000 0.000 0.000
CTR01A0058_002 0.000 0.000 0.000 0.000 0.000 0.804 0.569 0.000 0.000 0.000 0.000 0.000 0.000 0.000 0.000
CTR02A0058_003 0.000 0.000 0.000 0.000 0.000 0.804 0.569 0.000 0.000 0.000 0.000 0.000 0.000 0.000 0.000
CTR02A0058_004 0.000 0.000 0.000 0.000 0.000 0.804 0.569 0.000 0.000 0.000 0.000 0.000 0.000 0.000 0.000
CTR-1A0058_005 0.000 0.000 0.000 0.000 0.000 0.000 0.000 0.000 0.000 0.000 0.000 0.000 0.000 0.000 0.000
HOH01A0111_001 0.000 0.000 0.000 0.000 0.000 0.000 0.000 0.000 1.877 1.893 1.925 1.940 1.939 1.956 0.000
HOH01A0111_002 0.000 0.000 0.000 0.000 0.000 0.000 0.000 0.000 1.877 1.893 1.925 1.940 1.939 1.956 0.000
HOH01A0111_003 0.000 0.000 0.000 0.000 0.000 0.000 0.000 0.000 1.877 1.893 1.925 1.940 1.939 1.956 0.000
HOH01A0111_004 0.000 0.000 0.000 0.000 0.000 0.000 0.000 0.000 1.877 1.893 1.925 1.940 1.939 1.956 0.000
HOH01A0111_005 0.000 0.000 0.000 0.000 0.000 0.000 0.000 0.000 1.877 1.893 1.925 1.940 1.939 1.956 0.000
HOH01A0111_006 0.000 0.000 0.000 0.000 0.000 0.000 0.000 0.000 1.877 1.893 1.925 1.940 1.939 1.956 0.000
HOH01A0111_007 0.000 0.000 0.000 0.000 0.000 0.000 0.000 0.000 1.877 1.893 1.925 1.940 1.939 1.956 0.000
HOH01A0111_008 0.000 0.000 0.000 0.000 0.000 0.000 0.000 0.000 1.877 1.893 1.925 1.940 1.939 1.956 0.000
HOH01A0111_009 0.000 0.000 0.000 0.000 0.000 0.000 0.000 0.000 1.877 1.893 1.925 1.940 1.939 1.956 0.000
HOH01A0111_010 0.000 0.000 0.000 0.000 0.000 0.000 0.000 0.000 1.877 1.893 1.925 1.940 1.939 1.956 0.000
HOH01A0111_011 0.000 0.000 0.000 0.000 0.000 0.000 0.000 0.000 1.877 1.893 1.925 1.940 1.939 1.956 0.000
HOH01A0111_012 0.000 0.000 0.000 0.000 0.000 0.000 0.000 0.000 1.877 1.893 1.925 1.940 1.939 1.956 0.000
HOH01A0111_013 0.000 0.000 0.000 0.000 0.000 0.000 0.000 0.000 1.877 1.893 1.925 1.940 1.939 1.956 0.000
HOH01A0111_014 0.000 0.000 0.000 0.000 0.000 0.000 0.000 0.000 1.877 1.893 1.925 1.940 1.939 1.956 0.000
HOH01A0111_015 0.000 0.000 0.000 0.000 0.000 0.000 0.000 0.000 1.877 1.893 1.925 1.940 1.939 1.956 0.000
HOH01A0111_016 0.000 0.000 0.000 0.000 0.000 0.000 0.000 0.000 1.877 1.893 1.925 1.940 1.939 1.956 0.000
HOH01A0111_017 0.000 0.000 0.000 0.000 0.000 0.000 0.000 0.000 1.877 1.893 1.925 1.940 1.939 1.956 0.000
HOH01A0111_018 0.000 0.000 0.000 0.000 0.000 0.000 0.000 0.000 1.877 1.893 1.925 1.940 1.939 1.956 0.000
HOH01A0111_019 0.000 0.000 0.000 0.000 0.000 0.000 0.000 0.000 1.877 1.893 1.925 1.940 1.939 1.956 0.000
HOH01A0111_020 0.000 0.000 0.000 0.000 0.000 0.000 0.000 0.000 1.877 1.893 1.925 1.940 1.939 1.956 0.000
HOH01A0111_021 0.000 0.000 0.000 0.000 0.000 0.000 0.000 0.000 1.877 1.893 1.925 1.940 1.939 1.956 0.000
HOH01A0111_022 0.000 0.000 0.000 0.000 0.000 0.000 0.000 0.000 1.877 1.893 1.925 1.940 1.939 1.956 0.000
HOH01A0111_023 0.000 0.000 0.000 0.000 0.000 0.000 0.000 0.000 1.877 1.893 1.925 1.940 1.939 1.956 0.000
HOH01A0111_024 0.000 0.000 0.000 0.000 0.000 0.000 0.000 0.000 1.877 1.893 1.925 1.940 1.939 1.956 0.000
HOH01A0111_025 0.000 0.000 0.000 0.000 0.000 0.000 0.000 0.000 1.877 1.893 1.925 1.940 1.939 1.956 0.000
HOH01A0111_026 0.000 0.000 0.000 0.000 0.000 0.000 0.000 0.000 1.877 1.893 1.925 1.940 1.939 1.956 0.000
HOH01A0111_027 0.000 0.000 0.000 0.000 0.000 0.000 0.000 0.000 1.877 1.893 1.925 1.940 1.939 1.956 0.000
HOH01A0111_028 0.000 0.000 0.000 0.000 0.000 0.000 0.000 0.000 1.877 1.893 1.925 1.940 1.939 1.956 0.000
HOH01A0111_029 0.000 0.000 0.000 0.000 0.000 0.000 0.000 0.000 1.877 1.893 1.925 1.940 1.939 1.956 0.000
HOH01A0111_030 0.000 0.000 0.000 0.000 0.000 0.000 0.000 0.000 1.877 1.893 1.925 1.940 1.939 1.956 0.000
HOH01A0111_031 0.000 0.000 0.000 0.000 0.000 0.000 0.000 0.000 1.877 1.893 1.925 1.940 1.939 1.956 0.000
HOH01A0111_032 0.000 0.000 0.000 0.000 0.000 0.000 0.000 0.000 1.877 1.893 1.925 1.940 1.939 1.956 0.000
HOH01A0111_033 0.000 0.000 0.000 0.000 0.000 0.000 0.000 0.000 1.877 1.893 1.925 1.940 1.939 1.956 0.000
HOH01A0111_034 0.000 0.000 0.000 0.000 0.000 0.000 0.000 0.000 1.877 1.893 1.925 1.940 1.939 1.956 0.000
HOH01A0111_035 0.000 0.000 0.000 0.000 0.000 0.000 0.000 0.000 1.877 1.893 1.925 1.940 1.939 1.956 0.000
HOH01A0111_036 0.000 0.000 0.000 0.000 0.000 0.000 0.000 0.000 1.877 1.893 1.925 1.940 1.939 1.956 0.000
HOH01A0111_037 0.000 0.000 0.000 0.000 0.000 0.000 0.000 0.000 1.877 1.893 1.925 1.940 1.939 1.956 0.000
HOH01A0111_038 0.000 0.000 0.000 0.000 0.000 0.000 0.000 0.000 1.877 1.893 1.925 1.940 1.939 1.956 0.000
HOHDMA0111_039 0.000 0.000 0.000 0.000 0.000 0.000 0.000 0.000 0.000 0.000 0.000 0.000 0.000 0.000 0.000
HOH01A0112_001 0.000 0.000 0.000 0.000 0.000 0.000 1.758 1.839 1.769 1.815 1.848 1.845 1.860 1.880 0.000
HOH01A0112_002 0.000 0.000 0.000 0.000 0.000 0.000 1.758 1.839 1.769 1.815 1.848 1.845 1.860 1.880 0.000
HOH01A0112_003 0.000 0.000 0.000 0.000 0.000 0.000 1.758 1.839 1.769 1.815 1.848 1.845 1.860 1.880 0.000
HOH01A0112_004 0.000 0.000 0.000 0.000 0.000 0.000 1.758 1.839 1.769 1.815 1.848 1.845 1.860 1.880 0.000
HOH01A0112_005 0.000 0.000 0.000 0.000 0.000 0.000 1.758 1.839 1.769 1.815 1.848 1.845 1.860 1.880 0.000
HOH01A0112_006 0.000 0.000 0.000 0.000 0.000 0.000 1.758 1.839 1.769 1.815 1.848 1.845 1.860 1.880 0.000
HOH01A0112_007 0.000 0.000 0.000 0.000 0.000 0.000 1.758 1.839 1.769 1.815 1.848 1.845 1.860 1.880 0.000
HOH01A0112_008 0.000 0.000 0.000 0.000 0.000 0.000 1.758 1.839 1.769 1.815 1.848 1.845 1.860 1.880 0.000
HOH01A0112_009 0.000 0.000 0.000 0.000 0.000 0.000 1.758 1.839 1.769 1.815 1.848 1.845 1.860 1.880 0.000
HOH01A0112_010 0.000 0.000 0.000 0.000 0.000 0.000 1.758 1.839 1.769 1.815 1.848 1.845 1.860 1.880 0.000
HOH01A0112_011 0.000 0.000 0.000 0.000 0.000 0.000 1.758 1.839 1.769 1.815 1.848 1.845 1.860 1.880 0.000
HOH01A0112_012 0.000 0.000 0.000 0.000 0.000 0.000 1.758 1.839 1.769 1.815 1.848 1.845 1.860 1.880 0.000
HOH01A0112_013 0.000 0.000 0.000 0.000 0.000 0.000 1.758 1.839 1.769 1.815 1.848 1.845 1.860 1.880 0.000
HOH01A0112_014 0.000 0.000 0.000 0.000 0.000 0.000 1.758 1.839 1.769 1.815 1.848 1.845 1.860 1.880 0.000
HOH01A0112_015 0.000 0.000 0.000 0.000 0.000 0.000 1.758 1.839 1.769 1.815 1.848 1.845 1.860 1.880 0.000
HOH01A0112_016 0.000 0.000 0.000 0.000 0.000 0.000 1.758 1.839 1.769 1.815 1.848 1.845 1.860 1.880 0.000
HOH01A0112_017 0.000 0.000 0.000 0.000 0.000 0.000 1.758 1.839 1.769 1.815 1.848 1.845 1.860 1.880 0.000
HOH01A0112_018 0.000 0.000 0.000 0.000 0.000 0.000 1.758 1.839 1.769 1.815 1.848 1.845 1.860 1.880 0.000
HOH01A0112_019 0.000 0.000 0.000 0.000 0.000 0.000 1.758 1.839 1.769 1.815 1.848 1.845 1.860 1.880 0.000
HOH01A0112_020 0.000 0.000 0.000 0.000 0.000 0.000 1.758 1.839 1.769 1.815 1.848 1.845 1.860 1.880 0.000
HOH01A0112_021 0.000 0.000 0.000 0.000 0.000 0.000 1.758 1.839 1.769 1.815 1.848 1.845 1.860 1.880 0.000
HOH01A0112_022 0.000 0.000 0.000 0.000 0.000 0.000 1.758 1.839 1.769 1.815 1.848 1.845 1.860 1.880 0.000
HOH01A0112_023 0.000 0.000 0.000 0.000 0.000 0.000 1.758 1.839 1.769 1.815 1.848 1.845 1.860 1.880 0.000
HOH01A0112_024 0.000 0.000 0.000 0.000 0.000 0.000 1.758 1.839 1.769 1.815 1.848 1.845 1.860 1.880 0.000
HOH01A0112_025 0.000 0.000 0.000 0.000 0.000 0.000 1.758 1.839 1.769 1.815 1.848 1.845 1.860 1.880 0.000
HOH01A0112_026 0.000 0.000 0.000 0.000 0.000 0.000 1.758 1.839 1.769 1.815 1.848 1.845 1.860 1.880 0.000
HOH01A0112_027 0.000 0.000 0.000 0.000 0.000 0.000 1.758 1.839 1.769 1.815 1.848 1.845 1.860 1.880 0.000
HOH01A0112_028 0.000 0.000 0.000 0.000 0.000 0.000 1.758 1.839 1.769 1.815 1.848 1.845 1.860 1.880 0.000
HOH01A0112_029 0.000 0.000 0.000 0.000 0.000 0.000 1.758 1.839 1.769 1.815 1.848 1.845 1.860 1.880 0.000
HOH01A0112_030 0.000 0.000 0.000 0.000 0.000 0.000 1.758 1.839 1.769 1.815 1.848 1.845 1.860 1.880 0.000
HOH01A0112_031 0.000 0.000 0.000 0.000 0.000 0.000 1.758 1.839 1.769 1.815 1.848 1.845 1.860 1.880 0.000
HOHDMA0112_032 0.000 0.000 0.000 0.000 0.000 0.000 0.000 0.000 0.000 0.000 0.000 0.000 0.000 0.000 0.000
HOH01A0113_001 0.000 0.000 0.000 0.000 0.000 1.493 1.491 0.000 1.488 0.000 0.000 0.000 0.000 0.000 1.507
HOH01A0113_002 0.000 0.000 0.000 0.000 0.000 1.493 1.491 0.000 1.488 0.000 0.000 0.000 0.000 0.000 1.507
HOH01A0113_003 0.000 0.000 0.000 0.000 0.000 1.493 1.491 0.000 1.488 0.000 0.000 0.000 0.000 0.000 1.507
HOH01A0113_004 0.000 0.000 0.000 0.000 0.000 1.493 1.491 0.000 1.488 0.000 0.000 0.000 0.000 0.000 1.507
HOH01A0113_005 0.000 0.000 0.000 0.000 0.000 1.493 1.491 0.000 1.488 0.000 0.000 0.000 0.000 0.000 1.507
HOH01A0113_006 0.000 0.000 0.000 0.000 0.000 1.493 1.491 0.000 1.488 0.000 0.000 0.000 0.000 0.000 1.507
HOH01A0113_007 0.000 0.000 0.000 0.000 0.000 1.493 1.491 0.000 1.488 0.000 0.000 0.000 0.000 0.000 1.507
HOH01A0113_008 0.000 0.000 0.000 0.000 0.000 1.493 1.491 0.000 1.488 0.000 0.000 0.000 0.000 0.000 1.507
HOH01A0113_009 0.000 0.000 0.000 0.000 0.000 1.493 1.491 0.000 1.488 0.000 0.000 0.000 0.000 0.000 1.507
HOH01A0113_010 0.000 0.000 0.000 0.000 0.000 1.493 1.491 0.000 1.488 0.000 0.000 0.000 0.000 0.000 1.507
HOH01A0113_011 0.000 0.000 0.000 0.000 0.000 1.493 1.491 0.000 1.488 0.000 0.000 0.000 0.000 0.000 1.507
HOH01A0113_012 0.000 0.000 0.000 0.000 0.000 1.493 1.491 0.000 1.488 0.000 0.000 0.000 0.000 0.000 1.507
HOH01A0113_013 0.000 0.000 0.000 0.000 0.000 1.493 1.491 0.000 1.488 0.000 0.000 0.000 0.000 0.000 1.507
HOH01A0113_014 0.000 0.000 0.000 0.000 0.000 1.493 1.491 0.000 1.488 0.000 0.000 0.000 0.000 0.000 1.507
HOH01A0113_015 0.000 0.000 0.000 0.000 0.000 1.493 1.491 0.000 1.488 0.000 0.000 0.000 0.000 0.000 1.507
HOH01A0113_016 0.000 0.000 0.000 0.000 0.000 1.493 1.491 0.000 1.488 0.000 0.000 0.000 0.000 0.000 1.507
HOH01A0113_017 0.000 0.000 0.000 0.000 0.000 1.493 1.491 0.000 1.488 0.000 0.000 0.000 0.000 0.000 1.507
HOH01A0113_018 0.000 0.000 0.000 0.000 0.000 1.493 1.491 0.000 1.488 0.000 0.000 0.000 0.000 0.000 1.507
HOH01A0113_019 0.000 0.000 0.000 0.000 0.000 1.493 1.491 0.000 1.488 0.000 0.000 0.000 0.000 0.000 1.507
HOH01A0113_020 0.000 0.000 0.000 0.000 0.000 1.493 1.491 0.000 1.488 0.000 0.000 0.000 0.000 0.000 1.507
HOH01A0113_021 0.000 0.000 0.000 0.000 0.000 1.493 1.491 0.000 1.488 0.000 0.000 0.000 0.000 0.000 1.507
HOH01A0113_022 0.000 0.000 0.000 0.000 0.000 1.493 1.491 0.000 1.488 0.000 0.000 0.000 0.000 0.000 1.507
HOH01A0113_023 0.000 0.000 0.000 0.000 0.000 1.493 1.491 0.000 1.488 0.000 0.000 0.000 0.000 0.000 1.507
HOHDMA0113_024 0.000 0.000 0.000 0.000 0.000 0.000 0.000 0.000 0.000 0.000 0.000 0.000 0.000 0.000 0.000
HOH01A0122_001 1.610 1.622 1.633 1.621 1.605 1.591 1.633 1.629 0.000 0.000 1.577 1.558 1.564 1.549 1.557
HOH01A0122_002 1.610 1.622 1.633 1.621 1.605 1.591 1.633 1.629 0.000 0.000 1.577 1.558 1.564 1.549 1.557
HOH01A0122_003 1.610 1.622 1.633 1.621 1.605 1.591 1.633 1.629 0.000 0.000 1.577 1.558 1.564 1.549 1.557
HOH01A0122_004 1.610 1.622 1.633 1.621 1.605 1.591 1.633 1.629 0.000 0.000 1.577 1.558 1.564 1.549 1.557
HOH01A0122_005 1.610 1.622 1.633 1.621 1.605 1.591 1.633 1.629 0.000 0.000 1.577 1.558 1.564 1.549 1.557
HOH01A0122_006 1.610 1.622 1.633 1.621 1.605 1.591 1.633 1.629 0.000 0.000 1.577 1.558 1.564 1.549 1.557
HOH01A0122_007 1.610 1.622 1.633 1.621 1.605 1.591 1.633 1.629 0.000 0.000 1.577 1.558 1.564 1.549 1.557
HOH01A0122_008 1.610 1.622 1.633 1.621 1.605 1.591 1.633 1.629 0.000 0.000 1.577 1.558 1.564 1.549 1.557
HOH01A0122_009 1.610 1.622 1.633 1.621 1.605 1.591 1.633 1.629 0.000 0.000 1.577 1.558 1.564 1.549 1.557
HOH01A0122_010 1.610 1.622 1.633 1.621 1.605 1.591 1.633 1.629 0.000 0.000 1.577 1.558 1.564 1.549 1.557
HOH01A0122_011 1.610 1.622 1.633 1.621 1.605 1.591 1.633 1.629 0.000 0.000 1.577 1.558 1.564 1.549 1.557
HOH01A0122_012 1.610 1.622 1.633 1.621 1.605 1.591 1.633 1.629 0.000 0.000 1.577 1.558 1.564 1.549 1.557
HOH01A0122_013 1.610 1.622 1.633 1.621 1.605 1.591 1.633 1.629 0.000 0.000 1.577 1.558 1.564 1.549 1.557
HOH01A0122_014 1.610 1.622 1.633 1.621 1.605 1.591 1.633 1.629 0.000 0.000 1.577 1.558 1.564 1.549 1.557
HOH01A0122_015 1.610 1.622 1.633 1.621 1.605 1.591 1.633 1.629 0.000 0.000 1.577 1.558 1.564 1.549 1.557
HOH01A0122_016 1.610 1.622 1.633 1.621 1.605 1.591 1.633 1.629 0.000 0.000 1.577 1.558 1.564 1.549 1.557
HOH01A0122_017 1.610 1.622 1.633 1.621 1.605 1.591 1.633 1.629 0.000 0.000 1.577 1.558 1.564 1.549 1.557
HOH01A0122_018 1.610 1.622 1.633 1.621 1.605 1.591 1.633 1.629 0.000 0.000 1.577 1.558 1.564 1.549 1.557
HOH01A0122_019 1.610 1.622 1.633 1.621 1.605 1.591 1.633 1.629 0.000 0.000 1.577 1.558 1.564 1.549 1.557
HOH01A0122_020 1.610 1.622 1.633 1.621 1.605 1.591 1.633 1.629 0.000 0.000 1.577 1.558 1.564 1.549 1.557
HOH01A0122_021 1.610 1.622 1.633 1.621 1.605 1.591 1.633 1.629 0.000 0.000 1.577 1.558 1.564 1.549 1.557
HOH01A0122_022 1.610 1.622 1.633 1.621 1.605 1.591 1.633 1.629 0.000 0.000 1.577 1.558 1.564 1.549 1.557
HOH01A0122_023 1.610 1.622 1.633 1.621 1.605 1.591 1.633 1.629 0.000 0.000 1.577 1.558 1.564 1.549 1.557
HOH01A0122_024 1.610 1.622 1.633 1.621 1.605 1.591 1.633 1.629 0.000 0.000 1.577 1.558 1.564 1.549 1.557
HOH01A0122_025 1.610 1.622 1.633 1.621 1.605 1.591 1.633 1.629 0.000 0.000 1.577 1.558 1.564 1.549 1.557
HOH01A0122_026 1.610 1.622 1.633 1.621 1.605 1.591 1.633 1.629 0.000 0.000 1.577 1.558 1.564 1.549 1.557
HOH01A0122_027 1.610 1.622 1.633 1.621 1.605 1.591 1.633 1.629 0.000 0.000 1.577 1.558 1.564 1.549 1.557
HOHDMA0122_028 0.000 0.000 0.000 0.000 0.000 0.000 0.000 0.000 0.000 0.000 0.000 0.000 0.000 0.000 0.000
