iConf CONFORMER     FL  occ    crg   Em0  pKa0 ne nH    vdw0    vdw1    tors    epol   dsolv   extra    history
00001 NTR01A0001_001 f 0.00  0.000     0  0.00  0  0  -0.009  -2.092   0.000   0.002   0.000   0.000 01O000M000 t
00002 NTR01A0001_002 f 0.00  0.000     0  0.00  0  0  -0.008  -2.071   0.000   0.002   0.000   0.000 01O000M000 t
00003 NTR01A0001_003 f 0.00  0.000     0  0.00  0  0  -0.008  -2.097   0.000   0.002   0.000   0.000 01O000M000 t
00004 NTR+1A0001_004 f 0.00  1.000     0  8.00  0  1  -0.016  -2.224   0.000   0.701   0.689  -1.100 +1O000M000 t
00005 ARG01A0001_001 f 0.00  0.000     0  0.00  0  0   2.351  -6.348   1.444   0.448   0.617   0.000 01O000M000 t
00006 ARG01A0001_002 f 0.00  0.000     0  0.00  0  0   2.078  -5.610   1.743   0.500   0.710   0.000 01H001M000 t
00007 ARG02A0001_003 f 0.00  0.000     0  0.00  0  0   2.161  -4.790   1.444  -0.686   0.677   0.000 02O000M000 t
00008 ARG02A0001_004 f 0.00  0.000     0  0.00  0  0   1.887  -2.973   1.743  -0.717   0.719   0.000 02H001M000 t
00009 ARG02A0001_005 f 0.00  0.000     0  0.00  0  0   2.330  -4.800   1.444  -0.715   0.798   0.000 02O000M000 t
00010 ARG02A0001_006 f 0.00  0.000     0  0.00  0  0   2.053  -2.984   1.743  -0.752   0.866   0.000 02H001M000 t
00011 ARG03A0001_007 f 0.00  0.000     0  0.00  0  0   2.293  -4.583   1.444  -0.333   0.716   0.000 03O000M000 t
00012 ARG03A0001_008 f 0.00  0.000     0  0.00  0  0   2.018  -2.790   1.743  -0.355   0.801   0.000 03H001M000 t
00013 ARG03A0001_009 f 0.00  0.000     0  0.00  0  0   2.303  -4.757   1.444  -0.688   0.823   0.000 03O000M000 t
00014 ARG03A0001_010 f 0.00  0.000     0  0.00  0  0   2.028  -2.950   1.743  -0.728   0.854   0.000 03H001M000 t
00015 ARG+1A0001_011 f 0.00  1.000     0 12.50  0  1   2.236  -4.819   1.444  -1.976   2.054   0.000 +1O000M000 t
00016 ARG+1A0001_012 f 0.00  1.000     0 12.50  0  1   1.961  -3.002   1.743  -2.089   2.118   0.000 +1H001M000 t
00017 PRO01A0002_001 f 0.00  0.000     0  0.00  0  0  -0.139  -3.977   0.000   0.000   0.000   0.000 01O000M000 t
00018 ASP01A0003_001 f 0.00  0.000     0  0.00  0  0  -0.083  -0.922   0.692   0.162   0.182   0.000 01O000M000 t
00019 ASP01A0003_002 f 0.00  0.000     0  0.00  0  0   0.079   1.135   0.692   0.343  -0.059   0.000 01O000M000 t
00020 ASP01A0003_003 f 0.00  0.000     0  0.00  0  0  -0.135  -0.938   7.591   0.146   0.073   0.000 01O000H000 t
00021 ASP02A0003_004 f 0.00  0.000     0  0.00  0  0  -0.083  -0.888   0.692   0.185   0.159   0.000 02O000M000 t
00022 ASP02A0003_005 f 0.00  0.000     0  0.00  0  0   0.178  -0.911   0.692   0.236  -0.358   0.000 02O000M000 t
00023 ASP-1A0003_006 f 0.00 -1.000     0  4.75  0 -1  -0.097  -0.863   0.692  -0.312   0.100  -1.400 -1O000M000 t
00024 PHE01A0004_001 f 0.00  0.000     0  0.00  0  0  14.613  -7.455   0.000   0.000   0.000   0.000 01O000M000 t
00025 CYD01A0005_001 f 0.00  0.000     0  0.00  0  0   0.000  -4.436   0.000   0.000   0.000   0.000 01O000M000 t
00026 LEU01A0006_001 f 0.00  0.000     0  0.00  0  0  -0.381  -3.231   0.492   0.000   0.000   0.000 01O000M000 t
00027 GLU01A0007_001 f 0.00  0.000     0  0.00  0  0   0.123  -7.525   0.411  -0.383   0.842   0.000 01O000M000 t
00028 GLU01A0007_002 f 0.00  0.000     0  0.00  0  0   0.206  -7.811   0.453  -0.264   0.897   0.000 01H001M000 t
00029 GLU01A0007_003 f 0.00  0.000     0  0.00  0  0   0.679  -7.507   0.411  -0.634   0.452   0.000 01O000M000 t
00030 GLU01A0007_004 f 0.00  0.000     0  0.00  0  0   0.765  -7.784   0.453  -0.542   0.463   0.000 01H001M000 t
00031 GLU01A0007_005 f 0.00  0.000     0  0.00  0  0   0.131  -7.548   7.314  -0.393   0.935   0.000 01O000H000 t
00032 GLU01A0007_006 f 0.00  0.000     0  0.00  0  0   0.199  -7.836   7.362  -0.450   0.716   0.000 01H001H001 t
00033 GLU01A0007_007 f 0.00  0.000     0  0.00  0  0   0.214  -7.829   7.343  -0.315   0.912   0.000 01H001H002 t
00034 GLU01A0007_008 f 0.00  0.000     0  0.00  0  0   0.102  -7.770   7.350  -0.429   0.664   0.000 01H001H004 t
00035 GLU02A0007_009 f 0.00  0.000     0  0.00  0  0   0.095  -7.765   0.411   0.584   0.899   0.000 02O000M000 t
00036 GLU02A0007_010 f 0.00  0.000     0  0.00  0  0   0.179  -8.057   0.453   0.675   0.934   0.000 02H001M000 t
00037 GLU02A0007_011 f 0.00  0.000     0  0.00  0  0   0.229  -7.784   0.411  -0.585   0.778   0.000 02O000M000 t
00038 GLU02A0007_012 f 0.00  0.000     0  0.00  0  0   0.364  -8.048   0.453  -0.680   0.785   0.000 02H001M000 t
00039 GLU02A0007_013 f 0.00  0.000     0  0.00  0  0   0.076  -7.684   7.312  -0.208   0.760   0.000 02O000H000 t
00040 GLU02A0007_014 f 0.00  0.000     0  0.00  0  0  -0.012  -7.679   7.310   0.261   0.853   0.000 02O000H001 t
00041 GLU02A0007_015 f 0.00  0.000     0  0.00  0  0   0.122  -7.789   7.315   0.415   0.985   0.000 02O000H002 t
00042 GLU02A0007_016 f 0.00  0.000     0  0.00  0  0   0.004  -7.808   7.313  -0.347   0.885   0.000 02O000H003 t
00043 GLU02A0007_017 f 0.00  0.000     0  0.00  0  0   0.177  -7.992   7.359  -0.106   0.772   0.000 02H001H000 t
00044 GLU02A0007_018 f 0.00  0.000     0  0.00  0  0   0.205  -8.058   7.347   0.274   0.994   0.000 02H001H001 t
00045 GLU02A0007_019 f 0.00  0.000     0  0.00  0  0   0.085  -7.983   7.355  -0.561   0.892   0.000 02H001H002 t
00046 GLU-1A0007_020 f 0.00 -1.000     0  4.75  0 -1   0.099  -7.428   0.411  -1.363   3.236  -1.000 -1O000M000 t
00047 GLU-1A0007_021 f 0.00 -1.000     0  4.75  0 -1   0.183  -7.716   0.453  -1.234   3.310  -1.000 -1H001M000 t
00048 PRO01A0008_001 f 0.00  0.000     0  0.00  0  0  -0.136   1.170   0.000   0.000   0.000   0.000 01O000M000 t
00049 PRO01A0009_001 f 0.00  0.000     0  0.00  0  0  -0.142   0.302   0.000   0.000   0.000   0.000 01O000M000 t
00050 TYR01A0010_001 f 0.00  0.000     0  0.00  0  0  15.309  -9.434   0.000  -0.159   0.513   0.000 01O000M000 t
00051 TYR01A0010_002 f 0.00  0.000     0  0.00  0  0  15.312  -9.383   0.000  -0.110   0.365   0.000 01O000M000 t
00052 TYR01A0010_003 f 0.00  0.000     0  0.00  0  0  15.187  -9.377   2.700  -0.173   0.431   0.000 01O000H001 t
00053 TYR01A0010_004 f 0.00  0.000     0  0.00  0  0  15.181  -9.394   2.699  -0.206   0.416   0.000 01O000H002 t
00054 TYR01A0010_005 f 0.00  0.000     0  0.00  0  0  15.191  -9.477   2.701  -0.025   0.707   0.000 01O000H004 t
00055 TYR-1A0010_006 f 0.00 -1.000     0 10.20  0 -1  15.259  -9.351   0.000  -0.298   1.666  -0.800 -1O000M000 t
00056 THR01A0011_001 f 0.00  0.000     0  0.00  0  0  -0.116  -1.990   0.615   0.144   0.165   0.000 01O000M000 t
00057 THR01A0011_002 f 0.00  0.000     0  0.00  0  0  -0.091  -1.978   0.240  -0.117   0.087   0.000 01O000M000 t
00058 THR01A0011_003 f 0.00  0.000     0  0.00  0  0  -0.078  -1.927   0.615  -0.581   0.452   0.000 01O000M000 t
00059 THR01A0011_004 f 0.00  0.000     0  0.00  0  0   0.181  -2.060   0.685  -0.448   0.191   0.000 01O000H001 t
00060 PRO01A0013_001 f 0.00  0.000     0  0.00  0  0  -0.140   2.232   0.000   0.000   0.000   0.000 01O000M000 t
00061 CYD01A0014_001 f 0.00  0.000     0  0.00  0  0   0.000  -3.225   0.000   0.000   0.000   0.000 01O000M000 t
00062 LYS01A0015_001 f 0.00  0.000     0  0.00  0  0  -0.639  -2.491   1.074   0.010   0.002   0.000 01O000M000 t
00063 LYS01A0015_002 f 0.00  0.000     0  0.00  0  0  -0.581  -2.485   1.074   0.030  -0.050   0.000 01O000M000 t
00064 LYS01A0015_003 f 0.00  0.000     0  0.00  0  0  -0.639  -2.490   1.074   0.030  -0.044   0.000 01O000M000 t
00065 LYS+1A0015_004 f 0.00  1.000     0 10.80  0  1  -0.656  -2.517   1.074  -0.368   0.087   0.000 +1O000M000 t
00066 ALA01A0016_001 f 0.00  0.000     0  0.00  0  0   0.000  -1.856   0.000   0.000   0.000   0.000 01O000M000 t
00067 ARG01A0017_001 f 0.00  0.000     0  0.00  0  0   5.742  -2.439   1.124  -0.046   0.081   0.000 01O000M000 t
00068 ARG02A0017_002 f 0.00  0.000     0  0.00  0  0   4.175  -2.452   1.124   0.025   0.224   0.000 02O000M000 t
00069 ARG02A0017_003 f 0.00  0.000     0  0.00  0  0   5.693  -2.459   1.124  -0.001   0.318   0.000 02O000M000 t
00070 ARG03A0017_004 f 0.00  0.000     0  0.00  0  0   5.674  -2.461   1.124  -0.054   0.262   0.000 03O000M000 t
00071 ARG03A0017_005 f 0.00  0.000     0  0.00  0  0   5.665  -2.465   1.124  -0.029   0.332   0.000 03O000M000 t
00072 ARG+1A0017_006 f 0.00  1.000     0 12.50  0  1   5.593  -2.474   1.124  -0.091   0.085   0.000 +1O000M000 t
00073 ILE01A0018_001 f 0.00  0.000     0  0.00  0  0   0.999  -4.910   0.403   0.000   0.000   0.000 01O000M000 t
00074 ILE01A0019_001 f 0.00  0.000     0  0.00  0  0   0.723  -1.950   0.570   0.000   0.000   0.000 01O000M000 t
00075 ARG01A0020_001 f 0.00  0.000     0  0.00  0  0  -0.196  -8.190   1.106  -0.011   1.019   0.000 01O000M000 t
00076 ARG01A0020_002 f 0.00  0.000     0  0.00  0  0  -0.169  -7.897   1.080  -0.010   0.942   0.000 01H001M000 t
00077 ARG02A0020_003 f 0.00  0.000     0  0.00  0  0  -0.183  -8.165   1.106  -0.144   1.055   0.000 02O000M000 t
00078 ARG02A0020_004 f 0.00  0.000     0  0.00  0  0  -0.158  -7.908   1.080  -0.130   1.022   0.000 02H001M000 t
00079 ARG02A0020_005 f 0.00  0.000     0  0.00  0  0  -0.199  -8.230   1.106  -0.072   1.150   0.000 02O000M000 t
00080 ARG02A0020_006 f 0.00  0.000     0  0.00  0  0  -0.173  -7.954   1.080  -0.089   1.153   0.000 02H001M000 t
00081 ARG03A0020_007 f 0.00  0.000     0  0.00  0  0  -0.209  -8.246   1.106  -0.053   1.106   0.000 03O000M000 t
00082 ARG03A0020_008 f 0.00  0.000     0  0.00  0  0  -0.183  -7.962   1.080  -0.057   1.098   0.000 03H001M000 t
00083 ARG03A0020_009 f 0.00  0.000     0  0.00  0  0  -0.218  -8.248   1.106  -0.075   1.082   0.000 03O000M000 t
00084 ARG03A0020_010 f 0.00  0.000     0  0.00  0  0  -0.192  -7.966   1.080  -0.085   1.044   0.000 03H001M000 t
00085 ARG+1A0020_011 f 0.00  1.000     0 12.50  0  1  -0.280  -8.264   1.106   0.052   1.478   0.000 +1O000M000 t
00086 ARG+1A0020_012 f 0.00  1.000     0 12.50  0  1  -0.254  -7.983   1.080   0.025   1.209   0.000 +1H001M000 t
00087 TYR01A0021_001 f 0.00  0.000     0  0.00  0  0  14.592 -16.455   0.000  -0.011   0.195   0.000 01O000M000 t
00088 TYR01A0021_002 f 0.00  0.000     0  0.00  0  0  14.639 -16.458   0.000  -0.029   0.342   0.000 01O000M000 t
00089 TYR01A0021_003 f 0.00  0.000     0  0.00  0  0  14.515 -16.465   2.699   0.051   0.418   0.000 01O000H000 t
00090 TYR01A0021_004 f 0.00  0.000     0  0.00  0  0  14.499 -16.462   2.701   0.052   0.420   0.000 01O000H001 t
00091 TYR01A0021_005 f 0.00  0.000     0  0.00  0  0  14.511 -16.454   2.700  -0.029   0.438   0.000 01O000H003 t
00092 TYR01A0021_006 f 0.00  0.000     0  0.00  0  0  14.512 -16.455   2.700  -0.053   0.426   0.000 01O000H004 t
00093 TYR-1A0021_007 f 0.00 -1.000     0 10.20  0 -1  14.586 -16.429   0.000  -0.861   1.757  -0.800 -1O000M000 t
00094 PHE01A0022_001 f 0.00  0.000     0  0.00  0  0  13.516 -13.519   0.000   0.000   0.000   0.000 01O000M000 t
00095 TYR01A0023_001 f 0.00  0.000     0  0.00  0  0  15.237 -18.743   0.000   0.040   0.787   0.000 01O000M000 t
00096 TYR01A0023_002 f 0.00  0.000     0  0.00  0  0  15.244 -16.866   0.000   0.003   0.782   0.000 01H001M000 t
00097 TYR01A0023_003 f 0.00  0.000     0  0.00  0  0  15.131 -18.607   0.000   0.117   0.771   0.000 01O000M000 t
00098 TYR01A0023_004 f 0.00  0.000     0  0.00  0  0  15.138 -16.767   0.000   0.086   0.661   0.000 01H001M000 t
00099 TYR01A0023_005 f 0.00  0.000     0  0.00  0  0  15.046 -18.586   2.702   0.362   0.910   0.000 01O000H001 t
00100 TYR01A0023_006 f 0.00  0.000     0  0.00  0  0  15.026 -18.605   2.698  -0.105   0.949   0.000 01O000H002 t
00101 TYR01A0023_007 f 0.00  0.000     0  0.00  0  0  15.033 -16.894   2.695   0.202   0.824   0.000 01H001H000 t
00102 TYR01A0023_008 f 0.00  0.000     0  0.00  0  0  15.033 -16.742   2.704  -0.105   0.891   0.000 01H001H001 t
00103 TYR-1A0023_009 f 0.00 -1.000     0 10.20  0 -1  15.103 -18.474   0.000   0.423   3.504  -0.800 -1O000M000 t
00104 TYR-1A0023_010 f 0.00 -1.000     0 10.20  0 -1  15.110 -16.632   0.000   0.354   3.643  -0.800 -1H001M000 t
00105 ASN01A0024_001 f 0.00  0.000     0  0.00  0  0  -0.034  -0.912   0.280  -0.644   0.666   0.000 01O000M000 t
00106 ASN01A0024_002 f 0.00  0.000     0  0.00  0  0  -0.035  -2.668   0.305  -0.449   0.628   0.000 01H001M000 t
00107 ALA01A0025_001 f 0.00  0.000     0  0.00  0  0   0.000  -1.636   0.000   0.000   0.000   0.000 01O000M000 t
00108 LYS01A0026_001 f 0.00  0.000     0  0.00  0  0  -0.182  -2.150   1.076  -0.011   0.014   0.000 01O000M000 t
00109 LYS01A0026_002 f 0.00  0.000     0  0.00  0  0  -0.116  -2.156   1.076   0.006  -0.025   0.000 01O000M000 t
00110 LYS01A0026_003 f 0.00  0.000     0  0.00  0  0  -0.174  -2.156   1.076  -0.007  -0.042   0.000 01O000M000 t
00111 LYS+1A0026_004 f 0.00  1.000     0 10.80  0  1  -0.164  -2.169   1.076   0.082   0.114   0.000 +1O000M000 t
00112 ALA01A0027_001 f 0.00  0.000     0  0.00  0  0   0.000  -2.038   0.000   0.000   0.000   0.000 01O000M000 t
00113 LEU01A0029_001 f 0.00  0.000     0  0.00  0  0  -0.321  -1.006   0.679   0.000   0.000   0.000 01O000M000 t
00114 CYD01A0030_001 f 0.00  0.000     0  0.00  0  0   0.000  -5.683   0.000   0.000   0.000   0.000 01O000M000 t
00115 GLN01A0031_001 f 0.00  0.000     0  0.00  0  0   2.384  -3.898   0.273   0.046   0.354   0.000 01O000M000 t
00116 GLN01A0031_002 f 0.00  0.000     0  0.00  0  0   2.659  -3.577   0.216   0.034   0.336   0.000 01H001M000 t
00117 THR01A0032_001 f 0.00  0.000     0  0.00  0  0  -0.120  -2.644   0.558  -0.141  -0.058   0.000 01O000M000 t
00118 THR01A0032_002 f 0.00  0.000     0  0.00  0  0  -0.077  -2.764   0.183  -0.282  -0.054   0.000 01O000M000 t
00119 THR01A0032_003 f 0.00  0.000     0  0.00  0  0  -0.052  -2.674   0.558   0.082   0.032   0.000 01O000M000 t
00120 THR01A0032_004 f 0.00  0.000     0  0.00  0  0   0.317  -2.799   0.628  -0.216   0.035   0.000 01O000H001 t
00121 PHE01A0033_001 f 0.00  0.000     0  0.00  0  0  13.098 -16.995   0.000   0.000   0.000   0.000 01O000M000 t
00122 VAL01A0034_001 f 0.00  0.000     0  0.00  0  0  -0.139  -3.073   0.001   0.000   0.000   0.000 01O000M000 t
00123 TYR01A0035_001 f 0.00  0.000     0  0.00  0  0  13.227 -16.542   0.000  -0.882   0.770   0.000 01O000M000 t
00124 TYR01A0035_002 f 0.00  0.000     0  0.00  0  0  13.209 -16.284   0.000  -0.129   0.999   0.000 01O000M000 t
00125 TYR01A0035_003 f 0.00  0.000     0  0.00  0  0  13.076 -16.576   2.701  -0.441   0.910   0.000 01O000H001 t
00126 TYR01A0035_004 f 0.00  0.000     0  0.00  0  0  13.081 -16.513   2.701  -0.833   0.838   0.000 01O000H002 t
00127 TYR01A0035_005 f 0.00  0.000     0  0.00  0  0  13.081 -16.487   2.701  -0.544   0.882   0.000 01O000H004 t
00128 TYR01A0035_006 f 0.00  0.000     0  0.00  0  0  13.076 -14.030   2.699  -0.002   1.007   0.000 01O000H005 t
00129 TYR-1A0035_007 f 0.00 -1.000     0 10.20  0 -1  13.149 -16.285   0.000  -2.436   3.962  -0.800 -1O000M000 t
00130 CYD01A0038_001 f 0.00  0.000     0  0.00  0  0   0.000  -2.151   0.000   0.000   0.000   0.000 01O000M000 t
00131 ARG01A0039_001 f 0.00  0.000     0  0.00  0  0   2.413   0.442   0.945   0.032  -0.116   0.000 01O000M000 t
00132 ARG02A0039_002 f 0.00  0.000     0  0.00  0  0   1.819   0.442   0.945   0.007   0.151   0.000 02O000M000 t
00133 ARG02A0039_003 f 0.00  0.000     0  0.00  0  0   2.501   0.423   0.945   0.045   0.196   0.000 02O000M000 t
00134 ARG03A0039_004 f 0.00  0.000     0  0.00  0  0   2.482   0.422   0.945   0.041   0.130   0.000 03O000M000 t
00135 ARG03A0039_005 f 0.00  0.000     0  0.00  0  0   2.482   0.420   0.945   0.045   0.159   0.000 03O000M000 t
00136 ARG+1A0039_006 f 0.00  1.000     0 12.50  0  1   2.415   0.418   0.945   0.234   0.129   0.000 +1O000M000 t
00137 ALA01A0040_001 f 0.00  0.000     0  0.00  0  0   0.000  -1.366   0.000   0.000   0.000   0.000 01O000M000 t
00138 LYS01A0041_001 f 0.00  0.000     0  0.00  0  0  -0.490  -3.967   2.016  -0.020   0.038   0.000 01O000M000 t
00139 LYS01A0041_002 f 0.00  0.000     0  0.00  0  0  -0.441  -3.972   2.016  -0.043   0.105   0.000 01O000M000 t
00140 LYS01A0041_003 f 0.00  0.000     0  0.00  0  0  -0.493  -3.970   2.016  -0.027   0.027   0.000 01O000M000 t
00141 LYS+1A0041_004 f 0.00  1.000     0 10.80  0  1  -0.517  -3.988   2.016   0.087   0.433   0.000 +1O000M000 t
00142 ARG01A0042_001 f 0.00  0.000     0  0.00  0  0   2.445  -2.692   2.557   0.068   0.144   0.000 01O000M000 t
00143 ARG02A0042_002 f 0.00  0.000     0  0.00  0  0   1.740  -2.725   2.557  -0.036   0.306   0.000 02O000M000 t
00144 ARG02A0042_003 f 0.00  0.000     0  0.00  0  0   2.441  -2.730   2.557   0.014   0.418   0.000 02O000M000 t
00145 ARG03A0042_004 f 0.00  0.000     0  0.00  0  0   2.427  -2.727   2.557   0.048   0.352   0.000 03O000M000 t
00146 ARG03A0042_005 f 0.00  0.000     0  0.00  0  0   2.421  -2.731   2.557   0.023   0.397   0.000 03O000M000 t
00147 ARG+1A0042_006 f 0.00  1.000     0 12.50  0  1   2.357  -2.733   2.557   0.227   0.236   0.000 +1O000M000 t
00148 ASN01A0043_001 f 0.00  0.000     0  0.00  0  0  -0.133   5.028   0.548  -2.979   1.547   0.000 01O000M000 t
00149 ASN01A0044_001 f 0.00  0.000     0  0.00  0  0  -0.113  -2.710   0.307  -0.018   1.159   0.000 01O000M000 t
00150 PHE01A0045_001 f 0.00  0.000     0  0.00  0  0  13.535 -15.821   0.000   0.000   0.000   0.000 01O000M000 t
00151 LYS01A0046_001 f 0.00  0.000     0  0.00  0  0  -0.579  -1.869   1.444  -0.018  -0.081   0.000 01O000M000 t
00152 LYS01A0046_002 f 0.00  0.000     0  0.00  0  0  -0.528  -1.869   1.444  -0.017  -0.035   0.000 01O000M000 t
00153 LYS01A0046_003 f 0.00  0.000     0  0.00  0  0  -0.579  -1.869   1.444  -0.013  -0.005   0.000 01O000M000 t
00154 LYS+1A0046_004 f 0.00  1.000     0 10.80  0  1  -0.604  -1.873   1.444   0.134  -0.015   0.000 +1O000M000 t
00155 SER01A0047_001 f 0.00  0.000     0  0.00  0  0  -0.009   1.523   0.679   1.694   0.759   0.000 01O000M000 t
00156 SER01A0047_002 f 0.00  0.000     0  0.00  0  0  -0.013  -0.954   0.304  -1.120   0.288   0.000 01O000M000 t
00157 SER01A0047_003 f 0.00  0.000     0  0.00  0  0  -0.009  -1.080   0.679  -0.340   0.704   0.000 01O000M000 t
00158 SER01A0047_004 f 0.00  0.000     0  0.00  0  0  -0.012  -1.158   0.749   0.156   0.583   0.000 01O000H000 t
00159 SER01A0047_005 f 0.00  0.000     0  0.00  0  0  -0.012  -0.959   0.749  -1.163   0.382   0.000 01O000H002 t
00160 ALA01A0048_001 f 0.00  0.000     0  0.00  0  0   0.000  -1.347   0.000   0.000   0.000   0.000 01O000M000 t
00161 GLU01A0049_001 f 0.00  0.000     0  0.00  0  0   0.440  -2.193   1.514  -0.559   0.393   0.000 01O000M000 t
00162 GLU01A0049_002 f 0.00  0.000     0  0.00  0  0   0.641  -2.191   1.514  -0.610  -0.158   0.000 01O000M000 t
00163 GLU01A0049_003 f 0.00  0.000     0  0.00  0  0   0.315  -2.187   8.416  -0.590   0.176   0.000 01O000H002 t
00164 GLU02A0049_004 f 0.00  0.000     0  0.00  0  0   0.421  -2.273   1.514  -0.257   0.304   0.000 02O000M000 t
00165 GLU02A0049_005 f 0.00  0.000     0  0.00  0  0   1.177   7.680   1.514   1.857   0.411   0.000 02O000M000 t
00166 GLU02A0049_006 f 0.00  0.000     0  0.00  0  0   0.287  -2.274   8.414  -0.201   0.074   0.000 02O000H000 t
00167 GLU-1A0049_007 f 0.00 -1.000     0  4.75  0 -1   0.385  -2.170   1.514  -1.564   0.651  -1.000 -1O000M000 t
00168 ASP01A0050_001 f 0.00  0.000     0  0.00  0  0  -0.070  -2.733   1.029   0.103   0.366   0.000 01O000M000 t
00169 ASP01A0050_002 f 0.00  0.000     0  0.00  0  0  -0.072  -2.830   0.629   0.095   0.366   0.000 01H001M000 t
00170 ASP01A0050_003 f 0.00  0.000     0  0.00  0  0   0.013  -1.211   1.029   0.536   0.497   0.000 01O000M000 t
00171 ASP01A0050_004 f 0.00  0.000     0  0.00  0  0   0.011  -1.368   0.629   0.624   0.517   0.000 01H001M000 t
00172 ASP01A0050_005 f 0.00  0.000     0  0.00  0  0  -0.108  -2.777   7.924   0.236   0.250   0.000 01O000H000 t
00173 ASP01A0050_006 f 0.00  0.000     0  0.00  0  0  -0.154  -2.757   7.927   0.100   0.048   0.000 01O000H002 t
00174 ASP01A0050_007 f 0.00  0.000     0  0.00  0  0  -0.121  -2.775   7.930   0.279   0.055   0.000 01O000H003 t
00175 ASP01A0050_008 f 0.00  0.000     0  0.00  0  0  -0.110  -2.879   7.523   0.245   0.315   0.000 01H001H000 t
00176 ASP01A0050_009 f 0.00  0.000     0  0.00  0  0  -0.155  -2.856   7.530   0.089   0.060   0.000 01H001H002 t
00177 ASP01A0050_010 f 0.00  0.000     0  0.00  0  0  -0.122  -2.863   7.531   0.287   0.201   0.000 01H001H003 t
00178 ASP02A0050_011 f 0.00  0.000     0  0.00  0  0  -0.065  -2.714   1.029   0.115   0.368   0.000 02O000M000 t
00179 ASP02A0050_012 f 0.00  0.000     0  0.00  0  0  -0.066  -2.810   0.629   0.089   0.379   0.000 02H001M000 t
00180 ASP02A0050_013 f 0.00  0.000     0  0.00  0  0   0.405  -2.822   1.029   0.572   0.193   0.000 02O000M000 t
00181 ASP02A0050_014 f 0.00  0.000     0  0.00  0  0   0.404  -2.914   0.629   0.509   0.212   0.000 02H001M000 t
00182 ASP02A0050_015 f 0.00  0.000     0  0.00  0  0  -0.156  -2.716   7.928   0.115   0.036   0.000 02O000H000 t
00183 ASP02A0050_016 f 0.00  0.000     0  0.00  0  0  -0.112  -2.745   7.929   0.242   0.438   0.000 02O000H002 t
00184 ASP02A0050_017 f 0.00  0.000     0  0.00  0  0  -0.158  -2.810   7.536   0.068   0.044   0.000 02H001H000 t
00185 ASP02A0050_018 f 0.00  0.000     0  0.00  0  0  -0.114  -2.847   7.527   0.253   0.471   0.000 02H001H002 t
00186 ASP-1A0050_019 f 0.00 -1.000     0  4.75  0 -1  -0.093  -2.669   1.029  -1.083   0.852  -1.400 -1O000M000 t
00187 ASP-1A0050_020 f 0.00 -1.000     0  4.75  0 -1  -0.095  -2.762   0.629  -1.180   1.025  -1.400 -1H001M000 t
00188 CYD01A0051_001 f 0.00  0.000     0  0.00  0  0   0.000  -5.990   0.000   0.000   0.000   0.000 01O000M000 t
00189 MET01A0052_001 f 0.00  0.000     0  0.00  0  0  -0.179  -8.166   0.527  -0.090   0.019   0.000 01O000M000 t
00190 ARG01A0053_001 f 0.00  0.000     0  0.00  0  0   0.706  -6.019   1.462   0.029   0.427   0.000 01O000M000 t
00191 ARG02A0053_002 f 0.00  0.000     0  0.00  0  0   0.680  -6.077   1.462   0.082   0.504   0.000 02O000M000 t
00192 ARG02A0053_003 f 0.00  0.000     0  0.00  0  0   0.650  -6.073   1.462   0.035   0.704   0.000 02O000M000 t
00193 ARG03A0053_004 f 0.00  0.000     0  0.00  0  0   0.654  -5.990   1.462  -0.046   0.625   0.000 03O000M000 t
00194 ARG03A0053_005 f 0.00  0.000     0  0.00  0  0   0.633  -6.034   1.462  -0.015   0.718   0.000 03O000M000 t
00195 ARG+1A0053_006 f 0.00  1.000     0 12.50  0  1   0.589  -6.104   1.462   0.286   0.582   0.000 +1O000M000 t
00196 THR01A0054_001 f 0.00  0.000     0  0.00  0  0  -0.107  -2.070   0.426  -0.349   0.416   0.000 01O000M000 t
00197 THR01A0054_002 f 0.00  0.000     0  0.00  0  0  -0.102  -2.340   0.051  -0.099   0.151   0.000 01O000M000 t
00198 THR01A0054_003 f 0.00  0.000     0  0.00  0  0  -0.107  -2.328   0.426  -0.076   0.149   0.000 01O000M000 t
00199 THR01A0054_004 f 0.00  0.000     0  0.00  0  0  -0.117  -2.445   0.496  -0.298   0.347   0.000 01O000H001 t
00200 THR01A0054_005 f 0.00  0.000     0  0.00  0  0  -0.007  -2.313   0.496  -0.086   0.146   0.000 01O000H003 t
00201 CYD01A0055_001 f 0.00  0.000     0  0.00  0  0   0.000  -3.672   0.000   0.000   0.000   0.000 01O000M000 t
00202 ALA01A0058_001 f 0.00  0.000     0  0.00  0  0   0.000  -0.436   0.000   0.000   0.000   0.000 01O000M000 t
00203 CTR01A0058_001 f 0.00  0.000     0  0.00  0  0   0.023   0.989   0.000   0.007   0.160   0.000 01O000M000 t
00204 CTR01A0058_002 f 0.00  0.000     0  0.00  0  0  -0.022   1.233   0.000   0.047   0.015   0.000 01O000M000 t
00205 CTR02A0058_003 f 0.00  0.000     0  0.00  0  0   0.023   0.952   0.000  -0.038   0.154   0.000 02O000M000 t
00206 CTR02A0058_004 f 0.00  0.000     0  0.00  0  0  -0.022   2.384   0.000   0.004   0.167   0.000 02O000M000 t
00207 CTR-1A0058_005 f 0.00 -1.000     0  3.75  0 -1   0.000   1.042   0.000   0.295   0.390  -0.700 -1O000M000 t
00208 HOH01A0111_001 f 0.00  0.000     0  0.00  0  0   0.000  -1.983   0.000   0.582   1.011   0.000 01O000M000 t
00209 HOH01A0111_002 f 0.00  0.000     0  0.00  0  0   0.000  -2.026   0.000   0.733   1.018   0.000 01O000M000 t
00210 HOH01A0111_003 f 0.00  0.000     0  0.00  0  0   0.000  -2.086   0.000   0.664   0.916   0.000 01O000M000 t
00211 HOH01A0111_004 f 0.00  0.000     0  0.00  0  0   0.000  -1.618   0.000  -0.054   1.018   0.000 01O000M000 t
00212 HOH01A0111_005 f 0.00  0.000     0  0.00  0  0   0.000  -2.155   0.000   0.080   1.017   0.000 01O000M000 t
00213 HOH01A0111_006 f 0.00  0.000     0  0.00  0  0   0.000  -1.687   0.000  -0.617   1.004   0.000 01O000M000 t
00214 HOH01A0111_007 f 0.00  0.000     0  0.00  0  0   0.000  -1.748   0.000  -0.677   1.015   0.000 01O000M000 t
00215 HOH01A0111_008 f 0.00  0.000     0  0.00  0  0   0.000  -0.538   0.000  -0.654   1.016   0.000 01O000M000 t
00216 HOH01A0111_009 f 0.00  0.000     0  0.00  0  0   0.000  -0.448   0.000  -0.783   0.999   0.000 01O000M000 t
00217 HOH01A0111_010 f 0.00  0.000     0  0.00  0  0   0.000  -0.529   0.000  -0.177   1.016   0.000 01O000M000 t
00218 HOH01A0111_011 f 0.00  0.000     0  0.00  0  0   0.000  -1.993   0.000   0.090   1.014   0.000 01O000M000 t
00219 HOH01A0111_012 f 0.00  0.000     0  0.00  0  0   0.000  -2.073   0.000   0.701   0.917   0.000 01O000M000 t
00220 HOH01A0111_013 f 0.00  0.000     0  0.00  0  0   0.000  -2.019   0.000   0.515   1.014   0.000 01O000H000 t
00221 HOH01A0111_014 f 0.00  0.000     0  0.00  0  0   0.000  -1.975   0.000   0.617   1.021   0.000 01O000H002 t
00222 HOH01A0111_015 f 0.00  0.000     0  0.00  0  0   0.000  -1.992   0.000   0.382   1.006   0.000 01O000H003 t
00223 HOH01A0111_016 f 0.00  0.000     0  0.00  0  0   0.000  -1.910   0.000   0.294   1.015   0.000 01O000H005 t
00224 HOH01A0111_017 f 0.00  0.000     0  0.00  0  0   0.000  -2.025   0.000   0.693   0.996   0.000 01O000H006 t
00225 HOH01A0111_018 f 0.00  0.000     0  0.00  0  0   0.000  -1.590   0.000   0.244   1.019   0.000 01O000H008 t
00226 HOH01A0111_019 f 0.00  0.000     0  0.00  0  0   0.000  -2.100   0.000   0.253   1.010   0.000 01O000H009 t
00227 HOH01A0111_020 f 0.00  0.000     0  0.00  0  0   0.000  -1.209   0.000  -0.313   0.997   0.000 01O000H012 t
00228 HOH01A0111_021 f 0.00  0.000     0  0.00  0  0   0.000  -0.225   0.000  -0.388   0.996   0.000 01O000H014 t
00229 HOH01A0111_022 f 0.00  0.000     0  0.00  0  0   0.000  -0.698   0.000  -0.379   1.016   0.000 01O000H015 t
00230 HOH01A0111_023 f 0.00  0.000     0  0.00  0  0   0.000  -2.028   0.000   0.037   1.017   0.000 01O000H016 t
00231 HOH01A0111_024 f 0.00  0.000     0  0.00  0  0   0.000  -2.038   0.000  -0.181   1.017   0.000 01O000H018 t
00232 HOH01A0111_025 f 0.00  0.000     0  0.00  0  0   0.000   1.474   0.000  -0.540   1.021   0.000 01O000H019 t
00233 HOH01A0111_026 f 0.00  0.000     0  0.00  0  0   0.000  -2.135   0.000   0.248   0.992   0.000 01O000H022 t
00234 HOH01A0111_027 f 0.00  0.000     0  0.00  0  0   0.000  -2.088   0.000   0.339   0.994   0.000 01O000H024 t
00235 HOH01A0111_028 f 0.00  0.000     0  0.00  0  0   0.000  -2.122   0.000   0.314   0.973   0.000 01O000H025 t
00236 HOH01A0111_029 f 0.00  0.000     0  0.00  0  0   0.000   4.046   0.000  -0.798   1.017   0.000 01O000H028 t
00237 HOH01A0111_030 f 0.00  0.000     0  0.00  0  0   0.000  -2.063   0.000  -0.196   1.015   0.000 01O000H029 t
00238 HOH01A0111_031 f 0.00  0.000     0  0.00  0  0   0.000  -2.084   0.000  -0.211   1.017   0.000 01O000H030 t
00239 HOH01A0111_032 f 0.00  0.000     0  0.00  0  0   0.000  -2.082   0.000  -0.642   1.012   0.000 01O000H033 t
00240 HOH01A0111_033 f 0.00  0.000     0  0.00  0  0   0.000  -1.664   0.000  -0.588   1.022   0.000 01O000H034 t
00241 HOH01A0111_034 f 0.00  0.000     0  0.00  0  0   0.000  -1.930   0.000  -0.716   0.995   0.000 01O000H035 t
00242 HOH01A0111_035 f 0.00  0.000     0  0.00  0  0   0.000  -0.267   0.000  -0.761   1.023   0.000 01O000H038 t
00243 HOH01A0111_036 f 0.00  0.000     0  0.00  0  0   0.000  -1.672   0.000  -0.662   0.998   0.000 01O000H039 t
00244 HOH01A0111_037 f 0.00  0.000     0  0.00  0  0   0.000   1.619   0.000  -0.732   1.016   0.000 01O000H040 t
00245 HOH01A0111_038 f 0.00  0.000     0  0.00  0  0   0.000  -2.167   0.000  -0.297   1.011   0.000 01O000H042 t
00246 HOHDMA0111_039 f 0.00  0.000     0  0.00  0  0   0.000   0.000   0.000   0.000   0.000   0.000         DM t
00247 HOH01A0112_001 f 0.00  0.000     0  0.00  0  0   0.000  -2.108   0.000   0.177   1.031   0.000 01O000M000 t
00248 HOH01A0112_002 f 0.00  0.000     0  0.00  0  0   0.000  -1.611   0.000   0.827   1.032   0.000 01O000M000 t
00249 HOH01A0112_003 f 0.00  0.000     0  0.00  0  0   0.000  -0.952   0.000  -0.935   1.025   0.000 01O000M000 t
00250 HOH01A0112_004 f 0.00  0.000     0  0.00  0  0   0.000  -2.264   0.000   0.083   1.030   0.000 01O000M000 t
00251 HOH01A0112_005 f 0.00  0.000     0  0.00  0  0   0.000  -0.370   0.000  -0.314   1.031   0.000 01O000M000 t
00252 HOH01A0112_006 f 0.00  0.000     0  0.00  0  0   0.000  -1.682   0.000   0.694   1.025   0.000 01O000M000 t
00253 HOH01A0112_007 f 0.00  0.000     0  0.00  0  0   0.000  -1.023   0.000  -0.996   1.031   0.000 01O000M000 t
00254 HOH01A0112_008 f 0.00  0.000     0  0.00  0  0   0.000  -1.017   0.000  -0.038   1.031   0.000 01O000M000 t
00255 HOH01A0112_009 f 0.00  0.000     0  0.00  0  0   0.000  -1.585   0.000   0.973   1.025   0.000 01O000M000 t
00256 HOH01A0112_010 f 0.00  0.000     0  0.00  0  0   0.000  -1.561   0.000   0.453   1.030   0.000 01O000M000 t
00257 HOH01A0112_011 f 0.00  0.000     0  0.00  0  0   0.000  -1.565   0.000  -0.382   1.030   0.000 01O000M000 t
00258 HOH01A0112_012 f 0.00  0.000     0  0.00  0  0   0.000  -1.541   0.000  -0.890   1.025   0.000 01O000M000 t
00259 HOH01A0112_013 f 0.00  0.000     0  0.00  0  0   0.000  -2.098   0.000   0.367   1.034   0.000 01O000H000 t
00260 HOH01A0112_014 f 0.00  0.000     0  0.00  0  0   0.000  -2.152   0.000  -0.000   1.033   0.000 01O000H001 t
00261 HOH01A0112_015 f 0.00  0.000     0  0.00  0  0   0.000  -0.757   0.000  -0.536   1.029   0.000 01O000H002 t
00262 HOH01A0112_016 f 0.00  0.000     0  0.00  0  0   0.000  -1.434   0.000  -0.584   1.030   0.000 01O000H003 t
00263 HOH01A0112_017 f 0.00  0.000     0  0.00  0  0   0.000  -2.125   0.000  -0.221   1.029   0.000 01O000H004 t
00264 HOH01A0112_018 f 0.00  0.000     0  0.00  0  0   0.000   0.237   0.000  -0.852   1.029   0.000 01O000H007 t
00265 HOH01A0112_019 f 0.00  0.000     0  0.00  0  0   0.000  -2.169   0.000  -0.057   1.029   0.000 01O000H009 t
00266 HOH01A0112_020 f 0.00  0.000     0  0.00  0  0   0.000  -2.171   0.000   0.164   1.034   0.000 01O000H010 t
00267 HOH01A0112_021 f 0.00  0.000     0  0.00  0  0   0.000  -2.035   0.000  -0.672   1.032   0.000 01O000H012 t
00268 HOH01A0112_022 f 0.00  0.000     0  0.00  0  0   0.000  -0.663   0.000  -1.008   1.033   0.000 01O000H013 t
00269 HOH01A0112_023 f 0.00  0.000     0  0.00  0  0   0.000  -2.091   0.000  -0.880   1.033   0.000 01O000H014 t
00270 HOH01A0112_024 f 0.00  0.000     0  0.00  0  0   0.000  -1.981   0.000  -0.930   1.029   0.000 01O000H018 t
00271 HOH01A0112_025 f 0.00  0.000     0  0.00  0  0   0.000  -2.161   0.000  -0.336   1.030   0.000 01O000H019 t
00272 HOH01A0112_026 f 0.00  0.000     0  0.00  0  0   0.000  -1.404   0.000  -0.859   1.031   0.000 01O000H020 t
00273 HOH01A0112_027 f 0.00  0.000     0  0.00  0  0   0.000  -1.975   0.000  -0.476   1.032   0.000 01O000H024 t
00274 HOH01A0112_028 f 0.00  0.000     0  0.00  0  0   0.000  -1.487   0.000   0.147   1.032   0.000 01O000H025 t
00275 HOH01A0112_029 f 0.00  0.000     0  0.00  0  0   0.000   0.146   0.000  -0.916   1.032   0.000 01O000H026 t
00276 HOH01A0112_030 f 0.00  0.000     0  0.00  0  0   0.000   1.185   0.000   0.118   1.033   0.000 01O000H027 t
00277 HOH01A0112_031 f 0.00  0.000     0  0.00  0  0   0.000  -2.213   0.000  -0.384   1.033   0.000 01O000H028 t
00278 HOHDMA0112_032 f 0.00  0.000     0  0.00  0  0   0.000   0.000   0.000   0.000   0.000   0.000         DM t
00279 HOH01A0113_001 f 0.00  0.000     0  0.00  0  0   0.000  -1.527   0.000   0.443   1.029   0.000 01O000M000 t
00280 HOH01A0113_002 f 0.00  0.000     0  0.00  0  0   0.000   4.664   0.000   0.430   1.030   0.000 01O000M000 t
00281 HOH01A0113_003 f 0.00  0.000     0  0.00  0  0   0.000   4.559   0.000   0.900   1.022   0.000 01O000M000 t
00282 HOH01A0113_004 f 0.00  0.000     0  0.00  0  0   0.000   4.404   0.000   1.381   1.029   0.000 01O000M000 t
00283 HOH01A0113_005 f 0.00  0.000     0  0.00  0  0   0.000  -1.429   0.000  -1.117   1.029   0.000 01O000M000 t
00284 HOH01A0113_006 f 0.00  0.000     0  0.00  0  0   0.000  -1.584   0.000  -0.665   1.017   0.000 01O000M000 t
00285 HOH01A0113_007 f 0.00  0.000     0  0.00  0  0   0.000  -1.689   0.000  -0.195   1.029   0.000 01O000M000 t
00286 HOH01A0113_008 f 0.00  0.000     0  0.00  0  0   0.000  -1.303   0.000  -0.638   1.029   0.000 01O000M000 t
00287 HOH01A0113_009 f 0.00  0.000     0  0.00  0  0   0.000  -1.076   0.000  -0.317   1.016   0.000 01O000M000 t
00288 HOH01A0113_010 f 0.00  0.000     0  0.00  0  0   0.000  -1.252   0.000  -0.892   1.028   0.000 01O000M000 t
00289 HOH01A0113_011 f 0.00  0.000     0  0.00  0  0   0.000  -1.578   0.000   0.680   1.029   0.000 01O000M000 t
00290 HOH01A0113_012 f 0.00  0.000     0  0.00  0  0   0.000  -1.754   0.000   0.187   1.022   0.000 01O000M000 t
00291 HOH01A0113_013 f 0.00  0.000     0  0.00  0  0   0.000  -0.452   0.000  -0.429   1.028   0.000 01O000H000 t
00292 HOH01A0113_014 f 0.00  0.000     0  0.00  0  0   0.000  -1.661   0.000  -0.554   1.030   0.000 01O000H001 t
00293 HOH01A0113_015 f 0.00  0.000     0  0.00  0  0   0.000  -1.420   0.000  -0.278   1.028   0.000 01O000H002 t
00294 HOH01A0113_016 f 0.00  0.000     0  0.00  0  0   0.000  -1.403   0.000   0.057   1.026   0.000 01O000H006 t
00295 HOH01A0113_017 f 0.00  0.000     0  0.00  0  0   0.000  35.487   0.000   0.562   1.028   0.000 01O000H007 t
00296 HOH01A0113_018 f 0.00  0.000     0  0.00  0  0   0.000  -1.272   0.000  -0.855   1.029   0.000 01O000H010 t
00297 HOH01A0113_019 f 0.00  0.000     0  0.00  0  0   0.000  -1.137   0.000  -1.047   1.026   0.000 01O000H012 t
00298 HOH01A0113_020 f 0.00  0.000     0  0.00  0  0   0.000  -1.686   0.000  -0.699   1.025   0.000 01O000H013 t
00299 HOH01A0113_021 f 0.00  0.000     0  0.00  0  0   0.000  -1.614   0.000  -0.748   1.026   0.000 01O000H014 t
00300 HOH01A0113_022 f 0.00  0.000     0  0.00  0  0   0.000   0.247   0.000   0.256   1.024   0.000 01O000H017 t
00301 HOH01A0113_023 f 0.00  0.000     0  0.00  0  0   0.000  -1.701   0.000  -0.137   1.032   0.000 01O000H018 t
00302 HOHDMA0113_024 f 0.00  0.000     0  0.00  0  0   0.000   0.000   0.000   0.000   0.000   0.000         DM t
00303 HOH01A0122_001 f 0.00  0.000     0  0.00  0  0   0.000  -2.280   0.000   1.338   1.021   0.000 01O000M000 t
00304 HOH01A0122_002 f 0.00  0.000     0  0.00  0  0   0.000   5.333   0.000   0.460   1.024   0.000 01O000M000 t
00305 HOH01A0122_003 f 0.00  0.000     0  0.00  0  0   0.000   1.808   0.000  -0.349   1.019   0.000 01O000M000 t
00306 HOH01A0122_004 f 0.00  0.000     0  0.00  0  0   0.000   3.679   0.000  -1.287   1.023   0.000 01O000M000 t
00307 HOH01A0122_005 f 0.00  0.000     0  0.00  0  0   0.000   0.746   0.000   1.363   1.024   0.000 01O000M000 t
00308 HOH01A0122_006 f 0.00  0.000     0  0.00  0  0   0.000   2.617   0.000   0.420   1.020   0.000 01O000M000 t
00309 HOH01A0122_007 f 0.00  0.000     0  0.00  0  0   0.000  -0.907   0.000  -0.339   1.023   0.000 01O000M000 t
00310 HOH01A0122_008 f 0.00  0.000     0  0.00  0  0   0.000  -2.890   0.000  -1.338   1.021   0.000 01O000M000 t
00311 HOH01A0122_009 f 0.00  0.000     0  0.00  0  0   0.000  -2.880   0.000  -0.043   1.018   0.000 01O000M000 t
00312 HOH01A0122_010 f 0.00  0.000     0  0.00  0  0   0.000  -2.529   0.000   0.537   1.019   0.000 01O000M000 t
00313 HOH01A0122_011 f 0.00  0.000     0  0.00  0  0   0.000  -2.641   0.000  -0.538   1.022   0.000 01O000M000 t
00314 HOH01A0122_012 f 0.00  0.000     0  0.00  0  0   0.000  -2.290   0.000  -0.019   1.016   0.000 01O000M000 t
00315 HOH01A0122_013 f 0.00  0.000     0  0.00  0  0   0.000  -2.263   0.000  -0.548   1.026   0.000 01O000H000 t
00316 HOH01A0122_014 f 0.00  0.000     0  0.00  0  0   0.000   2.140   0.000   0.205   1.026   0.000 01O000H001 t
00317 HOH01A0122_015 f 0.00  0.000     0  0.00  0  0   0.000  -0.355   0.000   0.699   1.024   0.000 01O000H002 t
00318 HOH01A0122_016 f 0.00  0.000     0  0.00  0  0   0.000  -1.061   0.000  -0.199   1.021   0.000 01O000H003 t
00319 HOH01A0122_017 f 0.00  0.000     0  0.00  0  0   0.000   1.127   0.000  -0.072   1.021   0.000 01O000H004 t
00320 HOH01A0122_018 f 0.00  0.000     0  0.00  0  0   0.000  -1.814   0.000   0.649   1.022   0.000 01O000H005 t
00321 HOH01A0122_019 f 0.00  0.000     0  0.00  0  0   0.000  -1.852   0.000  -0.071   1.026   0.000 01O000H006 t
00322 HOH01A0122_020 f 0.00  0.000     0  0.00  0  0   0.000   3.620   0.000  -1.380   1.025   0.000 01O000H007 t
00323 HOH01A0122_021 f 0.00  0.000     0  0.00  0  0   0.000   5.024   0.000  -1.641   1.027   0.000 01O000H010 t
00324 HOH01A0122_022 f 0.00  0.000     0  0.00  0  0   0.000  -0.008   0.000  -0.935   1.027   0.000 01O000H011 t
00325 HOH01A0122_023 f 0.00  0.000     0  0.00  0  0   0.000   5.429   0.000   0.220   1.027   0.000 01O000H012 t
00326 HOH01A0122_024 f 0.00  0.000     0  0.00  0  0   0.000  -0.411   0.000  -0.250   1.025   0.000 01O000H015 t
00327 HOH01A0122_025 f 0.00  0.000     0  0.00  0  0   0.000  -2.962   0.000  -0.920   1.024   0.000 01O000H016 t
00328 HOH01A0122_026 f 0.00  0.000     0  0.00  0  0   0.000  -1.265   0.000   0.107   1.026   0.000 01O000H017 t
00329 HOH01A0122_027 f 0.00  0.000     0  0.00  0  0   0.000  -1.988   0.000  -1.001   1.026   0.000 01O000H018 t
00330 HOHDMA0122_028 f 0.00  0.000     0  0.00  0  0   0.000   0.000   0.000   0.000   0.000   0.000         DM t
