CONFORMER         crg  vdw0  vdw1  tors  epol  self   occ  Hb     history
NTR01A0001_001  0.000  -0.0  -2.1   0.0   0.0  -2.1 1.000  00  01O000M000
NTR01A0001_002  0.000  -0.0  -2.1   0.0   0.0  -2.1 1.000  00  01O000M000
NTR01A0001_003  0.000  -0.0  -2.1   0.0   0.0  -2.1 1.000  00  01O000M000
NTR+1A0001_004  1.000  -0.0  -2.2   0.0   0.0  -2.2 1.000  00  +1O000M000
ARG01A0001_001  0.000   2.4  -6.3   1.4   0.0  -2.6 0.499  00  01O000M000
ARG01A0001_002  0.000   2.1  -5.6   1.7   0.0  -1.8 0.501  00  01H001M000
ARG02A0001_003  0.000   2.2  -4.8   1.4   0.0  -1.2 0.499  00  02O000M000
ARG02A0001_004  0.000   1.9  -3.0   1.7   0.0   0.7 0.501  00  02H001M000
ARG02A0001_005  0.000   2.3  -4.8   1.4   0.0  -1.0 0.499  00  02O000M000
ARG02A0001_006  0.000   2.1  -3.0   1.7   0.0   0.8 0.501  00  02H001M000
ARG03A0001_007  0.000   2.3  -4.6   1.4   0.0  -0.8 0.499  00  03O000M000
ARG03A0001_008  0.000   2.0  -2.8   1.7   0.0   1.0 0.501  00  03H001M000
ARG03A0001_009  0.000   2.3  -4.8   1.4   0.0  -1.0 0.499  00  03O000M000
ARG03A0001_010  0.000   2.0  -3.0   1.7   0.0   0.8 0.501  00  03H001M000
ARG+1A0001_011  1.000   2.2  -4.8   1.4   0.0  -1.1 0.499  00  +1O000M000
ARG+1A0001_012  1.000   2.0  -3.0   1.7   0.0   0.7 0.501  00  +1H001M000
PRO01A0002_001  0.000  -0.1  -4.0   0.0   0.0  -4.1 1.000  00  01O000M000
ASP01A0003_001  0.000  -0.1  -0.9   0.7   0.0  -0.3 1.000  00  01O000M000
ASP01A0003_002  0.000   0.1   1.1   0.7   0.0   1.9 1.000  00  01O000M000
ASP01A0003_003  0.000  -0.1  -0.9   7.6   0.0   6.5 1.000  00  01O000H000
ASP02A0003_004  0.000  -0.1  -0.9   0.7   0.0  -0.3 1.000  00  02O000M000
ASP02A0003_005  0.000   0.2  -0.9   0.7   0.0  -0.0 1.000  00  02O000M000
ASP-1A0003_006 -1.000  -0.1  -0.9   0.7   0.0  -0.3 1.000  00  -1O000M000
PHE01A0004_001  0.000  14.6  -7.5   0.0   0.0   7.2 1.000  00  01O000M000
CYD01A0005_001  0.000   0.0  -4.4   0.0   0.0  -4.4 1.000  00  01O000M000
LEU01A0006_001  0.000  -0.4  -3.2   0.5   0.0  -3.1 1.000  00  01O000M000
GLU01A0007_001  0.000   0.1  -7.5   0.4   0.0  -7.0 0.500  00  01O000M000
GLU01A0007_002  0.000   0.2  -7.8   0.5   0.0  -7.2 0.500  00  01H001M000
GLU01A0007_003  0.000   0.7  -7.5   0.4   0.0  -6.4 0.500  00  01O000M000
GLU01A0007_004  0.000   0.8  -7.8   0.5   0.0  -6.6 0.500  00  01H001M000
GLU01A0007_005  0.000   0.1  -7.5   7.3   0.0  -0.1 0.500  00  01O000H000
GLU01A0007_006  0.000   0.2  -7.8   7.4   0.0  -0.3 0.500  01  01H001H001
GLU01A0007_007  0.000   0.2  -7.8   7.4   0.0  -0.3 0.500  02  01H001H002
GLU01A0007_008  0.000   0.1  -7.8   7.4   0.0  -0.3 0.500  04  01H001H004
GLU02A0007_009  0.000   0.1  -7.8   0.4   0.0  -7.3 0.500  00  02O000M000
GLU02A0007_010  0.000   0.2  -8.1   0.5   0.0  -7.4 0.500  00  02H001M000
GLU02A0007_011  0.000   0.2  -7.8   0.4   0.0  -7.1 0.500  00  02O000M000
GLU02A0007_012  0.000   0.4  -8.0   0.5   0.0  -7.2 0.500  00  02H001M000
GLU02A0007_013  0.000   0.1  -7.7   7.3   0.0  -0.3 0.500  00  02O000H000
GLU02A0007_014  0.000  -0.0  -7.7   7.3   0.0  -0.4 0.500  01  02O000H001
GLU02A0007_015  0.000   0.1  -7.8   7.3   0.0  -0.4 0.500  02  02O000H002
GLU02A0007_016  0.000   0.0  -7.8   7.3   0.0  -0.5 0.500  03  02O000H003
GLU02A0007_017  0.000   0.2  -8.0   7.4   0.0  -0.5 0.500  00  02H001H000
GLU02A0007_018  0.000   0.2  -8.1   7.4   0.0  -0.5 0.500  01  02H001H001
GLU02A0007_019  0.000   0.1  -8.0   7.4   0.0  -0.5 0.500  02  02H001H002
GLU-1A0007_020 -1.000   0.1  -7.4   0.4   0.0  -6.9 0.500  00  -1O000M000
GLU-1A0007_021 -1.000   0.2  -7.7   0.5   0.0  -7.1 0.500  00  -1H001M000
PRO01A0008_001  0.000  -0.1   1.2   0.0   0.0   1.0 1.000  00  01O000M000
PRO01A0009_001  0.000  -0.1   0.3   0.0   0.0   0.2 1.000  00  01O000M000
TYR01A0010_001  0.000  15.3  -9.4   0.0   0.0   5.9 1.000  00  01O000M000
TYR01A0010_002  0.000  15.3  -9.4   0.0   0.0   5.9 1.000  00  01O000M000
TYR01A0010_003  0.000  15.2  -9.4   2.7   0.0   8.5 1.000  01  01O000H001
TYR01A0010_004  0.000  15.2  -9.4   2.7   0.0   8.5 1.000  02  01O000H002
TYR01A0010_005  0.000  15.2  -9.5   2.7   0.0   8.4 1.000  04  01O000H004
TYR-1A0010_006 -1.000  15.3  -9.4   0.0   0.0   5.9 1.000  00  -1O000M000
THR01A0011_001  0.000  -0.1  -2.0   0.6   0.0  -1.5 0.000  00  01O000M000
THR01A0011_002  0.000  -0.1  -2.0   0.2   0.0  -1.8 0.000  00  01O000M000
THR01A0011_003  0.000  -0.1  -1.9   0.6   0.0  -1.4 0.000  00  01O000M000
THR01A0011_004  0.000   0.2  -2.1   0.7   0.0  -1.2 0.000  01  01O000H001
PRO01A0013_001  0.000  -0.1   2.2   0.0   0.0   2.1 1.000  00  01O000M000
CYD01A0014_001  0.000   0.0  -3.2   0.0   0.0  -3.2 1.000  00  01O000M000
LYS01A0015_001  0.000  -0.6  -2.5   1.1   0.0  -2.1 1.000  00  01O000M000
LYS01A0015_002  0.000  -0.6  -2.5   1.1   0.0  -2.0 1.000  00  01O000M000
LYS01A0015_003  0.000  -0.6  -2.5   1.1   0.0  -2.1 1.000  00  01O000M000
LYS+1A0015_004  1.000  -0.7  -2.5   1.1   0.0  -2.1 1.000  00  +1O000M000
ALA01A0016_001  0.000   0.0  -1.9   0.0   0.0  -1.9 1.000  00  01O000M000
ARG01A0017_001  0.000   5.7  -2.4   1.1   0.0   4.4 1.000  00  01O000M000
ARG02A0017_002  0.000   4.2  -2.5   1.1   0.0   2.8 1.000  00  02O000M000
ARG02A0017_003  0.000   5.7  -2.5   1.1   0.0   4.4 1.000  00  02O000M000
ARG03A0017_004  0.000   5.7  -2.5   1.1   0.0   4.3 1.000  00  03O000M000
ARG03A0017_005  0.000   5.7  -2.5   1.1   0.0   4.3 1.000  00  03O000M000
ARG+1A0017_006  1.000   5.6  -2.5   1.1   0.0   4.2 1.000  00  +1O000M000
ILE01A0018_001  0.000   1.0  -4.9   0.4   0.0  -3.5 1.000  00  01O000M000
ILE01A0019_001  0.000   0.7  -1.9   0.6   0.0  -0.7 1.000  00  01O000M000
ARG01A0020_001  0.000  -0.2  -8.2   1.1   0.0  -7.3 0.498  00  01O000M000
ARG01A0020_002  0.000  -0.2  -7.9   1.1   0.0  -7.0 0.502  00  01H001M000
ARG02A0020_003  0.000  -0.2  -8.2   1.1   0.0  -7.2 0.498  00  02O000M000
ARG02A0020_004  0.000  -0.2  -7.9   1.1   0.0  -7.0 0.502  00  02H001M000
ARG02A0020_005  0.000  -0.2  -8.2   1.1   0.0  -7.3 0.498  00  02O000M000
ARG02A0020_006  0.000  -0.2  -8.0   1.1   0.0  -7.0 0.502  00  02H001M000
ARG03A0020_007  0.000  -0.2  -8.2   1.1   0.0  -7.3 0.498  00  03O000M000
ARG03A0020_008  0.000  -0.2  -8.0   1.1   0.0  -7.1 0.502  00  03H001M000
ARG03A0020_009  0.000  -0.2  -8.2   1.1   0.0  -7.4 0.498  00  03O000M000
ARG03A0020_010  0.000  -0.2  -8.0   1.1   0.0  -7.1 0.502  00  03H001M000
ARG+1A0020_011  1.000  -0.3  -8.3   1.1   0.0  -7.4 0.498  00  +1O000M000
ARG+1A0020_012  1.000  -0.3  -8.0   1.1   0.0  -7.2 0.502  00  +1H001M000
TYR01A0021_001  0.000  14.6 -16.5   0.0   0.0  -1.9 1.000  00  01O000M000
TYR01A0021_002  0.000  14.6 -16.5   0.0   0.0  -1.8 1.000  00  01O000M000
TYR01A0021_003  0.000  14.5 -16.5   2.7   0.0   0.8 1.000  00  01O000H000
TYR01A0021_004  0.000  14.5 -16.5   2.7   0.0   0.7 1.000  01  01O000H001
TYR01A0021_005  0.000  14.5 -16.5   2.7   0.0   0.8 1.000  03  01O000H003
TYR01A0021_006  0.000  14.5 -16.5   2.7   0.0   0.8 1.000  04  01O000H004
TYR-1A0021_007 -1.000  14.6 -16.4   0.0   0.0  -1.8 1.000  00  -1O000M000
PHE01A0022_001  0.000  13.5 -13.5   0.0   0.0  -0.0 1.000  00  01O000M000
TYR01A0023_001  0.000  15.2 -18.7   0.0   0.0  -3.5 0.503  00  01O000M000
TYR01A0023_002  0.000  15.2 -16.9   0.0   0.0  -1.6 0.497  00  01H001M000
TYR01A0023_003  0.000  15.1 -18.6   0.0   0.0  -3.5 0.503  00  01O000M000
TYR01A0023_004  0.000  15.1 -16.8   0.0   0.0  -1.6 0.497  00  01H001M000
TYR01A0023_005  0.000  15.0 -18.6   2.7   0.0  -0.8 0.503  01  01O000H001
TYR01A0023_006  0.000  15.0 -18.6   2.7   0.0  -0.9 0.503  02  01O000H002
TYR01A0023_007  0.000  15.0 -16.9   2.7   0.0   0.8 0.497  00  01H001H000
TYR01A0023_008  0.000  15.0 -16.7   2.7   0.0   1.0 0.497  01  01H001H001
TYR-1A0023_009 -1.000  15.1 -18.5   0.0   0.0  -3.4 0.503  00  -1O000M000
TYR-1A0023_010 -1.000  15.1 -16.6   0.0   0.0  -1.5 0.497  00  -1H001M000
ASN01A0024_001  0.000  -0.0  -0.9   0.3   0.0  -0.7 0.000  00  01O000M000
ASN01A0024_002  0.000  -0.0  -2.7   0.3   0.0  -2.4 1.000  00  01H001M000
ALA01A0025_001  0.000   0.0  -1.6   0.0   0.0  -1.6 1.000  00  01O000M000
LYS01A0026_001  0.000  -0.2  -2.1   1.1   0.0  -1.3 1.000  00  01O000M000
LYS01A0026_002  0.000  -0.1  -2.2   1.1   0.0  -1.2 1.000  00  01O000M000
LYS01A0026_003  0.000  -0.2  -2.2   1.1   0.0  -1.3 1.000  00  01O000M000
LYS+1A0026_004  1.000  -0.2  -2.2   1.1   0.0  -1.3 1.000  00  +1O000M000
ALA01A0027_001  0.000   0.0  -2.0   0.0   0.0  -2.0 1.000  00  01O000M000
LEU01A0029_001  0.000  -0.3  -1.0   0.7   0.0  -0.6 1.000  00  01O000M000
CYD01A0030_001  0.000   0.0  -5.7   0.0   0.0  -5.7 1.000  00  01O000M000
GLN01A0031_001  0.000   2.4  -3.9   0.3   0.0  -1.2 0.500  00  01O000M000
GLN01A0031_002  0.000   2.7  -3.6   0.2   0.0  -0.7 0.500  00  01H001M000
THR01A0032_001  0.000  -0.1  -2.6   0.6   0.0  -2.2 1.000  00  01O000M000
THR01A0032_002  0.000  -0.1  -2.8   0.2   0.0  -2.7 1.000  00  01O000M000
THR01A0032_003  0.000  -0.1  -2.7   0.6   0.0  -2.2 1.000  00  01O000M000
THR01A0032_004  0.000   0.3  -2.8   0.6   0.0  -1.9 1.000  01  01O000H001
PHE01A0033_001  0.000  13.1 -17.0   0.0   0.0  -3.9 1.000  00  01O000M000
VAL01A0034_001  0.000  -0.1  -3.1   0.0   0.0  -3.2 1.000  00  01O000M000
TYR01A0035_001  0.000  13.2 -16.5   0.0   0.0  -3.3 1.000  00  01O000M000
TYR01A0035_002  0.000  13.2 -16.3   0.0   0.0  -3.1 1.000  00  01O000M000
TYR01A0035_003  0.000  13.1 -16.6   2.7   0.0  -0.8 1.000  01  01O000H001
TYR01A0035_004  0.000  13.1 -16.5   2.7   0.0  -0.7 1.000  02  01O000H002
TYR01A0035_005  0.000  13.1 -16.5   2.7   0.0  -0.7 1.000  04  01O000H004
TYR01A0035_006  0.000  13.1 -14.0   2.7   0.0   1.7 1.000  05  01O000H005
TYR-1A0035_007 -1.000  13.1 -16.3   0.0   0.0  -3.1 1.000  00  -1O000M000
CYD01A0038_001  0.000   0.0  -2.2   0.0   0.0  -2.2 1.000  00  01O000M000
ARG01A0039_001  0.000   2.4   0.4   0.9   0.0   3.8 1.000  00  01O000M000
ARG02A0039_002  0.000   1.8   0.4   0.9   0.0   3.2 1.000  00  02O000M000
ARG02A0039_003  0.000   2.5   0.4   0.9   0.0   3.9 1.000  00  02O000M000
ARG03A0039_004  0.000   2.5   0.4   0.9   0.0   3.9 1.000  00  03O000M000
ARG03A0039_005  0.000   2.5   0.4   0.9   0.0   3.8 1.000  00  03O000M000
ARG+1A0039_006  1.000   2.4   0.4   0.9   0.0   3.8 1.000  00  +1O000M000
ALA01A0040_001  0.000   0.0  -1.4   0.0   0.0  -1.4 1.000  00  01O000M000
LYS01A0041_001  0.000  -0.5  -4.0   2.0   0.0  -2.4 1.000  00  01O000M000
LYS01A0041_002  0.000  -0.4  -4.0   2.0   0.0  -2.4 1.000  00  01O000M000
LYS01A0041_003  0.000  -0.5  -4.0   2.0   0.0  -2.4 1.000  00  01O000M000
LYS+1A0041_004  1.000  -0.5  -4.0   2.0   0.0  -2.5 1.000  00  +1O000M000
ARG01A0042_001  0.000   2.4  -2.7   2.6   0.0   2.3 1.000  00  01O000M000
ARG02A0042_002  0.000   1.7  -2.7   2.6   0.0   1.6 1.000  00  02O000M000
ARG02A0042_003  0.000   2.4  -2.7   2.6   0.0   2.3 1.000  00  02O000M000
ARG03A0042_004  0.000   2.4  -2.7   2.6   0.0   2.3 1.000  00  03O000M000
ARG03A0042_005  0.000   2.4  -2.7   2.6   0.0   2.2 1.000  00  03O000M000
ARG+1A0042_006  1.000   2.4  -2.7   2.6   0.0   2.2 1.000  00  +1O000M000
ASN01A0043_001  0.000  -0.1   5.0   0.5   0.0   5.5 1.000  00  01O000M000
ASN01A0044_001  0.000  -0.1  -2.7   0.3   0.0  -2.5 1.000  00  01O000M000
PHE01A0045_001  0.000  13.5 -15.8   0.0   0.0  -2.3 1.000  00  01O000M000
LYS01A0046_001  0.000  -0.6  -1.9   1.4   0.0  -1.0 1.000  00  01O000M000
LYS01A0046_002  0.000  -0.5  -1.9   1.4   0.0  -1.0 1.000  00  01O000M000
LYS01A0046_003  0.000  -0.6  -1.9   1.4   0.0  -1.0 1.000  00  01O000M000
LYS+1A0046_004  1.000  -0.6  -1.9   1.4   0.0  -1.0 1.000  00  +1O000M000
SER01A0047_001  0.000  -0.0   1.5   0.7   0.0   2.2 1.000  00  01O000M000
SER01A0047_002  0.000  -0.0  -1.0   0.3   0.0  -0.7 1.000  00  01O000M000
SER01A0047_003  0.000  -0.0  -1.1   0.7   0.0  -0.4 1.000  00  01O000M000
SER01A0047_004  0.000  -0.0  -1.2   0.7   0.0  -0.4 1.000  00  01O000H000
SER01A0047_005  0.000  -0.0  -1.0   0.7   0.0  -0.2 1.000  02  01O000H002
ALA01A0048_001  0.000   0.0  -1.3   0.0   0.0  -1.3 1.000  00  01O000M000
GLU01A0049_001  0.000   0.4  -2.2   1.5   0.0  -0.2 1.000  00  01O000M000
GLU01A0049_002  0.000   0.6  -2.2   1.5   0.0  -0.0 1.000  00  01O000M000
GLU01A0049_003  0.000   0.3  -2.2   8.4   0.0   6.5 1.000  02  01O000H002
GLU02A0049_004  0.000   0.4  -2.3   1.5   0.0  -0.3 1.000  00  02O000M000
GLU02A0049_005  0.000   1.2   7.7   1.5   0.0  10.4 1.000  00  02O000M000
GLU02A0049_006  0.000   0.3  -2.3   8.4   0.0   6.4 1.000  00  02O000H000
GLU-1A0049_007 -1.000   0.4  -2.2   1.5   0.0  -0.3 1.000  00  -1O000M000
ASP01A0050_001  0.000  -0.1  -2.7   1.0   0.0  -1.8 0.073  00  01O000M000
ASP01A0050_002  0.000  -0.1  -2.8   0.6   0.0  -2.3 0.927  00  01H001M000
ASP01A0050_003  0.000   0.0  -1.2   1.0   0.0  -0.2 0.073  00  01O000M000
ASP01A0050_004  0.000   0.0  -1.4   0.6   0.0  -0.7 0.927  00  01H001M000
ASP01A0050_005  0.000  -0.1  -2.8   7.9   0.0   5.0 0.073  00  01O000H000
ASP01A0050_006  0.000  -0.2  -2.8   7.9   0.0   5.0 0.073  02  01O000H002
ASP01A0050_007  0.000  -0.1  -2.8   7.9   0.0   5.0 0.073  03  01O000H003
ASP01A0050_008  0.000  -0.1  -2.9   7.5   0.0   4.5 0.927  00  01H001H000
ASP01A0050_009  0.000  -0.2  -2.9   7.5   0.0   4.5 0.927  02  01H001H002
ASP01A0050_010  0.000  -0.1  -2.9   7.5   0.0   4.5 0.927  03  01H001H003
ASP02A0050_011  0.000  -0.1  -2.7   1.0   0.0  -1.7 0.073  00  02O000M000
ASP02A0050_012  0.000  -0.1  -2.8   0.6   0.0  -2.2 0.927  00  02H001M000
ASP02A0050_013  0.000   0.4  -2.8   1.0   0.0  -1.4 0.073  00  02O000M000
ASP02A0050_014  0.000   0.4  -2.9   0.6   0.0  -1.9 0.927  00  02H001M000
ASP02A0050_015  0.000  -0.2  -2.7   7.9   0.0   5.1 0.073  00  02O000H000
ASP02A0050_016  0.000  -0.1  -2.7   7.9   0.0   5.1 0.073  02  02O000H002
ASP02A0050_017  0.000  -0.2  -2.8   7.5   0.0   4.6 0.927  00  02H001H000
ASP02A0050_018  0.000  -0.1  -2.8   7.5   0.0   4.6 0.927  02  02H001H002
ASP-1A0050_019 -1.000  -0.1  -2.7   1.0   0.0  -1.7 0.073  00  -1O000M000
ASP-1A0050_020 -1.000  -0.1  -2.8   0.6   0.0  -2.2 0.927  00  -1H001M000
CYD01A0051_001  0.000   0.0  -6.0   0.0   0.0  -6.0 1.000  00  01O000M000
MET01A0052_001  0.000  -0.2  -8.2   0.5   0.0  -7.8 1.000  00  01O000M000
ARG01A0053_001  0.000   0.7  -6.0   1.5   0.0  -3.9 1.000  00  01O000M000
ARG02A0053_002  0.000   0.7  -6.1   1.5   0.0  -3.9 1.000  00  02O000M000
ARG02A0053_003  0.000   0.6  -6.1   1.5   0.0  -4.0 1.000  00  02O000M000
ARG03A0053_004  0.000   0.7  -6.0   1.5   0.0  -3.9 1.000  00  03O000M000
ARG03A0053_005  0.000   0.6  -6.0   1.5   0.0  -3.9 1.000  00  03O000M000
ARG+1A0053_006  1.000   0.6  -6.1   1.5   0.0  -4.1 1.000  00  +1O000M000
THR01A0054_001  0.000  -0.1  -2.1   0.4   0.0  -1.8 1.000  00  01O000M000
THR01A0054_002  0.000  -0.1  -2.3   0.1   0.0  -2.4 1.000  00  01O000M000
THR01A0054_003  0.000  -0.1  -2.3   0.4   0.0  -2.0 1.000  00  01O000M000
THR01A0054_004  0.000  -0.1  -2.4   0.5   0.0  -2.1 1.000  01  01O000H001
THR01A0054_005  0.000  -0.0  -2.3   0.5   0.0  -1.8 1.000  03  01O000H003
CYD01A0055_001  0.000   0.0  -3.7   0.0   0.0  -3.7 1.000  00  01O000M000
ALA01A0058_001  0.000   0.0  -0.4   0.0   0.0  -0.4 1.000  00  01O000M000
CTR01A0058_001  0.000   0.0   1.0   0.0   0.0   1.0 1.000  00  01O000M000
CTR01A0058_002  0.000  -0.0   1.2   0.0   0.0   1.2 1.000  00  01O000M000
CTR02A0058_003  0.000   0.0   1.0   0.0   0.0   1.0 1.000  00  02O000M000
CTR02A0058_004  0.000  -0.0   2.4   0.0   0.0   2.4 1.000  00  02O000M000
CTR-1A0058_005 -1.000   0.0   1.0   0.0   0.0   1.0 1.000  00  -1O000M000
HOH01A0111_001  0.000   0.0  -2.0   0.0   0.0  -2.0 1.000  00  01O000M000
HOH01A0111_002  0.000   0.0  -2.0   0.0   0.0  -2.0 1.000  00  01O000M000
HOH01A0111_003  0.000   0.0  -2.1   0.0   0.0  -2.1 1.000  00  01O000M000
HOH01A0111_004  0.000   0.0  -1.6   0.0   0.0  -1.6 1.000  00  01O000M000
HOH01A0111_005  0.000   0.0  -2.2   0.0   0.0  -2.2 1.000  00  01O000M000
HOH01A0111_006  0.000   0.0  -1.7   0.0   0.0  -1.7 1.000  00  01O000M000
HOH01A0111_007  0.000   0.0  -1.7   0.0   0.0  -1.7 1.000  00  01O000M000
HOH01A0111_008  0.000   0.0  -0.5   0.0   0.0  -0.5 1.000  00  01O000M000
HOH01A0111_009  0.000   0.0  -0.4   0.0   0.0  -0.4 1.000  00  01O000M000
HOH01A0111_010  0.000   0.0  -0.5   0.0   0.0  -0.5 1.000  00  01O000M000
HOH01A0111_011  0.000   0.0  -2.0   0.0   0.0  -2.0 1.000  00  01O000M000
HOH01A0111_012  0.000   0.0  -2.1   0.0   0.0  -2.1 1.000  00  01O000M000
HOH01A0111_013  0.000   0.0  -2.0   0.0   0.0  -2.0 1.000  00  01O000H000
HOH01A0111_014  0.000   0.0  -2.0   0.0   0.0  -2.0 1.000  02  01O000H002
HOH01A0111_015  0.000   0.0  -2.0   0.0   0.0  -2.0 1.000  03  01O000H003
HOH01A0111_016  0.000   0.0  -1.9   0.0   0.0  -1.9 1.000  05  01O000H005
HOH01A0111_017  0.000   0.0  -2.0   0.0   0.0  -2.0 1.000  06  01O000H006
HOH01A0111_018  0.000   0.0  -1.6   0.0   0.0  -1.6 1.000  08  01O000H008
HOH01A0111_019  0.000   0.0  -2.1   0.0   0.0  -2.1 1.000  09  01O000H009
HOH01A0111_020  0.000   0.0  -1.2   0.0   0.0  -1.2 1.000  12  01O000H012
HOH01A0111_021  0.000   0.0  -0.2   0.0   0.0  -0.2 1.000  14  01O000H014
HOH01A0111_022  0.000   0.0  -0.7   0.0   0.0  -0.7 1.000  15  01O000H015
HOH01A0111_023  0.000   0.0  -2.0   0.0   0.0  -2.0 1.000  16  01O000H016
HOH01A0111_024  0.000   0.0  -2.0   0.0   0.0  -2.0 1.000  18  01O000H018
HOH01A0111_025  0.000   0.0   1.5   0.0   0.0   1.5 1.000  19  01O000H019
HOH01A0111_026  0.000   0.0  -2.1   0.0   0.0  -2.1 1.000  22  01O000H022
HOH01A0111_027  0.000   0.0  -2.1   0.0   0.0  -2.1 1.000  24  01O000H024
HOH01A0111_028  0.000   0.0  -2.1   0.0   0.0  -2.1 1.000  25  01O000H025
HOH01A0111_029  0.000   0.0   4.0   0.0   0.0   4.0 1.000  28  01O000H028
HOH01A0111_030  0.000   0.0  -2.1   0.0   0.0  -2.1 1.000  29  01O000H029
HOH01A0111_031  0.000   0.0  -2.1   0.0   0.0  -2.1 1.000  30  01O000H030
HOH01A0111_032  0.000   0.0  -2.1   0.0   0.0  -2.1 1.000  33  01O000H033
HOH01A0111_033  0.000   0.0  -1.7   0.0   0.0  -1.7 1.000  34  01O000H034
HOH01A0111_034  0.000   0.0  -1.9   0.0   0.0  -1.9 1.000  35  01O000H035
HOH01A0111_035  0.000   0.0  -0.3   0.0   0.0  -0.3 1.000  38  01O000H038
HOH01A0111_036  0.000   0.0  -1.7   0.0   0.0  -1.7 1.000  39  01O000H039
HOH01A0111_037  0.000   0.0   1.6   0.0   0.0   1.6 1.000  40  01O000H040
HOH01A0111_038  0.000   0.0  -2.2   0.0   0.0  -2.2 1.000  42  01O000H042
HOHDMA0111_039  0.000   0.0   0.0   0.0   0.0   0.0 1.000  00  DMO000M000
HOH01A0112_001  0.000   0.0  -2.1   0.0   0.0  -2.1 1.000  00  01O000M000
HOH01A0112_002  0.000   0.0  -1.6   0.0   0.0  -1.6 1.000  00  01O000M000
HOH01A0112_003  0.000   0.0  -0.9   0.0   0.0  -0.9 1.000  00  01O000M000
HOH01A0112_004  0.000   0.0  -2.3   0.0   0.0  -2.3 1.000  00  01O000M000
HOH01A0112_005  0.000   0.0  -0.4   0.0   0.0  -0.4 1.000  00  01O000M000
HOH01A0112_006  0.000   0.0  -1.7   0.0   0.0  -1.7 1.000  00  01O000M000
HOH01A0112_007  0.000   0.0  -1.0   0.0   0.0  -1.0 1.000  00  01O000M000
HOH01A0112_008  0.000   0.0  -1.0   0.0   0.0  -1.0 1.000  00  01O000M000
HOH01A0112_009  0.000   0.0  -1.6   0.0   0.0  -1.6 1.000  00  01O000M000
HOH01A0112_010  0.000   0.0  -1.6   0.0   0.0  -1.6 1.000  00  01O000M000
HOH01A0112_011  0.000   0.0  -1.6   0.0   0.0  -1.6 1.000  00  01O000M000
HOH01A0112_012  0.000   0.0  -1.5   0.0   0.0  -1.5 1.000  00  01O000M000
HOH01A0112_013  0.000   0.0  -2.1   0.0   0.0  -2.1 1.000  00  01O000H000
HOH01A0112_014  0.000   0.0  -2.2   0.0   0.0  -2.2 1.000  01  01O000H001
HOH01A0112_015  0.000   0.0  -0.8   0.0   0.0  -0.8 1.000  02  01O000H002
HOH01A0112_016  0.000   0.0  -1.4   0.0   0.0  -1.4 1.000  03  01O000H003
HOH01A0112_017  0.000   0.0  -2.1   0.0   0.0  -2.1 1.000  04  01O000H004
HOH01A0112_018  0.000   0.0   0.2   0.0   0.0   0.2 1.000  07  01O000H007
HOH01A0112_019  0.000   0.0  -2.2   0.0   0.0  -2.2 1.000  09  01O000H009
HOH01A0112_020  0.000   0.0  -2.2   0.0   0.0  -2.2 1.000  10  01O000H010
HOH01A0112_021  0.000   0.0  -2.0   0.0   0.0  -2.0 1.000  12  01O000H012
HOH01A0112_022  0.000   0.0  -0.7   0.0   0.0  -0.7 1.000  13  01O000H013
HOH01A0112_023  0.000   0.0  -2.1   0.0   0.0  -2.1 1.000  14  01O000H014
HOH01A0112_024  0.000   0.0  -2.0   0.0   0.0  -2.0 1.000  18  01O000H018
HOH01A0112_025  0.000   0.0  -2.2   0.0   0.0  -2.2 1.000  19  01O000H019
HOH01A0112_026  0.000   0.0  -1.4   0.0   0.0  -1.4 1.000  20  01O000H020
HOH01A0112_027  0.000   0.0  -2.0   0.0   0.0  -2.0 1.000  24  01O000H024
HOH01A0112_028  0.000   0.0  -1.5   0.0   0.0  -1.5 1.000  25  01O000H025
HOH01A0112_029  0.000   0.0   0.1   0.0   0.0   0.1 1.000  26  01O000H026
HOH01A0112_030  0.000   0.0   1.2   0.0   0.0   1.2 1.000  27  01O000H027
HOH01A0112_031  0.000   0.0  -2.2   0.0   0.0  -2.2 1.000  28  01O000H028
HOHDMA0112_032  0.000   0.0   0.0   0.0   0.0   0.0 1.000  00  DMO000M000
HOH01A0113_001  0.000   0.0  -1.5   0.0   0.0  -1.5 1.000  00  01O000M000
HOH01A0113_002  0.000   0.0   4.7   0.0   0.0   4.7 1.000  00  01O000M000
HOH01A0113_003  0.000   0.0   4.6   0.0   0.0   4.6 1.000  00  01O000M000
HOH01A0113_004  0.000   0.0   4.4   0.0   0.0   4.4 1.000  00  01O000M000
HOH01A0113_005  0.000   0.0  -1.4   0.0   0.0  -1.4 1.000  00  01O000M000
HOH01A0113_006  0.000   0.0  -1.6   0.0   0.0  -1.6 1.000  00  01O000M000
HOH01A0113_007  0.000   0.0  -1.7   0.0   0.0  -1.7 1.000  00  01O000M000
HOH01A0113_008  0.000   0.0  -1.3   0.0   0.0  -1.3 1.000  00  01O000M000
HOH01A0113_009  0.000   0.0  -1.1   0.0   0.0  -1.1 1.000  00  01O000M000
HOH01A0113_010  0.000   0.0  -1.3   0.0   0.0  -1.3 1.000  00  01O000M000
HOH01A0113_011  0.000   0.0  -1.6   0.0   0.0  -1.6 1.000  00  01O000M000
HOH01A0113_012  0.000   0.0  -1.8   0.0   0.0  -1.8 1.000  00  01O000M000
HOH01A0113_013  0.000   0.0  -0.5   0.0   0.0  -0.5 1.000  00  01O000H000
HOH01A0113_014  0.000   0.0  -1.7   0.0   0.0  -1.7 1.000  01  01O000H001
HOH01A0113_015  0.000   0.0  -1.4   0.0   0.0  -1.4 1.000  02  01O000H002
HOH01A0113_016  0.000   0.0  -1.4   0.0   0.0  -1.4 1.000  06  01O000H006
HOH01A0113_017  0.000   0.0  35.6   0.0   0.0  35.6 1.000  07  01O000H007
HOH01A0113_018  0.000   0.0  -1.3   0.0   0.0  -1.3 1.000  10  01O000H010
HOH01A0113_019  0.000   0.0  -1.1   0.0   0.0  -1.1 1.000  12  01O000H012
HOH01A0113_020  0.000   0.0  -1.7   0.0   0.0  -1.7 1.000  13  01O000H013
HOH01A0113_021  0.000   0.0  -1.6   0.0   0.0  -1.6 1.000  14  01O000H014
HOH01A0113_022  0.000   0.0   0.2   0.0   0.0   0.2 1.000  17  01O000H017
HOH01A0113_023  0.000   0.0  -1.7   0.0   0.0  -1.7 1.000  18  01O000H018
HOHDMA0113_024  0.000   0.0   0.0   0.0   0.0   0.0 1.000  00  DMO000M000
HOH01A0122_001  0.000   0.0  -2.3   0.0   0.0  -2.3 1.000  00  01O000M000
HOH01A0122_002  0.000   0.0   5.4   0.0   0.0   5.4 1.000  00  01O000M000
HOH01A0122_003  0.000   0.0   1.8   0.0   0.0   1.8 1.000  00  01O000M000
HOH01A0122_004  0.000   0.0   3.7   0.0   0.0   3.7 1.000  00  01O000M000
HOH01A0122_005  0.000   0.0   0.8   0.0   0.0   0.8 1.000  00  01O000M000
HOH01A0122_006  0.000   0.0   2.7   0.0   0.0   2.7 1.000  00  01O000M000
HOH01A0122_007  0.000   0.0  -0.9   0.0   0.0  -0.9 1.000  00  01O000M000
HOH01A0122_008  0.000   0.0  -2.9   0.0   0.0  -2.9 1.000  00  01O000M000
HOH01A0122_009  0.000   0.0  -2.9   0.0   0.0  -2.9 1.000  00  01O000M000
HOH01A0122_010  0.000   0.0  -2.5   0.0   0.0  -2.5 1.000  00  01O000M000
HOH01A0122_011  0.000   0.0  -2.6   0.0   0.0  -2.6 1.000  00  01O000M000
HOH01A0122_012  0.000   0.0  -2.3   0.0   0.0  -2.3 1.000  00  01O000M000
HOH01A0122_013  0.000   0.0  -2.3   0.0   0.0  -2.3 1.000  00  01O000H000
HOH01A0122_014  0.000   0.0   2.2   0.0   0.0   2.2 1.000  01  01O000H001
HOH01A0122_015  0.000   0.0  -0.3   0.0   0.0  -0.3 1.000  02  01O000H002
HOH01A0122_016  0.000   0.0  -1.1   0.0   0.0  -1.1 1.000  03  01O000H003
HOH01A0122_017  0.000   0.0   1.1   0.0   0.0   1.1 1.000  04  01O000H004
HOH01A0122_018  0.000   0.0  -1.8   0.0   0.0  -1.8 1.000  05  01O000H005
HOH01A0122_019  0.000   0.0  -1.9   0.0   0.0  -1.9 1.000  06  01O000H006
HOH01A0122_020  0.000   0.0   3.6   0.0   0.0   3.6 1.000  07  01O000H007
HOH01A0122_021  0.000   0.0   5.0   0.0   0.0   5.0 1.000  10  01O000H010
HOH01A0122_022  0.000   0.0  -0.0   0.0   0.0  -0.0 1.000  11  01O000H011
HOH01A0122_023  0.000   0.0   5.5   0.0   0.0   5.5 1.000  12  01O000H012
HOH01A0122_024  0.000   0.0  -0.4   0.0   0.0  -0.4 1.000  15  01O000H015
HOH01A0122_025  0.000   0.0  -3.0   0.0   0.0  -3.0 1.000  16  01O000H016
HOH01A0122_026  0.000   0.0  -1.3   0.0   0.0  -1.3 1.000  17  01O000H017
HOH01A0122_027  0.000   0.0  -2.0   0.0   0.0  -2.0 1.000  18  01O000H018
HOHDMA0122_028  0.000   0.0   0.0   0.0   0.0   0.0 1.000  00  DMO000M000
