  pH             pKa/Em  n(slope) 1000*chi2
NTR+A0001_        7.624     1.027     0.017
ARG+A0001_        pKa or Em out of range   
ASP-A0003_        2.842     0.967     0.213
GLU-A0007_        3.916     0.924     0.227
TYR-A0010_        9.610     0.830     0.559
LYS+A0015_       11.000     0.948     0.022
ARG+A0017_       12.724     0.986     0.001
ARG+A0020_        pKa or Em out of range   
TYR-A0021_       10.248     0.943     0.020
TYR-A0023_       10.627     0.895     0.123
LYS+A0026_       10.787     0.934     0.022
TYR-A0035_        8.730     0.881     1.012
ARG+A0039_       12.388     1.628     2.932
LYS+A0041_       11.590     0.858     0.265
ARG+A0042_       13.019     0.945     0.058
LYS+A0046_       10.678     0.926     0.037
GLU-A0049_        3.560     1.005     0.046
ASP-A0050_        1.752     0.994     0.005
ARG+A0053_       12.789     0.749    11.843
CTR-A0058_        3.800     1.072     1.811
