 ph              0.0   1.0   2.0   3.0   4.0   5.0   6.0   7.0   8.0   9.0  10.0  11.0  12.0  13.0  14.0
NTR01U0001_001 0.000 0.000 0.000 0.000 0.000 0.000 0.000 0.000 0.000 0.000 0.000 0.000 0.000 0.000 0.000
NTR+1U0001_002 0.000 0.000 0.000 0.000 0.000 0.000 0.000 0.000 0.000 0.000 0.000 0.000 0.000 0.000 0.000
MET01U0001_001 0.000 0.000 0.000 0.000 0.000 0.000 0.000 0.000 0.000 0.000 0.000 0.000 0.000 0.000 0.000
ASP01U0002_001 0.272 0.264 0.271 0.284 0.091 0.000 0.000 0.000 0.000 0.000 0.000 0.000 0.000 0.000 0.000
ASP01U0002_002 0.272 0.264 0.271 0.284 0.091 0.000 0.000 0.000 0.000 0.000 0.000 0.000 0.000 0.000 0.000
ASP02U0002_003 0.272 0.264 0.271 0.284 0.091 0.000 0.000 0.000 0.000 0.000 0.000 0.000 0.000 0.000 0.000
ASP02U0002_004 0.272 0.264 0.271 0.284 0.091 0.000 0.000 0.000 0.000 0.000 0.000 0.000 0.000 0.000 0.000
ASP-1U0002_005 0.000 0.000 0.000 0.000 0.000 0.000 0.000 0.000 0.000 0.000 0.000 0.000 0.000 0.000 0.000
ASP01U0003_001 0.448 0.452 0.451 0.453 0.454 0.362 0.462 0.393 0.000 0.000 0.000 0.000 0.000 0.000 0.000
ASP01U0003_002 0.448 0.452 0.451 0.453 0.454 0.362 0.462 0.393 0.000 0.000 0.000 0.000 0.000 0.000 0.000
ASP02U0003_003 0.448 0.452 0.451 0.453 0.454 0.362 0.462 0.393 0.000 0.000 0.000 0.000 0.000 0.000 0.000
ASP02U0003_004 0.448 0.452 0.451 0.453 0.454 0.362 0.462 0.393 0.000 0.000 0.000 0.000 0.000 0.000 0.000
ASP-1U0003_005 0.000 0.000 0.000 0.000 0.000 0.000 0.000 0.000 0.000 0.000 0.000 0.000 0.000 0.000 0.000
ARG01U0005_001 0.000 0.000 0.000 0.000 0.000 0.000 0.000 0.000 0.000 0.000 0.521 0.620 0.774 0.844 0.843
ARG02U0005_002 0.000 0.000 0.000 0.000 0.000 0.000 0.000 0.000 0.000 0.000 0.521 0.620 0.774 0.844 0.843
ARG02U0005_003 0.000 0.000 0.000 0.000 0.000 0.000 0.000 0.000 0.000 0.000 0.521 0.620 0.774 0.844 0.843
ARG03U0005_004 0.000 0.000 0.000 0.000 0.000 0.000 0.000 0.000 0.000 0.000 0.521 0.620 0.774 0.844 0.843
ARG03U0005_005 0.000 0.000 0.000 0.000 0.000 0.000 0.000 0.000 0.000 0.000 0.521 0.620 0.774 0.844 0.843
ARG+1U0005_006 0.000 0.000 0.000 0.000 0.000 0.000 0.000 0.000 0.000 0.000 0.000 0.000 0.000 0.000 0.000
LYS01U0006_001 0.000 0.000 0.000 0.000 0.000 0.000 0.000 0.000 0.000 0.000 0.000 0.000 0.000 0.000 0.000
LYS+1U0006_002 0.000 0.000 0.000 0.000 0.000 0.000 0.000 0.000 0.000 0.000 0.000 0.000 0.000 0.000 0.000
LYS01U0007_001 0.000 0.000 0.000 0.000 0.000 0.000 0.000 0.000 0.000 0.000 0.000 0.000 0.000 0.000 0.000
LYS+1U0007_002 0.000 0.000 0.000 0.000 0.000 0.000 0.000 0.000 0.000 0.000 0.000 0.000 0.000 0.000 0.000
GLU01U0008_001 0.446 0.440 0.455 0.456 0.464 0.455 0.352 0.000 0.000 0.000 0.000 0.000 0.000 0.000 0.000
GLU01U0008_002 0.446 0.440 0.455 0.456 0.464 0.455 0.352 0.000 0.000 0.000 0.000 0.000 0.000 0.000 0.000
GLU02U0008_003 0.446 0.440 0.455 0.456 0.464 0.455 0.352 0.000 0.000 0.000 0.000 0.000 0.000 0.000 0.000
GLU02U0008_004 0.446 0.440 0.455 0.456 0.464 0.455 0.352 0.000 0.000 0.000 0.000 0.000 0.000 0.000 0.000
GLU-1U0008_005 0.000 0.000 0.000 0.000 0.000 0.000 0.000 0.000 0.000 0.000 0.000 0.000 0.000 0.000 0.000
LEU01U0009_001 0.000 0.000 0.000 0.000 0.000 0.000 0.000 0.000 0.000 0.000 0.000 0.000 0.000 0.000 0.000
HIS01U0010_001 0.000 0.000 0.000 0.000 0.397 0.626 0.673 0.679 0.675 0.667 0.663 0.644 0.626 0.614 0.572
HIS01U0010_002 0.000 0.000 0.000 0.000 0.397 0.626 0.673 0.679 0.675 0.667 0.663 0.644 0.626 0.614 0.572
HIS02U0010_003 0.000 0.000 0.000 0.000 0.397 0.626 0.673 0.679 0.675 0.667 0.663 0.644 0.626 0.614 0.572
HIS02U0010_004 0.000 0.000 0.000 0.000 0.397 0.626 0.673 0.679 0.675 0.667 0.663 0.644 0.626 0.614 0.572
HIS+1U0010_005 0.407 0.407 0.407 0.407 0.407 0.406 0.404 0.403 0.407 0.408 0.000 0.000 0.000 0.000 0.000
HIS+1U0010_006 0.407 0.407 0.407 0.407 0.407 0.406 0.404 0.403 0.407 0.408 0.000 0.000 0.000 0.000 0.000
ASP01U0011_001 0.482 0.474 0.481 0.484 0.475 0.464 0.475 0.000 0.000 0.000 0.000 0.000 0.000 0.000 0.000
ASP01U0011_002 0.482 0.474 0.481 0.484 0.475 0.464 0.475 0.000 0.000 0.000 0.000 0.000 0.000 0.000 0.000
ASP02U0011_003 0.482 0.474 0.481 0.484 0.475 0.464 0.475 0.000 0.000 0.000 0.000 0.000 0.000 0.000 0.000
ASP02U0011_004 0.482 0.474 0.481 0.484 0.475 0.464 0.475 0.000 0.000 0.000 0.000 0.000 0.000 0.000 0.000
ASP-1U0011_005 0.000 0.000 0.000 0.000 0.000 0.000 0.000 0.000 0.000 0.000 0.000 0.000 0.000 0.000 0.000
LEU01U0012_001 0.000 0.000 0.000 0.000 0.000 0.000 0.000 0.000 0.000 0.000 0.000 0.000 0.000 0.000 0.000
ASN01U0013_001 0.000 0.000 0.000 0.000 0.000 0.000 0.000 0.000 0.000 0.000 0.000 0.000 0.000 0.000 0.000
ASN01U0013_002 0.000 0.000 0.000 0.000 0.000 0.000 0.000 0.000 0.000 0.000 0.000 0.000 0.000 0.000 0.000
THR01U0014_001 0.507 0.514 0.524 0.522 0.516 0.501 0.482 0.409 0.364 0.348 0.355 0.343 0.329 0.315 0.305
THR01U0014_002 0.507 0.514 0.524 0.522 0.516 0.501 0.482 0.409 0.364 0.348 0.355 0.343 0.329 0.315 0.305
THR01U0014_003 0.507 0.514 0.524 0.522 0.516 0.501 0.482 0.409 0.364 0.348 0.355 0.343 0.329 0.315 0.305
ARG01U0015_001 0.000 0.000 0.000 0.000 0.000 0.000 0.000 0.000 0.000 0.000 0.274 0.326 0.431 0.412 0.407
ARG02U0015_002 0.000 0.000 0.000 0.000 0.000 0.000 0.000 0.000 0.000 0.000 0.274 0.326 0.431 0.412 0.407
ARG02U0015_003 0.000 0.000 0.000 0.000 0.000 0.000 0.000 0.000 0.000 0.000 0.274 0.326 0.431 0.412 0.407
ARG03U0015_004 0.000 0.000 0.000 0.000 0.000 0.000 0.000 0.000 0.000 0.000 0.274 0.326 0.431 0.412 0.407
ARG+1U0015_005 0.000 0.000 0.000 0.000 0.000 0.000 0.000 0.000 0.000 0.000 0.000 0.000 0.000 0.000 0.000
ALA01U0016_001 0.000 0.000 0.000 0.000 0.000 0.000 0.000 0.000 0.000 0.000 0.000 0.000 0.000 0.000 0.000
TRP01U0017_001 0.000 0.000 0.000 0.000 0.000 0.000 0.000 0.000 0.000 0.000 0.000 0.000 0.000 0.000 0.000
ASN01U0018_001 0.273 0.281 0.293 0.290 0.269 0.246 0.232 0.233 0.238 0.231 0.236 0.236 0.237 0.228 0.220
ASN01U0018_002 0.273 0.281 0.293 0.290 0.269 0.246 0.232 0.233 0.238 0.231 0.236 0.236 0.237 0.228 0.220
GLU01U0020_001 0.169 0.165 0.166 0.167 0.164 0.155 0.000 0.000 0.000 0.000 0.000 0.000 0.000 0.000 0.000
GLU01U0020_002 0.169 0.165 0.166 0.167 0.164 0.155 0.000 0.000 0.000 0.000 0.000 0.000 0.000 0.000 0.000
GLU02U0020_003 0.169 0.165 0.166 0.167 0.164 0.155 0.000 0.000 0.000 0.000 0.000 0.000 0.000 0.000 0.000
GLU02U0020_004 0.169 0.165 0.166 0.167 0.164 0.155 0.000 0.000 0.000 0.000 0.000 0.000 0.000 0.000 0.000
GLU-1U0020_005 0.000 0.000 0.000 0.000 0.000 0.000 0.000 0.000 0.000 0.000 0.000 0.000 0.000 0.000 0.000
GLU01U0021_001 0.459 0.460 0.463 0.464 0.471 0.444 0.473 0.359 0.000 0.000 0.000 0.000 0.000 0.000 0.000
GLU01U0021_002 0.459 0.460 0.463 0.464 0.471 0.444 0.473 0.359 0.000 0.000 0.000 0.000 0.000 0.000 0.000
GLU02U0021_003 0.459 0.460 0.463 0.464 0.471 0.444 0.473 0.359 0.000 0.000 0.000 0.000 0.000 0.000 0.000
GLU02U0021_004 0.459 0.460 0.463 0.464 0.471 0.444 0.473 0.359 0.000 0.000 0.000 0.000 0.000 0.000 0.000
GLU-1U0021_005 0.000 0.000 0.000 0.000 0.000 0.000 0.000 0.000 0.000 0.000 0.000 0.000 0.000 0.000 0.000
VAL01U0022_001 0.000 0.000 0.000 0.000 0.000 0.000 0.000 0.000 0.000 0.000 0.000 0.000 0.000 0.000 0.000
PHE01U0023_001 0.000 0.000 0.000 0.000 0.000 0.000 0.000 0.000 0.000 0.000 0.000 0.000 0.000 0.000 0.000
PRO01U0024_001 0.000 0.000 0.000 0.000 0.000 0.000 0.000 0.000 0.000 0.000 0.000 0.000 0.000 0.000 0.000
CTR01U0024_001 0.368 0.373 0.378 0.380 0.382 0.379 0.389 0.000 0.000 0.000 0.000 0.000 0.000 0.000 0.000
CTR01U0024_002 0.368 0.373 0.378 0.380 0.382 0.379 0.389 0.000 0.000 0.000 0.000 0.000 0.000 0.000 0.000
CTR02U0024_003 0.368 0.373 0.378 0.380 0.382 0.379 0.389 0.000 0.000 0.000 0.000 0.000 0.000 0.000 0.000
CTR02U0024_004 0.368 0.373 0.378 0.380 0.382 0.379 0.389 0.000 0.000 0.000 0.000 0.000 0.000 0.000 0.000
CTR-1U0024_005 0.000 0.000 0.000 0.000 0.000 0.000 0.000 0.000 0.000 0.000 0.000 0.000 0.000 0.000 0.000
NTR01U0029_001 0.000 0.000 0.000 0.000 0.000 0.000 0.000 0.000 0.000 0.000 0.000 0.000 0.000 0.000 0.000
NTR+1U0029_002 0.000 0.000 0.000 0.000 0.000 0.000 0.000 0.000 0.000 0.000 0.000 0.000 0.000 0.000 0.000
LYS01U0029_001 0.000 0.000 0.000 0.000 0.000 0.000 0.000 0.000 0.000 0.000 0.000 0.000 0.000 0.000 0.000
LYS+1U0029_002 0.000 0.000 0.000 0.000 0.000 0.000 0.000 0.000 0.000 0.000 0.000 0.000 0.000 0.000 0.000
LEU01U0030_001 0.000 0.000 0.000 0.000 0.000 0.000 0.000 0.000 0.000 0.000 0.000 0.000 0.000 0.000 0.000
ASP01U0031_001 0.319 0.317 0.314 0.322 0.325 0.000 0.000 0.000 0.000 0.000 0.000 0.000 0.000 0.000 0.000
ASP01U0031_002 0.319 0.317 0.314 0.322 0.325 0.000 0.000 0.000 0.000 0.000 0.000 0.000 0.000 0.000 0.000
ASP02U0031_003 0.319 0.317 0.314 0.322 0.325 0.000 0.000 0.000 0.000 0.000 0.000 0.000 0.000 0.000 0.000
ASP02U0031_004 0.319 0.317 0.314 0.322 0.325 0.000 0.000 0.000 0.000 0.000 0.000 0.000 0.000 0.000 0.000
ASP-1U0031_005 0.000 0.000 0.000 0.000 0.000 0.000 0.000 0.000 0.000 0.000 0.000 0.000 0.000 0.000 0.000
SER01U0032_001 0.431 0.419 0.417 0.439 0.450 0.451 0.448 0.462 0.456 0.456 0.445 0.462 0.450 0.457 0.445
SER01U0032_002 0.431 0.419 0.417 0.439 0.450 0.451 0.448 0.462 0.456 0.456 0.445 0.462 0.450 0.457 0.445
SER01U0032_003 0.431 0.419 0.417 0.439 0.450 0.451 0.448 0.462 0.456 0.456 0.445 0.462 0.450 0.457 0.445
SER01U0033_001 0.112 0.123 0.139 0.270 0.401 0.410 0.411 0.410 0.410 0.410 0.410 0.409 0.406 0.402 0.400
SER01U0033_002 0.112 0.123 0.139 0.270 0.401 0.410 0.411 0.410 0.410 0.410 0.410 0.409 0.406 0.402 0.400
SER01U0033_003 0.112 0.123 0.139 0.270 0.401 0.410 0.411 0.410 0.410 0.410 0.410 0.409 0.406 0.402 0.400
ILE01U0034_001 0.000 0.000 0.000 0.000 0.000 0.000 0.000 0.000 0.000 0.000 0.000 0.000 0.000 0.000 0.000
LYS01U0035_001 0.000 0.000 0.000 0.000 0.000 0.000 0.000 0.000 0.000 0.000 0.000 0.000 0.000 0.000 0.000
LYS+1U0035_002 0.000 0.000 0.000 0.000 0.000 0.000 0.000 0.000 0.000 0.000 0.000 0.000 0.000 0.000 0.000
ARG01U0036_001 0.000 0.000 0.000 0.000 0.000 0.000 0.000 0.000 0.000 0.000 0.000 0.003 0.000 0.000 0.000
ARG02U0036_002 0.000 0.000 0.000 0.000 0.000 0.000 0.000 0.000 0.000 0.000 0.000 0.003 0.000 0.000 0.000
ARG02U0036_003 0.000 0.000 0.000 0.000 0.000 0.000 0.000 0.000 0.000 0.000 0.000 0.003 0.000 0.000 0.000
ARG03U0036_004 0.000 0.000 0.000 0.000 0.000 0.000 0.000 0.000 0.000 0.000 0.000 0.003 0.000 0.000 0.000
ARG03U0036_005 0.000 0.000 0.000 0.000 0.000 0.000 0.000 0.000 0.000 0.000 0.000 0.003 0.000 0.000 0.000
ARG+1U0036_006 0.000 0.000 0.000 0.000 0.000 0.000 0.000 0.000 0.000 0.000 0.000 0.000 0.000 0.000 0.000
ASN01U0037_001 0.000 0.000 0.000 0.000 0.000 0.000 0.000 0.000 0.000 0.000 0.000 0.000 0.000 0.000 0.000
THR01U0038_001 0.394 0.399 0.400 0.402 0.402 0.405 0.406 0.405 0.405 0.406 0.407 0.409 0.410 0.405 0.402
THR01U0038_002 0.394 0.399 0.400 0.402 0.402 0.405 0.406 0.405 0.405 0.406 0.407 0.409 0.410 0.405 0.402
PHE01U0040_001 0.000 0.000 0.000 0.000 0.000 0.000 0.000 0.000 0.000 0.000 0.000 0.000 0.000 0.000 0.000
ILE01U0041_001 0.000 0.000 0.000 0.000 0.000 0.000 0.000 0.000 0.000 0.000 0.000 0.000 0.000 0.000 0.000
LYS01U0042_001 0.000 0.000 0.000 0.000 0.000 0.000 0.000 0.000 0.000 0.000 0.000 0.000 0.000 0.000 0.000
LYS+1U0042_002 0.000 0.000 0.000 0.000 0.000 0.000 0.000 0.000 0.000 0.000 0.000 0.000 0.000 0.000 0.000
LYS01U0043_001 0.000 0.000 0.000 0.000 0.000 0.000 0.000 0.000 0.000 0.000 0.000 0.000 0.000 0.000 0.000
LYS+1U0043_002 0.000 0.000 0.000 0.000 0.000 0.000 0.000 0.000 0.000 0.000 0.000 0.000 0.000 0.000 0.000
LEU01U0044_001 0.000 0.000 0.000 0.000 0.000 0.000 0.000 0.000 0.000 0.000 0.000 0.000 0.000 0.000 0.000
LYS01U0045_001 0.000 0.000 0.000 0.000 0.000 0.000 0.000 0.000 0.000 0.000 0.000 0.000 0.000 0.000 0.000
LYS+1U0045_002 0.000 0.000 0.000 0.000 0.000 0.000 0.000 0.000 0.000 0.000 0.000 0.000 0.000 0.000 0.000
LYS01U0046_001 0.000 0.000 0.000 0.000 0.000 0.000 0.000 0.000 0.000 0.000 0.000 0.000 0.000 0.000 0.000
LYS+1U0046_002 0.000 0.000 0.000 0.000 0.000 0.000 0.000 0.000 0.000 0.000 0.000 0.000 0.000 0.000 0.000
PHE01U0048_001 0.000 0.000 0.000 0.000 0.000 0.000 0.000 0.000 0.000 0.000 0.000 0.000 0.000 0.000 0.000
VAL01U0049_001 0.000 0.000 0.000 0.000 0.000 0.000 0.000 0.000 0.000 0.000 0.000 0.000 0.000 0.000 0.000
LYS01U0050_001 0.000 0.000 0.000 0.000 0.000 0.000 0.000 0.000 0.000 0.000 0.000 0.000 0.000 0.000 0.000
LYS+1U0050_002 0.000 0.000 0.000 0.000 0.000 0.000 0.000 0.000 0.000 0.000 0.000 0.000 0.000 0.000 0.000
SER01U0052_001 0.377 0.380 0.379 0.374 0.353 0.327 0.313 0.314 0.315 0.318 0.332 0.353 0.361 0.365 0.371
SER01U0052_002 0.377 0.380 0.379 0.374 0.353 0.327 0.313 0.314 0.315 0.318 0.332 0.353 0.361 0.365 0.371
GLU01U0053_001 0.416 0.414 0.415 0.419 0.405 0.405 0.397 0.379 0.000 0.000 0.000 0.000 0.000 0.000 0.000
GLU01U0053_002 0.416 0.414 0.415 0.419 0.405 0.405 0.397 0.379 0.000 0.000 0.000 0.000 0.000 0.000 0.000
GLU02U0053_003 0.416 0.414 0.415 0.419 0.405 0.405 0.397 0.379 0.000 0.000 0.000 0.000 0.000 0.000 0.000
GLU02U0053_004 0.416 0.414 0.415 0.419 0.405 0.405 0.397 0.379 0.000 0.000 0.000 0.000 0.000 0.000 0.000
GLU-1U0053_005 0.000 0.000 0.000 0.000 0.000 0.000 0.000 0.000 0.000 0.000 0.000 0.000 0.000 0.000 0.000
SER01U0054_001 0.406 0.406 0.407 0.410 0.410 0.408 0.406 0.406 0.406 0.406 0.406 0.406 0.406 0.405 0.405
SER01U0054_002 0.406 0.406 0.407 0.410 0.410 0.408 0.406 0.406 0.406 0.406 0.406 0.406 0.406 0.405 0.405
SER01U0055_001 0.289 0.320 0.334 0.335 0.337 0.342 0.351 0.342 0.347 0.357 0.396 0.427 0.466 0.555 0.596
SER01U0055_002 0.289 0.320 0.334 0.335 0.337 0.342 0.351 0.342 0.347 0.357 0.396 0.427 0.466 0.555 0.596
SER01U0055_003 0.289 0.320 0.334 0.335 0.337 0.342 0.351 0.342 0.347 0.357 0.396 0.427 0.466 0.555 0.596
LEU01U0056_001 0.000 0.000 0.000 0.000 0.000 0.000 0.000 0.000 0.000 0.000 0.000 0.000 0.000 0.000 0.000
LEU01U0057_001 0.000 0.000 0.000 0.000 0.000 0.000 0.000 0.000 0.000 0.000 0.000 0.000 0.000 0.000 0.000
LYS01U0058_001 0.000 0.000 0.000 0.000 0.000 0.000 0.000 0.000 0.000 0.000 0.000 0.000 0.000 0.000 0.000
LYS+1U0058_002 0.000 0.000 0.000 0.000 0.000 0.000 0.000 0.000 0.000 0.000 0.000 0.000 0.000 0.000 0.000
ASP01U0059_001 0.000 0.000 0.000 0.000 0.000 0.000 0.000 0.000 0.000 0.000 0.000 0.000 0.000 0.000 0.000
ASP01U0059_002 0.000 0.000 0.000 0.000 0.000 0.000 0.000 0.000 0.000 0.000 0.000 0.000 0.000 0.000 0.000
ASP02U0059_003 0.000 0.000 0.000 0.000 0.000 0.000 0.000 0.000 0.000 0.000 0.000 0.000 0.000 0.000 0.000
ASP02U0059_004 0.000 0.000 0.000 0.000 0.000 0.000 0.000 0.000 0.000 0.000 0.000 0.000 0.000 0.000 0.000
ASP-1U0059_005 0.000 0.000 0.000 0.000 0.000 0.000 0.000 0.000 0.000 0.000 0.000 0.000 0.000 0.000 0.000
LEU01U0060_001 0.000 0.000 0.000 0.000 0.000 0.000 0.000 0.000 0.000 0.000 0.000 0.000 0.000 0.000 0.000
SER01U0061_001 0.000 0.000 0.000 0.000 0.000 0.000 0.000 0.000 0.000 0.000 0.000 0.000 0.000 0.000 0.000
GLU01U0062_001 0.216 0.208 0.219 0.211 0.212 0.210 0.190 0.000 0.000 0.000 0.000 0.000 0.000 0.000 0.000
GLU01U0062_002 0.216 0.208 0.219 0.211 0.212 0.210 0.190 0.000 0.000 0.000 0.000 0.000 0.000 0.000 0.000
GLU02U0062_003 0.216 0.208 0.219 0.211 0.212 0.210 0.190 0.000 0.000 0.000 0.000 0.000 0.000 0.000 0.000
GLU02U0062_004 0.216 0.208 0.219 0.211 0.212 0.210 0.190 0.000 0.000 0.000 0.000 0.000 0.000 0.000 0.000
GLU-1U0062_005 0.000 0.000 0.000 0.000 0.000 0.000 0.000 0.000 0.000 0.000 0.000 0.000 0.000 0.000 0.000
ALA01U0063_001 0.000 0.000 0.000 0.000 0.000 0.000 0.000 0.000 0.000 0.000 0.000 0.000 0.000 0.000 0.000
SER01U0064_001 0.282 0.304 0.306 0.309 0.307 0.314 0.306 0.313 0.309 0.305 0.314 0.318 0.326 0.323 0.329
SER01U0064_002 0.282 0.304 0.306 0.309 0.307 0.314 0.306 0.313 0.309 0.305 0.314 0.318 0.326 0.323 0.329
LEU01U0065_001 0.000 0.000 0.000 0.000 0.000 0.000 0.000 0.000 0.000 0.000 0.000 0.000 0.000 0.000 0.000
GLU01U0066_001 0.700 0.702 0.694 0.696 0.000 0.000 0.000 0.000 0.000 0.000 0.000 0.000 0.000 0.000 0.000
GLU01U0066_002 0.700 0.702 0.694 0.696 0.000 0.000 0.000 0.000 0.000 0.000 0.000 0.000 0.000 0.000 0.000
GLU02U0066_003 0.700 0.702 0.694 0.696 0.000 0.000 0.000 0.000 0.000 0.000 0.000 0.000 0.000 0.000 0.000
GLU02U0066_004 0.700 0.702 0.694 0.696 0.000 0.000 0.000 0.000 0.000 0.000 0.000 0.000 0.000 0.000 0.000
GLU-1U0066_005 0.000 0.000 0.000 0.000 0.000 0.000 0.000 0.000 0.000 0.000 0.000 0.000 0.000 0.000 0.000
LYS01U0067_001 0.000 0.000 0.000 0.000 0.000 0.000 0.000 0.000 0.000 0.000 0.000 0.000 0.000 0.000 0.000
LYS+1U0067_002 0.000 0.000 0.000 0.000 0.000 0.000 0.000 0.000 0.000 0.000 0.000 0.000 0.000 0.000 0.000
TYR01U0068_001 0.000 0.000 0.000 0.000 0.000 0.000 0.000 0.000 0.000 0.000 0.000 0.000 0.000 0.000 0.000
TYR-1U0068_002 0.000 0.000 0.000 0.000 0.000 0.000 0.000 0.000 0.000 0.000 0.000 0.000 0.000 0.000 0.000
LEU01U0069_001 0.000 0.000 0.000 0.000 0.000 0.000 0.000 0.000 0.000 0.000 0.000 0.000 0.000 0.000 0.000
SER01U0070_001 0.000 0.000 0.000 0.000 0.000 0.000 0.000 0.000 0.000 0.000 0.000 0.000 0.000 0.000 0.000
GLU01U0071_001 0.412 0.426 0.416 0.417 0.426 0.418 0.358 0.000 0.000 0.000 0.000 0.000 0.000 0.000 0.000
GLU01U0071_002 0.412 0.426 0.416 0.417 0.426 0.418 0.358 0.000 0.000 0.000 0.000 0.000 0.000 0.000 0.000
GLU02U0071_003 0.412 0.426 0.416 0.417 0.426 0.418 0.358 0.000 0.000 0.000 0.000 0.000 0.000 0.000 0.000
GLU02U0071_004 0.412 0.426 0.416 0.417 0.426 0.418 0.358 0.000 0.000 0.000 0.000 0.000 0.000 0.000 0.000
GLU-1U0071_005 0.000 0.000 0.000 0.000 0.000 0.000 0.000 0.000 0.000 0.000 0.000 0.000 0.000 0.000 0.000
ILE01U0072_001 0.000 0.000 0.000 0.000 0.000 0.000 0.000 0.000 0.000 0.000 0.000 0.000 0.000 0.000 0.000
ILE01U0073_001 0.000 0.000 0.000 0.000 0.000 0.000 0.000 0.000 0.000 0.000 0.000 0.000 0.000 0.000 0.000
VAL01U0074_001 0.000 0.000 0.000 0.000 0.000 0.000 0.000 0.000 0.000 0.000 0.000 0.000 0.000 0.000 0.000
THR01U0075_001 0.252 0.253 0.251 0.252 0.264 0.253 0.263 0.253 0.263 0.268 0.260 0.294 0.327 0.316 0.336
THR01U0075_002 0.252 0.253 0.251 0.252 0.264 0.253 0.263 0.253 0.263 0.268 0.260 0.294 0.327 0.316 0.336
THR01U0075_003 0.252 0.253 0.251 0.252 0.264 0.253 0.263 0.253 0.263 0.268 0.260 0.294 0.327 0.316 0.336
VAL01U0076_001 0.000 0.000 0.000 0.000 0.000 0.000 0.000 0.000 0.000 0.000 0.000 0.000 0.000 0.000 0.000
THR01U0077_001 0.032 0.035 0.033 0.031 0.035 0.033 0.032 0.035 0.039 0.034 0.034 0.038 0.032 0.036 0.030
THR01U0077_002 0.032 0.035 0.033 0.031 0.035 0.033 0.032 0.035 0.039 0.034 0.034 0.038 0.032 0.036 0.030
GLU01U0078_001 0.519 0.515 0.523 0.519 0.522 0.516 0.397 0.394 0.000 0.000 0.000 0.000 0.000 0.000 0.000
GLU01U0078_002 0.519 0.515 0.523 0.519 0.522 0.516 0.397 0.394 0.000 0.000 0.000 0.000 0.000 0.000 0.000
GLU02U0078_003 0.519 0.515 0.523 0.519 0.522 0.516 0.397 0.394 0.000 0.000 0.000 0.000 0.000 0.000 0.000
GLU02U0078_004 0.519 0.515 0.523 0.519 0.522 0.516 0.397 0.394 0.000 0.000 0.000 0.000 0.000 0.000 0.000
GLU-1U0078_005 0.000 0.000 0.000 0.000 0.000 0.000 0.000 0.000 0.000 0.000 0.000 0.000 0.000 0.000 0.000
CYS01U0079_001 0.649 0.646 0.645 0.644 0.643 0.641 0.641 0.640 0.640 0.639 0.637 0.633 0.632 0.625 0.624
CYS01U0079_002 0.649 0.646 0.645 0.644 0.643 0.641 0.641 0.640 0.640 0.639 0.637 0.633 0.632 0.625 0.624
CYS01U0079_003 0.649 0.646 0.645 0.644 0.643 0.641 0.641 0.640 0.640 0.639 0.637 0.633 0.632 0.625 0.624
CYS-1U0079_004 0.000 0.000 0.000 0.000 0.000 0.000 0.000 0.000 0.000 0.000 0.000 0.000 0.000 0.000 0.000
LEU01U0080_001 0.000 0.000 0.000 0.000 0.000 0.000 0.000 0.000 0.000 0.000 0.000 0.000 0.000 0.000 0.000
LEU01U0081_001 0.000 0.000 0.000 0.000 0.000 0.000 0.000 0.000 0.000 0.000 0.000 0.000 0.000 0.000 0.000
ASN01U0082_001 0.000 0.000 0.000 0.000 0.000 0.000 0.000 0.000 0.000 0.000 0.000 0.000 0.000 0.000 0.000
VAL01U0083_001 0.000 0.000 0.000 0.000 0.000 0.000 0.000 0.000 0.000 0.000 0.000 0.000 0.000 0.000 0.000
LEU01U0084_001 0.000 0.000 0.000 0.000 0.000 0.000 0.000 0.000 0.000 0.000 0.000 0.000 0.000 0.000 0.000
ASN01U0085_001 0.062 0.064 0.072 0.071 0.072 0.078 0.076 0.082 0.078 0.084 0.095 0.101 0.111 0.111 0.112
ASN01U0085_002 0.062 0.064 0.072 0.071 0.072 0.078 0.076 0.082 0.078 0.084 0.095 0.101 0.111 0.111 0.112
LYS01U0086_001 0.000 0.000 0.000 0.000 0.000 0.000 0.000 0.000 0.000 0.000 0.000 0.000 0.000 0.000 0.000
LYS+1U0086_002 0.000 0.000 0.000 0.000 0.000 0.000 0.000 0.000 0.000 0.000 0.000 0.000 0.000 0.000 0.000
ASN01U0087_001 0.000 0.000 0.000 0.000 0.000 0.000 0.000 0.000 0.000 0.000 0.000 0.000 0.000 0.000 0.000
ASP01U0088_001 0.359 0.352 0.366 0.370 0.356 0.341 0.000 0.000 0.000 0.000 0.000 0.000 0.000 0.000 0.000
ASP01U0088_002 0.359 0.352 0.366 0.370 0.356 0.341 0.000 0.000 0.000 0.000 0.000 0.000 0.000 0.000 0.000
ASP02U0088_003 0.359 0.352 0.366 0.370 0.356 0.341 0.000 0.000 0.000 0.000 0.000 0.000 0.000 0.000 0.000
ASP02U0088_004 0.359 0.352 0.366 0.370 0.356 0.341 0.000 0.000 0.000 0.000 0.000 0.000 0.000 0.000 0.000
ASP-1U0088_005 0.000 0.000 0.000 0.000 0.000 0.000 0.000 0.000 0.000 0.000 0.000 0.000 0.000 0.000 0.000
ASP01U0089_001 0.411 0.412 0.414 0.412 0.417 0.418 0.404 0.000 0.000 0.000 0.000 0.000 0.000 0.000 0.000
ASP01U0089_002 0.411 0.412 0.414 0.412 0.417 0.418 0.404 0.000 0.000 0.000 0.000 0.000 0.000 0.000 0.000
ASP02U0089_003 0.411 0.412 0.414 0.412 0.417 0.418 0.404 0.000 0.000 0.000 0.000 0.000 0.000 0.000 0.000
ASP02U0089_004 0.411 0.412 0.414 0.412 0.417 0.418 0.404 0.000 0.000 0.000 0.000 0.000 0.000 0.000 0.000
ASP-1U0089_005 0.000 0.000 0.000 0.000 0.000 0.000 0.000 0.000 0.000 0.000 0.000 0.000 0.000 0.000 0.000
VAL01U0090_001 0.000 0.000 0.000 0.000 0.000 0.000 0.000 0.000 0.000 0.000 0.000 0.000 0.000 0.000 0.000
ILE01U0091_001 0.000 0.000 0.000 0.000 0.000 0.000 0.000 0.000 0.000 0.000 0.000 0.000 0.000 0.000 0.000
ALA01U0092_001 0.000 0.000 0.000 0.000 0.000 0.000 0.000 0.000 0.000 0.000 0.000 0.000 0.000 0.000 0.000
ALA01U0093_001 0.000 0.000 0.000 0.000 0.000 0.000 0.000 0.000 0.000 0.000 0.000 0.000 0.000 0.000 0.000
VAL01U0094_001 0.000 0.000 0.000 0.000 0.000 0.000 0.000 0.000 0.000 0.000 0.000 0.000 0.000 0.000 0.000
GLU01U0095_001 0.568 0.567 0.573 0.565 0.560 0.556 0.000 0.000 0.000 0.000 0.000 0.000 0.000 0.000 0.000
GLU01U0095_002 0.568 0.567 0.573 0.565 0.560 0.556 0.000 0.000 0.000 0.000 0.000 0.000 0.000 0.000 0.000
GLU02U0095_003 0.568 0.567 0.573 0.565 0.560 0.556 0.000 0.000 0.000 0.000 0.000 0.000 0.000 0.000 0.000
GLU02U0095_004 0.568 0.567 0.573 0.565 0.560 0.556 0.000 0.000 0.000 0.000 0.000 0.000 0.000 0.000 0.000
GLU-1U0095_005 0.000 0.000 0.000 0.000 0.000 0.000 0.000 0.000 0.000 0.000 0.000 0.000 0.000 0.000 0.000
ILE01U0096_001 0.000 0.000 0.000 0.000 0.000 0.000 0.000 0.000 0.000 0.000 0.000 0.000 0.000 0.000 0.000
ILE01U0097_001 0.000 0.000 0.000 0.000 0.000 0.000 0.000 0.000 0.000 0.000 0.000 0.000 0.000 0.000 0.000
SER01U0098_001 0.035 0.038 0.041 0.035 0.035 0.027 0.031 0.035 0.034 0.040 0.037 0.033 0.035 0.037 0.036
SER01U0098_002 0.035 0.038 0.041 0.035 0.035 0.027 0.031 0.035 0.034 0.040 0.037 0.033 0.035 0.037 0.036
LEU01U0100_001 0.000 0.000 0.000 0.000 0.000 0.000 0.000 0.000 0.000 0.000 0.000 0.000 0.000 0.000 0.000
HIS01U0101_001 0.024 0.022 0.028 0.028 0.025 0.027 0.023 0.027 0.026 0.023 0.024 0.020 0.024 0.000 0.021
HIS02U0101_002 0.024 0.022 0.028 0.028 0.025 0.027 0.023 0.027 0.026 0.023 0.024 0.020 0.024 0.000 0.021
HIS+1U0101_003 0.000 0.000 0.000 0.000 0.000 0.000 0.000 0.000 0.000 0.000 0.000 0.000 0.000 0.000 0.000
GLN01U0102_001 0.079 0.050 0.029 0.019 0.015 0.000 0.014 0.000 0.009 0.007 0.009 0.006 0.007 0.000 0.004
GLN01U0102_002 0.079 0.050 0.029 0.019 0.015 0.000 0.014 0.000 0.009 0.007 0.009 0.006 0.007 0.000 0.004
ARG01U0103_001 0.000 0.000 0.000 0.000 0.000 0.000 0.000 0.000 0.000 0.000 0.000 0.169 0.172 0.186 0.196
ARG02U0103_002 0.000 0.000 0.000 0.000 0.000 0.000 0.000 0.000 0.000 0.000 0.000 0.169 0.172 0.186 0.196
ARG02U0103_003 0.000 0.000 0.000 0.000 0.000 0.000 0.000 0.000 0.000 0.000 0.000 0.169 0.172 0.186 0.196
ARG03U0103_004 0.000 0.000 0.000 0.000 0.000 0.000 0.000 0.000 0.000 0.000 0.000 0.169 0.172 0.186 0.196
ARG+1U0103_005 0.000 0.000 0.000 0.000 0.000 0.000 0.000 0.000 0.000 0.000 0.000 0.000 0.000 0.000 0.000
PHE01U0104_001 0.000 0.000 0.000 0.000 0.000 0.000 0.000 0.000 0.000 0.000 0.000 0.000 0.000 0.000 0.000
ASN01U0105_001 0.000 0.000 0.000 0.000 0.000 0.000 0.000 0.000 0.000 0.000 0.000 0.000 0.000 0.000 0.000
ARG01U0107_001 0.000 0.000 0.000 0.000 0.000 0.000 0.000 0.000 0.000 0.000 0.000 0.000 0.000 0.000 0.545
ARG02U0107_002 0.000 0.000 0.000 0.000 0.000 0.000 0.000 0.000 0.000 0.000 0.000 0.000 0.000 0.000 0.545
ARG03U0107_003 0.000 0.000 0.000 0.000 0.000 0.000 0.000 0.000 0.000 0.000 0.000 0.000 0.000 0.000 0.545
ARG03U0107_004 0.000 0.000 0.000 0.000 0.000 0.000 0.000 0.000 0.000 0.000 0.000 0.000 0.000 0.000 0.545
ARG+1U0107_005 0.000 0.000 0.000 0.000 0.000 0.000 0.000 0.000 0.000 0.000 0.000 0.000 0.000 0.000 0.000
PHE01U0108_001 0.000 0.000 0.000 0.000 0.000 0.000 0.000 0.000 0.000 0.000 0.000 0.000 0.000 0.000 0.000
THR01U0109_001 0.399 0.272 0.157 0.072 0.061 0.057 0.047 0.053 0.050 0.047 0.052 0.054 0.055 0.052 0.050
THR01U0109_002 0.399 0.272 0.157 0.072 0.061 0.057 0.047 0.053 0.050 0.047 0.052 0.054 0.055 0.052 0.050
SER01U0110_001 0.640 0.643 0.644 0.642 0.636 0.542 0.423 0.386 0.369 0.374 0.377 0.374 0.379 0.372 0.370
SER01U0110_002 0.640 0.643 0.644 0.642 0.636 0.542 0.423 0.386 0.369 0.374 0.377 0.374 0.379 0.372 0.370
SER01U0110_003 0.640 0.643 0.644 0.642 0.636 0.542 0.423 0.386 0.369 0.374 0.377 0.374 0.379 0.372 0.370
PRO01U0111_001 0.000 0.000 0.000 0.000 0.000 0.000 0.000 0.000 0.000 0.000 0.000 0.000 0.000 0.000 0.000
LEU01U0112_001 0.000 0.000 0.000 0.000 0.000 0.000 0.000 0.000 0.000 0.000 0.000 0.000 0.000 0.000 0.000
LEU01U0113_001 0.000 0.000 0.000 0.000 0.000 0.000 0.000 0.000 0.000 0.000 0.000 0.000 0.000 0.000 0.000
ALA01U0115_001 0.000 0.000 0.000 0.000 0.000 0.000 0.000 0.000 0.000 0.000 0.000 0.000 0.000 0.000 0.000
PHE01U0116_001 0.000 0.000 0.000 0.000 0.000 0.000 0.000 0.000 0.000 0.000 0.000 0.000 0.000 0.000 0.000
LEU01U0117_001 0.000 0.000 0.000 0.000 0.000 0.000 0.000 0.000 0.000 0.000 0.000 0.000 0.000 0.000 0.000
GLN01U0118_001 0.338 0.333 0.333 0.339 0.336 0.343 0.345 0.348 0.350 0.353 0.354 0.354 0.351 0.354 0.355
GLN01U0118_002 0.338 0.333 0.333 0.339 0.336 0.343 0.345 0.348 0.350 0.353 0.354 0.354 0.351 0.354 0.355
ALA01U0119_001 0.000 0.000 0.000 0.000 0.000 0.000 0.000 0.000 0.000 0.000 0.000 0.000 0.000 0.000 0.000
PHE01U0120_001 0.000 0.000 0.000 0.000 0.000 0.000 0.000 0.000 0.000 0.000 0.000 0.000 0.000 0.000 0.000
GLU01U0121_001 0.299 0.303 0.301 0.302 0.298 0.293 0.278 0.287 0.315 0.000 0.000 0.000 0.000 0.000 0.000
GLU01U0121_002 0.299 0.303 0.301 0.302 0.298 0.293 0.278 0.287 0.315 0.000 0.000 0.000 0.000 0.000 0.000
GLU02U0121_003 0.299 0.303 0.301 0.302 0.298 0.293 0.278 0.287 0.315 0.000 0.000 0.000 0.000 0.000 0.000
GLU02U0121_004 0.299 0.303 0.301 0.302 0.298 0.293 0.278 0.287 0.315 0.000 0.000 0.000 0.000 0.000 0.000
GLU-1U0121_005 0.000 0.000 0.000 0.000 0.000 0.000 0.000 0.000 0.000 0.000 0.000 0.000 0.000 0.000 0.000
ASN01U0122_001 0.025 0.030 0.031 0.034 0.030 0.030 0.035 0.027 0.033 0.034 0.030 0.031 0.033 0.035 0.033
ASN01U0122_002 0.025 0.030 0.031 0.034 0.030 0.030 0.035 0.027 0.033 0.034 0.030 0.031 0.033 0.035 0.033
PRO01U0123_001 0.000 0.000 0.000 0.000 0.000 0.000 0.000 0.000 0.000 0.000 0.000 0.000 0.000 0.000 0.000
SER01U0124_001 0.000 0.000 0.000 0.000 0.000 0.000 0.000 0.000 0.000 0.000 0.000 0.000 0.000 0.000 0.000
VAL01U0125_001 0.000 0.000 0.000 0.000 0.000 0.000 0.000 0.000 0.000 0.000 0.000 0.000 0.000 0.000 0.000
ASP01U0126_001 0.373 0.372 0.370 0.364 0.354 0.000 0.395 0.000 0.000 0.000 0.000 0.000 0.000 0.000 0.000
ASP01U0126_002 0.373 0.372 0.370 0.364 0.354 0.000 0.395 0.000 0.000 0.000 0.000 0.000 0.000 0.000 0.000
ASP02U0126_003 0.373 0.372 0.370 0.364 0.354 0.000 0.395 0.000 0.000 0.000 0.000 0.000 0.000 0.000 0.000
ASP02U0126_004 0.373 0.372 0.370 0.364 0.354 0.000 0.395 0.000 0.000 0.000 0.000 0.000 0.000 0.000 0.000
ASP-1U0126_005 0.000 0.000 0.000 0.000 0.000 0.000 0.000 0.000 0.000 0.000 0.000 0.000 0.000 0.000 0.000
ILE01U0127_001 0.000 0.000 0.000 0.000 0.000 0.000 0.000 0.000 0.000 0.000 0.000 0.000 0.000 0.000 0.000
GLU01U0128_001 0.521 0.520 0.522 0.532 0.526 0.515 0.470 0.406 0.000 0.000 0.000 0.000 0.000 0.000 0.000
GLU01U0128_002 0.521 0.520 0.522 0.532 0.526 0.515 0.470 0.406 0.000 0.000 0.000 0.000 0.000 0.000 0.000
GLU02U0128_003 0.521 0.520 0.522 0.532 0.526 0.515 0.470 0.406 0.000 0.000 0.000 0.000 0.000 0.000 0.000
GLU02U0128_004 0.521 0.520 0.522 0.532 0.526 0.515 0.470 0.406 0.000 0.000 0.000 0.000 0.000 0.000 0.000
GLU-1U0128_005 0.000 0.000 0.000 0.000 0.000 0.000 0.000 0.000 0.000 0.000 0.000 0.000 0.000 0.000 0.000
SER01U0129_001 0.399 0.400 0.400 0.392 0.334 0.260 0.241 0.242 0.238 0.242 0.238 0.241 0.237 0.238 0.239
SER01U0129_002 0.399 0.400 0.400 0.392 0.334 0.260 0.241 0.242 0.238 0.242 0.238 0.241 0.237 0.238 0.239
SER01U0129_003 0.399 0.400 0.400 0.392 0.334 0.260 0.241 0.242 0.238 0.242 0.238 0.241 0.237 0.238 0.239
GLU01U0130_001 0.284 0.265 0.281 0.263 0.275 0.270 0.164 0.000 0.000 0.000 0.000 0.000 0.000 0.000 0.000
GLU01U0130_002 0.284 0.265 0.281 0.263 0.275 0.270 0.164 0.000 0.000 0.000 0.000 0.000 0.000 0.000 0.000
GLU02U0130_003 0.284 0.265 0.281 0.263 0.275 0.270 0.164 0.000 0.000 0.000 0.000 0.000 0.000 0.000 0.000
GLU02U0130_004 0.284 0.265 0.281 0.263 0.275 0.270 0.164 0.000 0.000 0.000 0.000 0.000 0.000 0.000 0.000
GLU-1U0130_005 0.000 0.000 0.000 0.000 0.000 0.000 0.000 0.000 0.000 0.000 0.000 0.000 0.000 0.000 0.000
ARG01U0131_001 0.000 0.000 0.000 0.000 0.000 0.000 0.000 0.000 0.000 0.000 0.000 0.456 0.468 0.468 0.472
ARG02U0131_002 0.000 0.000 0.000 0.000 0.000 0.000 0.000 0.000 0.000 0.000 0.000 0.456 0.468 0.468 0.472
ARG03U0131_003 0.000 0.000 0.000 0.000 0.000 0.000 0.000 0.000 0.000 0.000 0.000 0.456 0.468 0.468 0.472
ARG+1U0131_004 0.000 0.000 0.000 0.000 0.000 0.000 0.000 0.000 0.000 0.000 0.000 0.000 0.000 0.000 0.000
ASP01U0132_001 0.461 0.462 0.472 0.460 0.471 0.397 0.396 0.000 0.000 0.000 0.000 0.000 0.000 0.000 0.000
ASP01U0132_002 0.461 0.462 0.472 0.460 0.471 0.397 0.396 0.000 0.000 0.000 0.000 0.000 0.000 0.000 0.000
ASP02U0132_003 0.461 0.462 0.472 0.460 0.471 0.397 0.396 0.000 0.000 0.000 0.000 0.000 0.000 0.000 0.000
ASP02U0132_004 0.461 0.462 0.472 0.460 0.471 0.397 0.396 0.000 0.000 0.000 0.000 0.000 0.000 0.000 0.000
ASP-1U0132_005 0.000 0.000 0.000 0.000 0.000 0.000 0.000 0.000 0.000 0.000 0.000 0.000 0.000 0.000 0.000
GLU01U0133_001 0.803 0.803 0.000 0.000 0.000 0.000 0.000 0.000 0.000 0.000 0.000 0.000 0.000 0.000 0.000
GLU01U0133_002 0.803 0.803 0.000 0.000 0.000 0.000 0.000 0.000 0.000 0.000 0.000 0.000 0.000 0.000 0.000
GLU02U0133_003 0.803 0.803 0.000 0.000 0.000 0.000 0.000 0.000 0.000 0.000 0.000 0.000 0.000 0.000 0.000
GLU02U0133_004 0.803 0.803 0.000 0.000 0.000 0.000 0.000 0.000 0.000 0.000 0.000 0.000 0.000 0.000 0.000
GLU-1U0133_005 0.000 0.000 0.000 0.000 0.000 0.000 0.000 0.000 0.000 0.000 0.000 0.000 0.000 0.000 0.000
LEU01U0134_001 0.000 0.000 0.000 0.000 0.000 0.000 0.000 0.000 0.000 0.000 0.000 0.000 0.000 0.000 0.000
GLN01U0135_001 0.385 0.384 0.383 0.382 0.380 0.380 0.379 0.379 0.381 0.380 0.383 0.386 0.391 0.405 0.409
GLN01U0135_002 0.385 0.384 0.383 0.382 0.380 0.380 0.379 0.379 0.381 0.380 0.383 0.386 0.391 0.405 0.409
ARG01U0136_001 0.000 0.000 0.000 0.000 0.000 0.000 0.000 0.000 0.000 0.000 0.000 0.000 0.000 0.000 0.000
ARG02U0136_002 0.000 0.000 0.000 0.000 0.000 0.000 0.000 0.000 0.000 0.000 0.000 0.000 0.000 0.000 0.000
ARG03U0136_003 0.000 0.000 0.000 0.000 0.000 0.000 0.000 0.000 0.000 0.000 0.000 0.000 0.000 0.000 0.000
ARG03U0136_004 0.000 0.000 0.000 0.000 0.000 0.000 0.000 0.000 0.000 0.000 0.000 0.000 0.000 0.000 0.000
ARG+1U0136_005 0.000 0.000 0.000 0.000 0.000 0.000 0.000 0.000 0.000 0.000 0.000 0.000 0.000 0.000 0.000
ILE01U0137_001 0.000 0.000 0.000 0.000 0.000 0.000 0.000 0.000 0.000 0.000 0.000 0.000 0.000 0.000 0.000
THR01U0138_001 0.480 0.484 0.481 0.484 0.483 0.485 0.485 0.482 0.489 0.517 0.556 0.569 0.572 0.569 0.575
THR01U0138_002 0.480 0.484 0.481 0.484 0.483 0.485 0.485 0.482 0.489 0.517 0.556 0.569 0.572 0.569 0.575
THR01U0138_003 0.480 0.484 0.481 0.484 0.483 0.485 0.485 0.482 0.489 0.517 0.556 0.569 0.572 0.569 0.575
ARG01U0139_001 0.000 0.000 0.000 0.000 0.000 0.000 0.000 0.000 0.000 0.000 0.000 0.000 0.000 0.000 0.000
ARG02U0139_002 0.000 0.000 0.000 0.000 0.000 0.000 0.000 0.000 0.000 0.000 0.000 0.000 0.000 0.000 0.000
ARG03U0139_003 0.000 0.000 0.000 0.000 0.000 0.000 0.000 0.000 0.000 0.000 0.000 0.000 0.000 0.000 0.000
ARG03U0139_004 0.000 0.000 0.000 0.000 0.000 0.000 0.000 0.000 0.000 0.000 0.000 0.000 0.000 0.000 0.000
ARG+1U0139_005 0.000 0.000 0.000 0.000 0.000 0.000 0.000 0.000 0.000 0.000 0.000 0.000 0.000 0.000 0.000
VAL01U0140_001 0.000 0.000 0.000 0.000 0.000 0.000 0.000 0.000 0.000 0.000 0.000 0.000 0.000 0.000 0.000
LYS01U0141_001 0.000 0.000 0.000 0.000 0.000 0.000 0.000 0.000 0.000 0.000 0.000 0.000 0.000 0.000 0.000
LYS+1U0141_002 0.000 0.000 0.000 0.000 0.000 0.000 0.000 0.000 0.000 0.000 0.000 0.000 0.000 0.000 0.000
ASN01U0143_001 0.301 0.329 0.360 0.363 0.361 0.355 0.353 0.356 0.355 0.348 0.339 0.332 0.327 0.322 0.322
ASN01U0143_002 0.301 0.329 0.360 0.363 0.361 0.355 0.353 0.356 0.355 0.348 0.339 0.332 0.327 0.322 0.322
LEU01U0144_001 0.000 0.000 0.000 0.000 0.000 0.000 0.000 0.000 0.000 0.000 0.000 0.000 0.000 0.000 0.000
ARG01U0145_001 0.000 0.000 0.000 0.000 0.000 0.000 0.000 0.000 0.000 0.000 0.000 0.000 0.000 0.000 0.494
ARG02U0145_002 0.000 0.000 0.000 0.000 0.000 0.000 0.000 0.000 0.000 0.000 0.000 0.000 0.000 0.000 0.494
ARG02U0145_003 0.000 0.000 0.000 0.000 0.000 0.000 0.000 0.000 0.000 0.000 0.000 0.000 0.000 0.000 0.494
ARG03U0145_004 0.000 0.000 0.000 0.000 0.000 0.000 0.000 0.000 0.000 0.000 0.000 0.000 0.000 0.000 0.494
ARG03U0145_005 0.000 0.000 0.000 0.000 0.000 0.000 0.000 0.000 0.000 0.000 0.000 0.000 0.000 0.000 0.494
ARG+1U0145_006 0.000 0.000 0.000 0.000 0.000 0.000 0.000 0.000 0.000 0.000 0.000 0.000 0.000 0.000 0.000
VAL01U0146_001 0.000 0.000 0.000 0.000 0.000 0.000 0.000 0.000 0.000 0.000 0.000 0.000 0.000 0.000 0.000
PHE01U0147_001 0.000 0.000 0.000 0.000 0.000 0.000 0.000 0.000 0.000 0.000 0.000 0.000 0.000 0.000 0.000
THR01U0148_001 0.364 0.349 0.340 0.339 0.350 0.346 0.346 0.346 0.345 0.344 0.349 0.350 0.367 0.372 0.406
THR01U0148_002 0.364 0.349 0.340 0.339 0.350 0.346 0.346 0.346 0.345 0.344 0.349 0.350 0.367 0.372 0.406
THR01U0148_003 0.364 0.349 0.340 0.339 0.350 0.346 0.346 0.346 0.345 0.344 0.349 0.350 0.367 0.372 0.406
GLU01U0149_001 0.419 0.420 0.409 0.000 0.000 0.000 0.000 0.000 0.000 0.000 0.000 0.000 0.000 0.000 0.000
GLU01U0149_002 0.419 0.420 0.409 0.000 0.000 0.000 0.000 0.000 0.000 0.000 0.000 0.000 0.000 0.000 0.000
GLU02U0149_003 0.419 0.420 0.409 0.000 0.000 0.000 0.000 0.000 0.000 0.000 0.000 0.000 0.000 0.000 0.000
GLU02U0149_004 0.419 0.420 0.409 0.000 0.000 0.000 0.000 0.000 0.000 0.000 0.000 0.000 0.000 0.000 0.000
GLU-1U0149_005 0.000 0.000 0.000 0.000 0.000 0.000 0.000 0.000 0.000 0.000 0.000 0.000 0.000 0.000 0.000
LEU01U0150_001 0.000 0.000 0.000 0.000 0.000 0.000 0.000 0.000 0.000 0.000 0.000 0.000 0.000 0.000 0.000
TYR01U0151_001 0.349 0.349 0.355 0.367 0.371 0.365 0.363 0.361 0.360 0.361 0.369 0.364 0.359 0.346 0.341
TYR01U0151_002 0.349 0.349 0.355 0.367 0.371 0.365 0.363 0.361 0.360 0.361 0.369 0.364 0.359 0.346 0.341
TYR-1U0151_003 0.000 0.000 0.000 0.000 0.000 0.000 0.000 0.000 0.000 0.000 0.000 0.000 0.000 0.000 0.000
LEU01U0152_001 0.000 0.000 0.000 0.000 0.000 0.000 0.000 0.000 0.000 0.000 0.000 0.000 0.000 0.000 0.000
VAL01U0153_001 0.000 0.000 0.000 0.000 0.000 0.000 0.000 0.000 0.000 0.000 0.000 0.000 0.000 0.000 0.000
VAL01U0155_001 0.000 0.000 0.000 0.000 0.000 0.000 0.000 0.000 0.000 0.000 0.000 0.000 0.000 0.000 0.000
PHE01U0156_001 0.000 0.000 0.000 0.000 0.000 0.000 0.000 0.000 0.000 0.000 0.000 0.000 0.000 0.000 0.000
ARG01U0157_001 0.000 0.000 0.000 0.000 0.000 0.000 0.000 0.000 0.000 0.000 0.000 0.000 0.000 0.000 0.000
ARG02U0157_002 0.000 0.000 0.000 0.000 0.000 0.000 0.000 0.000 0.000 0.000 0.000 0.000 0.000 0.000 0.000
ARG03U0157_003 0.000 0.000 0.000 0.000 0.000 0.000 0.000 0.000 0.000 0.000 0.000 0.000 0.000 0.000 0.000
ARG03U0157_004 0.000 0.000 0.000 0.000 0.000 0.000 0.000 0.000 0.000 0.000 0.000 0.000 0.000 0.000 0.000
ARG+1U0157_005 0.000 0.000 0.000 0.000 0.000 0.000 0.000 0.000 0.000 0.000 0.000 0.000 0.000 0.000 0.000
THR01U0158_001 0.273 0.266 0.266 0.258 0.269 0.263 0.268 0.271 0.272 0.291 0.307 0.306 0.297 0.302 0.313
THR01U0158_002 0.273 0.266 0.266 0.258 0.269 0.263 0.268 0.271 0.272 0.291 0.307 0.306 0.297 0.302 0.313
THR01U0158_003 0.273 0.266 0.266 0.258 0.269 0.263 0.268 0.271 0.272 0.291 0.307 0.306 0.297 0.302 0.313
LEU01U0159_001 0.000 0.000 0.000 0.000 0.000 0.000 0.000 0.000 0.000 0.000 0.000 0.000 0.000 0.000 0.000
ASP01U0160_001 0.224 0.235 0.236 0.231 0.240 0.000 0.000 0.000 0.000 0.000 0.000 0.000 0.000 0.000 0.000
ASP01U0160_002 0.224 0.235 0.236 0.231 0.240 0.000 0.000 0.000 0.000 0.000 0.000 0.000 0.000 0.000 0.000
ASP02U0160_003 0.224 0.235 0.236 0.231 0.240 0.000 0.000 0.000 0.000 0.000 0.000 0.000 0.000 0.000 0.000
ASP02U0160_004 0.224 0.235 0.236 0.231 0.240 0.000 0.000 0.000 0.000 0.000 0.000 0.000 0.000 0.000 0.000
ASP-1U0160_005 0.000 0.000 0.000 0.000 0.000 0.000 0.000 0.000 0.000 0.000 0.000 0.000 0.000 0.000 0.000
ASP01U0161_001 0.394 0.386 0.386 0.380 0.000 0.000 0.000 0.000 0.000 0.000 0.000 0.000 0.000 0.000 0.000
ASP01U0161_002 0.394 0.386 0.386 0.380 0.000 0.000 0.000 0.000 0.000 0.000 0.000 0.000 0.000 0.000 0.000
ASP02U0161_003 0.394 0.386 0.386 0.380 0.000 0.000 0.000 0.000 0.000 0.000 0.000 0.000 0.000 0.000 0.000
ASP02U0161_004 0.394 0.386 0.386 0.380 0.000 0.000 0.000 0.000 0.000 0.000 0.000 0.000 0.000 0.000 0.000
ASP-1U0161_005 0.000 0.000 0.000 0.000 0.000 0.000 0.000 0.000 0.000 0.000 0.000 0.000 0.000 0.000 0.000
ILE01U0162_001 0.000 0.000 0.000 0.000 0.000 0.000 0.000 0.000 0.000 0.000 0.000 0.000 0.000 0.000 0.000
GLU01U0163_001 0.475 0.479 0.463 0.471 0.472 0.481 0.491 0.443 0.397 0.000 0.000 0.000 0.000 0.000 0.000
GLU01U0163_002 0.475 0.479 0.463 0.471 0.472 0.481 0.491 0.443 0.397 0.000 0.000 0.000 0.000 0.000 0.000
GLU02U0163_003 0.475 0.479 0.463 0.471 0.472 0.481 0.491 0.443 0.397 0.000 0.000 0.000 0.000 0.000 0.000
GLU02U0163_004 0.475 0.479 0.463 0.471 0.472 0.481 0.491 0.443 0.397 0.000 0.000 0.000 0.000 0.000 0.000
GLU-1U0163_005 0.000 0.000 0.000 0.000 0.000 0.000 0.000 0.000 0.000 0.000 0.000 0.000 0.000 0.000 0.000
SER01U0164_001 0.000 0.000 0.000 0.000 0.000 0.000 0.000 0.000 0.000 0.000 0.000 0.000 0.000 0.000 0.000
LYS01U0165_001 0.000 0.000 0.000 0.000 0.000 0.000 0.000 0.000 0.000 0.000 0.000 0.000 0.000 0.000 0.000
LYS+1U0165_002 0.000 0.000 0.000 0.000 0.000 0.000 0.000 0.000 0.000 0.000 0.000 0.000 0.000 0.000 0.000
ASP01U0166_001 0.291 0.291 0.309 0.319 0.320 0.318 0.336 0.293 0.000 0.000 0.000 0.000 0.000 0.000 0.000
ASP01U0166_002 0.291 0.291 0.309 0.319 0.320 0.318 0.336 0.293 0.000 0.000 0.000 0.000 0.000 0.000 0.000
ASP02U0166_003 0.291 0.291 0.309 0.319 0.320 0.318 0.336 0.293 0.000 0.000 0.000 0.000 0.000 0.000 0.000
ASP02U0166_004 0.291 0.291 0.309 0.319 0.320 0.318 0.336 0.293 0.000 0.000 0.000 0.000 0.000 0.000 0.000
ASP-1U0166_005 0.000 0.000 0.000 0.000 0.000 0.000 0.000 0.000 0.000 0.000 0.000 0.000 0.000 0.000 0.000
ALA01U0167_001 0.000 0.000 0.000 0.000 0.000 0.000 0.000 0.000 0.000 0.000 0.000 0.000 0.000 0.000 0.000
ILE01U0168_001 0.000 0.000 0.000 0.000 0.000 0.000 0.000 0.000 0.000 0.000 0.000 0.000 0.000 0.000 0.000
PRO01U0169_001 0.000 0.000 0.000 0.000 0.000 0.000 0.000 0.000 0.000 0.000 0.000 0.000 0.000 0.000 0.000
ASN01U0170_001 0.154 0.155 0.159 0.158 0.161 0.163 0.172 0.175 0.176 0.171 0.166 0.186 0.179 0.179 0.177
ASN01U0170_002 0.154 0.155 0.159 0.158 0.161 0.163 0.172 0.175 0.176 0.171 0.166 0.186 0.179 0.179 0.177
ASN01U0170_003 0.154 0.155 0.159 0.158 0.161 0.163 0.172 0.175 0.176 0.171 0.166 0.186 0.179 0.179 0.177
ASN01U0170_004 0.154 0.155 0.159 0.158 0.161 0.163 0.172 0.175 0.176 0.171 0.166 0.186 0.179 0.179 0.177
PHE01U0171_001 0.000 0.000 0.000 0.000 0.000 0.000 0.000 0.000 0.000 0.000 0.000 0.000 0.000 0.000 0.000
LEU01U0172_001 0.000 0.000 0.000 0.000 0.000 0.000 0.000 0.000 0.000 0.000 0.000 0.000 0.000 0.000 0.000
GLN01U0173_001 0.050 0.047 0.051 0.050 0.048 0.043 0.042 0.041 0.041 0.046 0.055 0.072 0.079 0.078 0.078
GLN01U0173_002 0.050 0.047 0.051 0.050 0.048 0.043 0.042 0.041 0.041 0.046 0.055 0.072 0.079 0.078 0.078
LYS01U0174_001 0.000 0.000 0.000 0.000 0.000 0.000 0.000 0.000 0.000 0.000 0.000 0.000 0.000 0.000 0.000
LYS+1U0174_002 0.000 0.000 0.000 0.000 0.000 0.000 0.000 0.000 0.000 0.000 0.000 0.000 0.000 0.000 0.000
LYS01U0175_001 0.000 0.000 0.000 0.000 0.000 0.000 0.000 0.000 0.000 0.000 0.000 0.000 0.000 0.000 0.000
LYS+1U0175_002 0.000 0.000 0.000 0.000 0.000 0.000 0.000 0.000 0.000 0.000 0.000 0.000 0.000 0.000 0.000
THR01U0176_001 0.383 0.382 0.382 0.384 0.383 0.383 0.384 0.384 0.382 0.380 0.379 0.377 0.378 0.381 0.380
THR01U0176_002 0.383 0.382 0.382 0.384 0.383 0.383 0.384 0.384 0.382 0.380 0.379 0.377 0.378 0.381 0.380
ARG01U0178_001 0.000 0.000 0.000 0.000 0.000 0.000 0.000 0.000 0.000 0.000 0.000 0.513 0.509 0.497 0.497
ARG02U0178_002 0.000 0.000 0.000 0.000 0.000 0.000 0.000 0.000 0.000 0.000 0.000 0.513 0.509 0.497 0.497
ARG03U0178_003 0.000 0.000 0.000 0.000 0.000 0.000 0.000 0.000 0.000 0.000 0.000 0.513 0.509 0.497 0.497
ARG+1U0178_004 0.000 0.000 0.000 0.000 0.000 0.000 0.000 0.000 0.000 0.000 0.000 0.000 0.000 0.000 0.000
LYS01U0179_001 0.000 0.000 0.000 0.000 0.000 0.000 0.000 0.000 0.000 0.000 0.000 0.000 0.000 0.000 0.000
LYS+1U0179_002 0.000 0.000 0.000 0.000 0.000 0.000 0.000 0.000 0.000 0.000 0.000 0.000 0.000 0.000 0.000
ASP01U0180_001 0.342 0.341 0.363 0.343 0.331 0.349 0.369 0.000 0.000 0.000 0.000 0.000 0.000 0.000 0.000
ASP01U0180_002 0.342 0.341 0.363 0.343 0.331 0.349 0.369 0.000 0.000 0.000 0.000 0.000 0.000 0.000 0.000
ASP02U0180_003 0.342 0.341 0.363 0.343 0.331 0.349 0.369 0.000 0.000 0.000 0.000 0.000 0.000 0.000 0.000
ASP02U0180_004 0.342 0.341 0.363 0.343 0.331 0.349 0.369 0.000 0.000 0.000 0.000 0.000 0.000 0.000 0.000
ASP-1U0180_005 0.000 0.000 0.000 0.000 0.000 0.000 0.000 0.000 0.000 0.000 0.000 0.000 0.000 0.000 0.000
PRO01U0181_001 0.000 0.000 0.000 0.000 0.000 0.000 0.000 0.000 0.000 0.000 0.000 0.000 0.000 0.000 0.000
LEU01U0182_001 0.000 0.000 0.000 0.000 0.000 0.000 0.000 0.000 0.000 0.000 0.000 0.000 0.000 0.000 0.000
LEU01U0183_001 0.000 0.000 0.000 0.000 0.000 0.000 0.000 0.000 0.000 0.000 0.000 0.000 0.000 0.000 0.000
PHE01U0184_001 0.000 0.000 0.000 0.000 0.000 0.000 0.000 0.000 0.000 0.000 0.000 0.000 0.000 0.000 0.000
SER01U0185_001 0.179 0.184 0.193 0.212 0.234 0.238 0.238 0.235 0.230 0.223 0.224 0.240 0.239 0.240 0.247
SER01U0185_002 0.179 0.184 0.193 0.212 0.234 0.238 0.238 0.235 0.230 0.223 0.224 0.240 0.239 0.240 0.247
ILE01U0186_001 0.000 0.000 0.000 0.000 0.000 0.000 0.000 0.000 0.000 0.000 0.000 0.000 0.000 0.000 0.000
LEU01U0187_001 0.000 0.000 0.000 0.000 0.000 0.000 0.000 0.000 0.000 0.000 0.000 0.000 0.000 0.000 0.000
ARG01U0188_001 0.000 0.000 0.000 0.000 0.000 0.000 0.000 0.000 0.000 0.000 0.000 0.495 0.525 0.530 0.532
ARG02U0188_002 0.000 0.000 0.000 0.000 0.000 0.000 0.000 0.000 0.000 0.000 0.000 0.495 0.525 0.530 0.532
ARG03U0188_003 0.000 0.000 0.000 0.000 0.000 0.000 0.000 0.000 0.000 0.000 0.000 0.495 0.525 0.530 0.532
ARG+1U0188_004 0.000 0.000 0.000 0.000 0.000 0.000 0.000 0.000 0.000 0.000 0.000 0.000 0.000 0.000 0.000
GLU01U0189_001 0.399 0.382 0.397 0.383 0.402 0.419 0.419 0.411 0.409 0.000 0.000 0.000 0.000 0.000 0.000
GLU01U0189_002 0.399 0.382 0.397 0.383 0.402 0.419 0.419 0.411 0.409 0.000 0.000 0.000 0.000 0.000 0.000
GLU02U0189_003 0.399 0.382 0.397 0.383 0.402 0.419 0.419 0.411 0.409 0.000 0.000 0.000 0.000 0.000 0.000
GLU02U0189_004 0.399 0.382 0.397 0.383 0.402 0.419 0.419 0.411 0.409 0.000 0.000 0.000 0.000 0.000 0.000
GLU-1U0189_005 0.000 0.000 0.000 0.000 0.000 0.000 0.000 0.000 0.000 0.000 0.000 0.000 0.000 0.000 0.000
ILE01U0190_001 0.000 0.000 0.000 0.000 0.000 0.000 0.000 0.000 0.000 0.000 0.000 0.000 0.000 0.000 0.000
LEU01U0191_001 0.000 0.000 0.000 0.000 0.000 0.000 0.000 0.000 0.000 0.000 0.000 0.000 0.000 0.000 0.000
ASN01U0192_001 0.188 0.192 0.193 0.190 0.177 0.174 0.182 0.163 0.177 0.157 0.165 0.170 0.170 0.166 0.182
ASN01U0192_002 0.188 0.192 0.193 0.190 0.177 0.174 0.182 0.163 0.177 0.157 0.165 0.170 0.170 0.166 0.182
ASN01U0192_003 0.188 0.192 0.193 0.190 0.177 0.174 0.182 0.163 0.177 0.157 0.165 0.170 0.170 0.166 0.182
ASN01U0192_004 0.188 0.192 0.193 0.190 0.177 0.174 0.182 0.163 0.177 0.157 0.165 0.170 0.170 0.166 0.182
TYR01U0193_001 0.038 0.039 0.043 0.039 0.039 0.044 0.048 0.044 0.043 0.040 0.044 0.048 0.048 0.054 0.051
TYR01U0193_002 0.038 0.039 0.043 0.039 0.039 0.044 0.048 0.044 0.043 0.040 0.044 0.048 0.048 0.054 0.051
TYR-1U0193_003 0.000 0.000 0.000 0.000 0.000 0.000 0.000 0.000 0.000 0.000 0.000 0.000 0.000 0.000 0.000
LYS01U0194_001 0.000 0.000 0.000 0.000 0.000 0.000 0.000 0.000 0.000 0.000 0.000 0.000 0.000 0.000 0.000
LYS+1U0194_002 0.000 0.000 0.000 0.000 0.000 0.000 0.000 0.000 0.000 0.000 0.000 0.000 0.000 0.000 0.000
PHE01U0195_001 0.000 0.000 0.000 0.000 0.000 0.000 0.000 0.000 0.000 0.000 0.000 0.000 0.000 0.000 0.000
LYS01U0196_001 0.000 0.000 0.000 0.000 0.000 0.000 0.000 0.000 0.000 0.000 0.000 0.000 0.000 0.000 0.000
LYS+1U0196_002 0.000 0.000 0.000 0.000 0.000 0.000 0.000 0.000 0.000 0.000 0.000 0.000 0.000 0.000 0.000
LEU01U0197_001 0.000 0.000 0.000 0.000 0.000 0.000 0.000 0.000 0.000 0.000 0.000 0.000 0.000 0.000 0.000
PHE01U0199_001 0.000 0.000 0.000 0.000 0.000 0.000 0.000 0.000 0.000 0.000 0.000 0.000 0.000 0.000 0.000
THR01U0200_001 0.000 0.001 0.000 0.000 0.000 0.000 0.000 0.000 0.000 0.001 0.000 0.000 0.000 0.000 0.000
THR01U0200_002 0.000 0.001 0.000 0.000 0.000 0.000 0.000 0.000 0.000 0.001 0.000 0.000 0.000 0.000 0.000
THR01U0201_001 0.479 0.478 0.482 0.480 0.476 0.478 0.469 0.472 0.471 0.477 0.487 0.479 0.480 0.472 0.459
THR01U0201_002 0.479 0.478 0.482 0.480 0.476 0.478 0.469 0.472 0.471 0.477 0.487 0.479 0.480 0.472 0.459
THR01U0201_003 0.479 0.478 0.482 0.480 0.476 0.478 0.469 0.472 0.471 0.477 0.487 0.479 0.480 0.472 0.459
THR01U0202_001 0.333 0.345 0.347 0.349 0.351 0.350 0.355 0.357 0.356 0.350 0.338 0.343 0.343 0.348 0.356
THR01U0202_002 0.333 0.345 0.347 0.349 0.351 0.350 0.355 0.357 0.356 0.350 0.338 0.343 0.343 0.348 0.356
ILE01U0203_001 0.000 0.000 0.000 0.000 0.000 0.000 0.000 0.000 0.000 0.000 0.000 0.000 0.000 0.000 0.000
ALA01U0204_001 0.000 0.000 0.000 0.000 0.000 0.000 0.000 0.000 0.000 0.000 0.000 0.000 0.000 0.000 0.000
THR01U0205_001 0.329 0.329 0.331 0.331 0.335 0.336 0.335 0.338 0.341 0.339 0.324 0.309 0.307 0.310 0.319
THR01U0205_002 0.329 0.329 0.331 0.331 0.335 0.336 0.335 0.338 0.341 0.339 0.324 0.309 0.307 0.310 0.319
ALA01U0206_001 0.000 0.000 0.000 0.000 0.000 0.000 0.000 0.000 0.000 0.000 0.000 0.000 0.000 0.000 0.000
PHE01U0207_001 0.000 0.000 0.000 0.000 0.000 0.000 0.000 0.000 0.000 0.000 0.000 0.000 0.000 0.000 0.000
ILE01U0208_001 0.000 0.000 0.000 0.000 0.000 0.000 0.000 0.000 0.000 0.000 0.000 0.000 0.000 0.000 0.000
LYS01U0209_001 0.000 0.000 0.000 0.000 0.000 0.000 0.000 0.000 0.000 0.000 0.000 0.000 0.000 0.000 0.000
LYS+1U0209_002 0.000 0.000 0.000 0.000 0.000 0.000 0.000 0.000 0.000 0.000 0.000 0.000 0.000 0.000 0.000
LYS01U0210_001 0.000 0.000 0.000 0.000 0.000 0.000 0.000 0.000 0.000 0.000 0.000 0.000 0.000 0.000 0.000
LYS+1U0210_002 0.000 0.000 0.000 0.000 0.000 0.000 0.000 0.000 0.000 0.000 0.000 0.000 0.000 0.000 0.000
PHE01U0211_001 0.000 0.000 0.000 0.000 0.000 0.000 0.000 0.000 0.000 0.000 0.000 0.000 0.000 0.000 0.000
ALA01U0212_001 0.000 0.000 0.000 0.000 0.000 0.000 0.000 0.000 0.000 0.000 0.000 0.000 0.000 0.000 0.000
PRO01U0213_001 0.000 0.000 0.000 0.000 0.000 0.000 0.000 0.000 0.000 0.000 0.000 0.000 0.000 0.000 0.000
LEU01U0214_001 0.000 0.000 0.000 0.000 0.000 0.000 0.000 0.000 0.000 0.000 0.000 0.000 0.000 0.000 0.000
PHE01U0215_001 0.000 0.000 0.000 0.000 0.000 0.000 0.000 0.000 0.000 0.000 0.000 0.000 0.000 0.000 0.000
ARG01U0216_001 0.000 0.000 0.000 0.000 0.000 0.000 0.000 0.000 0.000 0.000 0.000 0.582 0.693 0.738 0.721
ARG01U0216_002 0.000 0.000 0.000 0.000 0.000 0.000 0.000 0.000 0.000 0.000 0.000 0.582 0.693 0.738 0.721
ARG02U0216_003 0.000 0.000 0.000 0.000 0.000 0.000 0.000 0.000 0.000 0.000 0.000 0.582 0.693 0.738 0.721
ARG02U0216_004 0.000 0.000 0.000 0.000 0.000 0.000 0.000 0.000 0.000 0.000 0.000 0.582 0.693 0.738 0.721
ARG03U0216_005 0.000 0.000 0.000 0.000 0.000 0.000 0.000 0.000 0.000 0.000 0.000 0.582 0.693 0.738 0.721
ARG03U0216_006 0.000 0.000 0.000 0.000 0.000 0.000 0.000 0.000 0.000 0.000 0.000 0.582 0.693 0.738 0.721
ARG+1U0216_007 0.218 0.219 0.217 0.210 0.209 0.191 0.196 0.192 0.197 0.197 0.226 0.253 0.255 0.257 0.253
ARG+1U0216_008 0.218 0.219 0.217 0.210 0.209 0.191 0.196 0.192 0.197 0.197 0.226 0.253 0.255 0.257 0.253
ASP01U0217_001 0.439 0.432 0.437 0.437 0.433 0.421 0.394 0.000 0.000 0.000 0.000 0.000 0.000 0.000 0.000
ASP01U0217_002 0.439 0.432 0.437 0.437 0.433 0.421 0.394 0.000 0.000 0.000 0.000 0.000 0.000 0.000 0.000
ASP02U0217_003 0.439 0.432 0.437 0.437 0.433 0.421 0.394 0.000 0.000 0.000 0.000 0.000 0.000 0.000 0.000
ASP02U0217_004 0.439 0.432 0.437 0.437 0.433 0.421 0.394 0.000 0.000 0.000 0.000 0.000 0.000 0.000 0.000
ASP-1U0217_005 0.000 0.000 0.000 0.000 0.000 0.000 0.000 0.000 0.000 0.000 0.000 0.000 0.000 0.000 0.000
ASP01U0218_001 0.537 0.540 0.536 0.537 0.551 0.580 0.410 0.000 0.000 0.000 0.000 0.000 0.000 0.000 0.000
ASP01U0218_002 0.537 0.540 0.536 0.537 0.551 0.580 0.410 0.000 0.000 0.000 0.000 0.000 0.000 0.000 0.000
ASP02U0218_003 0.537 0.540 0.536 0.537 0.551 0.580 0.410 0.000 0.000 0.000 0.000 0.000 0.000 0.000 0.000
ASP02U0218_004 0.537 0.540 0.536 0.537 0.551 0.580 0.410 0.000 0.000 0.000 0.000 0.000 0.000 0.000 0.000
ASP-1U0218_005 0.000 0.000 0.000 0.000 0.000 0.000 0.000 0.000 0.000 0.000 0.000 0.000 0.000 0.000 0.000
ASP01U0219_001 0.307 0.306 0.318 0.312 0.308 0.311 0.262 0.344 0.000 0.000 0.000 0.000 0.000 0.000 0.000
ASP01U0219_002 0.307 0.306 0.318 0.312 0.308 0.311 0.262 0.344 0.000 0.000 0.000 0.000 0.000 0.000 0.000
ASP02U0219_003 0.307 0.306 0.318 0.312 0.308 0.311 0.262 0.344 0.000 0.000 0.000 0.000 0.000 0.000 0.000
ASP02U0219_004 0.307 0.306 0.318 0.312 0.308 0.311 0.262 0.344 0.000 0.000 0.000 0.000 0.000 0.000 0.000
ASP-1U0219_005 0.000 0.000 0.000 0.000 0.000 0.000 0.000 0.000 0.000 0.000 0.000 0.000 0.000 0.000 0.000
ASN01U0220_001 0.195 0.188 0.194 0.223 0.290 0.348 0.361 0.363 0.363 0.363 0.369 0.382 0.409 0.407 0.401
ASN01U0220_002 0.195 0.188 0.194 0.223 0.290 0.348 0.361 0.363 0.363 0.363 0.369 0.382 0.409 0.407 0.401
SER01U0221_001 0.017 0.033 0.033 0.037 0.060 0.076 0.080 0.088 0.077 0.088 0.090 0.104 0.143 0.176 0.194
SER01U0221_002 0.017 0.033 0.033 0.037 0.060 0.076 0.080 0.088 0.077 0.088 0.090 0.104 0.143 0.176 0.194
SER01U0221_003 0.017 0.033 0.033 0.037 0.060 0.076 0.080 0.088 0.077 0.088 0.090 0.104 0.143 0.176 0.194
TRP01U0222_001 0.000 0.000 0.000 0.000 0.000 0.000 0.000 0.000 0.000 0.000 0.000 0.000 0.000 0.000 0.000
ASP01U0223_001 0.487 0.482 0.468 0.490 0.480 0.469 0.493 0.297 0.000 0.000 0.000 0.000 0.000 0.000 0.000
ASP01U0223_002 0.487 0.482 0.468 0.490 0.480 0.469 0.493 0.297 0.000 0.000 0.000 0.000 0.000 0.000 0.000
ASP02U0223_003 0.487 0.482 0.468 0.490 0.480 0.469 0.493 0.297 0.000 0.000 0.000 0.000 0.000 0.000 0.000
ASP02U0223_004 0.487 0.482 0.468 0.490 0.480 0.469 0.493 0.297 0.000 0.000 0.000 0.000 0.000 0.000 0.000
ASP-1U0223_005 0.000 0.000 0.000 0.000 0.000 0.000 0.000 0.000 0.000 0.000 0.000 0.000 0.000 0.000 0.000
ASP01U0224_001 0.434 0.431 0.445 0.451 0.442 0.425 0.392 0.363 0.000 0.000 0.000 0.000 0.000 0.000 0.000
ASP01U0224_002 0.434 0.431 0.445 0.451 0.442 0.425 0.392 0.363 0.000 0.000 0.000 0.000 0.000 0.000 0.000
ASP02U0224_003 0.434 0.431 0.445 0.451 0.442 0.425 0.392 0.363 0.000 0.000 0.000 0.000 0.000 0.000 0.000
ASP02U0224_004 0.434 0.431 0.445 0.451 0.442 0.425 0.392 0.363 0.000 0.000 0.000 0.000 0.000 0.000 0.000
ASP-1U0224_005 0.000 0.000 0.000 0.000 0.000 0.000 0.000 0.000 0.000 0.000 0.000 0.000 0.000 0.000 0.000
LEU01U0225_001 0.000 0.000 0.000 0.000 0.000 0.000 0.000 0.000 0.000 0.000 0.000 0.000 0.000 0.000 0.000
ILE01U0226_001 0.000 0.000 0.000 0.000 0.000 0.000 0.000 0.000 0.000 0.000 0.000 0.000 0.000 0.000 0.000
TYR01U0227_001 0.000 0.000 0.000 0.000 0.000 0.000 0.000 0.000 0.000 0.000 0.000 0.000 0.000 0.000 0.000
TYR-1U0227_002 0.000 0.000 0.000 0.000 0.000 0.000 0.000 0.000 0.000 0.000 0.000 0.000 0.000 0.000 0.000
ASP01U0228_001 0.285 0.292 0.285 0.284 0.294 0.000 0.000 0.000 0.000 0.000 0.000 0.000 0.000 0.000 0.000
ASP01U0228_002 0.285 0.292 0.285 0.284 0.294 0.000 0.000 0.000 0.000 0.000 0.000 0.000 0.000 0.000 0.000
ASP02U0228_003 0.285 0.292 0.285 0.284 0.294 0.000 0.000 0.000 0.000 0.000 0.000 0.000 0.000 0.000 0.000
ASP02U0228_004 0.285 0.292 0.285 0.284 0.294 0.000 0.000 0.000 0.000 0.000 0.000 0.000 0.000 0.000 0.000
ASP-1U0228_005 0.000 0.000 0.000 0.000 0.000 0.000 0.000 0.000 0.000 0.000 0.000 0.000 0.000 0.000 0.000
SER01U0229_001 0.228 0.229 0.232 0.239 0.248 0.249 0.254 0.245 0.246 0.249 0.252 0.264 0.262 0.266 0.266
SER01U0229_002 0.228 0.229 0.232 0.239 0.248 0.249 0.254 0.245 0.246 0.249 0.252 0.264 0.262 0.266 0.266
LYS01U0230_001 0.000 0.000 0.000 0.000 0.000 0.000 0.000 0.000 0.000 0.000 0.000 0.000 0.000 0.000 0.000
LYS+1U0230_002 0.000 0.000 0.000 0.000 0.000 0.000 0.000 0.000 0.000 0.000 0.000 0.000 0.000 0.000 0.000
LEU01U0231_001 0.000 0.000 0.000 0.000 0.000 0.000 0.000 0.000 0.000 0.000 0.000 0.000 0.000 0.000 0.000
LYS01U0232_001 0.000 0.000 0.000 0.000 0.000 0.000 0.000 0.000 0.000 0.000 0.000 0.000 0.000 0.000 0.000
LYS+1U0232_002 0.000 0.000 0.000 0.000 0.000 0.000 0.000 0.000 0.000 0.000 0.000 0.000 0.000 0.000 0.000
ALA01U0234_001 0.000 0.000 0.000 0.000 0.000 0.000 0.000 0.000 0.000 0.000 0.000 0.000 0.000 0.000 0.000
LEU01U0235_001 0.000 0.000 0.000 0.000 0.000 0.000 0.000 0.000 0.000 0.000 0.000 0.000 0.000 0.000 0.000
GLN01U0236_001 0.000 0.000 0.000 0.000 0.000 0.000 0.000 0.000 0.000 0.000 0.000 0.000 0.000 0.000 0.000
SER01U0237_001 0.175 0.172 0.177 0.177 0.179 0.180 0.177 0.179 0.175 0.177 0.176 0.182 0.181 0.182 0.181
SER01U0237_002 0.175 0.172 0.177 0.177 0.179 0.180 0.177 0.179 0.175 0.177 0.176 0.182 0.181 0.182 0.181
LEU01U0238_001 0.000 0.000 0.000 0.000 0.000 0.000 0.000 0.000 0.000 0.000 0.000 0.000 0.000 0.000 0.000
PHE01U0239_001 0.000 0.000 0.000 0.000 0.000 0.000 0.000 0.000 0.000 0.000 0.000 0.000 0.000 0.000 0.000
LYS01U0240_001 0.000 0.000 0.000 0.000 0.000 0.000 0.000 0.000 0.000 0.000 0.000 0.000 0.000 0.000 0.000
LYS+1U0240_002 0.000 0.000 0.000 0.000 0.000 0.000 0.000 0.000 0.000 0.000 0.000 0.000 0.000 0.000 0.000
ASN01U0241_001 0.404 0.405 0.404 0.404 0.404 0.406 0.406 0.405 0.405 0.403 0.402 0.401 0.402 0.400 0.399
ASN01U0241_002 0.404 0.405 0.404 0.404 0.404 0.406 0.406 0.405 0.405 0.403 0.402 0.401 0.402 0.400 0.399
PHE01U0242_001 0.000 0.000 0.000 0.000 0.000 0.000 0.000 0.000 0.000 0.000 0.000 0.000 0.000 0.000 0.000
ILE01U0243_001 0.000 0.000 0.000 0.000 0.000 0.000 0.000 0.000 0.000 0.000 0.000 0.000 0.000 0.000 0.000
ASP01U0244_001 0.433 0.425 0.424 0.427 0.431 0.419 0.000 0.000 0.000 0.000 0.000 0.000 0.000 0.000 0.000
ASP01U0244_002 0.433 0.425 0.424 0.427 0.431 0.419 0.000 0.000 0.000 0.000 0.000 0.000 0.000 0.000 0.000
ASP02U0244_003 0.433 0.425 0.424 0.427 0.431 0.419 0.000 0.000 0.000 0.000 0.000 0.000 0.000 0.000 0.000
ASP02U0244_004 0.433 0.425 0.424 0.427 0.431 0.419 0.000 0.000 0.000 0.000 0.000 0.000 0.000 0.000 0.000
ASP-1U0244_005 0.000 0.000 0.000 0.000 0.000 0.000 0.000 0.000 0.000 0.000 0.000 0.000 0.000 0.000 0.000
ALA01U0245_001 0.000 0.000 0.000 0.000 0.000 0.000 0.000 0.000 0.000 0.000 0.000 0.000 0.000 0.000 0.000
THR01U0246_001 0.307 0.314 0.309 0.312 0.308 0.305 0.318 0.318 0.299 0.322 0.330 0.327 0.338 0.353 0.366
THR01U0246_002 0.307 0.314 0.309 0.312 0.308 0.305 0.318 0.318 0.299 0.322 0.330 0.327 0.338 0.353 0.366
THR01U0246_003 0.307 0.314 0.309 0.312 0.308 0.305 0.318 0.318 0.299 0.322 0.330 0.327 0.338 0.353 0.366
PHE01U0247_001 0.000 0.000 0.000 0.000 0.000 0.000 0.000 0.000 0.000 0.000 0.000 0.000 0.000 0.000 0.000
ALA01U0248_001 0.000 0.000 0.000 0.000 0.000 0.000 0.000 0.000 0.000 0.000 0.000 0.000 0.000 0.000 0.000
ARG01U0249_001 0.000 0.000 0.000 0.000 0.000 0.000 0.000 0.000 0.000 0.000 0.472 0.381 0.509 0.497 0.496
ARG02U0249_002 0.000 0.000 0.000 0.000 0.000 0.000 0.000 0.000 0.000 0.000 0.472 0.381 0.509 0.497 0.496
ARG02U0249_003 0.000 0.000 0.000 0.000 0.000 0.000 0.000 0.000 0.000 0.000 0.472 0.381 0.509 0.497 0.496
ARG03U0249_004 0.000 0.000 0.000 0.000 0.000 0.000 0.000 0.000 0.000 0.000 0.472 0.381 0.509 0.497 0.496
ARG+1U0249_005 0.000 0.000 0.000 0.000 0.000 0.000 0.000 0.000 0.000 0.000 0.000 0.000 0.000 0.000 0.000
ALA01U0250_001 0.000 0.000 0.000 0.000 0.000 0.000 0.000 0.000 0.000 0.000 0.000 0.000 0.000 0.000 0.000
THR01U0251_001 0.366 0.366 0.362 0.364 0.361 0.372 0.380 0.383 0.381 0.384 0.386 0.390 0.388 0.384 0.381
THR01U0251_002 0.366 0.366 0.362 0.364 0.361 0.372 0.380 0.383 0.381 0.384 0.386 0.390 0.388 0.384 0.381
GLU01U0252_001 0.424 0.419 0.407 0.397 0.380 0.000 0.000 0.000 0.000 0.000 0.000 0.000 0.000 0.000 0.000
GLU01U0252_002 0.424 0.419 0.407 0.397 0.380 0.000 0.000 0.000 0.000 0.000 0.000 0.000 0.000 0.000 0.000
GLU02U0252_003 0.424 0.419 0.407 0.397 0.380 0.000 0.000 0.000 0.000 0.000 0.000 0.000 0.000 0.000 0.000
GLU02U0252_004 0.424 0.419 0.407 0.397 0.380 0.000 0.000 0.000 0.000 0.000 0.000 0.000 0.000 0.000 0.000
GLU-1U0252_005 0.000 0.000 0.000 0.000 0.000 0.000 0.000 0.000 0.000 0.000 0.000 0.000 0.000 0.000 0.000
LEU01U0253_001 0.000 0.000 0.000 0.000 0.000 0.000 0.000 0.000 0.000 0.000 0.000 0.000 0.000 0.000 0.000
HIS01U0254_001 0.000 0.000 0.000 0.000 0.292 0.276 0.257 0.242 0.228 0.223 0.221 0.237 0.232 0.226 0.216
HIS01U0254_002 0.000 0.000 0.000 0.000 0.292 0.276 0.257 0.242 0.228 0.223 0.221 0.237 0.232 0.226 0.216
HIS02U0254_003 0.000 0.000 0.000 0.000 0.292 0.276 0.257 0.242 0.228 0.223 0.221 0.237 0.232 0.226 0.216
HIS02U0254_004 0.000 0.000 0.000 0.000 0.292 0.276 0.257 0.242 0.228 0.223 0.221 0.237 0.232 0.226 0.216
HIS+1U0254_005 0.000 0.000 0.000 0.000 0.000 0.000 0.000 0.000 0.000 0.000 0.000 0.000 0.000 0.000 0.000
HIS+1U0254_006 0.000 0.000 0.000 0.000 0.000 0.000 0.000 0.000 0.000 0.000 0.000 0.000 0.000 0.000 0.000
LYS01U0255_001 0.000 0.000 0.000 0.000 0.000 0.000 0.000 0.000 0.000 0.000 0.000 0.000 0.000 0.000 0.000
LYS+1U0255_002 0.000 0.000 0.000 0.000 0.000 0.000 0.000 0.000 0.000 0.000 0.000 0.000 0.000 0.000 0.000
LYS01U0256_001 0.000 0.000 0.000 0.000 0.000 0.000 0.000 0.000 0.000 0.000 0.000 0.000 0.000 0.000 0.000
LYS+1U0256_002 0.000 0.000 0.000 0.000 0.000 0.000 0.000 0.000 0.000 0.000 0.000 0.000 0.000 0.000 0.000
VAL01U0257_001 0.000 0.000 0.000 0.000 0.000 0.000 0.000 0.000 0.000 0.000 0.000 0.000 0.000 0.000 0.000
ASN01U0258_001 0.607 0.614 0.614 0.611 0.608 0.543 0.325 0.232 0.221 0.211 0.195 0.169 0.169 0.202 0.268
ASN01U0258_002 0.607 0.614 0.614 0.611 0.608 0.543 0.325 0.232 0.221 0.211 0.195 0.169 0.169 0.202 0.268
ASN01U0258_003 0.607 0.614 0.614 0.611 0.608 0.543 0.325 0.232 0.221 0.211 0.195 0.169 0.169 0.202 0.268
LYS01U0259_001 0.000 0.000 0.000 0.000 0.000 0.000 0.000 0.000 0.000 0.000 0.000 0.000 0.000 0.000 0.000
LYS+1U0259_002 0.000 0.000 0.000 0.000 0.000 0.000 0.000 0.000 0.000 0.000 0.000 0.000 0.000 0.000 0.000
LEU01U0260_001 0.000 0.000 0.000 0.000 0.000 0.000 0.000 0.000 0.000 0.000 0.000 0.000 0.000 0.000 0.000
GLN01U0261_001 0.216 0.207 0.201 0.201 0.192 0.192 0.202 0.214 0.205 0.191 0.184 0.193 0.204 0.263 0.374
GLN01U0261_002 0.216 0.207 0.201 0.201 0.192 0.192 0.202 0.214 0.205 0.191 0.184 0.193 0.204 0.263 0.374
ARG01U0262_001 0.000 0.000 0.000 0.000 0.000 0.000 0.000 0.000 0.000 0.000 0.000 0.504 0.500 0.514 0.511
ARG02U0262_002 0.000 0.000 0.000 0.000 0.000 0.000 0.000 0.000 0.000 0.000 0.000 0.504 0.500 0.514 0.511
ARG03U0262_003 0.000 0.000 0.000 0.000 0.000 0.000 0.000 0.000 0.000 0.000 0.000 0.504 0.500 0.514 0.511
ARG+1U0262_004 0.000 0.000 0.000 0.000 0.000 0.000 0.000 0.000 0.000 0.000 0.000 0.000 0.000 0.000 0.000
GLU01U0263_001 0.390 0.384 0.388 0.377 0.379 0.261 0.000 0.000 0.000 0.000 0.000 0.000 0.000 0.000 0.000
GLU01U0263_002 0.390 0.384 0.388 0.377 0.379 0.261 0.000 0.000 0.000 0.000 0.000 0.000 0.000 0.000 0.000
GLU02U0263_003 0.390 0.384 0.388 0.377 0.379 0.261 0.000 0.000 0.000 0.000 0.000 0.000 0.000 0.000 0.000
GLU02U0263_004 0.390 0.384 0.388 0.377 0.379 0.261 0.000 0.000 0.000 0.000 0.000 0.000 0.000 0.000 0.000
GLU-1U0263_005 0.000 0.000 0.000 0.000 0.000 0.000 0.000 0.000 0.000 0.000 0.000 0.000 0.000 0.000 0.000
HIS01U0264_001 0.000 0.000 0.000 0.000 0.000 0.000 0.000 0.159 0.000 0.000 0.000 0.000 0.000 0.000 0.000
HIS02U0264_002 0.000 0.000 0.000 0.000 0.000 0.000 0.000 0.159 0.000 0.000 0.000 0.000 0.000 0.000 0.000
HIS+1U0264_003 0.000 0.000 0.000 0.000 0.000 0.000 0.000 0.000 0.000 0.000 0.000 0.000 0.000 0.000 0.000
GLN01U0265_001 0.336 0.334 0.341 0.338 0.337 0.332 0.333 0.324 0.299 0.294 0.286 0.296 0.317 0.337 0.320
GLN01U0265_002 0.336 0.334 0.341 0.338 0.337 0.332 0.333 0.324 0.299 0.294 0.286 0.296 0.317 0.337 0.320
LYS01U0266_001 0.000 0.000 0.000 0.000 0.000 0.000 0.000 0.000 0.000 0.000 0.000 0.000 0.000 0.000 0.000
LYS+1U0266_002 0.000 0.000 0.000 0.000 0.000 0.000 0.000 0.000 0.000 0.000 0.000 0.000 0.000 0.000 0.000
CYS01U0267_001 0.644 0.642 0.640 0.632 0.613 0.606 0.608 0.604 0.598 0.587 0.573 0.569 0.548 0.525 0.500
CYS01U0267_002 0.644 0.642 0.640 0.632 0.613 0.606 0.608 0.604 0.598 0.587 0.573 0.569 0.548 0.525 0.500
CYS01U0267_003 0.644 0.642 0.640 0.632 0.613 0.606 0.608 0.604 0.598 0.587 0.573 0.569 0.548 0.525 0.500
CYS-1U0267_004 0.000 0.000 0.000 0.000 0.000 0.000 0.000 0.000 0.000 0.000 0.000 0.000 0.000 0.000 0.000
GLN01U0268_001 0.076 0.074 0.078 0.084 0.086 0.093 0.094 0.100 0.158 0.293 0.339 0.347 0.360 0.370 0.389
GLN01U0268_002 0.076 0.074 0.078 0.084 0.086 0.093 0.094 0.100 0.158 0.293 0.339 0.347 0.360 0.370 0.389
ILE01U0269_001 0.000 0.000 0.000 0.000 0.000 0.000 0.000 0.000 0.000 0.000 0.000 0.000 0.000 0.000 0.000
ARG01U0270_001 0.000 0.000 0.000 0.000 0.000 0.000 0.000 0.000 0.000 0.000 0.000 0.648 0.647 0.653 0.647
ARG02U0270_002 0.000 0.000 0.000 0.000 0.000 0.000 0.000 0.000 0.000 0.000 0.000 0.648 0.647 0.653 0.647
ARG03U0270_003 0.000 0.000 0.000 0.000 0.000 0.000 0.000 0.000 0.000 0.000 0.000 0.648 0.647 0.653 0.647
ARG03U0270_004 0.000 0.000 0.000 0.000 0.000 0.000 0.000 0.000 0.000 0.000 0.000 0.648 0.647 0.653 0.647
ARG+1U0270_005 0.000 0.000 0.000 0.000 0.000 0.000 0.000 0.000 0.000 0.000 0.000 0.000 0.000 0.000 0.000
THR01U0271_001 0.218 0.217 0.221 0.220 0.221 0.217 0.219 0.222 0.224 0.221 0.222 0.226 0.228 0.235 0.243
THR01U0271_002 0.218 0.217 0.221 0.220 0.221 0.217 0.219 0.222 0.224 0.221 0.222 0.226 0.228 0.235 0.243
THR01U0271_003 0.218 0.217 0.221 0.220 0.221 0.217 0.219 0.222 0.224 0.221 0.222 0.226 0.228 0.235 0.243
LYS01U0273_001 0.000 0.000 0.000 0.000 0.000 0.000 0.000 0.000 0.000 0.000 0.000 0.000 0.000 0.000 0.000
LYS+1U0273_002 0.000 0.000 0.000 0.000 0.000 0.000 0.000 0.000 0.000 0.000 0.000 0.000 0.000 0.000 0.000
LEU01U0274_001 0.000 0.000 0.000 0.000 0.000 0.000 0.000 0.000 0.000 0.000 0.000 0.000 0.000 0.000 0.000
ARG01U0275_001 0.000 0.000 0.000 0.000 0.000 0.000 0.000 0.000 0.000 0.000 0.000 0.000 0.198 0.482 0.481
ARG02U0275_002 0.000 0.000 0.000 0.000 0.000 0.000 0.000 0.000 0.000 0.000 0.000 0.000 0.198 0.482 0.481
ARG02U0275_003 0.000 0.000 0.000 0.000 0.000 0.000 0.000 0.000 0.000 0.000 0.000 0.000 0.198 0.482 0.481
ARG03U0275_004 0.000 0.000 0.000 0.000 0.000 0.000 0.000 0.000 0.000 0.000 0.000 0.000 0.198 0.482 0.481
ARG03U0275_005 0.000 0.000 0.000 0.000 0.000 0.000 0.000 0.000 0.000 0.000 0.000 0.000 0.198 0.482 0.481
ARG+1U0275_006 0.000 0.000 0.000 0.000 0.000 0.000 0.000 0.000 0.000 0.000 0.000 0.000 0.000 0.000 0.000
ASP01U0276_001 0.164 0.000 0.000 0.000 0.000 0.000 0.000 0.000 0.000 0.000 0.000 0.000 0.000 0.000 0.000
ASP01U0276_002 0.164 0.000 0.000 0.000 0.000 0.000 0.000 0.000 0.000 0.000 0.000 0.000 0.000 0.000 0.000
ASP02U0276_003 0.164 0.000 0.000 0.000 0.000 0.000 0.000 0.000 0.000 0.000 0.000 0.000 0.000 0.000 0.000
ASP02U0276_004 0.164 0.000 0.000 0.000 0.000 0.000 0.000 0.000 0.000 0.000 0.000 0.000 0.000 0.000 0.000
ASP-1U0276_005 0.000 0.000 0.000 0.000 0.000 0.000 0.000 0.000 0.000 0.000 0.000 0.000 0.000 0.000 0.000
GLU01U0277_001 0.494 0.500 0.497 0.487 0.489 0.509 0.424 0.366 0.000 0.000 0.000 0.000 0.000 0.000 0.000
GLU01U0277_002 0.494 0.500 0.497 0.487 0.489 0.509 0.424 0.366 0.000 0.000 0.000 0.000 0.000 0.000 0.000
GLU02U0277_003 0.494 0.500 0.497 0.487 0.489 0.509 0.424 0.366 0.000 0.000 0.000 0.000 0.000 0.000 0.000
GLU02U0277_004 0.494 0.500 0.497 0.487 0.489 0.509 0.424 0.366 0.000 0.000 0.000 0.000 0.000 0.000 0.000
GLU-1U0277_005 0.000 0.000 0.000 0.000 0.000 0.000 0.000 0.000 0.000 0.000 0.000 0.000 0.000 0.000 0.000
TYR01U0278_001 0.000 0.000 0.000 0.000 0.000 0.000 0.000 0.000 0.000 0.000 0.000 0.000 0.000 0.000 0.000
TYR-1U0278_002 0.000 0.000 0.000 0.000 0.000 0.000 0.000 0.000 0.000 0.000 0.000 0.000 0.000 0.000 0.000
VAL01U0279_001 0.000 0.000 0.000 0.000 0.000 0.000 0.000 0.000 0.000 0.000 0.000 0.000 0.000 0.000 0.000
GLU01U0280_001 0.236 0.229 0.228 0.046 0.000 0.000 0.000 0.000 0.000 0.000 0.000 0.000 0.000 0.000 0.000
GLU01U0280_002 0.236 0.229 0.228 0.046 0.000 0.000 0.000 0.000 0.000 0.000 0.000 0.000 0.000 0.000 0.000
GLU02U0280_003 0.236 0.229 0.228 0.046 0.000 0.000 0.000 0.000 0.000 0.000 0.000 0.000 0.000 0.000 0.000
GLU02U0280_004 0.236 0.229 0.228 0.046 0.000 0.000 0.000 0.000 0.000 0.000 0.000 0.000 0.000 0.000 0.000
GLU-1U0280_005 0.000 0.000 0.000 0.000 0.000 0.000 0.000 0.000 0.000 0.000 0.000 0.000 0.000 0.000 0.000
GLU01U0281_001 0.462 0.464 0.465 0.462 0.464 0.460 0.410 0.411 0.000 0.000 0.000 0.000 0.000 0.000 0.000
GLU01U0281_002 0.462 0.464 0.465 0.462 0.464 0.460 0.410 0.411 0.000 0.000 0.000 0.000 0.000 0.000 0.000
GLU02U0281_003 0.462 0.464 0.465 0.462 0.464 0.460 0.410 0.411 0.000 0.000 0.000 0.000 0.000 0.000 0.000
GLU02U0281_004 0.462 0.464 0.465 0.462 0.464 0.460 0.410 0.411 0.000 0.000 0.000 0.000 0.000 0.000 0.000
GLU-1U0281_005 0.000 0.000 0.000 0.000 0.000 0.000 0.000 0.000 0.000 0.000 0.000 0.000 0.000 0.000 0.000
TYR01U0282_001 0.382 0.351 0.345 0.341 0.351 0.335 0.305 0.304 0.294 0.308 0.294 0.283 0.283 0.277 0.274
TYR01U0282_002 0.382 0.351 0.345 0.341 0.351 0.335 0.305 0.304 0.294 0.308 0.294 0.283 0.283 0.277 0.274
TYR-1U0282_003 0.000 0.000 0.000 0.000 0.000 0.000 0.000 0.000 0.000 0.000 0.000 0.000 0.000 0.000 0.000
ASP01U0283_001 0.019 0.000 0.014 0.032 0.023 0.000 0.000 0.000 0.000 0.000 0.000 0.000 0.000 0.000 0.000
ASP01U0283_002 0.019 0.000 0.014 0.032 0.023 0.000 0.000 0.000 0.000 0.000 0.000 0.000 0.000 0.000 0.000
ASP02U0283_003 0.019 0.000 0.014 0.032 0.023 0.000 0.000 0.000 0.000 0.000 0.000 0.000 0.000 0.000 0.000
ASP02U0283_004 0.019 0.000 0.014 0.032 0.023 0.000 0.000 0.000 0.000 0.000 0.000 0.000 0.000 0.000 0.000
ASP-1U0283_005 0.000 0.000 0.000 0.000 0.000 0.000 0.000 0.000 0.000 0.000 0.000 0.000 0.000 0.000 0.000
LYS01U0284_001 0.000 0.000 0.000 0.000 0.000 0.000 0.000 0.000 0.000 0.000 0.000 0.000 0.000 0.000 0.000
LYS+1U0284_002 0.000 0.000 0.000 0.000 0.000 0.000 0.000 0.000 0.000 0.000 0.000 0.000 0.000 0.000 0.000
LEU01U0285_001 0.000 0.000 0.000 0.000 0.000 0.000 0.000 0.000 0.000 0.000 0.000 0.000 0.000 0.000 0.000
LEU01U0286_001 0.000 0.000 0.000 0.000 0.000 0.000 0.000 0.000 0.000 0.000 0.000 0.000 0.000 0.000 0.000
PRO01U0287_001 0.000 0.000 0.000 0.000 0.000 0.000 0.000 0.000 0.000 0.000 0.000 0.000 0.000 0.000 0.000
ILE01U0288_001 0.000 0.000 0.000 0.000 0.000 0.000 0.000 0.000 0.000 0.000 0.000 0.000 0.000 0.000 0.000
PHE01U0289_001 0.000 0.000 0.000 0.000 0.000 0.000 0.000 0.000 0.000 0.000 0.000 0.000 0.000 0.000 0.000
ILE01U0290_001 0.000 0.000 0.000 0.000 0.000 0.000 0.000 0.000 0.000 0.000 0.000 0.000 0.000 0.000 0.000
ARG01U0291_001 0.000 0.000 0.000 0.000 0.000 0.000 0.000 0.000 0.000 0.000 0.000 0.000 0.460 0.485 0.471
ARG02U0291_002 0.000 0.000 0.000 0.000 0.000 0.000 0.000 0.000 0.000 0.000 0.000 0.000 0.460 0.485 0.471
ARG03U0291_003 0.000 0.000 0.000 0.000 0.000 0.000 0.000 0.000 0.000 0.000 0.000 0.000 0.460 0.485 0.471
ARG03U0291_004 0.000 0.000 0.000 0.000 0.000 0.000 0.000 0.000 0.000 0.000 0.000 0.000 0.460 0.485 0.471
ARG+1U0291_005 0.000 0.000 0.000 0.000 0.000 0.000 0.000 0.000 0.000 0.000 0.000 0.000 0.000 0.000 0.000
PHE01U0292_001 0.000 0.000 0.000 0.000 0.000 0.000 0.000 0.000 0.000 0.000 0.000 0.000 0.000 0.000 0.000
LYS01U0293_001 0.000 0.000 0.000 0.000 0.000 0.000 0.000 0.000 0.000 0.000 0.000 0.000 0.000 0.000 0.000
LYS+1U0293_002 0.000 0.000 0.000 0.000 0.000 0.000 0.000 0.000 0.000 0.000 0.000 0.000 0.000 0.000 0.000
THR01U0294_001 0.593 0.591 0.593 0.593 0.594 0.602 0.602 0.606 0.607 0.611 0.615 0.622 0.620 0.621 0.614
THR01U0294_002 0.593 0.591 0.593 0.593 0.594 0.602 0.602 0.606 0.607 0.611 0.615 0.622 0.620 0.621 0.614
THR01U0294_003 0.593 0.591 0.593 0.593 0.594 0.602 0.602 0.606 0.607 0.611 0.615 0.622 0.620 0.621 0.614
SER01U0295_001 0.584 0.590 0.589 0.590 0.586 0.587 0.589 0.591 0.593 0.594 0.598 0.608 0.611 0.614 0.619
SER01U0295_002 0.584 0.590 0.589 0.590 0.586 0.587 0.589 0.591 0.593 0.594 0.598 0.608 0.611 0.614 0.619
SER01U0295_003 0.584 0.590 0.589 0.590 0.586 0.587 0.589 0.591 0.593 0.594 0.598 0.608 0.611 0.614 0.619
ALA01U0296_001 0.000 0.000 0.000 0.000 0.000 0.000 0.000 0.000 0.000 0.000 0.000 0.000 0.000 0.000 0.000
ILE01U0297_001 0.000 0.000 0.000 0.000 0.000 0.000 0.000 0.000 0.000 0.000 0.000 0.000 0.000 0.000 0.000
THR01U0298_001 0.405 0.404 0.405 0.404 0.406 0.410 0.410 0.410 0.410 0.410 0.408 0.404 0.404 0.402 0.400
THR01U0298_002 0.405 0.404 0.405 0.404 0.406 0.410 0.410 0.410 0.410 0.410 0.408 0.404 0.404 0.402 0.400
LEU01U0299_001 0.000 0.000 0.000 0.000 0.000 0.000 0.000 0.000 0.000 0.000 0.000 0.000 0.000 0.000 0.000
GLU01U0301_001 0.481 0.478 0.471 0.475 0.476 0.475 0.453 0.000 0.000 0.000 0.000 0.000 0.000 0.000 0.000
GLU01U0301_002 0.481 0.478 0.471 0.475 0.476 0.475 0.453 0.000 0.000 0.000 0.000 0.000 0.000 0.000 0.000
GLU02U0301_003 0.481 0.478 0.471 0.475 0.476 0.475 0.453 0.000 0.000 0.000 0.000 0.000 0.000 0.000 0.000
GLU02U0301_004 0.481 0.478 0.471 0.475 0.476 0.475 0.453 0.000 0.000 0.000 0.000 0.000 0.000 0.000 0.000
GLU-1U0301_005 0.000 0.000 0.000 0.000 0.000 0.000 0.000 0.000 0.000 0.000 0.000 0.000 0.000 0.000 0.000
PHE01U0302_001 0.000 0.000 0.000 0.000 0.000 0.000 0.000 0.000 0.000 0.000 0.000 0.000 0.000 0.000 0.000
PHE01U0303_001 0.000 0.000 0.000 0.000 0.000 0.000 0.000 0.000 0.000 0.000 0.000 0.000 0.000 0.000 0.000
LYS01U0304_001 0.000 0.000 0.000 0.000 0.000 0.000 0.000 0.000 0.000 0.000 0.000 0.000 0.000 0.000 0.000
LYS+1U0304_002 0.000 0.000 0.000 0.000 0.000 0.000 0.000 0.000 0.000 0.000 0.000 0.000 0.000 0.000 0.000
LEU01U0305_001 0.000 0.000 0.000 0.000 0.000 0.000 0.000 0.000 0.000 0.000 0.000 0.000 0.000 0.000 0.000
GLU01U0306_001 0.435 0.437 0.436 0.442 0.439 0.446 0.358 0.000 0.000 0.000 0.000 0.000 0.000 0.000 0.000
GLU01U0306_002 0.435 0.437 0.436 0.442 0.439 0.446 0.358 0.000 0.000 0.000 0.000 0.000 0.000 0.000 0.000
GLU02U0306_003 0.435 0.437 0.436 0.442 0.439 0.446 0.358 0.000 0.000 0.000 0.000 0.000 0.000 0.000 0.000
GLU02U0306_004 0.435 0.437 0.436 0.442 0.439 0.446 0.358 0.000 0.000 0.000 0.000 0.000 0.000 0.000 0.000
GLU-1U0306_005 0.000 0.000 0.000 0.000 0.000 0.000 0.000 0.000 0.000 0.000 0.000 0.000 0.000 0.000 0.000
ILE01U0307_001 0.000 0.000 0.000 0.000 0.000 0.000 0.000 0.000 0.000 0.000 0.000 0.000 0.000 0.000 0.000
PRO01U0308_001 0.000 0.000 0.000 0.000 0.000 0.000 0.000 0.000 0.000 0.000 0.000 0.000 0.000 0.000 0.000
GLU01U0309_001 0.273 0.269 0.267 0.270 0.280 0.299 0.273 0.000 0.000 0.000 0.000 0.000 0.000 0.000 0.000
GLU01U0309_002 0.273 0.269 0.267 0.270 0.280 0.299 0.273 0.000 0.000 0.000 0.000 0.000 0.000 0.000 0.000
GLU02U0309_003 0.273 0.269 0.267 0.270 0.280 0.299 0.273 0.000 0.000 0.000 0.000 0.000 0.000 0.000 0.000
GLU02U0309_004 0.273 0.269 0.267 0.270 0.280 0.299 0.273 0.000 0.000 0.000 0.000 0.000 0.000 0.000 0.000
GLU-1U0309_005 0.000 0.000 0.000 0.000 0.000 0.000 0.000 0.000 0.000 0.000 0.000 0.000 0.000 0.000 0.000
LEU01U0310_001 0.000 0.000 0.000 0.000 0.000 0.000 0.000 0.000 0.000 0.000 0.000 0.000 0.000 0.000 0.000
HIS01U0311_001 0.000 0.000 0.000 0.000 0.781 0.775 0.768 0.752 0.763 0.767 0.766 0.760 0.755 0.752 0.744
HIS01U0311_002 0.000 0.000 0.000 0.000 0.781 0.775 0.768 0.752 0.763 0.767 0.766 0.760 0.755 0.752 0.744
HIS02U0311_003 0.000 0.000 0.000 0.000 0.781 0.775 0.768 0.752 0.763 0.767 0.766 0.760 0.755 0.752 0.744
HIS02U0311_004 0.000 0.000 0.000 0.000 0.781 0.775 0.768 0.752 0.763 0.767 0.766 0.760 0.755 0.752 0.744
HIS+1U0311_005 0.409 0.409 0.408 0.409 0.410 0.411 0.410 0.411 0.411 0.000 0.000 0.000 0.000 0.000 0.000
HIS+1U0311_006 0.409 0.409 0.408 0.409 0.410 0.411 0.410 0.411 0.411 0.000 0.000 0.000 0.000 0.000 0.000
HIS01U0312_001 0.116 0.113 0.109 0.113 0.128 0.106 0.052 0.041 0.035 0.038 0.036 0.036 0.071 0.233 0.410
HIS02U0312_002 0.116 0.113 0.109 0.113 0.128 0.106 0.052 0.041 0.035 0.038 0.036 0.036 0.071 0.233 0.410
HIS+1U0312_003 0.000 0.000 0.000 0.000 0.000 0.000 0.000 0.000 0.000 0.000 0.000 0.000 0.000 0.000 0.000
HIS01U0313_001 0.000 0.000 0.000 0.000 0.649 0.650 0.813 0.811 0.807 0.806 0.805 0.803 0.803 0.801 0.801
HIS01U0313_002 0.000 0.000 0.000 0.000 0.649 0.650 0.813 0.811 0.807 0.806 0.805 0.803 0.803 0.801 0.801
HIS02U0313_003 0.000 0.000 0.000 0.000 0.649 0.650 0.813 0.811 0.807 0.806 0.805 0.803 0.803 0.801 0.801
HIS02U0313_004 0.000 0.000 0.000 0.000 0.649 0.650 0.813 0.811 0.807 0.806 0.805 0.803 0.803 0.801 0.801
HIS+1U0313_005 0.398 0.398 0.399 0.398 0.398 0.398 0.400 0.399 0.394 0.399 0.000 0.000 0.000 0.000 0.000
HIS+1U0313_006 0.398 0.398 0.399 0.398 0.398 0.398 0.400 0.399 0.394 0.399 0.000 0.000 0.000 0.000 0.000
HIS01U0314_001 0.000 0.000 0.297 0.293 0.287 0.316 0.391 0.404 0.383 0.383 0.398 0.406 0.408 0.407 0.408
HIS02U0314_002 0.000 0.000 0.297 0.293 0.287 0.316 0.391 0.404 0.383 0.383 0.398 0.406 0.408 0.407 0.408
HIS+1U0314_003 0.000 0.000 0.000 0.000 0.000 0.000 0.000 0.000 0.000 0.000 0.000 0.000 0.000 0.000 0.000
HIS01U0315_001 0.000 0.000 0.000 0.000 0.127 0.192 0.321 0.372 0.378 0.383 0.392 0.395 0.397 0.398 0.403
HIS02U0315_002 0.000 0.000 0.000 0.000 0.127 0.192 0.321 0.372 0.378 0.383 0.392 0.395 0.397 0.398 0.403
HIS+1U0315_003 0.000 0.000 0.000 0.000 0.000 0.000 0.000 0.000 0.000 0.000 0.000 0.000 0.000 0.000 0.000
CTR01U0315_001 0.401 0.400 0.401 0.406 0.400 0.396 0.407 0.000 0.000 0.000 0.000 0.000 0.000 0.000 0.000
CTR01U0315_002 0.401 0.400 0.401 0.406 0.400 0.396 0.407 0.000 0.000 0.000 0.000 0.000 0.000 0.000 0.000
CTR02U0315_003 0.401 0.400 0.401 0.406 0.400 0.396 0.407 0.000 0.000 0.000 0.000 0.000 0.000 0.000 0.000
CTR02U0315_004 0.401 0.400 0.401 0.406 0.400 0.396 0.407 0.000 0.000 0.000 0.000 0.000 0.000 0.000 0.000
CTR-1U0315_005 0.000 0.000 0.000 0.000 0.000 0.000 0.000 0.000 0.000 0.000 0.000 0.000 0.000 0.000 0.000
_CL-1U0401_001 0.000 0.000 0.000 0.000 0.000 0.000 0.000 0.000 0.000 0.000 0.000 0.000 0.000 0.000 0.000
_CLDMU0401_002 0.000 0.000 0.000 0.000 0.000 0.000 0.000 0.000 0.000 0.000 0.000 0.000 0.000 0.000 0.000
