NTR U0001_ R f 06 S f  0.0 H t 72 M 000
MET U0001_ R f 06 S f  0.0 H t 72 M 000
ASP U0002_ R f 06 S f  0.0 H t 72 M 000
ASP U0003_ R f 06 S f  0.0 H t 72 M 000
GLY U0004_ R f 06 S f  0.0 H t 72 M 000
ARG U0005_ R f 06 S f  0.0 H t 72 M 000
LYS U0006_ R f 06 S f  0.0 H t 72 M 000
LYS U0007_ R f 06 S f  0.0 H t 72 M 000
GLU U0008_ R f 06 S f  0.0 H t 72 M 000
LEU U0009_ R f 06 S f  0.0 H t 72 M 000
HIS U0010_ R f 06 S f  0.0 H t 72 M 000
ASP U0011_ R f 06 S f  0.0 H t 72 M 000
LEU U0012_ R f 06 S f  0.0 H t 72 M 000
ASN U0013_ R f 06 S f  0.0 H t 72 M 000
THR U0014_ R f 06 S f  0.0 H t 72 M 000
ARG U0015_ R f 06 S f  0.0 H t 72 M 000
ALA U0016_ R f 06 S f  0.0 H t 72 M 000
TRP U0017_ R f 06 S f  0.0 H t 72 M 000
ASN U0018_ R f 06 S f  0.0 H t 72 M 000
GLY U0019_ R f 06 S f  0.0 H t 72 M 000
GLU U0020_ R f 06 S f  0.0 H t 72 M 000
GLU U0021_ R f 06 S f  0.0 H t 72 M 000
VAL U0022_ R f 06 S f  0.0 H t 72 M 000
PHE U0023_ R f 06 S f  0.0 H t 72 M 000
PRO U0024_ R f 06 S f  0.0 H t 72 M 000
CTR U0024_ R f 06 S f  0.0 H t 72 M 000
NTR U0029_ R f 06 S f  0.0 H t 72 M 000
LYS U0029_ R f 06 S f  0.0 H t 72 M 000
LEU U0030_ R f 06 S f  0.0 H t 72 M 000
ASP U0031_ R f 06 S f  0.0 H t 72 M 000
SER U0032_ R f 06 S f  0.0 H t 72 M 000
SER U0033_ R f 06 S f  0.0 H t 72 M 000
ILE U0034_ R f 06 S f  0.0 H t 72 M 000
LYS U0035_ R f 06 S f  0.0 H t 72 M 000
ARG U0036_ R f 06 S f  0.0 H t 72 M 000
ASN U0037_ R f 06 S f  0.0 H t 72 M 000
THR U0038_ R f 06 S f  0.0 H t 72 M 000
GLY U0039_ R f 06 S f  0.0 H t 72 M 000
PHE U0040_ R f 06 S f  0.0 H t 72 M 000
ILE U0041_ R f 06 S f  0.0 H t 72 M 000
LYS U0042_ R f 06 S f  0.0 H t 72 M 000
LYS U0043_ R f 06 S f  0.0 H t 72 M 000
LEU U0044_ R f 06 S f  0.0 H t 72 M 000
LYS U0045_ R f 06 S f  0.0 H t 72 M 000
LYS U0046_ R f 06 S f  0.0 H t 72 M 000
GLY U0047_ R f 06 S f  0.0 H t 72 M 000
PHE U0048_ R f 06 S f  0.0 H t 72 M 000
VAL U0049_ R f 06 S f  0.0 H t 72 M 000
LYS U0050_ R f 06 S f  0.0 H t 72 M 000
GLY U0051_ R f 06 S f  0.0 H t 72 M 000
SER U0052_ R f 06 S f  0.0 H t 72 M 000
GLU U0053_ R f 06 S f  0.0 H t 72 M 000
SER U0054_ R f 06 S f  0.0 H t 72 M 000
SER U0055_ R f 06 S f  0.0 H t 72 M 000
LEU U0056_ R f 06 S f  0.0 H t 72 M 000
LEU U0057_ R f 06 S f  0.0 H t 72 M 000
LYS U0058_ R f 06 S f  0.0 H t 72 M 000
ASP U0059_ R f 06 S f  0.0 H t 72 M 000
LEU U0060_ R f 06 S f  0.0 H t 72 M 000
SER U0061_ R f 06 S f  0.0 H t 72 M 000
GLU U0062_ R f 06 S f  0.0 H t 72 M 000
ALA U0063_ R f 06 S f  0.0 H t 72 M 000
SER U0064_ R f 06 S f  0.0 H t 72 M 000
LEU U0065_ R f 06 S f  0.0 H t 72 M 000
GLU U0066_ R f 06 S f  0.0 H t 72 M 000
LYS U0067_ R f 06 S f  0.0 H t 72 M 000
TYR U0068_ R f 06 S f  0.0 H t 72 M 000
LEU U0069_ R f 06 S f  0.0 H t 72 M 000
SER U0070_ R f 06 S f  0.0 H t 72 M 000
GLU U0071_ R f 06 S f  0.0 H t 72 M 000
ILE U0072_ R f 06 S f  0.0 H t 72 M 000
ILE U0073_ R f 06 S f  0.0 H t 72 M 000
VAL U0074_ R f 06 S f  0.0 H t 72 M 000
THR U0075_ R f 06 S f  0.0 H t 72 M 000
VAL U0076_ R f 06 S f  0.0 H t 72 M 000
THR U0077_ R f 06 S f  0.0 H t 72 M 000
GLU U0078_ R f 06 S f  0.0 H t 72 M 000
CYS U0079_ R f 06 S f  0.0 H t 72 M 000
LEU U0080_ R f 06 S f  0.0 H t 72 M 000
LEU U0081_ R f 06 S f  0.0 H t 72 M 000
ASN U0082_ R f 06 S f  0.0 H t 72 M 000
VAL U0083_ R f 06 S f  0.0 H t 72 M 000
LEU U0084_ R f 06 S f  0.0 H t 72 M 000
ASN U0085_ R f 06 S f  0.0 H t 72 M 000
LYS U0086_ R f 06 S f  0.0 H t 72 M 000
ASN U0087_ R f 06 S f  0.0 H t 72 M 000
ASP U0088_ R f 06 S f  0.0 H t 72 M 000
ASP U0089_ R f 06 S f  0.0 H t 72 M 000
VAL U0090_ R f 06 S f  0.0 H t 72 M 000
ILE U0091_ R f 06 S f  0.0 H t 72 M 000
ALA U0092_ R f 06 S f  0.0 H t 72 M 000
ALA U0093_ R f 06 S f  0.0 H t 72 M 000
VAL U0094_ R f 06 S f  0.0 H t 72 M 000
GLU U0095_ R f 06 S f  0.0 H t 72 M 000
ILE U0096_ R f 06 S f  0.0 H t 72 M 000
ILE U0097_ R f 06 S f  0.0 H t 72 M 000
SER U0098_ R f 06 S f  0.0 H t 72 M 000
GLY U0099_ R f 06 S f  0.0 H t 72 M 000
LEU U0100_ R f 06 S f  0.0 H t 72 M 000
HIS U0101_ R f 06 S f  0.0 H t 72 M 000
GLN U0102_ R f 06 S f  0.0 H t 72 M 000
ARG U0103_ R f 06 S f  0.0 H t 72 M 000
PHE U0104_ R f 06 S f  0.0 H t 72 M 000
ASN U0105_ R f 06 S f  0.0 H t 72 M 000
GLY U0106_ R f 06 S f  0.0 H t 72 M 000
ARG U0107_ R f 06 S f  0.0 H t 72 M 000
PHE U0108_ R f 06 S f  0.0 H t 72 M 000
THR U0109_ R f 06 S f  0.0 H t 72 M 000
SER U0110_ R f 06 S f  0.0 H t 72 M 000
PRO U0111_ R f 06 S f  0.0 H t 72 M 000
LEU U0112_ R f 06 S f  0.0 H t 72 M 000
LEU U0113_ R f 06 S f  0.0 H t 72 M 000
GLY U0114_ R f 06 S f  0.0 H t 72 M 000
ALA U0115_ R f 06 S f  0.0 H t 72 M 000
PHE U0116_ R f 06 S f  0.0 H t 72 M 000
LEU U0117_ R f 06 S f  0.0 H t 72 M 000
GLN U0118_ R f 06 S f  0.0 H t 72 M 000
ALA U0119_ R f 06 S f  0.0 H t 72 M 000
PHE U0120_ R f 06 S f  0.0 H t 72 M 000
GLU U0121_ R f 06 S f  0.0 H t 72 M 000
ASN U0122_ R f 06 S f  0.0 H t 72 M 000
PRO U0123_ R f 06 S f  0.0 H t 72 M 000
SER U0124_ R f 06 S f  0.0 H t 72 M 000
VAL U0125_ R f 06 S f  0.0 H t 72 M 000
ASP U0126_ R f 06 S f  0.0 H t 72 M 000
ILE U0127_ R f 06 S f  0.0 H t 72 M 000
GLU U0128_ R f 06 S f  0.0 H t 72 M 000
SER U0129_ R f 06 S f  0.0 H t 72 M 000
GLU U0130_ R f 06 S f  0.0 H t 72 M 000
ARG U0131_ R f 06 S f  0.0 H t 72 M 000
ASP U0132_ R f 06 S f  0.0 H t 72 M 000
GLU U0133_ R f 06 S f  0.0 H t 72 M 000
LEU U0134_ R f 06 S f  0.0 H t 72 M 000
GLN U0135_ R f 06 S f  0.0 H t 72 M 000
ARG U0136_ R f 06 S f  0.0 H t 72 M 000
ILE U0137_ R f 06 S f  0.0 H t 72 M 000
THR U0138_ R f 06 S f  0.0 H t 72 M 000
ARG U0139_ R f 06 S f  0.0 H t 72 M 000
VAL U0140_ R f 06 S f  0.0 H t 72 M 000
LYS U0141_ R f 06 S f  0.0 H t 72 M 000
GLY U0142_ R f 06 S f  0.0 H t 72 M 000
ASN U0143_ R f 06 S f  0.0 H t 72 M 000
LEU U0144_ R f 06 S f  0.0 H t 72 M 000
ARG U0145_ R f 06 S f  0.0 H t 72 M 000
VAL U0146_ R f 06 S f  0.0 H t 72 M 000
PHE U0147_ R f 06 S f  0.0 H t 72 M 000
THR U0148_ R f 06 S f  0.0 H t 72 M 000
GLU U0149_ R f 06 S f  0.0 H t 72 M 000
LEU U0150_ R f 06 S f  0.0 H t 72 M 000
TYR U0151_ R f 06 S f  0.0 H t 72 M 000
LEU U0152_ R f 06 S f  0.0 H t 72 M 000
VAL U0153_ R f 06 S f  0.0 H t 72 M 000
GLY U0154_ R f 06 S f  0.0 H t 72 M 000
VAL U0155_ R f 06 S f  0.0 H t 72 M 000
PHE U0156_ R f 06 S f  0.0 H t 72 M 000
ARG U0157_ R f 06 S f  0.0 H t 72 M 000
THR U0158_ R f 06 S f  0.0 H t 72 M 000
LEU U0159_ R f 06 S f  0.0 H t 72 M 000
ASP U0160_ R f 06 S f  0.0 H t 72 M 000
ASP U0161_ R f 06 S f  0.0 H t 72 M 000
ILE U0162_ R f 06 S f  0.0 H t 72 M 000
GLU U0163_ R f 06 S f  0.0 H t 72 M 000
SER U0164_ R f 06 S f  0.0 H t 72 M 000
LYS U0165_ R f 06 S f  0.0 H t 72 M 000
ASP U0166_ R f 06 S f  0.0 H t 72 M 000
ALA U0167_ R f 06 S f  0.0 H t 72 M 000
ILE U0168_ R f 06 S f  0.0 H t 72 M 000
PRO U0169_ R f 06 S f  0.0 H t 72 M 000
ASN U0170_ R f 06 S f  0.0 H t 72 M 000
PHE U0171_ R f 06 S f  0.0 H t 72 M 000
LEU U0172_ R f 06 S f  0.0 H t 72 M 000
GLN U0173_ R f 06 S f  0.0 H t 72 M 000
LYS U0174_ R f 06 S f  0.0 H t 72 M 000
LYS U0175_ R f 06 S f  0.0 H t 72 M 000
THR U0176_ R f 06 S f  0.0 H t 72 M 000
GLY U0177_ R f 06 S f  0.0 H t 72 M 000
ARG U0178_ R f 06 S f  0.0 H t 72 M 000
LYS U0179_ R f 06 S f  0.0 H t 72 M 000
ASP U0180_ R f 06 S f  0.0 H t 72 M 000
PRO U0181_ R f 06 S f  0.0 H t 72 M 000
LEU U0182_ R f 06 S f  0.0 H t 72 M 000
LEU U0183_ R f 06 S f  0.0 H t 72 M 000
PHE U0184_ R f 06 S f  0.0 H t 72 M 000
SER U0185_ R f 06 S f  0.0 H t 72 M 000
ILE U0186_ R f 06 S f  0.0 H t 72 M 000
LEU U0187_ R f 06 S f  0.0 H t 72 M 000
ARG U0188_ R f 06 S f  0.0 H t 72 M 000
GLU U0189_ R f 06 S f  0.0 H t 72 M 000
ILE U0190_ R f 06 S f  0.0 H t 72 M 000
LEU U0191_ R f 06 S f  0.0 H t 72 M 000
ASN U0192_ R f 06 S f  0.0 H t 72 M 000
TYR U0193_ R f 06 S f  0.0 H t 72 M 000
LYS U0194_ R f 06 S f  0.0 H t 72 M 000
PHE U0195_ R f 06 S f  0.0 H t 72 M 000
LYS U0196_ R f 06 S f  0.0 H t 72 M 000
LEU U0197_ R f 06 S f  0.0 H t 72 M 000
GLY U0198_ R f 06 S f  0.0 H t 72 M 000
PHE U0199_ R f 06 S f  0.0 H t 72 M 000
THR U0200_ R f 06 S f  0.0 H t 72 M 000
THR U0201_ R f 06 S f  0.0 H t 72 M 000
THR U0202_ R f 06 S f  0.0 H t 72 M 000
ILE U0203_ R f 06 S f  0.0 H t 72 M 000
ALA U0204_ R f 06 S f  0.0 H t 72 M 000
THR U0205_ R f 06 S f  0.0 H t 72 M 000
ALA U0206_ R f 06 S f  0.0 H t 72 M 000
PHE U0207_ R f 06 S f  0.0 H t 72 M 000
ILE U0208_ R f 06 S f  0.0 H t 72 M 000
LYS U0209_ R f 06 S f  0.0 H t 72 M 000
LYS U0210_ R f 06 S f  0.0 H t 72 M 000
PHE U0211_ R f 06 S f  0.0 H t 72 M 000
ALA U0212_ R f 06 S f  0.0 H t 72 M 000
PRO U0213_ R f 06 S f  0.0 H t 72 M 000
LEU U0214_ R f 06 S f  0.0 H t 72 M 000
PHE U0215_ R f 06 S f  0.0 H t 72 M 000
ARG U0216_ R f 06 S f  0.0 H t 72 M 000
ASP U0217_ R f 06 S f  0.0 H t 72 M 000
ASP U0218_ R f 06 S f  0.0 H t 72 M 000
ASP U0219_ R f 06 S f  0.0 H t 72 M 000
ASN U0220_ R f 06 S f  0.0 H t 72 M 000
SER U0221_ R f 06 S f  0.0 H t 72 M 000
TRP U0222_ R f 06 S f  0.0 H t 72 M 000
ASP U0223_ R f 06 S f  0.0 H t 72 M 000
ASP U0224_ R f 06 S f  0.0 H t 72 M 000
LEU U0225_ R f 06 S f  0.0 H t 72 M 000
ILE U0226_ R f 06 S f  0.0 H t 72 M 000
TYR U0227_ R f 06 S f  0.0 H t 72 M 000
ASP U0228_ R f 06 S f  0.0 H t 72 M 000
SER U0229_ R f 06 S f  0.0 H t 72 M 000
LYS U0230_ R f 06 S f  0.0 H t 72 M 000
LEU U0231_ R f 06 S f  0.0 H t 72 M 000
LYS U0232_ R f 06 S f  0.0 H t 72 M 000
GLY U0233_ R f 06 S f  0.0 H t 72 M 000
ALA U0234_ R f 06 S f  0.0 H t 72 M 000
LEU U0235_ R f 06 S f  0.0 H t 72 M 000
GLN U0236_ R f 06 S f  0.0 H t 72 M 000
SER U0237_ R f 06 S f  0.0 H t 72 M 000
LEU U0238_ R f 06 S f  0.0 H t 72 M 000
PHE U0239_ R f 06 S f  0.0 H t 72 M 000
LYS U0240_ R f 06 S f  0.0 H t 72 M 000
ASN U0241_ R f 06 S f  0.0 H t 72 M 000
PHE U0242_ R f 06 S f  0.0 H t 72 M 000
ILE U0243_ R f 06 S f  0.0 H t 72 M 000
ASP U0244_ R f 06 S f  0.0 H t 72 M 000
ALA U0245_ R f 06 S f  0.0 H t 72 M 000
THR U0246_ R f 06 S f  0.0 H t 72 M 000
PHE U0247_ R f 06 S f  0.0 H t 72 M 000
ALA U0248_ R f 06 S f  0.0 H t 72 M 000
ARG U0249_ R f 06 S f  0.0 H t 72 M 000
ALA U0250_ R f 06 S f  0.0 H t 72 M 000
THR U0251_ R f 06 S f  0.0 H t 72 M 000
GLU U0252_ R f 06 S f  0.0 H t 72 M 000
LEU U0253_ R f 06 S f  0.0 H t 72 M 000
HIS U0254_ R f 06 S f  0.0 H t 72 M 000
LYS U0255_ R f 06 S f  0.0 H t 72 M 000
LYS U0256_ R f 06 S f  0.0 H t 72 M 000
VAL U0257_ R f 06 S f  0.0 H t 72 M 000
ASN U0258_ R f 06 S f  0.0 H t 72 M 000
LYS U0259_ R f 06 S f  0.0 H t 72 M 000
LEU U0260_ R f 06 S f  0.0 H t 72 M 000
GLN U0261_ R f 06 S f  0.0 H t 72 M 000
ARG U0262_ R f 06 S f  0.0 H t 72 M 000
GLU U0263_ R f 06 S f  0.0 H t 72 M 000
HIS U0264_ R f 06 S f  0.0 H t 72 M 000
GLN U0265_ R f 06 S f  0.0 H t 72 M 000
LYS U0266_ R f 06 S f  0.0 H t 72 M 000
CYS U0267_ R f 06 S f  0.0 H t 72 M 000
GLN U0268_ R f 06 S f  0.0 H t 72 M 000
ILE U0269_ R f 06 S f  0.0 H t 72 M 000
ARG U0270_ R f 06 S f  0.0 H t 72 M 000
THR U0271_ R f 06 S f  0.0 H t 72 M 000
GLY U0272_ R f 06 S f  0.0 H t 72 M 000
LYS U0273_ R f 06 S f  0.0 H t 72 M 000
LEU U0274_ R f 06 S f  0.0 H t 72 M 000
ARG U0275_ R f 06 S f  0.0 H t 72 M 000
ASP U0276_ R f 06 S f  0.0 H t 72 M 000
GLU U0277_ R f 06 S f  0.0 H t 72 M 000
TYR U0278_ R f 06 S f  0.0 H t 72 M 000
VAL U0279_ R f 06 S f  0.0 H t 72 M 000
GLU U0280_ R f 06 S f  0.0 H t 72 M 000
GLU U0281_ R f 06 S f  0.0 H t 72 M 000
TYR U0282_ R f 06 S f  0.0 H t 72 M 000
ASP U0283_ R f 06 S f  0.0 H t 72 M 000
LYS U0284_ R f 06 S f  0.0 H t 72 M 000
LEU U0285_ R f 06 S f  0.0 H t 72 M 000
LEU U0286_ R f 06 S f  0.0 H t 72 M 000
PRO U0287_ R f 06 S f  0.0 H t 72 M 000
ILE U0288_ R f 06 S f  0.0 H t 72 M 000
PHE U0289_ R f 06 S f  0.0 H t 72 M 000
ILE U0290_ R f 06 S f  0.0 H t 72 M 000
ARG U0291_ R f 06 S f  0.0 H t 72 M 000
PHE U0292_ R f 06 S f  0.0 H t 72 M 000
LYS U0293_ R f 06 S f  0.0 H t 72 M 000
THR U0294_ R f 06 S f  0.0 H t 72 M 000
SER U0295_ R f 06 S f  0.0 H t 72 M 000
ALA U0296_ R f 06 S f  0.0 H t 72 M 000
ILE U0297_ R f 06 S f  0.0 H t 72 M 000
THR U0298_ R f 06 S f  0.0 H t 72 M 000
LEU U0299_ R f 06 S f  0.0 H t 72 M 000
GLY U0300_ R f 06 S f  0.0 H t 72 M 000
GLU U0301_ R f 06 S f  0.0 H t 72 M 000
PHE U0302_ R f 06 S f  0.0 H t 72 M 000
PHE U0303_ R f 06 S f  0.0 H t 72 M 000
LYS U0304_ R f 06 S f  0.0 H t 72 M 000
LEU U0305_ R f 06 S f  0.0 H t 72 M 000
GLU U0306_ R f 06 S f  0.0 H t 72 M 000
ILE U0307_ R f 06 S f  0.0 H t 72 M 000
PRO U0308_ R f 06 S f  0.0 H t 72 M 000
GLU U0309_ R f 06 S f  0.0 H t 72 M 000
LEU U0310_ R f 06 S f  0.0 H t 72 M 000
HIS U0311_ R f 06 S f  0.0 H t 72 M 000
HIS U0312_ R f 06 S f  0.0 H t 72 M 000
HIS U0313_ R f 06 S f  0.0 H t 72 M 000
HIS U0314_ R f 06 S f  0.0 H t 72 M 000
HIS U0315_ R f 06 S f  0.0 H t 72 M 000
CTR U0315_ R f 06 S f  0.0 H t 72 M 000
_CL U0401_ R f 06 S f  0.0 H t 72 M 000
