CONFORMER         crg  vdw0  vdw1  tors  epol  self   occ  Hb     history    ASA
NTR01U0001_001  0.000 -2.16 -0.62  0.00  0.00 -2.78 1.000  00  01O000M000  0.217
NTR+1U0001_002  1.000 -2.16 -0.68  0.00  0.00 -2.84 1.000  00  +1O000M000  0.217
MET01U0001_001  0.000  5.46 -3.83  2.81  0.00  4.45 1.000  00  01O000M000  0.016
ASP01U0002_001  0.000 -2.52 -1.62  3.43  0.00 -0.72 1.000  00  01O000M000  0.628
ASP01U0002_002  0.000 -2.52 -1.62  0.71  0.00 -3.44 1.000  00  01O000M000  0.628
ASP02U0002_003  0.000 -2.42 -0.76  3.43  0.00  0.25 1.000  00  02O000M000  0.600
ASP02U0002_004  0.000 -2.42 -0.76  0.71  0.00 -2.47 1.000  00  02O000M000  0.600
ASP-1U0002_005 -1.000 -2.47 -1.54  0.71  0.00 -3.30 1.000  00  -1O000M000  0.617
ASP01U0003_001  0.000 -1.52 -0.34  3.06  0.00  1.21 1.000  00  01O000M000  0.346
ASP01U0003_002  0.000 -1.52 -0.34  0.34  0.00 -1.51 1.000  00  01O000M000  0.346
ASP02U0003_003  0.000 -1.46 -0.81  3.06  0.00  0.79 1.000  00  02O000M000  0.363
ASP02U0003_004  0.000 -1.46 -0.81  0.34  0.00 -1.93 1.000  00  02O000M000  0.363
ASP-1U0003_005 -1.000 -1.47 -0.76  0.34  0.00 -1.89 1.000  00  -1O000M000  0.349
ARG01U0005_001  0.000 -3.44 -2.40  0.45  0.00 -5.40 1.000  00  01O000M000  0.309
ARG02U0005_002  0.000 -3.48 -2.41  0.45  0.00 -5.44 1.000  00  02O000M000  0.309
ARG02U0005_003  0.000 -3.42 -2.40  0.45  0.00 -5.37 1.000  00  02O000M000  0.309
ARG03U0005_004  0.000 -3.48 -2.41  0.45  0.00 -5.45 1.000  00  03O000M000  0.309
ARG03U0005_005  0.000 -3.48 -2.41  0.45  0.00 -5.44 1.000  00  03O000M000  0.309
ARG+1U0005_006  1.000 -3.52 -2.42  0.45  0.00 -5.49 1.000  00  +1O000M000  0.309
LYS01U0006_001  0.000  2.82 -4.84  2.43  0.00  0.40 1.000  00  01O000M000  0.046
LYS+1U0006_002  1.000  2.72 -4.86  2.43  0.00  0.29 1.000  00  +1O000M000  0.046
LYS01U0007_001  0.000 -1.89 -4.47  4.35  0.00 -2.01 1.000  00  01O000M000  0.337
LYS+1U0007_002  1.000 -1.94 -4.49  4.35  0.00 -2.09 1.000  00  +1O000M000  0.337
GLU01U0008_001  0.000 -0.60 -2.02  3.36  0.00  0.74 1.000  00  01O000M000  0.617
GLU01U0008_002  0.000 -0.60 -2.02  0.64  0.00 -1.98 1.000  00  01O000M000  0.617
GLU02U0008_003  0.000 -1.10 -2.02  3.36  0.00  0.24 1.000  00  02O000M000  0.636
GLU02U0008_004  0.000 -1.10 -2.02  0.64  0.00 -2.48 1.000  00  02O000M000  0.636
GLU-1U0008_005 -1.000 -1.06 -1.97  0.64  0.00 -2.39 1.000  00  -1O000M000  0.623
LEU01U0009_001  0.000  1.52 -4.23  0.81  0.00 -1.90 1.000  00  01O000M000  0.019
HIS01U0010_001  0.000 -1.59-10.78  0.33  0.00-12.03 0.754  00  01O000M000  0.123
HIS01U0010_002  0.000 -1.47-11.18  0.33  0.00-12.32 0.746  00  01R001M000  0.117
HIS02U0010_003  0.000 -1.61-10.77  0.33  0.00-12.04 0.754  00  02O000M000  0.123
HIS02U0010_004  0.000 -1.49-11.37  0.33  0.00-12.52 0.746  00  02R001M000  0.117
HIS+1U0010_005  1.000 -1.63-10.87  0.33  0.00-12.17 0.754  00  +1O000M000  0.123
HIS+1U0010_006  1.000 -1.51-11.40  0.33  0.00-12.58 0.746  00  +1R001M000  0.117
ASP01U0011_001  0.000 -2.31 -1.20  2.96  0.00 -0.55 1.000  00  01O000M000  0.554
ASP01U0011_002  0.000 -2.31 -1.20  0.24  0.00 -3.27 1.000  00  01O000M000  0.554
ASP02U0011_003  0.000 -2.33 -1.71  2.96  0.00 -1.09 1.000  00  02O000M000  0.571
ASP02U0011_004  0.000 -2.33 -1.71  0.24  0.00 -3.81 1.000  00  02O000M000  0.571
ASP-1U0011_005 -1.000 -2.27 -1.66  0.24  0.00 -3.69 1.000  00  -1O000M000  0.564
LEU01U0012_001  0.000 -1.08 -3.80  0.58  0.00 -4.30 1.000  00  01O000M000  0.243
ASN01U0013_001  0.000  0.24 -5.12  0.48  0.00 -4.40 0.747  00  01O000M000  0.000
ASN01U0013_002  0.000  0.07 -5.19  0.48  0.00 -4.64 0.753  00  01R001M000  0.000
THR01U0014_001  0.000 -2.05 -0.65  0.41  0.00 -2.29 0.666  00  01O000M000  0.269
THR01U0014_002  0.000 -2.05 -0.65  0.41  0.00 -2.29 0.666  00  01O000M000  0.269
THR01U0014_003  0.000 -2.05 -0.65  0.04  0.00 -2.66 0.666  00  01O000M000  0.269
ARG01U0015_001  0.000 -1.87 -2.37  1.18  0.00 -3.06 1.000  00  01O000M000  0.344
ARG02U0015_002  0.000 -1.90 -2.39  1.18  0.00 -3.11 1.000  00  02O000M000  0.344
ARG02U0015_003  0.000 -1.88 -2.39  1.18  0.00 -3.10 1.000  00  02O000M000  0.344
ARG03U0015_004  0.000 -1.91 -2.39  1.18  0.00 -3.12 1.000  00  03O000M000  0.344
ARG+1U0015_005  1.000 -1.95 -2.41  1.18  0.00 -3.18 1.000  00  +1O000M000  0.344
ALA01U0016_001  0.000  0.00 -3.28  0.00  0.00 -3.28 1.000  00  01O000M000  0.000
TRP01U0017_001  0.000  1.87-10.76  1.51  0.00 -7.37 1.000  00  01O000M000  0.046
ASN01U0018_001  0.000 -2.32 -1.64  0.75  0.00 -3.21 0.752  00  01O000M000  0.541
ASN01U0018_002  0.000 -2.50 -0.52  0.75  0.00 -2.27 0.748  00  01R001M000  0.549
GLU01U0020_001  0.000  0.86 -3.73  3.27  0.00  0.40 1.000  00  01O000M000  0.503
GLU01U0020_002  0.000  0.86 -3.73  0.55  0.00 -2.32 1.000  00  01O000M000  0.503
GLU02U0020_003  0.000  1.73 -3.74  3.27  0.00  1.27 1.000  00  02O000M000  0.486
GLU02U0020_004  0.000  1.73 -3.74  0.55  0.00 -1.45 1.000  00  02O000M000  0.486
GLU-1U0020_005 -1.000  0.88 -3.68  0.55  0.00 -2.24 1.000  00  -1O000M000  0.497
GLU01U0021_001  0.000 -0.74 -0.16  3.58  0.00  2.68 1.000  00  01O000M000  0.529
GLU01U0021_002  0.000 -0.74 -0.16  0.86  0.00 -0.04 1.000  00  01O000M000  0.529
GLU02U0021_003  0.000 -1.17 -0.24  3.58  0.00  2.17 1.000  00  02O000M000  0.543
GLU02U0021_004  0.000 -1.17 -0.24  0.86  0.00 -0.55 1.000  00  02O000M000  0.543
GLU-1U0021_005 -1.000 -1.19 -0.18  0.86  0.00 -0.50 1.000  00  -1O000M000  0.544
VAL01U0022_001  0.000  0.66  2.90  1.05  0.00  4.61 1.000  00  01O000M000  0.000
PHE01U0023_001  0.000  3.78 -7.77  0.77  0.00 -3.22 1.000  00  01O000M000  0.051
PRO01U0024_001  0.000 -6.91  2.52  0.00  0.00 -4.39 1.000  00  01O000M000  0.663
CTR01U0024_001  0.000 -2.57 -0.73  2.72  0.00 -0.58 1.000  00  01O000M000  0.241
CTR01U0024_002  0.000 -2.44 -1.14  0.00  0.00 -3.58 1.000  00  01O000M000  0.240
CTR02U0024_003  0.000 -2.78 -1.00  2.72  0.00 -1.06 1.000  00  02O000M000  0.259
CTR02U0024_004  0.000 -2.47 -1.09  0.00  0.00 -3.56 1.000  00  02O000M000  0.236
CTR-1U0024_005 -1.000 -2.55 -1.01  0.00  0.00 -3.56 1.000  00  -1O000M000  0.241
NTR01U0029_001  0.000 -3.74  0.10  0.00  0.00 -3.64 1.000  00  01O000M000  0.381
NTR+1U0029_002  1.000 -3.74  0.04  0.00  0.00 -3.70 1.000  00  +1O000M000  0.381
LYS01U0029_001  0.000 -8.38 -1.76  4.22  0.00 -5.92 1.000  00  01O000M000  0.739
LYS+1U0029_002  1.000 -8.43 -1.77  4.22  0.00 -5.98 1.000  00  +1O000M000  0.739
LEU01U0030_001  0.000 -3.27 -4.82  0.54  0.00 -7.56 1.000  00  01O000M000  0.419
ASP01U0031_001  0.000 -1.53 -0.13  2.86  0.00  1.19 1.000  00  01O000M000  0.371
ASP01U0031_002  0.000 -1.53 -0.13  0.14  0.00 -1.53 1.000  00  01O000M000  0.371
ASP02U0031_003  0.000 -1.41 -1.04  2.86  0.00  0.40 1.000  00  02O000M000  0.366
ASP02U0031_004  0.000 -1.41 -1.04  0.14  0.00 -2.32 1.000  00  02O000M000  0.366
ASP-1U0031_005 -1.000 -1.44 -0.97  0.14  0.00 -2.28 1.000  00  -1O000M000  0.370
SER01U0032_001  0.000 -1.81 -0.80  0.42  0.00 -2.19 0.670  00  01O000M000  0.318
SER01U0032_002  0.000 -1.81 -0.80  0.42  0.00 -2.19 0.670  00  01O000M000  0.318
SER01U0032_003  0.000 -1.81 -0.80  0.05  0.00 -2.56 0.670  00  01O000M000  0.318
SER01U0033_001  0.000 -2.66 -1.55  0.58  0.00 -3.63 0.668  00  01O000M000  0.448
SER01U0033_002  0.000 -2.66 -1.55  0.58  0.00 -3.63 0.668  00  01O000M000  0.448
SER01U0033_003  0.000 -2.66 -1.55  0.21  0.00 -4.00 0.668  00  01O000M000  0.448
ILE01U0034_001  0.000 -6.14  2.85  0.46  0.00 -2.83 1.000  00  01O000M000  0.655
LYS01U0035_001  0.000 -9.57 -1.42  1.46  0.00 -9.52 1.000  00  01O000M000  0.899
LYS+1U0035_002  1.000 -9.61 -1.42  1.46  0.00 -9.57 1.000  00  +1O000M000  0.899
ARG01U0036_001  0.000 -1.03 -3.31  0.95  0.00 -3.39 1.000  00  01O000M000  0.193
ARG02U0036_002  0.000 -1.04 -3.31  0.95  0.00 -3.41 1.000  00  02O000M000  0.193
ARG02U0036_003  0.000 -0.96 -3.31  0.95  0.00 -3.32 1.000  00  02O000M000  0.193
ARG03U0036_004  0.000 -1.05 -3.30  0.95  0.00 -3.40 1.000  00  03O000M000  0.193
ARG03U0036_005  0.000 -1.05 -3.28  0.95  0.00 -3.38 1.000  00  03O000M000  0.193
ARG+1U0036_006  1.000 -1.09 -3.33  0.95  0.00 -3.47 1.000  00  +1O000M000  0.193
ASN01U0037_001  0.000  0.47 -4.41  0.85  0.00 -3.09 1.000  00  01O000M000  0.000
THR01U0038_001  0.000 -2.31 -1.16  0.42  0.00 -3.05 0.672  00  01O000M000  0.289
THR01U0038_002  0.000 -2.31 -1.16  0.05  0.00 -3.43 0.672  00  01O000M000  0.289
PHE01U0040_001  0.000  4.63 -6.36  0.02  0.00 -1.72 1.000  00  01O000M000  0.000
ILE01U0041_001  0.000  2.72 -0.42  0.48  0.00  2.77 1.000  00  01O000M000  0.023
LYS01U0042_001  0.000 -7.22 -3.63  2.68  0.00 -8.18 1.000  00  01O000M000  0.689
LYS+1U0042_002  1.000 -7.27 -3.64  2.68  0.00 -8.23 1.000  00  +1O000M000  0.689
LYS01U0043_001  0.000 -2.01 -4.62  4.06  0.00 -2.57 1.000  00  01O000M000  0.274
LYS+1U0043_002  1.000 -2.06 -4.64  4.06  0.00 -2.64 1.000  00  +1O000M000  0.274
LEU01U0044_001  0.000  1.64 -4.15  0.88  0.00 -1.63 1.000  00  01O000M000  0.000
LYS01U0045_001  0.000 -5.46 -2.61  3.99  0.00 -4.08 1.000  00  01O000M000  0.507
LYS+1U0045_002  1.000 -5.51 -2.62  3.99  0.00 -4.13 1.000  00  +1O000M000  0.507
LYS01U0046_001  0.000 -4.18  3.18  4.30  0.00  3.30 1.000  00  01O000M000  0.505
LYS+1U0046_002  1.000 -4.23  3.17  4.30  0.00  3.24 1.000  00  +1O000M000  0.505
PHE01U0048_001  0.000  4.04 -4.54  0.00  0.00 -0.49 1.000  00  01O000M000  0.000
VAL01U0049_001  0.000 -2.05 -0.31  0.00  0.00 -2.36 1.000  00  01O000M000  0.256
LYS01U0050_001  0.000 -4.14 -2.32  2.94  0.00 -3.52 1.000  00  01O000M000  0.558
LYS+1U0050_002  1.000 -4.22 -2.33  2.94  0.00 -3.61 1.000  00  +1O000M000  0.558
SER01U0052_001  0.000  0.00 -1.38  0.59  0.00 -0.78 0.666  00  01O000M000  0.000
SER01U0052_002  0.000  0.00 -1.38  0.22  0.00 -1.16 0.666  00  01O000M000  0.000
GLU01U0053_001  0.000  2.39  8.90  7.56  0.00 18.85 1.000  00  01O000M000  0.271
GLU01U0053_002  0.000  2.39  8.90  4.84  0.00 16.13 1.000  00  01O000M000  0.271
GLU02U0053_003  0.000  1.81  8.89  7.56  0.00 18.26 1.000  00  02O000M000  0.254
GLU02U0053_004  0.000  1.81  8.89  4.84  0.00 15.54 1.000  00  02O000M000  0.254
GLU-1U0053_005 -1.000  1.74  8.99  4.84  0.00 15.57 1.000  00  -1O000M000  0.256
SER01U0054_001  0.000 -4.66 -0.56  3.17  0.00 -2.05 0.666  00  01O000M000  0.755
SER01U0054_002  0.000 -4.66 -0.56  3.17  0.00 -2.05 0.666  00  01O000M000  0.755
SER01U0055_001  0.000 -2.09 -0.85  0.65  0.00 -2.29 0.661  00  01O000M000  0.350
SER01U0055_002  0.000 -2.09 -0.85  0.65  0.00 -2.29 0.661  00  01O000M000  0.350
SER01U0055_003  0.000 -2.09 -0.85  0.27  0.00 -2.67 0.661  00  01O000M000  0.350
LEU01U0056_001  0.000  2.18 -5.59  0.99  0.00 -2.42 1.000  00  01O000M000  0.000
LEU01U0057_001  0.000 -1.28 -1.47  0.75  0.00 -2.01 1.000  00  01O000M000  0.229
LYS01U0058_001  0.000 -4.56 -3.27  4.02  0.00 -3.81 1.000  00  01O000M000  0.548
LYS+1U0058_002  1.000 -4.62 -3.28  4.02  0.00 -3.89 1.000  00  +1O000M000  0.548
ASP01U0059_001  0.000 -0.04 -3.98  3.72  0.00 -0.30 1.000  00  01O000M000  0.088
ASP01U0059_002  0.000 -0.04 -3.98  1.00  0.00 -3.02 1.000  00  01O000M000  0.088
ASP02U0059_003  0.000  0.08 -3.95  3.72  0.00 -0.15 1.000  00  02O000M000  0.077
ASP02U0059_004  0.000  0.08 -3.95  1.00  0.00 -2.87 1.000  00  02O000M000  0.077
ASP-1U0059_005 -1.000 -0.03 -3.98  1.00  0.00 -3.01 1.000  00  -1O000M000  0.078
LEU01U0060_001  0.000  1.85 -4.79  1.21  0.00 -1.73 1.000  00  01O000M000  0.000
SER01U0061_001  0.000 -1.43 -1.17  0.91  0.00 -1.68 0.664  00  01O000M000  0.251
GLU01U0062_001  0.000 -0.25 -3.74  3.24  0.00 -0.75 1.000  00  01O000M000  0.539
GLU01U0062_002  0.000 -0.25 -3.74  0.52  0.00 -3.47 1.000  00  01O000M000  0.539
GLU02U0062_003  0.000 -0.73 -3.71  3.24  0.00 -1.20 1.000  00  02O000M000  0.547
GLU02U0062_004  0.000 -0.73 -3.71  0.52  0.00 -3.92 1.000  00  02O000M000  0.547
GLU-1U0062_005 -1.000 -0.70 -3.67  0.52  0.00 -3.86 1.000  00  -1O000M000  0.542
ALA01U0063_001  0.000  0.00 -1.61  0.00  0.00 -1.61 1.000  00  01O000M000  0.000
SER01U0064_001  0.000 -0.96 -1.39  0.69  0.00 -1.67 0.665  00  01O000M000  0.158
SER01U0064_002  0.000 -0.96 -1.39  0.69  0.00 -1.67 0.665  00  01O000M000  0.158
LEU01U0065_001  0.000  2.25 -4.29  0.56  0.00 -1.47 1.000  00  01O000M000  0.000
GLU01U0066_001  0.000 -0.66 -1.66  4.18  0.00  1.87 1.000  00  01O000M000  0.394
GLU01U0066_002  0.000 -0.66 -1.66  1.46  0.00 -0.85 1.000  00  01O000M000  0.394
GLU02U0066_003  0.000 -0.40 -1.65  4.18  0.00  2.13 1.000  00  02O000M000  0.393
GLU02U0066_004  0.000 -0.40 -1.65  1.46  0.00 -0.59 1.000  00  02O000M000  0.393
GLU-1U0066_005 -1.000 -0.67 -1.61  1.46  0.00 -0.81 1.000  00  -1O000M000  0.391
LYS01U0067_001  0.000  5.33 10.43  4.22  0.00 19.98 1.000  00  01O000M000  0.430
LYS+1U0067_002  1.000  5.66 14.12  4.22  0.00 24.01 1.000  00  +1O000M000  0.430
TYR01U0068_001  0.000  2.75 -4.52  1.26  0.00 -0.51 1.000  00  01O000M000  0.115
TYR-1U0068_002 -1.000  2.75 -4.52  1.26  0.00 -0.51 1.000  00  -1O000M000  0.115
LEU01U0069_001  0.000  0.56 -2.56  0.46  0.00 -1.54 1.000  00  01O000M000  0.101
SER01U0070_001  0.000 -4.94 -0.29  0.63  0.00 -4.60 0.666  00  01O000M000  0.832
GLU01U0071_001  0.000  0.88 -1.74  3.60  0.00  2.74 1.000  00  01O000M000  0.444
GLU01U0071_002  0.000  0.88 -1.74  0.88  0.00  0.02 1.000  00  01O000M000  0.444
GLU02U0071_003  0.000  0.28 -1.73  3.60  0.00  2.15 1.000  00  02O000M000  0.461
GLU02U0071_004  0.000  0.28 -1.73  0.88  0.00 -0.57 1.000  00  02O000M000  0.461
GLU-1U0071_005 -1.000  0.36 -1.70  0.88  0.00 -0.46 1.000  00  -1O000M000  0.442
ILE01U0072_001  0.000  3.56  0.28  0.66  0.00  4.50 1.000  00  01O000M000  0.000
ILE01U0073_001  0.000  0.68 -3.32  0.63  0.00 -2.01 1.000  00  01O000M000  0.087
VAL01U0074_001  0.000 -5.86  0.46  0.06  0.00 -5.33 1.000  00  01O000M000  0.635
THR01U0075_001  0.000  0.07 -1.44  0.38  0.00 -1.00 0.666  00  01O000M000  0.014
THR01U0075_002  0.000  0.07 -1.44  0.38  0.00 -1.00 0.666  00  01O000M000  0.014
THR01U0075_003  0.000  0.07 -1.44  0.00  0.00 -1.37 0.666  00  01O000M000  0.014
VAL01U0076_001  0.000  0.63  1.18  1.37  0.00  3.18 1.000  00  01O000M000  0.000
THR01U0077_001  0.000 -0.72 -0.38  0.38  0.00 -0.72 0.666  00  01O000M000  0.108
THR01U0077_002  0.000 -0.72 -0.38  0.38  0.00 -0.72 0.666  00  01O000M000  0.108
GLU01U0078_001  0.000 -1.76 -1.67  6.66  0.00  3.23 1.000  00  01O000M000  0.625
GLU01U0078_002  0.000 -1.76 -1.67  3.94  0.00  0.51 1.000  00  01O000M000  0.625
GLU02U0078_003  0.000 -1.63 -1.69  6.66  0.00  3.34 1.000  00  02O000M000  0.630
GLU02U0078_004  0.000 -1.63 -1.69  3.94  0.00  0.62 1.000  00  02O000M000  0.630
GLU-1U0078_005 -1.000 -1.77 -1.65  3.94  0.00  0.52 1.000  00  -1O000M000  0.629
CYS01U0079_001  0.000 -0.22 -4.36  0.04  0.00 -4.54 1.000  00  01O000M000  0.029
CYS01U0079_002  0.000 -0.22 -4.41  0.04  0.00 -4.59 1.000  00  01O000M000  0.029
CYS01U0079_003  0.000 -0.22 -4.42  0.04  0.00 -4.59 1.000  00  01O000M000  0.029
CYS-1U0079_004 -1.000 -0.21 -4.26  0.04  0.00 -4.43 1.000  00  -1O000M000  0.029
LEU01U0080_001  0.000  1.75  5.35  1.93  0.00  9.03 1.000  00  01O000M000  0.000
LEU01U0081_001  0.000 -0.20 -4.19  0.59  0.00 -3.79 1.000  00  01O000M000  0.173
ASN01U0082_001  0.000 -2.13 -1.41  0.72  0.00 -2.82 1.000  00  01O000M000  0.551
VAL01U0083_001  0.000  0.60 -1.00  0.02  0.00 -0.38 1.000  00  01O000M000  0.005
LEU01U0084_001  0.000 -4.30 -1.10  0.62  0.00 -4.78 1.000  00  01O000M000  0.513
ASN01U0085_001  0.000 -1.74  0.65  0.26  0.00 -0.83 0.751  00  01O000M000  0.430
ASN01U0085_002  0.000 -1.81  1.74  0.26  0.00  0.20 0.749  00  01R001M000  0.395
LYS01U0086_001  0.000 -4.95 -2.77  1.87  0.00 -5.86 1.000  00  01O000M000  0.546
LYS+1U0086_002  1.000 -5.02 -2.78  1.87  0.00 -5.93 1.000  00  +1O000M000  0.546
ASN01U0087_001  0.000 -2.12 -0.54  0.49  0.00 -2.17 1.000  00  01O000M000  0.512
ASP01U0088_001  0.000 -1.88 -1.12  3.83  0.00  0.83 1.000  00  01O000M000  0.508
ASP01U0088_002  0.000 -1.88 -1.12  1.11  0.00 -1.89 1.000  00  01O000M000  0.508
ASP02U0088_003  0.000 -2.08 -0.84  3.83  0.00  0.91 1.000  00  02O000M000  0.519
ASP02U0088_004  0.000 -2.08 -0.84  1.11  0.00 -1.81 1.000  00  02O000M000  0.519
ASP-1U0088_005 -1.000 -2.06 -1.08  1.11  0.00 -2.03 1.000  00  -1O000M000  0.520
ASP01U0089_001  0.000 -0.37 -2.30  2.93  0.00  0.26 1.000  00  01O000M000  0.094
ASP01U0089_002  0.000 -0.37 -2.30  0.21  0.00 -2.46 1.000  00  01O000M000  0.094
ASP02U0089_003  0.000 -0.26 -3.16  2.93  0.00 -0.50 1.000  00  02O000M000  0.086
ASP02U0089_004  0.000 -0.26 -3.16  0.21  0.00 -3.22 1.000  00  02O000M000  0.086
ASP-1U0089_005 -1.000 -0.32 -3.06  0.21  0.00 -3.17 1.000  00  -1O000M000  0.088
VAL01U0090_001  0.000  0.68 -2.22  0.08  0.00 -1.46 1.000  00  01O000M000  0.000
ILE01U0091_001  0.000 -0.39  2.57  1.69  0.00  3.87 1.000  00  01O000M000  0.199
ALA01U0092_001  0.000  0.00 -3.13  0.00  0.00 -3.13 1.000  00  01O000M000  0.000
ALA01U0093_001  0.000  0.00 -1.73  0.00  0.00 -1.73 1.000  00  01O000M000  0.000
VAL01U0094_001  0.000  0.54  0.29  0.19  0.00  1.02 1.000  00  01O000M000  0.000
GLU01U0095_001  0.000  2.00 -3.33  3.85  0.00  2.52 1.000  00  01O000M000  0.166
GLU01U0095_002  0.000  2.00 -3.33  1.13  0.00 -0.20 1.000  00  01O000M000  0.166
GLU02U0095_003  0.000  1.40 -3.37  3.85  0.00  1.89 1.000  00  02O000M000  0.176
GLU02U0095_004  0.000  1.40 -3.37  1.13  0.00 -0.83 1.000  00  02O000M000  0.176
GLU-1U0095_005 -1.000  1.40 -3.33  1.13  0.00 -0.80 1.000  00  -1O000M000  0.166
ILE01U0096_001  0.000  1.59 -2.73  0.55  0.00 -0.60 1.000  00  01O000M000  0.000
ILE01U0097_001  0.000  2.54  3.44  0.45  0.00  6.43 1.000  00  01O000M000  0.000
SER01U0098_001  0.000  0.00 -2.25  0.49  0.00 -1.77 0.664  00  01O000M000  0.000
SER01U0098_002  0.000  0.00 -2.25  0.49  0.00 -1.77 0.664  00  01O000M000  0.000
LEU01U0100_001  0.000  2.02 -3.74  1.16  0.00 -0.55 1.000  00  01O000M000  0.000
HIS01U0101_001  0.000 -0.18 -9.69  0.22  0.00 -9.64 1.000  00  01O000M000  0.000
HIS02U0101_002  0.000 -0.20 -9.76  0.22  0.00 -9.73 1.000  00  02O000M000  0.000
HIS+1U0101_003  1.000 -0.22 -9.78  0.22  0.00 -9.78 1.000  00  +1O000M000  0.000
GLN01U0102_001  0.000  1.26 -6.43  1.21  0.00 -3.96 0.753  00  01O000M000  0.044
GLN01U0102_002  0.000  1.98 -6.38  1.21  0.00 -3.19 0.747  00  01R001M000  0.050
ARG01U0103_001  0.000  1.40 16.44  2.14  0.00 19.98 1.000  00  01O000M000  0.105
ARG02U0103_002  0.000  1.35 16.52  2.14  0.00 20.02 1.000  00  02O000M000  0.105
ARG02U0103_003  0.000  1.43 10.53  2.14  0.00 14.10 1.000  00  02O000M000  0.105
ARG03U0103_004  0.000  1.35 16.48  2.14  0.00 19.97 1.000  00  03O000M000  0.105
ARG+1U0103_005  1.000  1.31 16.39  2.14  0.00 19.84 1.000  00  +1O000M000  0.105
PHE01U0104_001  0.000  4.51 -6.39  0.13  0.00 -1.74 1.000  00  01O000M000  0.000
ASN01U0105_001  0.000 -0.59 16.61  0.65  0.00 16.68 1.000  00  01O000M000  0.222
ARG01U0107_001  0.000 -4.56 -3.01  0.78  0.00 -6.79 1.000  00  01O000M000  0.448
ARG02U0107_002  0.000 -4.58 -2.99  0.78  0.00 -6.79 1.000  00  02O000M000  0.448
ARG03U0107_003  0.000 -4.58 -3.00  0.78  0.00 -6.80 1.000  00  03O000M000  0.448
ARG03U0107_004  0.000 -4.58 -3.01  0.78  0.00 -6.81 1.000  00  03O000M000  0.448
ARG+1U0107_005  1.000 -4.62 -3.02  0.78  0.00 -6.86 1.000  00  +1O000M000  0.448
PHE01U0108_001  0.000  4.46 -7.93  0.50  0.00 -2.97 1.000  00  01O000M000  0.000
THR01U0109_001  0.000  0.20 -3.16  0.58  0.00 -2.38 0.685  00  01O000M000  0.000
THR01U0109_002  0.000  0.20 -3.16  0.21  0.00 -2.76 0.685  00  01O000M000  0.000
SER01U0110_001  0.000  0.00 -0.28  0.62  0.00  0.34 0.667  00  01O000M000  0.000
SER01U0110_002  0.000  0.00 -0.28  0.62  0.00  0.34 0.667  00  01O000M000  0.000
SER01U0110_003  0.000  0.00 -0.28  0.25  0.00 -0.04 0.667  00  01O000M000  0.000
PRO01U0111_001  0.000 -1.26 -4.77  0.00  0.00 -6.04 1.000  00  01O000M000  0.152
LEU01U0112_001  0.000  1.46 -3.86  0.74  0.00 -1.66 1.000  00  01O000M000  0.000
LEU01U0113_001  0.000  1.69 -4.38  0.60  0.00 -2.09 1.000  00  01O000M000  0.000
ALA01U0115_001  0.000 -2.13 -1.57  0.00  0.00 -3.70 1.000  00  01O000M000  0.379
PHE01U0116_001  0.000  4.39 -8.62  0.18  0.00 -4.05 1.000  00  01O000M000  0.000
LEU01U0117_001  0.000  1.61 -3.45  0.77  0.00 -1.07 1.000  00  01O000M000  0.000
GLN01U0118_001  0.000 -1.57 -3.24  0.43  0.00 -4.37 0.756  00  01O000M000  0.494
GLN01U0118_002  0.000 -1.04 -3.15  0.43  0.00 -3.75 0.744  00  01R001M000  0.446
ALA01U0119_001  0.000 -0.05 -1.04  0.00  0.00 -1.09 1.000  00  01O000M000  0.010
PHE01U0120_001  0.000  4.38 -6.87  0.00  0.00 -2.49 1.000  00  01O000M000  0.000
GLU01U0121_001  0.000  0.48 -4.65  3.92  0.00 -0.25 1.000  00  01O000M000  0.197
GLU01U0121_002  0.000  0.48 -4.65  1.20  0.00 -2.97 1.000  00  01O000M000  0.197
GLU02U0121_003  0.000  0.16 -4.92  3.92  0.00 -0.85 1.000  00  02O000M000  0.216
GLU02U0121_004  0.000  0.16 -4.92  1.20  0.00 -3.57 1.000  00  02O000M000  0.216
GLU-1U0121_005 -1.000  0.16 -4.82  1.20  0.00 -3.46 1.000  00  -1O000M000  0.203
ASN01U0122_001  0.000 -0.46 -3.58  0.53  0.00 -3.51 0.749  00  01O000M000  0.150
ASN01U0122_002  0.000 -0.52 -2.84  0.54  0.00 -2.82 0.751  00  01R001M000  0.120
PRO01U0123_001  0.000 -1.19 -1.35  0.00  0.00 -2.54 1.000  00  01O000M000  0.141
SER01U0124_001  0.000 -5.31  1.34  0.98  0.00 -3.00 0.669  00  01O000M000  0.891
VAL01U0125_001  0.000 -5.73  1.14  0.15  0.00 -4.44 1.000  00  01O000M000  0.626
ASP01U0126_001  0.000 -2.31  3.19  3.56  0.00  4.44 1.000  00  01O000M000  0.523
ASP01U0126_002  0.000 -2.31  3.19  0.84  0.00  1.72 1.000  00  01O000M000  0.523
ASP02U0126_003  0.000 -2.27  2.01  3.56  0.00  3.30 1.000  00  02O000M000  0.540
ASP02U0126_004  0.000 -2.27  2.01  0.84  0.00  0.58 1.000  00  02O000M000  0.540
ASP-1U0126_005 -1.000 -2.34  2.05  0.84  0.00  0.54 1.000  00  -1O000M000  0.537
ILE01U0127_001  0.000  2.07 -1.49  0.61  0.00  1.19 1.000  00  01O000M000  0.017
GLU01U0128_001  0.000 -2.66 -1.53  5.22  0.00  1.04 1.000  00  01O000M000  0.785
GLU01U0128_002  0.000 -2.66 -1.53  2.50  0.00 -1.68 1.000  00  01O000M000  0.785
GLU02U0128_003  0.000 -2.80 -1.54  5.22  0.00  0.88 1.000  00  02O000M000  0.773
GLU02U0128_004  0.000 -2.80 -1.54  2.50  0.00 -1.84 1.000  00  02O000M000  0.773
GLU-1U0128_005 -1.000 -2.76 -1.50  2.50  0.00 -1.75 1.000  00  -1O000M000  0.782
SER01U0129_001  0.000 -1.85 -0.96  0.89  0.00 -1.92 0.665  00  01O000M000  0.319
SER01U0129_002  0.000 -1.85 -0.96  0.89  0.00 -1.92 0.665  00  01O000M000  0.319
SER01U0129_003  0.000 -1.85 -0.96  0.51  0.00 -2.29 0.665  00  01O000M000  0.319
GLU01U0130_001  0.000  0.85 -1.28  3.18  0.00  2.75 1.000  00  01O000M000  0.387
GLU01U0130_002  0.000  0.85 -1.28  0.46  0.00  0.03 1.000  00  01O000M000  0.387
GLU02U0130_003  0.000  0.36 -1.27  3.18  0.00  2.26 1.000  00  02O000M000  0.375
GLU02U0130_004  0.000  0.36 -1.27  0.46  0.00 -0.46 1.000  00  02O000M000  0.375
GLU-1U0130_005 -1.000  0.30 -1.25  0.46  0.00 -0.49 1.000  00  -1O000M000  0.383
ARG01U0131_001  0.000 -8.43 -0.88  1.61  0.00 -7.69 1.000  00  01O000M000  0.699
ARG02U0131_002  0.000 -8.41 -0.87  1.61  0.00 -7.67 1.000  00  02O000M000  0.699
ARG03U0131_003  0.000 -8.47 -0.88  1.61  0.00 -7.74 1.000  00  03O000M000  0.699
ARG+1U0131_004  1.000 -8.51 -0.88  1.61  0.00 -7.78 1.000  00  +1O000M000  0.699
ASP01U0132_001  0.000 -2.39 -0.36  2.84  0.00  0.09 1.000  00  01O000M000  0.546
ASP01U0132_002  0.000 -2.39 -0.36  0.12  0.00 -2.63 1.000  00  01O000M000  0.546
ASP02U0132_003  0.000 -2.42 -0.93  2.84  0.00 -0.51 1.000  00  02O000M000  0.569
ASP02U0132_004  0.000 -2.42 -0.93  0.12  0.00 -3.23 1.000  00  02O000M000  0.569
ASP-1U0132_005 -1.000 -2.28 -0.88  0.12  0.00 -3.03 1.000  00  -1O000M000  0.550
GLU01U0133_001  0.000  0.76 -2.84  2.94  0.00  0.86 1.000  00  01O000M000  0.030
GLU01U0133_002  0.000  0.76 -2.84  0.22  0.00 -1.86 1.000  00  01O000M000  0.030
GLU02U0133_003  0.000  0.61 -3.22  2.94  0.00  0.32 1.000  00  02O000M000  0.029
GLU02U0133_004  0.000  0.61 -3.22  0.22  0.00 -2.40 1.000  00  02O000M000  0.029
GLU-1U0133_005 -1.000  0.54 -3.14  0.22  0.00 -2.39 1.000  00  -1O000M000  0.029
LEU01U0134_001  0.000 -3.31 -3.67  0.88  0.00 -6.10 1.000  00  01O000M000  0.439
GLN01U0135_001  0.000 -1.79 -2.28  1.01  0.00 -3.06 0.744  00  01O000M000  0.580
GLN01U0135_002  0.000 -1.89 -2.31  1.03  0.00 -3.17 0.756  00  01R001M000  0.542
ARG01U0136_001  0.000  0.13 -5.11  0.90  0.00 -4.08 1.000  00  01O000M000  0.201
ARG02U0136_002  0.000  0.18 -5.12  0.90  0.00 -4.04 1.000  00  02O000M000  0.201
ARG03U0136_003  0.000  0.09 -5.12  0.90  0.00 -4.14 1.000  00  03O000M000  0.201
ARG03U0136_004  0.000  0.09 -5.12  0.90  0.00 -4.13 1.000  00  03O000M000  0.201
ARG+1U0136_005  1.000  0.05 -5.14  0.90  0.00 -4.20 1.000  00  +1O000M000  0.201
ILE01U0137_001  0.000  3.90 -2.46  0.86  0.00  2.31 1.000  00  01O000M000  0.004
THR01U0138_001  0.000 -4.28 -0.95  0.48  0.00 -4.74 0.669  00  01O000M000  0.523
THR01U0138_002  0.000 -4.28 -0.95  0.48  0.00 -4.74 0.669  00  01O000M000  0.523
THR01U0138_003  0.000 -4.28 -0.95  0.11  0.00 -5.12 0.669  00  01O000M000  0.523
ARG01U0139_001  0.000 -3.85 -4.23  0.93  0.00 -7.15 1.000  00  01O000M000  0.442
ARG02U0139_002  0.000 -3.87 -4.23  0.93  0.00 -7.17 1.000  00  02O000M000  0.442
ARG03U0139_003  0.000 -3.87 -4.19  0.93  0.00 -7.14 1.000  00  03O000M000  0.442
ARG03U0139_004  0.000 -3.87 -4.20  0.93  0.00 -7.14 1.000  00  03O000M000  0.442
ARG+1U0139_005  1.000 -3.91 -4.25  0.93  0.00 -7.23 1.000  00  +1O000M000  0.442
VAL01U0140_001  0.000  0.55 -0.31  0.40  0.00  0.64 1.000  00  01O000M000  0.005
LYS01U0141_001  0.000 -1.56 -4.06  1.29  0.00 -4.33 1.000  00  01O000M000  0.231
LYS+1U0141_002  1.000 -1.61 -4.08  1.29  0.00 -4.40 1.000  00  +1O000M000  0.231
ASN01U0143_001  0.000  0.02 -4.99  0.36  0.00 -4.61 0.747  00  01O000M000  0.042
ASN01U0143_002  0.000 -0.14 -3.83  0.35  0.00 -3.62 0.753  00  01R001M000  0.038
LEU01U0144_001  0.000  1.66 -4.47  0.60  0.00 -2.21 1.000  00  01O000M000  0.009
ARG01U0145_001  0.000  1.42 -5.05  1.17  0.00 -2.47 1.000  00  01O000M000  0.077
ARG02U0145_002  0.000  1.40 -5.04  1.17  0.00 -2.47 1.000  00  02O000M000  0.077
ARG02U0145_003  0.000  1.47 -5.05  1.17  0.00 -2.41 1.000  00  02O000M000  0.077
ARG03U0145_004  0.000  1.39 -5.04  1.17  0.00 -2.48 1.000  00  03O000M000  0.077
ARG03U0145_005  0.000  1.40 -5.06  1.17  0.00 -2.50 1.000  00  03O000M000  0.077
ARG+1U0145_006  1.000  1.35 -5.07  1.17  0.00 -2.55 1.000  00  +1O000M000  0.077
VAL01U0146_001  0.000  0.48 -1.99  0.30  0.00 -1.21 1.000  00  01O000M000  0.005
PHE01U0147_001  0.000  4.52 -5.29  0.09  0.00 -0.68 1.000  00  01O000M000  0.000
THR01U0148_001  0.000  0.27 -1.31  0.40  0.00 -0.63 0.667  00  01O000M000  0.000
THR01U0148_002  0.000  0.27 -1.31  0.40  0.00 -0.63 0.667  00  01O000M000  0.000
THR01U0148_003  0.000  0.27 -1.31  0.03  0.00 -1.01 0.667  00  01O000M000  0.000
GLU01U0149_001  0.000  0.94 -0.39  3.20  0.00  3.74 1.000  00  01O000M000  0.105
GLU01U0149_002  0.000  0.94 -0.39  0.48  0.00  1.02 1.000  00  01O000M000  0.105
GLU02U0149_003  0.000  0.66 -0.60  3.20  0.00  3.26 1.000  00  02O000M000  0.106
GLU02U0149_004  0.000  0.66 -0.60  0.48  0.00  0.54 1.000  00  02O000M000  0.106
GLU-1U0149_005 -1.000  0.61 -0.55  0.48  0.00  0.54 1.000  00  -1O000M000  0.106
LEU01U0150_001  0.000  1.86 -5.05  0.65  0.00 -2.53 1.000  00  01O000M000  0.000
TYR01U0151_001  0.000  4.57 -5.54  0.30  0.00 -0.67 1.000  00  01O000M000  0.000
TYR01U0151_002  0.000  4.57 -5.54  0.30  0.00 -0.67 1.000  00  01O000M000  0.000
TYR-1U0151_003 -1.000  4.57 -5.54  0.30  0.00 -0.67 1.000  00  -1O000M000  0.000
LEU01U0152_001  0.000  1.70 -3.61  0.66  0.00 -1.25 1.000  00  01O000M000  0.000
VAL01U0153_001  0.000  0.54 -3.52  0.00  0.00 -2.98 1.000  00  01O000M000  0.000
VAL01U0155_001  0.000  0.61 -1.52  0.07  0.00 -0.85 1.000  00  01O000M000  0.000
PHE01U0156_001  0.000  4.04 -2.22  0.39  0.00  2.21 1.000  00  01O000M000  0.000
ARG01U0157_001  0.000  0.27 -4.47  0.93  0.00 -3.26 1.000  00  01O000M000  0.102
ARG02U0157_002  0.000  0.27 -4.48  0.93  0.00 -3.28 1.000  00  02O000M000  0.102
ARG03U0157_003  0.000  0.20 -4.48  0.93  0.00 -3.35 1.000  00  03O000M000  0.102
ARG03U0157_004  0.000  0.21 -4.48  0.93  0.00 -3.34 1.000  00  03O000M000  0.102
ARG+1U0157_005  1.000  0.16 -4.50  0.93  0.00 -3.40 1.000  00  +1O000M000  0.102
THR01U0158_001  0.000 -0.20  0.36  0.46  0.00  0.63 0.673  00  01O000M000  0.048
THR01U0158_002  0.000 -0.20  0.36  0.46  0.00  0.63 0.673  00  01O000M000  0.048
THR01U0158_003  0.000 -0.20  0.36  0.09  0.00  0.25 0.673  00  01O000M000  0.048
LEU01U0159_001  0.000  1.57 -2.20  0.51  0.00 -0.12 1.000  00  01O000M000  0.009
ASP01U0160_001  0.000 -2.21  0.75  3.26  0.00  1.81 1.000  00  01O000M000  0.510
ASP01U0160_002  0.000 -2.21  0.75  0.54  0.00 -0.91 1.000  00  01O000M000  0.510
ASP02U0160_003  0.000 -2.26  0.18  3.26  0.00  1.18 1.000  00  02O000M000  0.529
ASP02U0160_004  0.000 -2.26  0.18  0.54  0.00 -1.54 1.000  00  02O000M000  0.529
ASP-1U0160_005 -1.000 -2.21  0.22  0.54  0.00 -1.45 1.000  00  -1O000M000  0.524
ASP01U0161_001  0.000 -0.33 -2.28  3.25  0.00  0.64 1.000  00  01O000M000  0.134
ASP01U0161_002  0.000 -0.33 -2.28  0.53  0.00 -2.08 1.000  00  01O000M000  0.134
ASP02U0161_003  0.000 -0.48 -1.86  3.25  0.00  0.91 1.000  00  02O000M000  0.147
ASP02U0161_004  0.000 -0.48 -1.86  0.53  0.00 -1.81 1.000  00  02O000M000  0.147
ASP-1U0161_005 -1.000 -0.42 -2.17  0.53  0.00 -2.06 1.000  00  -1O000M000  0.138
ILE01U0162_001  0.000  3.07 -5.30  0.48  0.00 -1.74 1.000  00  01O000M000  0.018
GLU01U0163_001  0.000 -1.37 -2.85  7.25  0.00  3.03 1.000  00  01O000M000  0.456
GLU01U0163_002  0.000 -1.37 -2.85  4.53  0.00  0.31 1.000  00  01O000M000  0.456
GLU02U0163_003  0.000 -1.39 -2.84  7.25  0.00  3.03 1.000  00  02O000M000  0.448
GLU02U0163_004  0.000 -1.39 -2.84  4.53  0.00  0.31 1.000  00  02O000M000  0.448
GLU-1U0163_005 -1.000 -1.45 -2.77  4.53  0.00  0.31 1.000  00  -1O000M000  0.461
SER01U0164_001  0.000 -6.07  2.15  2.78  0.00 -1.14 0.666  00  01O000M000  0.967
LYS01U0165_001  0.000 -8.89 -0.53  2.93  0.00 -6.49 1.000  00  01O000M000  0.838
LYS+1U0165_002  1.000 -8.95 -0.53  2.93  0.00 -6.55 1.000  00  +1O000M000  0.838
ASP01U0166_001  0.000 -0.77 -4.86  3.19  0.00 -2.44 1.000  00  01O000M000  0.221
ASP01U0166_002  0.000 -0.77 -4.86  0.47  0.00 -5.16 1.000  00  01O000M000  0.221
ASP02U0166_003  0.000 -0.67 -5.20  3.19  0.00 -2.68 1.000  00  02O000M000  0.215
ASP02U0166_004  0.000 -0.67 -5.20  0.47  0.00 -5.40 1.000  00  02O000M000  0.215
ASP-1U0166_005 -1.000 -0.77 -5.06  0.47  0.00 -5.37 1.000  00  -1O000M000  0.222
ALA01U0167_001  0.000 -4.62 -0.62  0.00  0.00 -5.23 1.000  00  01O000M000  0.825
ILE01U0168_001  0.000  0.02 -1.71  0.67  0.00 -1.02 1.000  00  01O000M000  0.157
PRO01U0169_001  0.000  0.29 -3.17  0.00  0.00 -2.88 1.000  00  01O000M000  0.000
ASN01U0170_001  0.000 -3.03  0.01  0.49  0.00 -2.52 0.627  00  01O000M000  0.702
ASN01U0170_002  0.000 -2.70 -0.05  3.33  0.00  0.58 0.630  00  01O001M000  0.695
ASN01U0170_003  0.000 -3.08  1.32  0.49  0.00 -1.28 0.622  00  01R002M000  0.671
ASN01U0170_004  0.000 -2.96  0.27  3.33  0.00  0.64 0.621  00  01R003M000  0.686
PHE01U0171_001  0.000  3.79 -8.61  0.91  0.00 -3.90 1.000  00  01O000M000  0.060
LEU01U0172_001  0.000  1.96 -2.82  0.52  0.00 -0.34 1.000  00  01O000M000  0.004
GLN01U0173_001  0.000 -0.55 -1.77  0.57  0.00 -1.75 0.756  00  01O000M000  0.410
GLN01U0173_002  0.000  0.35 -2.39  0.57  0.00 -1.47 0.744  00  01R001M000  0.413
LYS01U0174_001  0.000 -9.04  2.49  0.95  0.00 -5.60 1.000  00  01O000M000  0.799
LYS+1U0174_002  1.000 -9.10  2.48  0.95  0.00 -5.67 1.000  00  +1O000M000  0.799
LYS01U0175_001  0.000 -0.10 -4.53  0.87  0.00 -3.76 1.000  00  01O000M000  0.177
LYS+1U0175_002  1.000 -0.15 -4.55  0.87  0.00 -3.84 1.000  00  +1O000M000  0.177
THR01U0176_001  0.000 -6.72 -0.02  0.38  0.00 -6.35 0.665  00  01O000M000  0.798
THR01U0176_002  0.000 -6.72 -0.02  0.38  0.00 -6.35 0.665  00  01O000M000  0.798
ARG01U0178_001  0.000-11.16 16.95  3.19  0.00  8.98 1.000  00  01O000M000  0.880
ARG02U0178_002  0.000-11.20 16.94  3.19  0.00  8.94 1.000  00  02O000M000  0.880
ARG03U0178_003  0.000-11.20 16.94  3.19  0.00  8.94 1.000  00  03O000M000  0.880
ARG+1U0178_004  1.000-11.24 16.94  3.19  0.00  8.89 1.000  00  +1O000M000  0.880
LYS01U0179_001  0.000 -1.38 -3.92  2.48  0.00 -2.82 1.000  00  01O000M000  0.201
LYS+1U0179_002  1.000 -1.43 -3.93  2.48  0.00 -2.88 1.000  00  +1O000M000  0.201
ASP01U0180_001  0.000 -1.13 -1.60  3.29  0.00  0.56 1.000  00  01O000M000  0.291
ASP01U0180_002  0.000 -1.13 -1.60  0.57  0.00 -2.16 1.000  00  01O000M000  0.291
ASP02U0180_003  0.000 -1.04 -1.82  3.29  0.00  0.44 1.000  00  02O000M000  0.308
ASP02U0180_004  0.000 -1.04 -1.82  0.57  0.00 -2.28 1.000  00  02O000M000  0.308
ASP-1U0180_005 -1.000 -1.14 -1.77  0.57  0.00 -2.34 1.000  00  -1O000M000  0.297
PRO01U0181_001  0.000  0.17 -2.65  0.00  0.00 -2.48 1.000  00  01O000M000  0.005
LEU01U0182_001  0.000  1.40 -3.49  0.42  0.00 -1.67 1.000  00  01O000M000  0.004
LEU01U0183_001  0.000  1.86 -2.28  1.15  0.00  0.72 1.000  00  01O000M000  0.000
PHE01U0184_001  0.000  3.23 -5.29  0.09  0.00 -1.97 1.000  00  01O000M000  0.088
SER01U0185_001  0.000 -0.05 -2.59  0.43  0.00 -2.21 0.664  00  01O000M000  0.008
SER01U0185_002  0.000 -0.05 -2.59  0.43  0.00 -2.21 0.664  00  01O000M000  0.008
ILE01U0186_001  0.000  2.14 -2.21  0.63  0.00  0.56 1.000  00  01O000M000  0.000
LEU01U0187_001  0.000  2.17 -3.38  1.17  0.00 -0.05 1.000  00  01O000M000  0.000
ARG01U0188_001  0.000 -5.29 -2.32  2.03  0.00 -5.58 1.000  00  01O000M000  0.536
ARG02U0188_002  0.000 -5.35 -2.33  2.03  0.00 -5.65 1.000  00  02O000M000  0.536
ARG03U0188_003  0.000 -5.35 -2.33  2.03  0.00 -5.65 1.000  00  03O000M000  0.536
ARG+1U0188_004  1.000 -5.39 -2.33  2.03  0.00 -5.69 1.000  00  +1O000M000  0.536
GLU01U0189_001  0.000  0.61 -3.34  3.97  0.00  1.23 1.000  00  01O000M000  0.265
GLU01U0189_002  0.000  0.61 -3.34  1.25  0.00 -1.49 1.000  00  01O000M000  0.265
GLU02U0189_003  0.000  0.27 -3.17  3.97  0.00  1.06 1.000  00  02O000M000  0.258
GLU02U0189_004  0.000  0.27 -3.17  1.25  0.00 -1.66 1.000  00  02O000M000  0.258
GLU-1U0189_005 -1.000  0.26 -3.35  1.25  0.00 -1.84 1.000  00  -1O000M000  0.255
ILE01U0190_001  0.000  3.80 -3.87  0.50  0.00  0.43 1.000  00  01O000M000  0.004
LEU01U0191_001  0.000  1.77 -2.57  0.53  0.00 -0.28 1.000  00  01O000M000  0.000
ASN01U0192_001  0.000 -1.23  3.81  1.46  0.00  4.04 0.000  00  01O000M000  0.359
ASN01U0192_002  0.000 -2.33 -0.03  1.34  0.00 -1.02 0.658  00  01O001M000  0.551
ASN01U0192_003  0.000 -1.54  0.26  1.47  0.00  0.19 0.671  00  01R002M000  0.391
ASN01U0192_004  0.000 -2.39  1.01  1.34  0.00 -0.04 0.671  00  01R003M000  0.539
TYR01U0193_001  0.000  3.21 -4.87  0.02  0.00 -1.65 1.000  00  01O000M000  0.075
TYR01U0193_002  0.000  3.21 -4.87  0.02  0.00 -1.65 1.000  00  01O000M000  0.075
TYR-1U0193_003 -1.000  3.21 -4.87  0.02  0.00 -1.65 1.000  00  -1O000M000  0.075
LYS01U0194_001  0.000 -0.46  0.04  1.55  0.00  1.14 1.000  00  01O000M000  0.287
LYS+1U0194_002  1.000 -0.50  0.04  1.55  0.00  1.08 1.000  00  +1O000M000  0.287
PHE01U0195_001  0.000  2.25 -5.50  0.50  0.00 -2.75 1.000  00  01O000M000  0.146
LYS01U0196_001  0.000 -7.08 -1.14  1.22  0.00 -7.00 1.000  00  01O000M000  0.665
LYS+1U0196_002  1.000 -7.13 -1.14  1.22  0.00 -7.05 1.000  00  +1O000M000  0.665
LEU01U0197_001  0.000 -0.56  0.01  0.47  0.00 -0.08 1.000  00  01O000M000  0.166
PHE01U0199_001  0.000  4.45 -5.43  0.01  0.00 -0.98 1.000  00  01O000M000  0.004
THR01U0200_001  0.000  0.18 -3.58  0.58  0.00 -2.83 0.670  00  01O000M000  0.000
THR01U0200_002  0.000  0.18 -3.58  0.20  0.00 -3.20 0.670  00  01O000M000  0.000
THR01U0201_001  0.000  0.19 -2.22  0.38  0.00 -1.66 0.666  00  01O000M000  0.000
THR01U0201_002  0.000  0.19 -2.22  0.38  0.00 -1.66 0.666  00  01O000M000  0.000
THR01U0201_003  0.000  0.19 -2.22  0.00  0.00 -2.03 0.666  00  01O000M000  0.000
THR01U0202_001  0.000 -1.98 -1.06  0.82  0.00 -2.21 0.674  00  01O000M000  0.248
THR01U0202_002  0.000 -1.98 -1.06  0.45  0.00 -2.59 0.674  00  01O000M000  0.248
ILE01U0203_001  0.000  3.65 -3.64  0.45  0.00  0.46 1.000  00  01O000M000  0.000
ALA01U0204_001  0.000  0.00 -0.80  0.00  0.00 -0.80 1.000  00  01O000M000  0.000
THR01U0205_001  0.000 -0.05 -2.79  0.38  0.00 -2.46 0.664  00  01O000M000  0.040
THR01U0205_002  0.000 -0.05 -2.79  0.38  0.00 -2.46 0.664  00  01O000M000  0.040
ALA01U0206_001  0.000 -1.56 -1.42  0.00  0.00 -2.98 1.000  00  01O000M000  0.278
PHE01U0207_001  0.000  4.48 -5.27  0.20  0.00 -0.58 1.000  00  01O000M000  0.004
ILE01U0208_001  0.000  4.34 -2.26  0.48  0.00  2.56 1.000  00  01O000M000  0.000
LYS01U0209_001  0.000 -5.83 -3.81  1.62  0.00 -8.01 1.000  00  01O000M000  0.538
LYS+1U0209_002  1.000 -5.87 -3.82  1.62  0.00 -8.07 1.000  00  +1O000M000  0.538
LYS01U0210_001  0.000 -1.26 -2.77  1.74  0.00 -2.29 1.000  00  01O000M000  0.285
LYS+1U0210_002  1.000 -1.32 -2.78  1.74  0.00 -2.36 1.000  00  +1O000M000  0.285
PHE01U0211_001  0.000  4.28 -5.82  0.00  0.00 -1.54 1.000  00  01O000M000  0.008
ALA01U0212_001  0.000 -0.94 -1.22  0.00  0.00 -2.17 1.000  00  01O000M000  0.169
PRO01U0213_001  0.000 -0.87 -2.23  0.00  0.00 -3.11 1.000  00  01O000M000  0.115
LEU01U0214_001  0.000  1.59 -2.51  0.40  0.00 -0.51 1.000  00  01O000M000  0.000
PHE01U0215_001  0.000  4.58 -7.70  0.08  0.00 -3.05 1.000  00  01O000M000  0.000
ARG01U0216_001  0.000 -4.20 -4.17  0.87  0.00 -7.51 0.747  00  01O000M000  0.391
ARG01U0216_002  0.000 -2.00 -4.08  0.86  0.00 -5.22 0.753  00  01O001M000  0.270
ARG02U0216_003  0.000 -4.24 -4.18  0.87  0.00 -7.56 0.747  00  02O000M000  0.391
ARG02U0216_004  0.000 -2.01 -4.00  0.86  0.00 -5.16 0.753  00  02O001M000  0.270
ARG03U0216_005  0.000 -4.25 -4.18  0.87  0.00 -7.56 0.747  00  03O000M000  0.391
ARG03U0216_006  0.000 -2.01 -4.08  0.86  0.00 -5.23 0.753  00  03O001M000  0.270
ARG+1U0216_007  1.000 -4.28 -4.19  0.87  0.00 -7.61 0.747  00  +1O000M000  0.391
ARG+1U0216_008  1.000 -2.06 -4.10  0.86  0.00 -5.29 0.753  00  +1O001M000  0.270
ASP01U0217_001  0.000 -2.91 -1.17  3.60  0.00 -0.48 1.000  00  01O000M000  0.744
ASP01U0217_002  0.000 -2.91 -1.17  0.88  0.00 -3.20 1.000  00  01O000M000  0.744
ASP02U0217_003  0.000 -2.84 -1.23  3.60  0.00 -0.47 1.000  00  02O000M000  0.734
ASP02U0217_004  0.000 -2.84 -1.23  0.88  0.00 -3.19 1.000  00  02O000M000  0.734
ASP-1U0217_005 -1.000 -2.83 -1.22  0.88  0.00 -3.17 1.000  00  -1O000M000  0.743
ASP01U0218_001  0.000 -3.36  0.73  3.05  0.00  0.42 1.000  00  01O000M000  0.799
ASP01U0218_002  0.000 -3.36  0.73  0.33  0.00 -2.30 1.000  00  01O000M000  0.799
ASP02U0218_003  0.000 -3.46  0.19  3.05  0.00 -0.21 1.000  00  02O000M000  0.813
ASP02U0218_004  0.000 -3.46  0.19  0.33  0.00 -2.93 1.000  00  02O000M000  0.813
ASP-1U0218_005 -1.000 -3.45  0.23  0.33  0.00 -2.89 1.000  00  -1O000M000  0.808
ASP01U0219_001  0.000 -1.38 -1.42  3.44  0.00  0.63 1.000  00  01O000M000  0.338
ASP01U0219_002  0.000 -1.38 -1.42  0.72  0.00 -2.09 1.000  00  01O000M000  0.338
ASP02U0219_003  0.000 -1.36 -2.02  3.44  0.00  0.06 1.000  00  02O000M000  0.345
ASP02U0219_004  0.000 -1.36 -2.02  0.72  0.00 -2.66 1.000  00  02O000M000  0.345
ASP-1U0219_005 -1.000 -1.39 -1.95  0.72  0.00 -2.62 1.000  00  -1O000M000  0.343
ASN01U0220_001  0.000 -2.59 -1.15  0.23  0.00 -3.51 0.751  00  01O000M000  0.598
ASN01U0220_002  0.000 -2.58 -0.07  0.23  0.00 -2.42 0.749  00  01R001M000  0.559
SER01U0221_001  0.000 -1.82 -0.82  0.39  0.00 -2.25 0.666  00  01O000M000  0.308
SER01U0221_002  0.000 -1.82 -0.82  0.39  0.00 -2.25 0.666  00  01O000M000  0.308
SER01U0221_003  0.000 -1.82 -0.82  0.02  0.00 -2.62 0.666  00  01O000M000  0.308
TRP01U0222_001  0.000  1.10 -4.21  0.21  0.00 -2.90 1.000  00  01O000M000  0.088
ASP01U0223_001  0.000 -1.34 -1.80  3.10  0.00 -0.04 1.000  00  01O000M000  0.318
ASP01U0223_002  0.000 -1.34 -1.80  0.38  0.00 -2.76 1.000  00  01O000M000  0.318
ASP02U0223_003  0.000 -1.43 -2.31  3.10  0.00 -0.63 1.000  00  02O000M000  0.347
ASP02U0223_004  0.000 -1.43 -2.31  0.38  0.00 -3.35 1.000  00  02O000M000  0.347
ASP-1U0223_005 -1.000 -1.34 -2.24  0.38  0.00 -3.19 1.000  00  -1O000M000  0.332
ASP01U0224_001  0.000 -2.77  0.58  3.09  0.00  0.90 1.000  00  01O000M000  0.670
ASP01U0224_002  0.000 -2.77  0.58  0.37  0.00 -1.82 1.000  00  01O000M000  0.670
ASP02U0224_003  0.000 -2.89  0.07  3.09  0.00  0.27 1.000  00  02O000M000  0.672
ASP02U0224_004  0.000 -2.89  0.07  0.37  0.00 -2.45 1.000  00  02O000M000  0.672
ASP-1U0224_005 -1.000 -2.80  0.11  0.37  0.00 -2.32 1.000  00  -1O000M000  0.665
LEU01U0225_001  0.000  1.60 -3.89  0.44  0.00 -1.84 1.000  00  01O000M000  0.000
ILE01U0226_001  0.000  1.39 -3.97  0.88  0.00 -1.69 1.000  00  01O000M000  0.017
TYR01U0227_001  0.000  0.37 -4.38  0.01  0.00 -4.00 1.000  00  01O000M000  0.291
TYR-1U0227_002 -1.000  0.37 -4.38  0.01  0.00 -4.00 1.000  00  -1O000M000  0.291
ASP01U0228_001  0.000 -1.10  0.59  2.91  0.00  2.40 1.000  00  01O000M000  0.281
ASP01U0228_002  0.000 -1.10  0.59  0.19  0.00 -0.32 1.000  00  01O000M000  0.281
ASP02U0228_003  0.000 -0.96 -0.52  2.91  0.00  1.43 1.000  00  02O000M000  0.276
ASP02U0228_004  0.000 -0.96 -0.52  0.19  0.00 -1.29 1.000  00  02O000M000  0.276
ASP-1U0228_005 -1.000 -1.01 -0.45  0.19  0.00 -1.27 1.000  00  -1O000M000  0.275
SER01U0229_001  0.000 -5.34 -0.47  0.78  0.00 -5.03 0.670  00  01O000M000  0.890
SER01U0229_002  0.000 -5.34 -0.47  0.41  0.00 -5.40 0.670  00  01O000M000  0.890
LYS01U0230_001  0.000 -5.95 -1.28  3.92  0.00 -3.31 1.000  00  01O000M000  0.631
LYS+1U0230_002  1.000 -6.00 -1.29  3.92  0.00 -3.37 1.000  00  +1O000M000  0.631
LEU01U0231_001  0.000  1.67 -2.48  0.71  0.00 -0.11 1.000  00  01O000M000  0.000
LYS01U0232_001  0.000 -0.12 -1.40  1.87  0.00  0.36 1.000  00  01O000M000  0.083
LYS+1U0232_002  1.000 -0.17 -0.48  1.87  0.00  1.23 1.000  00  +1O000M000  0.083
ALA01U0234_001  0.000 -0.46 -1.57  0.00  0.00 -2.03 1.000  00  01O000M000  0.084
LEU01U0235_001  0.000  1.70 -4.43  0.62  0.00 -2.12 1.000  00  01O000M000  0.000
GLN01U0236_001  0.000 -0.13 -2.69  5.43  0.00  2.61 1.000  00  01O000M000  0.163
SER01U0237_001  0.000 -3.03 -1.24  0.56  0.00 -3.71 0.661  00  01O000M000  0.507
SER01U0237_002  0.000 -3.03 -1.24  0.18  0.00 -4.09 0.661  00  01O000M000  0.507
LEU01U0238_001  0.000  1.15 -5.61  0.47  0.00 -3.99 1.000  00  01O000M000  0.049
PHE01U0239_001  0.000  4.38 -4.77  1.00  0.00  0.61 1.000  00  01O000M000  0.000
LYS01U0240_001  0.000 -4.45 -3.29  1.59  0.00 -6.14 1.000  00  01O000M000  0.440
LYS+1U0240_002  1.000 -4.51 -3.29  1.59  0.00 -6.21 1.000  00  +1O000M000  0.440
ASN01U0241_001  0.000 -2.22 -2.40  2.02  0.00 -2.60 0.743  00  01O000M000  0.579
ASN01U0241_002  0.000 -2.43 -2.58  2.03  0.00 -2.98 0.757  00  01R001M000  0.587
PHE01U0242_001  0.000  4.09 -7.16  0.12  0.00 -2.94 1.000  00  01O000M000  0.034
ILE01U0243_001  0.000  2.65 -0.16  0.59  0.00  3.07 1.000  00  01O000M000  0.013
ASP01U0244_001  0.000 -2.52  0.01  4.31  0.00  1.81 1.000  00  01O000M000  0.591
ASP01U0244_002  0.000 -2.52  0.01  1.59  0.00 -0.91 1.000  00  01O000M000  0.591
ASP02U0244_003  0.000 -2.52 -0.63  4.31  0.00  1.16 1.000  00  02O000M000  0.597
ASP02U0244_004  0.000 -2.52 -0.63  1.59  0.00 -1.56 1.000  00  02O000M000  0.597
ASP-1U0244_005 -1.000 -2.47 -0.56  1.59  0.00 -1.45 1.000  00  -1O000M000  0.588
ALA01U0245_001  0.000 -2.18 -1.31  0.00  0.00 -3.49 1.000  00  01O000M000  0.380
THR01U0246_001  0.000  0.21 -3.21  0.38  0.00 -2.62 0.665  00  01O000M000  0.000
THR01U0246_002  0.000  0.21 -3.21  0.38  0.00 -2.62 0.665  00  01O000M000  0.000
THR01U0246_003  0.000  0.21 -3.21  0.01  0.00 -2.99 0.665  00  01O000M000  0.000
PHE01U0247_001  0.000  2.38 -4.59  0.60  0.00 -1.61 1.000  00  01O000M000  0.108
ALA01U0248_001  0.000 -3.53 -1.36  0.00  0.00 -4.89 1.000  00  01O000M000  0.630
ARG01U0249_001  0.000  1.47 -4.68  1.05  0.00 -2.16 1.000  00  01O000M000  0.091
ARG02U0249_002  0.000  1.43 -4.78  1.05  0.00 -2.30 1.000  00  02O000M000  0.091
ARG02U0249_003  0.000  1.47 -4.77  1.05  0.00 -2.25 1.000  00  02O000M000  0.091
ARG03U0249_004  0.000  1.43 -4.78  1.05  0.00 -2.30 1.000  00  03O000M000  0.091
ARG+1U0249_005  1.000  1.39 -4.79  1.05  0.00 -2.35 1.000  00  +1O000M000  0.091
ALA01U0250_001  0.000  0.00 -2.36  0.00  0.00 -2.36 1.000  00  01O000M000  0.000
THR01U0251_001  0.000 -1.81 -0.92  0.50  0.00 -2.23 0.665  00  01O000M000  0.228
THR01U0251_002  0.000 -1.81 -0.92  0.50  0.00 -2.23 0.665  00  01O000M000  0.228
GLU01U0252_001  0.000 -0.21 -1.46  3.22  0.00  1.55 1.000  00  01O000M000  0.458
GLU01U0252_002  0.000 -0.21 -1.46  0.50  0.00 -1.17 1.000  00  01O000M000  0.458
GLU02U0252_003  0.000 -0.63 -1.42  3.22  0.00  1.17 1.000  00  02O000M000  0.475
GLU02U0252_004  0.000 -0.63 -1.42  0.50  0.00 -1.55 1.000  00  02O000M000  0.475
GLU-1U0252_005 -1.000 -0.58 -1.39  0.50  0.00 -1.48 1.000  00  -1O000M000  0.464
LEU01U0253_001  0.000  1.98 -5.11  0.73  0.00 -2.40 1.000  00  01O000M000  0.000
HIS01U0254_001  0.000 -1.69 -7.13  0.14  0.00 -8.68 0.756  00  01O000M000  0.139
HIS01U0254_002  0.000 -1.21 -1.07  0.14  0.00 -2.13 0.744  00  01R001M000  0.101
HIS02U0254_003  0.000 -1.72 -7.07  0.14  0.00 -8.65 0.756  00  02O000M000  0.139
HIS02U0254_004  0.000 -1.22 -1.17  0.14  0.00 -2.25 0.744  00  02R001M000  0.101
HIS+1U0254_005  1.000 -1.74 -7.20  0.14  0.00 -8.80 0.756  00  +1O000M000  0.139
HIS+1U0254_006  1.000 -1.24 -1.20  0.14  0.00 -2.30 0.744  00  +1R001M000  0.101
LYS01U0255_001  0.000 -7.04 -3.25  2.71  0.00 -7.59 1.000  00  01O000M000  0.647
LYS+1U0255_002  1.000 -7.09 -3.27  2.71  0.00 -7.65 1.000  00  +1O000M000  0.647
LYS01U0256_001  0.000 -3.59 -3.06  2.15  0.00 -4.50 1.000  00  01O000M000  0.361
LYS+1U0256_002  1.000 -3.64 -3.07  2.15  0.00 -4.55 1.000  00  +1O000M000  0.361
VAL01U0257_001  0.000  0.52 -3.31  0.00  0.00 -2.79 1.000  00  01O000M000  0.000
ASN01U0258_001  0.000 -0.26 -3.95  1.37  0.00 -2.84 0.627  00  01O000M000  0.158
ASN01U0258_002  0.000 -1.07  0.99  0.27  0.00  0.19 0.755  00  01O001M000  0.267
ASN01U0258_003  0.000 -0.31 -3.69  1.37  0.00 -2.64 0.618  00  01R002M000  0.122
LYS01U0259_001  0.000 -5.39 -0.96  1.28  0.00 -5.07 1.000  00  01O000M000  0.622
LYS+1U0259_002  1.000 -5.47 -0.97  1.28  0.00 -5.16 1.000  00  +1O000M000  0.622
LEU01U0260_001  0.000  1.30 -5.82  0.56  0.00 -3.96 1.000  00  01O000M000  0.060
GLN01U0261_001  0.000  0.08 -1.34  0.83  0.00 -0.43 0.748  00  01O000M000  0.147
GLN01U0261_002  0.000  0.14 -2.77  0.82  0.00 -1.80 0.752  00  01R001M000  0.156
ARG01U0262_001  0.000 -6.46 -2.41  1.57  0.00 -7.30 1.000  00  01O000M000  0.635
ARG02U0262_002  0.000 -6.41 -2.41  1.57  0.00 -7.25 1.000  00  02O000M000  0.635
ARG03U0262_003  0.000 -6.49 -2.41  1.57  0.00 -7.34 1.000  00  03O000M000  0.635
ARG+1U0262_004  1.000 -6.53 -2.42  1.57  0.00 -7.38 1.000  00  +1O000M000  0.635
GLU01U0263_001  0.000 -0.77 -2.78  3.56  0.00  0.01 1.000  00  01O000M000  0.323
GLU01U0263_002  0.000 -0.77 -2.78  0.84  0.00 -2.71 1.000  00  01O000M000  0.323
GLU02U0263_003  0.000 -0.78 -2.88  3.56  0.00 -0.09 1.000  00  02O000M000  0.305
GLU02U0263_004  0.000 -0.78 -2.88  0.84  0.00 -2.81 1.000  00  02O000M000  0.305
GLU-1U0263_005 -1.000 -0.91 -2.82  0.84  0.00 -2.89 1.000  00  -1O000M000  0.315
HIS01U0264_001  0.000 -1.53 -5.07  0.59  0.00 -6.00 1.000  00  01O000M000  0.116
HIS02U0264_002  0.000 -1.54 -5.15  0.59  0.00 -6.10 1.000  00  02O000M000  0.116
HIS+1U0264_003  1.000 -1.57 -5.17  0.59  0.00 -6.14 1.000  00  +1O000M000  0.116
GLN01U0265_001  0.000 -0.43 -3.54  0.89  0.00 -3.07 0.750  00  01O000M000  0.446
GLN01U0265_002  0.000  0.78 -3.63  0.89  0.00 -1.97 0.750  00  01R001M000  0.431
LYS01U0266_001  0.000 -3.75 -1.75  1.31  0.00 -4.18 1.000  00  01O000M000  0.436
LYS+1U0266_002  1.000 -3.80 -1.75  1.31  0.00 -4.24 1.000  00  +1O000M000  0.436
CYS01U0267_001  0.000 -0.84 -2.44  0.87  0.00 -2.41 1.000  00  01O000M000  0.110
CYS01U0267_002  0.000 -0.84 -2.50  0.87  0.00 -2.47 1.000  00  01O000M000  0.110
CYS01U0267_003  0.000 -0.84 -2.44  0.87  0.00 -2.41 1.000  00  01O000M000  0.110
CYS-1U0267_004 -1.000 -0.83 -2.41  0.87  0.00 -2.38 1.000  00  -1O000M000  0.110
GLN01U0268_001  0.000  0.03 -5.27  1.12  0.00 -4.12 0.747  00  01O000M000  0.427
GLN01U0268_002  0.000  1.50 -5.32  1.12  0.00 -2.70 0.753  00  01R001M000  0.396
ILE01U0269_001  0.000 -5.41 -0.00  0.88  0.00 -4.54 1.000  00  01O000M000  0.675
ARG01U0270_001  0.000 -5.12 -3.59  1.76  0.00 -6.95 1.000  00  01O000M000  0.526
ARG02U0270_002  0.000 -5.15 -3.61  1.76  0.00 -7.00 1.000  00  02O000M000  0.526
ARG03U0270_003  0.000 -5.15 -3.60  1.76  0.00 -6.99 1.000  00  03O000M000  0.526
ARG03U0270_004  0.000 -5.15 -3.59  1.76  0.00 -6.98 1.000  00  03O000M000  0.526
ARG+1U0270_005  1.000 -5.19 -3.62  1.76  0.00 -7.05 1.000  00  +1O000M000  0.526
THR01U0271_001  0.000 -3.38 -1.27  0.55  0.00 -4.10 0.665  00  01O000M000  0.426
THR01U0271_002  0.000 -3.38 -1.27  0.55  0.00 -4.10 0.665  00  01O000M000  0.426
THR01U0271_003  0.000 -3.38 -1.27  0.17  0.00 -4.48 0.665  00  01O000M000  0.426
LYS01U0273_001  0.000 -7.35 -2.37  1.24  0.00 -8.48 1.000  00  01O000M000  0.664
LYS+1U0273_002  1.000 -7.40 -2.37  1.24  0.00 -8.53 1.000  00  +1O000M000  0.664
LEU01U0274_001  0.000 -7.19  0.05  0.42  0.00 -6.72 1.000  00  01O000M000  0.742
ARG01U0275_001  0.000 -4.90 -2.51  0.87  0.00 -6.54 1.000  00  01O000M000  0.417
ARG02U0275_002  0.000 -4.96 -2.52  0.87  0.00 -6.61 1.000  00  02O000M000  0.417
ARG02U0275_003  0.000 -4.90 -2.52  0.87  0.00 -6.55 1.000  00  02O000M000  0.417
ARG03U0275_004  0.000 -4.97 -2.50  0.87  0.00 -6.59 1.000  00  03O000M000  0.417
ARG03U0275_005  0.000 -4.96 -2.49  0.87  0.00 -6.58 1.000  00  03O000M000  0.417
ARG+1U0275_006  1.000 -5.01 -2.53  0.87  0.00 -6.67 1.000  00  +1O000M000  0.417
ASP01U0276_001  0.000  0.15 -2.68  3.70  0.00  1.17 1.000  00  01O000M000  0.039
ASP01U0276_002  0.000  0.15 -2.68  0.98  0.00 -1.55 1.000  00  01O000M000  0.039
ASP02U0276_003  0.000  0.17 -3.53  3.70  0.00  0.34 1.000  00  02O000M000  0.045
ASP02U0276_004  0.000  0.17 -3.53  0.98  0.00 -2.38 1.000  00  02O000M000  0.045
ASP-1U0276_005 -1.000  0.11 -3.40  0.98  0.00 -2.31 1.000  00  -1O000M000  0.039
GLU01U0277_001  0.000 -2.73  0.18  4.43  0.00  1.89 1.000  00  01O000M000  0.717
GLU01U0277_002  0.000 -2.73  0.18  1.71  0.00 -0.83 1.000  00  01O000M000  0.717
GLU02U0277_003  0.000 -2.69  0.19  4.43  0.00  1.93 1.000  00  02O000M000  0.728
GLU02U0277_004  0.000 -2.69  0.19  1.71  0.00 -0.79 1.000  00  02O000M000  0.728
GLU-1U0277_005 -1.000 -2.74  0.21  1.71  0.00 -0.82 1.000  00  -1O000M000  0.726
TYR01U0278_001  0.000  0.79 -6.06  0.05  0.00 -5.22 1.000  00  01O000M000  0.253
TYR-1U0278_002 -1.000  0.79 -6.06  0.05  0.00 -5.22 1.000  00  -1O000M000  0.253
VAL01U0279_001  0.000 -0.00 -2.18  0.04  0.00 -2.14 1.000  00  01O000M000  0.051
GLU01U0280_001  0.000 -1.01 -0.34  2.96  0.00  1.61 1.000  00  01O000M000  0.486
GLU01U0280_002  0.000 -1.01 -0.34  0.24  0.00 -1.11 1.000  00  01O000M000  0.486
GLU02U0280_003  0.000 -1.25 -0.64  2.96  0.00  1.06 1.000  00  02O000M000  0.481
GLU02U0280_004  0.000 -1.25 -0.64  0.24  0.00 -1.66 1.000  00  02O000M000  0.481
GLU-1U0280_005 -1.000 -1.25 -0.58  0.24  0.00 -1.59 1.000  00  -1O000M000  0.477
GLU01U0281_001  0.000 -0.47 -2.31  3.09  0.00  0.31 1.000  00  01O000M000  0.509
GLU01U0281_002  0.000 -0.47 -2.31  0.37  0.00 -2.41 1.000  00  01O000M000  0.509
GLU02U0281_003  0.000 -0.86 -2.29  3.09  0.00 -0.06 1.000  00  02O000M000  0.520
GLU02U0281_004  0.000 -0.86 -2.29  0.37  0.00 -2.78 1.000  00  02O000M000  0.520
GLU-1U0281_005 -1.000 -0.86 -2.26  0.37  0.00 -2.76 1.000  00  -1O000M000  0.516
TYR01U0282_001  0.000  3.53 -6.21  0.14  0.00 -2.55 1.000  00  01O000M000  0.057
TYR01U0282_002  0.000  3.53 -6.21  0.14  0.00 -2.55 1.000  00  01O000M000  0.057
TYR-1U0282_003 -1.000  3.53 -6.21  0.14  0.00 -2.55 1.000  00  -1O000M000  0.057
ASP01U0283_001  0.000 -1.56 -1.11  3.41  0.00  0.74 1.000  00  01O000M000  0.349
ASP01U0283_002  0.000 -1.56 -1.11  0.69  0.00 -1.98 1.000  00  01O000M000  0.349
ASP02U0283_003  0.000 -1.55 -1.72  3.41  0.00  0.15 1.000  00  02O000M000  0.365
ASP02U0283_004  0.000 -1.55 -1.72  0.69  0.00 -2.57 1.000  00  02O000M000  0.365
ASP-1U0283_005 -1.000 -1.55 -1.65  0.69  0.00 -2.50 1.000  00  -1O000M000  0.356
LYS01U0284_001  0.000 -7.81 -3.08  2.71  0.00 -8.19 1.000  00  01O000M000  0.708
LYS+1U0284_002  1.000 -7.88 -3.11  2.71  0.00 -8.28 1.000  00  +1O000M000  0.708
LEU01U0285_001  0.000  0.01 -2.51  0.99  0.00 -1.51 1.000  00  01O000M000  0.140
LEU01U0286_001  0.000  1.00 -2.72  0.53  0.00 -1.18 1.000  00  01O000M000  0.045
PRO01U0287_001  0.000 -3.73 -2.58  0.00  0.00 -6.31 1.000  00  01O000M000  0.414
ILE01U0288_001  0.000  1.78 -2.37  0.54  0.00 -0.05 1.000  00  01O000M000  0.090
PHE01U0289_001  0.000  4.66 -8.54  0.26  0.00 -3.62 1.000  00  01O000M000  0.000
ILE01U0290_001  0.000 -2.17  2.44  0.46  0.00  0.73 1.000  00  01O000M000  0.285
ARG01U0291_001  0.000  0.03 -7.70  1.27  0.00 -6.40 1.000  00  01O000M000  0.132
ARG02U0291_002  0.000  0.09 -7.69  1.27  0.00 -6.33 1.000  00  02O000M000  0.132
ARG03U0291_003  0.000 -0.01 -7.68  1.27  0.00 -6.41 1.000  00  03O000M000  0.132
ARG03U0291_004  0.000 -0.00 -7.63  1.27  0.00 -6.36 1.000  00  03O000M000  0.132
ARG+1U0291_005  1.000 -0.05 -7.71  1.27  0.00 -6.49 1.000  00  +1O000M000  0.132
PHE01U0292_001  0.000  4.33 -8.80  0.98  0.00 -3.50 1.000  00  01O000M000  0.000
LYS01U0293_001  0.000 -1.46 -4.72  0.87  0.00 -5.32 1.000  00  01O000M000  0.178
LYS+1U0293_002  1.000 -1.51 -4.71  0.87  0.00 -5.35 1.000  00  +1O000M000  0.178
THR01U0294_001  0.000 -4.35 -0.33  0.38  0.00 -4.30 0.669  00  01O000M000  0.530
THR01U0294_002  0.000 -4.35 -0.33  0.38  0.00 -4.30 0.669  00  01O000M000  0.530
THR01U0294_003  0.000 -4.35 -0.33  0.00  0.00 -4.67 0.669  00  01O000M000  0.530
SER01U0295_001  0.000  0.00 -3.53  0.51  0.00 -3.02 0.672  00  01O000M000  0.000
SER01U0295_002  0.000  0.00 -3.53  0.51  0.00 -3.02 0.672  00  01O000M000  0.000
SER01U0295_003  0.000  0.00 -3.53  0.13  0.00 -3.39 0.672  00  01O000M000  0.000
ALA01U0296_001  0.000  0.00 -1.65  0.00  0.00 -1.65 1.000  00  01O000M000  0.000
ILE01U0297_001  0.000 -1.97 -1.11  0.79  0.00 -2.29 1.000  00  01O000M000  0.348
THR01U0298_001  0.000 -1.13 -1.68  0.41  0.00 -2.40 0.665  00  01O000M000  0.154
THR01U0298_002  0.000 -1.13 -1.68  0.03  0.00 -2.77 0.665  00  01O000M000  0.154
LEU01U0299_001  0.000  1.71 -5.25  0.70  0.00 -2.84 1.000  00  01O000M000  0.000
GLU01U0301_001  0.000 -1.26 -3.25  3.58  0.00 -0.93 1.000  00  01O000M000  0.638
GLU01U0301_002  0.000 -1.26 -3.25  0.86  0.00 -3.65 1.000  00  01O000M000  0.638
GLU02U0301_003  0.000 -0.92 -3.29  3.58  0.00 -0.62 1.000  00  02O000M000  0.638
GLU02U0301_004  0.000 -0.92 -3.29  0.86  0.00 -3.34 1.000  00  02O000M000  0.638
GLU-1U0301_005 -1.000 -1.38 -3.21  0.86  0.00 -3.73 1.000  00  -1O000M000  0.652
PHE01U0302_001  0.000  3.78 -6.82  0.09  0.00 -2.95 1.000  00  01O000M000  0.063
PHE01U0303_001  0.000  3.92 -3.39  0.20  0.00  0.74 1.000  00  01O000M000  0.026
LYS01U0304_001  0.000 -7.32 -0.44  1.68  0.00 -6.08 1.000  00  01O000M000  0.725
LYS+1U0304_002  1.000 -7.38 -0.45  1.68  0.00 -6.15 1.000  00  +1O000M000  0.725
LEU01U0305_001  0.000 -1.27 -4.33  0.66  0.00 -4.94 1.000  00  01O000M000  0.291
GLU01U0306_001  0.000 -2.79 -1.60  3.04  0.00 -1.35 1.000  00  01O000M000  0.836
GLU01U0306_002  0.000 -2.79 -1.60  0.32  0.00 -4.07 1.000  00  01O000M000  0.836
GLU02U0306_003  0.000 -3.11 -1.73  3.04  0.00 -1.79 1.000  00  02O000M000  0.846
GLU02U0306_004  0.000 -3.11 -1.73  0.32  0.00 -4.51 1.000  00  02O000M000  0.846
GLU-1U0306_005 -1.000 -3.03 -1.68  0.32  0.00 -4.39 1.000  00  -1O000M000  0.831
ILE01U0307_001  0.000  5.46  6.05  2.07  0.00 13.58 1.000  00  01O000M000  0.125
PRO01U0308_001  0.000 -1.53 -2.35  0.00  0.00 -3.88 1.000  00  01O000M000  0.177
GLU01U0309_001  0.000 -2.55 -1.56  3.50  0.00 -0.61 1.000  00  01O000M000  0.708
GLU01U0309_002  0.000 -2.55 -1.56  0.78  0.00 -3.33 1.000  00  01O000M000  0.708
GLU02U0309_003  0.000 -2.61 -1.35  3.50  0.00 -0.46 1.000  00  02O000M000  0.690
GLU02U0309_004  0.000 -2.61 -1.35  0.78  0.00 -3.18 1.000  00  02O000M000  0.690
GLU-1U0309_005 -1.000 -2.67 -1.53  0.78  0.00 -3.42 1.000  00  -1O000M000  0.699
LEU01U0310_001  0.000  1.52 -2.55  0.48  0.00 -0.54 1.000  00  01O000M000  0.027
HIS01U0311_001  0.000 -7.55 -2.18  0.16  0.00 -9.57 0.749  00  01O000M000  0.641
HIS01U0311_002  0.000 -7.36 -2.14  0.16  0.00 -9.33 0.751  00  01R001M000  0.635
HIS02U0311_003  0.000 -7.57 -2.26  0.16  0.00 -9.66 0.749  00  02O000M000  0.641
HIS02U0311_004  0.000 -7.37 -2.14  0.16  0.00 -9.35 0.751  00  02R001M000  0.635
HIS+1U0311_005  1.000 -7.59 -2.27  0.16  0.00 -9.70 0.749  00  +1O000M000  0.641
HIS+1U0311_006  1.000 -7.39 -2.16  0.16  0.00 -9.40 0.751  00  +1R001M000  0.635
HIS01U0312_001  0.000 -0.20 -5.31  0.10  0.00 -5.41 1.000  00  01O000M000  0.000
HIS02U0312_002  0.000 -0.22 -5.36  0.10  0.00 -5.48 1.000  00  02O000M000  0.000
HIS+1U0312_003  1.000 -0.25 -5.38  0.10  0.00 -5.53 1.000  00  +1O000M000  0.000
HIS01U0313_001  0.000 -8.45 -1.28  0.09  0.00 -9.64 0.747  00  01O000M000  0.731
HIS01U0313_002  0.000 -8.74 -1.05  0.09  0.00 -9.70 0.753  00  01R001M000  0.744
HIS02U0313_003  0.000 -8.47 -1.35  0.09  0.00 -9.72 0.747  00  02O000M000  0.731
HIS02U0313_004  0.000 -8.76 -1.05  0.09  0.00 -9.72 0.753  00  02R001M000  0.744
HIS+1U0313_005  1.000 -8.49 -1.35  0.09  0.00 -9.76 0.747  00  +1O000M000  0.731
HIS+1U0313_006  1.000 -8.78 -1.06  0.09  0.00 -9.75 0.753  00  +1R001M000  0.744
HIS01U0314_001  0.000 -3.57 -2.36  0.16  0.00 -5.77 1.000  00  01O000M000  0.292
HIS02U0314_002  0.000 -3.59 -2.42  0.16  0.00 -5.85 1.000  00  02O000M000  0.292
HIS+1U0314_003  1.000 -3.61 -2.43  0.16  0.00 -5.89 1.000  00  +1O000M000  0.292
HIS01U0315_001  0.000 -7.13  0.12  0.03  0.00 -6.97 1.000  00  01O000M000  0.568
HIS02U0315_002  0.000 -7.15  0.02  0.03  0.00 -7.09 1.000  00  02O000M000  0.568
HIS+1U0315_003  1.000 -7.18  0.02  0.03  0.00 -7.12 1.000  00  +1O000M000  0.568
CTR01U0315_001  0.000 -5.08  1.34  2.72  0.00 -1.02 1.000  00  01O000M000  0.485
CTR01U0315_002  0.000 -5.03  0.49  0.00  0.00 -4.54 1.000  00  01O000M000  0.491
CTR02U0315_003  0.000 -5.00  0.57  2.72  0.00 -1.71 1.000  00  02O000M000  0.474
CTR02U0315_004  0.000 -5.19  0.53  0.00  0.00 -4.66 1.000  00  02O000M000  0.494
CTR-1U0315_005 -1.000 -5.02  0.57  0.00  0.00 -4.45 1.000  00  -1O000M000  0.484
_CL-1U0401_001 -1.000  0.00 -4.13  0.00  0.00 -4.13 0.000  00  -1O000M000  0.000
_CLDMU0401_002  0.000  0.00  0.00  0.00  0.00  0.00 0.000  00  DMO000M000   -nan
