iConf CONFORMER     FL  occ    crg   Em0  pKa0 ne nH    vdw0    vdw1    tors    epol   dsolv   extra    history
00001 NTR01U0001_001 f 0.00  0.000     0  0.00  0  0  -2.162  -0.618   0.000   0.004   0.000   0.000 01O000M000t
00002 NTR+1U0001_002 f 0.00  1.000     0  8.00  0  1  -2.164  -0.675   0.000   1.199   0.921   0.000 +1O000M000t
00003 MET01U0001_001 f 0.00  0.000     0  0.00  0  0   5.476  -3.826   2.809   0.040   0.089   0.000 01O000M000t
00004 ASP01U0002_001 f 0.00  0.000     0  0.00  0  0  -2.519  -1.623   3.427  -0.462  -0.157   0.000 01O000M000t
00005 ASP01U0002_002 f 0.00  0.000     0  0.00  0  0  -2.519  -1.623   0.707  -0.369   1.159   0.000 01O000M000t
00006 ASP02U0002_003 f 0.00  0.000     0  0.00  0  0  -2.421  -0.756   3.427   1.655   0.848   0.000 02O000M000t
00007 ASP02U0002_004 f 0.00  0.000     0  0.00  0  0  -2.421  -0.756   0.707   0.628   0.917   0.000 02O000M000t
00008 ASP-1U0002_005 f 0.00 -1.000     0  4.75  0 -1  -2.470  -1.542   0.707  -3.513   1.884   0.000 -1O000M000t
00009 ASP01U0003_001 f 0.00  0.000     0  0.00  0  0  -1.517  -0.337   3.061   0.568   0.804   0.000 01O000M000t
00010 ASP01U0003_002 f 0.00  0.000     0  0.00  0  0  -1.517  -0.337   0.341   0.191   0.624   0.000 01O000M000t
00011 ASP02U0003_003 f 0.00  0.000     0  0.00  0  0  -1.464  -0.814   3.061   0.250   0.196   0.000 02O000M000t
00012 ASP02U0003_004 f 0.00  0.000     0  0.00  0  0  -1.464  -0.814   0.341   0.216   1.388   0.000 02O000M000t
00013 ASP-1U0003_005 f 0.00 -1.000     0  4.75  0 -1  -1.471  -0.760   0.341  -0.489   2.815   0.000 -1O000M000t
00014 ARG01U0005_001 f 0.00  0.000     0  0.00  0  0  -3.442  -2.405   0.448   0.161   1.999   0.000 01O000M000t
00015 ARG02U0005_002 f 0.00  0.000     0  0.00  0  0  -3.479  -2.410   0.448   0.202   2.794   0.000 02O000M000t
00016 ARG02U0005_003 f 0.00  0.000     0  0.00  0  0  -3.419  -2.400   0.448   0.128   2.415   0.000 02O000M000t
00017 ARG03U0005_004 f 0.00  0.000     0  0.00  0  0  -3.485  -2.412   0.448   0.202   2.687   0.000 03O000M000t
00018 ARG03U0005_005 f 0.00  0.000     0  0.00  0  0  -3.480  -2.409   0.448   0.179   1.947   0.000 03O000M000t
00019 ARG+1U0005_006 f 0.00  1.000     0 12.50  0  1  -3.523  -2.416   0.448   0.336   3.343   0.000 +1O000M000t
00020 LYS01U0006_001 f 0.00  0.000     0  0.00  0  0   2.812  -4.840   2.432  -0.172   0.597   0.000 01O000M000t
00021 LYS+1U0006_002 f 0.00  1.000     0 10.40  0  1   2.718  -4.858   2.432  -0.760   4.220   0.000 +1O000M000t
00022 LYS01U0007_001 f 0.00  0.000     0  0.00  0  0  -1.894  -4.467   4.349  -0.322   0.583   0.000 01O000M000t
00023 LYS+1U0007_002 f 0.00  1.000     0 10.40  0  1  -1.943  -4.489   4.349  -1.161   2.821   0.000 +1O000M000t
00024 GLU01U0008_001 f 0.00  0.000     0  0.00  0  0  -0.596  -2.027   3.363   0.165  -0.050   0.000 01O000M000t
00025 GLU01U0008_002 f 0.00  0.000     0  0.00  0  0  -0.596  -2.027   0.643   0.016   0.619   0.000 01O000M000t
00026 GLU02U0008_003 f 0.00  0.000     0  0.00  0  0  -1.098  -2.026   3.363  -0.005  -0.165   0.000 02O000M000t
00027 GLU02U0008_004 f 0.00  0.000     0  0.00  0  0  -1.098  -2.026   0.643   0.022   0.940   0.000 02O000M000t
00028 GLU-1U0008_005 f 0.00 -1.000     0  4.75  0 -1  -1.056  -1.975   0.643  -0.233   1.050   0.000 -1O000M000t
00029 LEU01U0009_001 f 0.00  0.000     0  0.00  0  0   1.515  -4.227   0.812   0.000   0.000   0.000 01O000M000t
00030 HIS01U0010_001 f 0.00  0.000     0  0.00  0  0  -1.587 -10.780   0.334   0.077   1.778   0.000 01O000M000t
00031 HIS01U0010_002 f 0.00  0.000     0  0.00  0  0  -1.474 -11.180   0.334   1.595   2.512   0.000 01R001M000t
00032 HIS02U0010_003 f 0.00  0.000     0  0.00  0  0  -1.606 -10.774   0.334   0.473   1.705   0.000 02O000M000t
00033 HIS02U0010_004 f 0.00  0.000     0  0.00  0  0  -1.487 -11.372   0.334  -0.541   2.347   0.000 02R001M000t
00034 HIS+1U0010_005 f 0.00  1.000     0  6.98  0  1  -1.633 -10.877   0.334  -2.119   3.300   0.000 +1O000M000t
00035 HIS+1U0010_006 f 0.00  1.000     0  6.98  0  1  -1.513 -11.404   0.334  -2.536   4.202   0.000 +1R001M000t
00036 ASP01U0011_001 f 0.00  0.000     0  0.00  0  0  -2.310  -1.198   2.959   0.560   0.003   0.000 01O000M000t
00037 ASP01U0011_002 f 0.00  0.000     0  0.00  0  0  -2.310  -1.198   0.239   0.377   0.057   0.000 01O000M000t
00038 ASP02U0011_003 f 0.00  0.000     0  0.00  0  0  -2.335  -1.714   2.959   0.483  -0.397   0.000 02O000M000t
00039 ASP02U0011_004 f 0.00  0.000     0  0.00  0  0  -2.335  -1.714   0.239   0.437   0.636   0.000 02O000M000t
00040 ASP-1U0011_005 f 0.00 -1.000     0  4.75  0 -1  -2.269  -1.660   0.239  -0.114   1.035   0.000 -1O000M000t
00041 LEU01U0012_001 f 0.00  0.000     0  0.00  0  0  -1.081  -3.799   0.583   0.000   0.000   0.000 01O000M000t
00042 ASN01U0013_001 f 0.00  0.000     0  0.00  0  0   0.243  -5.122   0.483  -1.807   3.449   0.000 01O000M000t
00043 ASN01U0013_002 f 0.00  0.000     0  0.00  0  0   0.066  -5.184   0.484   1.125   3.453   0.000 01R001M000t
00044 THR01U0014_001 f 0.00  0.000     0  0.00  0  0  -2.047  -0.656   0.413   0.310   1.096   0.000 01O000M000t
00045 THR01U0014_002 f 0.00  0.000     0  0.00  0  0  -2.047  -0.656   0.413  -2.113   1.681   0.000 01O000M000t
00046 THR01U0014_003 f 0.00  0.000     0  0.00  0  0  -2.047  -0.656   0.038   0.316   0.993   0.000 01O000M000t
00047 ARG01U0015_001 f 0.00  0.000     0  0.00  0  0  -1.870  -2.376   1.181  -0.043   1.687   0.000 01O000M000t
00048 ARG02U0015_002 f 0.00  0.000     0  0.00  0  0  -1.906  -2.392   1.181  -0.093   2.520   0.000 02O000M000t
00049 ARG02U0015_003 f 0.00  0.000     0  0.00  0  0  -1.883  -2.396   1.181  -0.192   2.284   0.000 02O000M000t
00050 ARG03U0015_004 f 0.00  0.000     0  0.00  0  0  -1.913  -2.394   1.181  -0.079   1.931   0.000 03O000M000t
00051 ARG+1U0015_005 f 0.00  1.000     0 12.50  0  1  -1.952  -2.407   1.181  -0.072   2.498   0.000 +1O000M000t
00052 ALA01U0016_001 f 0.00  0.000     0  0.00  0  0   0.000  -3.277   0.000   0.000   0.000   0.000 01O000M000t
00053 TRP01U0017_001 f 0.00  0.000     0  0.00  0  0   1.875 -10.753   1.506   0.000   0.000   0.000 01O000M000t
00054 ASN01U0018_001 f 0.00  0.000     0  0.00  0  0  -2.315  -1.641   0.752   0.150   0.288   0.000 01O000M000t
00055 ASN01U0018_002 f 0.00  0.000     0  0.00  0  0  -2.498  -0.516   0.750   0.325   0.146   0.000 01R001M000t
00056 GLU01U0020_001 f 0.00  0.000     0  0.00  0  0   0.858  -3.730   3.273  -0.018   0.282   0.000 01O000M000t
00057 GLU01U0020_002 f 0.00  0.000     0  0.00  0  0   0.858  -3.730   0.553   0.013   1.293   0.000 01O000M000t
00058 GLU02U0020_003 f 0.00  0.000     0  0.00  0  0   1.736  -3.741   3.273   0.304   0.582   0.000 02O000M000t
00059 GLU02U0020_004 f 0.00  0.000     0  0.00  0  0   1.736  -3.741   0.553   0.066   1.330   0.000 02O000M000t
00060 GLU-1U0020_005 f 0.00 -1.000     0  4.75  0 -1   0.887  -3.680   0.553  -0.321   2.551   0.000 -1O000M000t
00061 GLU01U0021_001 f 0.00  0.000     0  0.00  0  0  -0.742  -0.165   3.584   0.365  -0.229   0.000 01O000M000t
00062 GLU01U0021_002 f 0.00  0.000     0  0.00  0  0  -0.742  -0.165   0.864  -0.006   0.823   0.000 01O000M000t
00063 GLU02U0021_003 f 0.00  0.000     0  0.00  0  0  -1.168  -0.250   3.584   0.261  -0.351   0.000 02O000M000t
00064 GLU02U0021_004 f 0.00  0.000     0  0.00  0  0  -1.168  -0.250   0.864   0.111   0.780   0.000 02O000M000t
00065 GLU-1U0021_005 f 0.00 -1.000     0  4.75  0 -1  -1.191  -0.182   0.864   0.528   0.702   0.000 -1O000M000t
00066 VAL01U0022_001 f 0.00  0.000     0  0.00  0  0   0.655   2.893   1.050   0.000   0.000   0.000 01O000M000t
00067 PHE01U0023_001 f 0.00  0.000     0  0.00  0  0   3.775  -7.768   0.773   0.000   0.000   0.000 01O000M000t
00068 PRO01U0024_001 f 0.00  0.000     0  0.00  0  0  -6.906   2.517   0.000   0.000   0.000   0.000 01O000M000t
00069 CTR01U0024_001 f 0.00  0.000     0  0.00  0  0  -2.569  -0.732   2.720   0.333  -0.136   0.000 01O000M000t
00070 CTR01U0024_002 f 0.00  0.000     0  0.00  0  0  -2.444  -1.137   0.000  -0.170   0.003   0.000 01O000M000t
00071 CTR02U0024_003 f 0.00  0.000     0  0.00  0  0  -2.783  -0.999   2.720  -0.192  -1.002   0.000 02O000M000t
00072 CTR02U0024_004 f 0.00  0.000     0  0.00  0  0  -2.469  -1.091   0.000  -0.349  -0.686   0.000 02O000M000t
00073 CTR-1U0024_005 f 0.00 -1.000     0  3.75  0 -1  -2.548  -1.011   0.000  -0.264   1.199   0.000 -1O000M000t
00074 NTR01U0029_001 f 0.00  0.000     0  0.00  0  0  -3.736   0.097   0.000   0.005   0.000   0.000 01O000M000t
00075 NTR+1U0029_002 f 0.00  1.000     0  8.00  0  1  -3.738   0.035   0.000   0.815  -0.390   0.000 +1O000M000t
00076 LYS01U0029_001 f 0.00  0.000     0  0.00  0  0  -8.375  -1.763   4.219   0.028   0.239   0.000 01O000M000t
00077 LYS+1U0029_002 f 0.00  1.000     0 10.40  0  1  -8.433  -1.770   4.219  -0.048   0.650   0.000 +1O000M000t
00078 LEU01U0030_001 f 0.00  0.000     0  0.00  0  0  -3.272  -4.820   0.537   0.000   0.000   0.000 01O000M000t
00079 ASP01U0031_001 f 0.00  0.000     0  0.00  0  0  -1.531  -0.134   2.858   2.375   1.074   0.000 01O000M000t
00080 ASP01U0031_002 f 0.00  0.000     0  0.00  0  0  -1.531  -0.134   0.138   0.015   1.440   0.000 01O000M000t
00081 ASP02U0031_003 f 0.00  0.000     0  0.00  0  0  -1.412  -1.041   2.858  -1.076   0.963   0.000 02O000M000t
00082 ASP02U0031_004 f 0.00  0.000     0  0.00  0  0  -1.412  -1.041   0.138  -0.936   1.600   0.000 02O000M000t
00083 ASP-1U0031_005 f 0.00 -1.000     0  4.75  0 -1  -1.444  -0.971   0.138  -2.822   4.187   0.000 -1O000M000t
00084 SER01U0032_001 f 0.00  0.000     0  0.00  0  0  -1.813  -0.797   0.421   0.077   0.466   0.000 01O000M000t
00085 SER01U0032_002 f 0.00  0.000     0  0.00  0  0  -1.813  -0.797   0.421  -0.174   0.155   0.000 01O000M000t
00086 SER01U0032_003 f 0.00  0.000     0  0.00  0  0  -1.813  -0.797   0.046  -0.495   0.050   0.000 01O000M000t
00087 SER01U0033_001 f 0.00  0.000     0  0.00  0  0  -2.664  -1.548   0.582  -0.314   1.576   0.000 01O000M000t
00088 SER01U0033_002 f 0.00  0.000     0  0.00  0  0  -2.664  -1.548   0.582   2.367   1.569   0.000 01O000M000t
00089 SER01U0033_003 f 0.00  0.000     0  0.00  0  0  -2.664  -1.548   0.207  -1.569   0.739   0.000 01O000M000t
00090 ILE01U0034_001 f 0.00  0.000     0  0.00  0  0  -6.139   2.839   0.460   0.000   0.000   0.000 01O000M000t
00091 LYS01U0035_001 f 0.00  0.000     0  0.00  0  0  -9.570  -1.415   1.460  -0.029  -0.313   0.000 01O000M000t
00092 LYS+1U0035_002 f 0.00  1.000     0 10.40  0  1  -9.615  -1.417   1.460   0.177  -0.211   0.000 +1O000M000t
00093 ARG01U0036_001 f 0.00  0.000     0  0.00  0  0  -1.028  -3.297   0.947   0.091   2.255   0.000 01O000M000t
00094 ARG02U0036_002 f 0.00  0.000     0  0.00  0  0  -1.043  -3.302   0.947   0.131   3.109   0.000 02O000M000t
00095 ARG02U0036_003 f 0.00  0.000     0  0.00  0  0  -0.959  -3.304   0.947   0.043   2.841   0.000 02O000M000t
00096 ARG03U0036_004 f 0.00  0.000     0  0.00  0  0  -1.051  -3.288   0.947   0.056   3.058   0.000 03O000M000t
00097 ARG03U0036_005 f 0.00  0.000     0  0.00  0  0  -1.047  -3.267   0.947  -0.050   2.949   0.000 03O000M000t
00098 ARG+1U0036_006 f 0.00  1.000     0 12.50  0  1  -1.090  -3.321   0.947   0.624   3.711   0.000 +1O000M000t
00099 ASN01U0037_001 f 0.00  0.000     0  0.00  0  0   0.471  -4.408   0.848  -0.047   3.101   0.000 01O000M000t
00100 THR01U0038_001 f 0.00  0.000     0  0.00  0  0  -2.315  -1.160   0.423  -1.469   1.239   0.000 01O000M000t
00101 THR01U0038_002 f 0.00  0.000     0  0.00  0  0  -2.315  -1.160   0.048  -0.550   0.549   0.000 01O000M000t
00102 PHE01U0040_001 f 0.00  0.000     0  0.00  0  0   4.629  -6.361   0.016   0.000   0.000   0.000 01O000M000t
00103 ILE01U0041_001 f 0.00  0.000     0  0.00  0  0   2.721  -0.423   0.477   0.000   0.000   0.000 01O000M000t
00104 LYS01U0042_001 f 0.00  0.000     0  0.00  0  0  -7.220  -3.634   2.676   0.001   0.028   0.000 01O000M000t
00105 LYS+1U0042_002 f 0.00  1.000     0 10.40  0  1  -7.268  -3.642   2.676  -0.025  -0.041   0.000 +1O000M000t
00106 LYS01U0043_001 f 0.00  0.000     0  0.00  0  0  -2.008  -4.619   4.061  -0.088   0.607   0.000 01O000M000t
00107 LYS+1U0043_002 f 0.00  1.000     0 10.40  0  1  -2.059  -4.641   4.061   0.044   3.564   0.000 +1O000M000t
00108 LEU01U0044_001 f 0.00  0.000     0  0.00  0  0   1.638  -4.149   0.884   0.000   0.000   0.000 01O000M000t
00109 LYS01U0045_001 f 0.00  0.000     0  0.00  0  0  -5.461  -2.606   3.993   0.014   0.214   0.000 01O000M000t
00110 LYS+1U0045_002 f 0.00  1.000     0 10.40  0  1  -5.509  -2.613   3.993  -0.023   0.615   0.000 +1O000M000t
00111 LYS01U0046_001 f 0.00  0.000     0  0.00  0  0  -4.183   3.182   4.299   0.081   0.175   0.000 01O000M000t
00112 LYS+1U0046_002 f 0.00  1.000     0 10.40  0  1  -4.232   3.171   4.299  -0.379   0.965   0.000 +1O000M000t
00113 PHE01U0048_001 f 0.00  0.000     0  0.00  0  0   4.045  -4.527   0.000   0.000   0.000   0.000 01O000M000t
00114 VAL01U0049_001 f 0.00  0.000     0  0.00  0  0  -2.049  -0.310   0.004   0.000   0.000   0.000 01O000M000t
00115 LYS01U0050_001 f 0.00  0.000     0  0.00  0  0  -4.138  -2.319   2.940  -0.071   0.282   0.000 01O000M000t
00116 LYS+1U0050_002 f 0.00  1.000     0 10.40  0  1  -4.218  -2.330   2.940   0.545   1.576   0.000 +1O000M000t
00117 SER01U0052_001 f 0.00  0.000     0  0.00  0  0   0.000  -1.376   0.592  -1.310   1.954   0.000 01O000M000t
00118 SER01U0052_002 f 0.00  0.000     0  0.00  0  0   0.000  -1.376   0.217  -0.659   1.960   0.000 01O000M000t
00119 GLU01U0053_001 f 0.00  0.000     0  0.00  0  0   2.389   8.880   7.560   0.939   0.323   0.000 01O000M000t
00120 GLU01U0053_002 f 0.00  0.000     0  0.00  0  0   2.389   8.880   4.840   0.193   0.619   0.000 01O000M000t
00121 GLU02U0053_003 f 0.00  0.000     0  0.00  0  0   1.811   8.865   7.560   1.351   0.950   0.000 02O000M000t
00122 GLU02U0053_004 f 0.00  0.000     0  0.00  0  0   1.811   8.865   4.840   0.284   0.874   0.000 02O000M000t
00123 GLU-1U0053_005 f 0.00 -1.000     0  4.75  0 -1   1.741   8.964   4.840  -1.825   2.288   0.000 -1O000M000t
00124 SER01U0054_001 f 0.00  0.000     0  0.00  0  0  -4.664  -0.553   3.169  -0.276  -0.085   0.000 01O000M000t
00125 SER01U0054_002 f 0.00  0.000     0  0.00  0  0  -4.664  -0.553   3.169  -0.184  -0.043   0.000 01O000M000t
00126 SER01U0055_001 f 0.00  0.000     0  0.00  0  0  -2.089  -0.853   0.648   0.120   1.502   0.000 01O000M000t
00127 SER01U0055_002 f 0.00  0.000     0  0.00  0  0  -2.089  -0.853   0.648  -0.563   0.632   0.000 01O000M000t
00128 SER01U0055_003 f 0.00  0.000     0  0.00  0  0  -2.089  -0.853   0.273  -0.720   0.503   0.000 01O000M000t
00129 LEU01U0056_001 f 0.00  0.000     0  0.00  0  0   2.181  -5.589   0.995   0.000   0.000   0.000 01O000M000t
00130 LEU01U0057_001 f 0.00  0.000     0  0.00  0  0  -1.284  -1.481   0.747   0.000   0.000   0.000 01O000M000t
00131 LYS01U0058_001 f 0.00  0.000     0  0.00  0  0  -4.563  -3.269   4.020  -0.002   0.328   0.000 01O000M000t
00132 LYS+1U0058_002 f 0.00  1.000     0 10.40  0  1  -4.621  -3.284   4.020   0.091   1.387   0.000 +1O000M000t
00133 ASP01U0059_001 f 0.00  0.000     0  0.00  0  0  -0.040  -3.984   3.720   1.014   2.333   0.000 01O000M000t
00134 ASP01U0059_002 f 0.00  0.000     0  0.00  0  0  -0.040  -3.984   1.000   0.481   1.918   0.000 01O000M000t
00135 ASP02U0059_003 f 0.00  0.000     0  0.00  0  0   0.080  -3.950   3.720   0.601   2.204   0.000 02O000M000t
00136 ASP02U0059_004 f 0.00  0.000     0  0.00  0  0   0.080  -3.950   1.000   0.359   1.752   0.000 02O000M000t
00137 ASP-1U0059_005 f 0.00 -1.000     0  4.75  0 -1  -0.029  -3.984   1.000  -0.579   6.831   0.000 -1O000M000t
00138 LEU01U0060_001 f 0.00  0.000     0  0.00  0  0   1.856  -4.790   1.206   0.000   0.000   0.000 01O000M000t
00139 SER01U0061_001 f 0.00  0.000     0  0.00  0  0  -1.426  -1.168   0.913  -0.977   1.384   0.000 01O000M000t
00140 GLU01U0062_001 f 0.00  0.000     0  0.00  0  0  -0.247  -3.736   3.236   0.075   1.237   0.000 01O000M000t
00141 GLU01U0062_002 f 0.00  0.000     0  0.00  0  0  -0.247  -3.736   0.516  -0.072   1.019   0.000 01O000M000t
00142 GLU02U0062_003 f 0.00  0.000     0  0.00  0  0  -0.730  -3.707   3.236  -0.169  -0.182   0.000 02O000M000t
00143 GLU02U0062_004 f 0.00  0.000     0  0.00  0  0  -0.730  -3.707   0.516  -0.102   1.243   0.000 02O000M000t
00144 GLU-1U0062_005 f 0.00 -1.000     0  4.75  0 -1  -0.704  -3.669   0.516   0.055   2.393   0.000 -1O000M000t
00145 ALA01U0063_001 f 0.00  0.000     0  0.00  0  0   0.000  -1.605   0.000   0.000   0.000   0.000 01O000M000t
00146 SER01U0064_001 f 0.00  0.000     0  0.00  0  0  -0.963  -1.394   0.690   0.072   1.366   0.000 01O000M000t
00147 SER01U0064_002 f 0.00  0.000     0  0.00  0  0  -0.963  -1.394   0.690  -0.057   0.358   0.000 01O000M000t
00148 LEU01U0065_001 f 0.00  0.000     0  0.00  0  0   2.255  -4.288   0.559   0.000   0.000   0.000 01O000M000t
00149 GLU01U0066_001 f 0.00  0.000     0  0.00  0  0  -0.656  -1.655   4.178   0.110   0.365   0.000 01O000M000t
00150 GLU01U0066_002 f 0.00  0.000     0  0.00  0  0  -0.656  -1.655   1.458   0.170   2.083   0.000 01O000M000t
00151 GLU02U0066_003 f 0.00  0.000     0  0.00  0  0  -0.398  -1.645   4.178   0.393   0.400   0.000 02O000M000t
00152 GLU02U0066_004 f 0.00  0.000     0  0.00  0  0  -0.398  -1.645   1.458   0.161   1.998   0.000 02O000M000t
00153 GLU-1U0066_005 f 0.00 -1.000     0  4.75  0 -1  -0.666  -1.606   1.458  -0.611   4.034   0.000 -1O000M000t
00154 LYS01U0067_001 f 0.00  0.000     0  0.00  0  0   5.335  10.433   4.224  -0.580   1.384   0.000 01O000M000t
00155 LYS+1U0067_002 f 0.00  1.000     0 10.40  0  1   5.666  14.126   4.224   0.929  10.227   0.000 +1O000M000t
00156 TYR01U0068_001 f 0.00  0.000     0  0.00  0  0   2.747  -4.519   1.262   0.261   1.080   0.000 01O000M000t
00157 TYR-1U0068_002 f 0.00 -1.000     0 10.20  0 -1   2.747  -4.519   1.262  -0.267   3.267   0.000 -1O000M000t
00158 LEU01U0069_001 f 0.00  0.000     0  0.00  0  0   0.556  -2.551   0.456   0.000   0.000   0.000 01O000M000t
00159 SER01U0070_001 f 0.00  0.000     0  0.00  0  0  -4.944  -0.287   0.630  -0.341  -0.134   0.000 01O000M000t
00160 GLU01U0071_001 f 0.00  0.000     0  0.00  0  0   0.882  -1.741   3.597   0.230   0.405   0.000 01O000M000t
00161 GLU01U0071_002 f 0.00  0.000     0  0.00  0  0   0.882  -1.741   0.877   0.069   0.981   0.000 01O000M000t
00162 GLU02U0071_003 f 0.00  0.000     0  0.00  0  0   0.279  -1.729   3.597   0.079   0.184   0.000 02O000M000t
00163 GLU02U0071_004 f 0.00  0.000     0  0.00  0  0   0.279  -1.729   0.877   0.048   0.952   0.000 02O000M000t
00164 GLU-1U0071_005 f 0.00 -1.000     0  4.75  0 -1   0.362  -1.696   0.877  -0.252   1.579   0.000 -1O000M000t
00165 ILE01U0072_001 f 0.00  0.000     0  0.00  0  0   3.560   0.283   0.664   0.000   0.000   0.000 01O000M000t
00166 ILE01U0073_001 f 0.00  0.000     0  0.00  0  0   0.682  -3.326   0.627   0.000   0.000   0.000 01O000M000t
00167 VAL01U0074_001 f 0.00  0.000     0  0.00  0  0  -5.857   0.466   0.060   0.000   0.000   0.000 01O000M000t
00168 THR01U0075_001 f 0.00  0.000     0  0.00  0  0   0.070  -1.445   0.375   0.081   0.863   0.000 01O000M000t
00169 THR01U0075_002 f 0.00  0.000     0  0.00  0  0   0.070  -1.445   0.375  -1.350   0.799   0.000 01O000M000t
00170 THR01U0075_003 f 0.00  0.000     0  0.00  0  0   0.070  -1.445   0.000  -0.145   1.483   0.000 01O000M000t
00171 VAL01U0076_001 f 0.00  0.000     0  0.00  0  0   0.632   1.180   1.371   0.000   0.000   0.000 01O000M000t
00172 THR01U0077_001 f 0.00  0.000     0  0.00  0  0  -0.721  -0.384   0.379   0.345   1.742   0.000 01O000M000t
00173 THR01U0077_002 f 0.00  0.000     0  0.00  0  0  -0.721  -0.384   0.379  -2.353   1.735   0.000 01O000M000t
00174 GLU01U0078_001 f 0.00  0.000     0  0.00  0  0  -1.755  -1.671   6.655   0.068  -0.685   0.000 01O000M000t
00175 GLU01U0078_002 f 0.00  0.000     0  0.00  0  0  -1.755  -1.671   3.935   0.065   0.484   0.000 01O000M000t
00176 GLU02U0078_003 f 0.00  0.000     0  0.00  0  0  -1.631  -1.687   6.655   0.076  -0.288   0.000 02O000M000t
00177 GLU02U0078_004 f 0.00  0.000     0  0.00  0  0  -1.631  -1.687   3.935   0.062   0.615   0.000 02O000M000t
00178 GLU-1U0078_005 f 0.00 -1.000     0  4.75  0 -1  -1.774  -1.647   3.935   0.031   0.046   0.000 -1O000M000t
00179 CYS01U0079_001 f 0.00  0.000     0  0.00  0  0  -0.216  -4.365   0.043  -0.035   0.312   0.000 01O000M000t
00180 CYS01U0079_002 f 0.00  0.000     0  0.00  0  0  -0.216  -4.413   0.043  -0.315   0.558   0.000 01O000M000t
00181 CYS01U0079_003 f 0.00  0.000     0  0.00  0  0  -0.217  -4.416   0.043  -0.752   0.864   0.000 01O000M000t
00182 CYS-1U0079_004 f 0.00 -1.000     0  9.10  0 -1  -0.214  -4.259   0.043   0.280   6.144   0.000 -1O000M000t
00183 LEU01U0080_001 f 0.00  0.000     0  0.00  0  0   1.754   5.348   1.925   0.000   0.000   0.000 01O000M000t
00184 LEU01U0081_001 f 0.00  0.000     0  0.00  0  0  -0.198  -4.189   0.594   0.000   0.000   0.000 01O000M000t
00185 ASN01U0082_001 f 0.00  0.000     0  0.00  0  0  -2.134  -1.413   0.721  -0.079   0.957   0.000 01O000M000t
00186 VAL01U0083_001 f 0.00  0.000     0  0.00  0  0   0.602  -1.002   0.015   0.000   0.000   0.000 01O000M000t
00187 LEU01U0084_001 f 0.00  0.000     0  0.00  0  0  -4.301  -1.103   0.619   0.000   0.000   0.000 01O000M000t
00188 ASN01U0085_001 f 0.00  0.000     0  0.00  0  0  -1.739   0.649   0.259  -0.014   0.243   0.000 01O000M000t
00189 ASN01U0085_002 f 0.00  0.000     0  0.00  0  0  -1.809   1.741   0.263   0.519   0.257   0.000 01R001M000t
00190 LYS01U0086_001 f 0.00  0.000     0  0.00  0  0  -4.951  -2.775   1.870  -0.076   0.100   0.000 01O000M000t
00191 LYS+1U0086_002 f 0.00  1.000     0 10.40  0  1  -5.020  -2.780   1.870   0.387  -0.012   0.000 +1O000M000t
00192 ASN01U0087_001 f 0.00  0.000     0  0.00  0  0  -2.124  -0.537   0.489   0.121   0.970   0.000 01O000M000t
00193 ASP01U0088_001 f 0.00  0.000     0  0.00  0  0  -1.885  -1.117   3.833   0.525  -0.593   0.000 01O000M000t
00194 ASP01U0088_002 f 0.00  0.000     0  0.00  0  0  -1.885  -1.117   1.113   0.308   0.420   0.000 01O000M000t
00195 ASP02U0088_003 f 0.00  0.000     0  0.00  0  0  -2.083  -0.843   3.833   0.767   0.246   0.000 02O000M000t
00196 ASP02U0088_004 f 0.00  0.000     0  0.00  0  0  -2.083  -0.843   1.113   0.324   0.800   0.000 02O000M000t
00197 ASP-1U0088_005 f 0.00 -1.000     0  4.75  0 -1  -2.059  -1.080   1.113  -0.902   0.856   0.000 -1O000M000t
00198 ASP01U0089_001 f 0.00  0.000     0  0.00  0  0  -0.366  -2.303   2.926   1.577   2.072   0.000 01O000M000t
00199 ASP01U0089_002 f 0.00  0.000     0  0.00  0  0  -0.366  -2.303   0.206   0.037   1.666   0.000 01O000M000t
00200 ASP02U0089_003 f 0.00  0.000     0  0.00  0  0  -0.261  -3.164   2.926  -0.222   1.835   0.000 02O000M000t
00201 ASP02U0089_004 f 0.00  0.000     0  0.00  0  0  -0.261  -3.164   0.206  -0.504   1.809   0.000 02O000M000t
00202 ASP-1U0089_005 f 0.00 -1.000     0  4.75  0 -1  -0.322  -3.057   0.206  -3.292   6.053   0.000 -1O000M000t
00203 VAL01U0090_001 f 0.00  0.000     0  0.00  0  0   0.682  -2.216   0.076   0.000   0.000   0.000 01O000M000t
00204 ILE01U0091_001 f 0.00  0.000     0  0.00  0  0  -0.390   2.573   1.689   0.000   0.000   0.000 01O000M000t
00205 ALA01U0092_001 f 0.00  0.000     0  0.00  0  0   0.000  -3.134   0.000   0.000   0.000   0.000 01O000M000t
00206 ALA01U0093_001 f 0.00  0.000     0  0.00  0  0   0.000  -1.732   0.000   0.000   0.000   0.000 01O000M000t
00207 VAL01U0094_001 f 0.00  0.000     0  0.00  0  0   0.545   0.281   0.194   0.000   0.000   0.000 01O000M000t
00208 GLU01U0095_001 f 0.00  0.000     0  0.00  0  0   1.999  -3.328   3.853   0.423   1.166   0.000 01O000M000t
00209 GLU01U0095_002 f 0.00  0.000     0  0.00  0  0   1.999  -3.328   1.133   0.037   1.881   0.000 01O000M000t
00210 GLU02U0095_003 f 0.00  0.000     0  0.00  0  0   1.405  -3.368   3.853   0.098   0.667   0.000 02O000M000t
00211 GLU02U0095_004 f 0.00  0.000     0  0.00  0  0   1.405  -3.368   1.133   0.056   1.884   0.000 02O000M000t
00212 GLU-1U0095_005 f 0.00 -1.000     0  4.75  0 -1   1.401  -3.329   1.133  -0.450   4.055   0.000 -1O000M000t
00213 ILE01U0096_001 f 0.00  0.000     0  0.00  0  0   1.591  -2.733   0.546   0.000   0.000   0.000 01O000M000t
00214 ILE01U0097_001 f 0.00  0.000     0  0.00  0  0   2.530   3.449   0.455   0.000   0.000   0.000 01O000M000t
00215 SER01U0098_001 f 0.00  0.000     0  0.00  0  0   0.000  -2.254   0.486   0.120   1.972   0.000 01O000M000t
00216 SER01U0098_002 f 0.00  0.000     0  0.00  0  0   0.000  -2.254   0.486  -1.257   1.978   0.000 01O000M000t
00217 LEU01U0100_001 f 0.00  0.000     0  0.00  0  0   2.021  -3.735   1.162   0.000   0.000   0.000 01O000M000t
00218 HIS01U0101_001 f 0.00  0.000     0  0.00  0  0  -0.180  -9.686   0.225  -1.242   3.972   0.000 01O000M000t
00219 HIS02U0101_002 f 0.00  0.000     0  0.00  0  0  -0.198  -9.757   0.225   1.980   3.970   0.000 02O000M000t
00220 HIS+1U0101_003 f 0.00  1.000     0  6.98  0  1  -0.224  -9.782   0.225  -1.850  12.083   0.000 +1O000M000t
00221 GLN01U0102_001 f 0.00  0.000     0  0.00  0  0   1.255  -6.426   1.209  -0.387   1.781   0.000 01O000M000t
00222 GLN01U0102_002 f 0.00  0.000     0  0.00  0  0   1.983  -6.382   1.214   0.301   2.023   0.000 01R001M000t
00223 ARG01U0103_001 f 0.00  0.000     0  0.00  0  0   1.403  16.457   2.141  -2.987   2.434   0.000 01O000M000t
00224 ARG02U0103_002 f 0.00  0.000     0  0.00  0  0   1.358  16.540   2.141  -0.763   3.450   0.000 02O000M000t
00225 ARG02U0103_003 f 0.00  0.000     0  0.00  0  0   1.431  10.530   2.141   0.166   3.350   0.000 02O000M000t
00226 ARG03U0103_004 f 0.00  0.000     0  0.00  0  0   1.351  16.505   2.141  -2.981   3.135   0.000 03O000M000t
00227 ARG+1U0103_005 f 0.00  1.000     0 12.50  0  1   1.311  16.413   2.141  -4.435   4.774   0.000 +1O000M000t
00228 PHE01U0104_001 f 0.00  0.000     0  0.00  0  0   4.511  -6.388   0.134   0.000   0.000   0.000 01O000M000t
00229 ASN01U0105_001 f 0.00  0.000     0  0.00  0  0  -0.586  16.609   0.652   0.023   2.046   0.000 01O000M000t
00230 ARG01U0107_001 f 0.00  0.000     0  0.00  0  0  -4.563  -3.009   0.779   0.200   1.795   0.000 01O000M000t
00231 ARG02U0107_002 f 0.00  0.000     0  0.00  0  0  -4.580  -2.996   0.779   0.361   2.489   0.000 02O000M000t
00232 ARG03U0107_003 f 0.00  0.000     0  0.00  0  0  -4.588  -2.997   0.779   0.406   2.574   0.000 03O000M000t
00233 ARG03U0107_004 f 0.00  0.000     0  0.00  0  0  -4.584  -3.007   0.779   0.204   2.309   0.000 03O000M000t
00234 ARG+1U0107_005 f 0.00  1.000     0 12.50  0  1  -4.627  -3.021   0.779   0.057   2.897   0.000 +1O000M000t
00235 PHE01U0108_001 f 0.00  0.000     0  0.00  0  0   4.457  -7.928   0.500   0.000   0.000   0.000 01O000M000t
00236 THR01U0109_001 f 0.00  0.000     0  0.00  0  0   0.196  -3.157   0.581  -0.152   1.991   0.000 01O000M000t
00237 THR01U0109_002 f 0.00  0.000     0  0.00  0  0   0.196  -3.157   0.206  -0.700   1.992   0.000 01O000M000t
00238 SER01U0110_001 f 0.00  0.000     0  0.00  0  0   0.000  -0.283   0.622  -0.227   1.928   0.000 01O000M000t
00239 SER01U0110_002 f 0.00  0.000     0  0.00  0  0   0.000  -0.283   0.622  -0.114   1.930   0.000 01O000M000t
00240 SER01U0110_003 f 0.00  0.000     0  0.00  0  0   0.000  -0.283   0.247   0.789   1.932   0.000 01O000M000t
00241 PRO01U0111_001 f 0.00  0.000     0  0.00  0  0  -1.265  -4.773   0.000   0.000   0.000   0.000 01O000M000t
00242 LEU01U0112_001 f 0.00  0.000     0  0.00  0  0   1.463  -3.858   0.735   0.000   0.000   0.000 01O000M000t
00243 LEU01U0113_001 f 0.00  0.000     0  0.00  0  0   1.693  -4.381   0.597   0.000   0.000   0.000 01O000M000t
00244 ALA01U0115_001 f 0.00  0.000     0  0.00  0  0  -2.128  -1.574   0.000   0.000   0.000   0.000 01O000M000t
00245 PHE01U0116_001 f 0.00  0.000     0  0.00  0  0   4.389  -8.620   0.184   0.000   0.000   0.000 01O000M000t
00246 LEU01U0117_001 f 0.00  0.000     0  0.00  0  0   1.616  -3.449   0.769   0.000   0.000   0.000 01O000M000t
00247 GLN01U0118_001 f 0.00  0.000     0  0.00  0  0  -1.568  -3.243   0.435  -0.284   0.728   0.000 01O000M000t
00248 GLN01U0118_002 f 0.00  0.000     0  0.00  0  0  -1.041  -3.147   0.432   0.351   0.326   0.000 01R001M000t
00249 ALA01U0119_001 f 0.00  0.000     0  0.00  0  0  -0.052  -1.040   0.000   0.000   0.000   0.000 01O000M000t
00250 PHE01U0120_001 f 0.00  0.000     0  0.00  0  0   4.377  -6.869   0.000   0.000   0.000   0.000 01O000M000t
00251 GLU01U0121_001 f 0.00  0.000     0  0.00  0  0   0.488  -4.655   3.917   0.280   1.466   0.000 01O000M000t
00252 GLU01U0121_002 f 0.00  0.000     0  0.00  0  0   0.488  -4.655   1.197   2.834   2.205   0.000 01O000M000t
00253 GLU02U0121_003 f 0.00  0.000     0  0.00  0  0   0.160  -4.925   3.917  -2.047   0.869   0.000 02O000M000t
00254 GLU02U0121_004 f 0.00  0.000     0  0.00  0  0   0.160  -4.925   1.197  -1.478   2.120   0.000 02O000M000t
00255 GLU-1U0121_005 f 0.00 -1.000     0  4.75  0 -1   0.166  -4.827   1.197  -4.826   5.906   0.000 -1O000M000t
00256 ASN01U0122_001 f 0.00  0.000     0  0.00  0  0  -0.462  -3.584   0.534  -0.498   1.735   0.000 01O000M000t
00257 ASN01U0122_002 f 0.00  0.000     0  0.00  0  0  -0.524  -2.839   0.539   0.648   1.627   0.000 01R001M000t
00258 PRO01U0123_001 f 0.00  0.000     0  0.00  0  0  -1.187  -1.350   0.000   0.000   0.000   0.000 01O000M000t
00259 SER01U0124_001 f 0.00  0.000     0  0.00  0  0  -5.315   1.341   0.978   0.029   0.097   0.000 01O000M000t
00260 VAL01U0125_001 f 0.00  0.000     0  0.00  0  0  -5.682   1.136   0.151   0.000   0.000   0.000 01O000M000t
00261 ASP01U0126_001 f 0.00  0.000     0  0.00  0  0  -2.307   3.192   3.556   3.279   0.958   0.000 01O000M000t
00262 ASP01U0126_002 f 0.00  0.000     0  0.00  0  0  -2.307   3.192   0.836  -0.228   1.231   0.000 01O000M000t
00263 ASP02U0126_003 f 0.00  0.000     0  0.00  0  0  -2.268   2.008   3.556  -0.811  -0.104   0.000 02O000M000t
00264 ASP02U0126_004 f 0.00  0.000     0  0.00  0  0  -2.268   2.008   0.836  -0.805   1.511   0.000 02O000M000t
00265 ASP-1U0126_005 f 0.00 -1.000     0  4.75  0 -1  -2.345   2.053   0.836  -2.478   2.230   0.000 -1O000M000t
00266 ILE01U0127_001 f 0.00  0.000     0  0.00  0  0   2.065  -1.485   0.611   0.000   0.000   0.000 01O000M000t
00267 GLU01U0128_001 f 0.00  0.000     0  0.00  0  0  -2.660  -1.528   5.224   0.162  -0.715   0.000 01O000M000t
00268 GLU01U0128_002 f 0.00  0.000     0  0.00  0  0  -2.660  -1.528   2.504   0.099   0.500   0.000 01O000M000t
00269 GLU02U0128_003 f 0.00  0.000     0  0.00  0  0  -2.798  -1.545   5.224   0.124  -0.512   0.000 02O000M000t
00270 GLU02U0128_004 f 0.00  0.000     0  0.00  0  0  -2.798  -1.545   2.504   0.089   0.441   0.000 02O000M000t
00271 GLU-1U0128_005 f 0.00 -1.000     0  4.75  0 -1  -2.760  -1.500   2.504  -0.092  -0.038   0.000 -1O000M000t
00272 SER01U0129_001 f 0.00  0.000     0  0.00  0  0  -1.850  -0.957   0.890   3.430   1.444   0.000 01O000M000t
00273 SER01U0129_002 f 0.00  0.000     0  0.00  0  0  -1.850  -0.957   0.889  -1.243   0.555   0.000 01O000M000t
00274 SER01U0129_003 f 0.00  0.000     0  0.00  0  0  -1.850  -0.957   0.515  -1.420   0.610   0.000 01O000M000t
00275 GLU01U0130_001 f 0.00  0.000     0  0.00  0  0   0.856  -1.282   3.176   0.324   0.178   0.000 01O000M000t
00276 GLU01U0130_002 f 0.00  0.000     0  0.00  0  0   0.856  -1.282   0.456   0.093   1.198   0.000 01O000M000t
00277 GLU02U0130_003 f 0.00  0.000     0  0.00  0  0   0.358  -1.272   3.176   0.177   0.040   0.000 02O000M000t
00278 GLU02U0130_004 f 0.00  0.000     0  0.00  0  0   0.358  -1.272   0.456   0.059   0.605   0.000 02O000M000t
00279 GLU-1U0130_005 f 0.00 -1.000     0  4.75  0 -1   0.300  -1.246   0.456  -0.254   2.236   0.000 -1O000M000t
00280 ARG01U0131_001 f 0.00  0.000     0  0.00  0  0  -8.427  -0.875   1.612   0.225   0.523   0.000 01O000M000t
00281 ARG02U0131_002 f 0.00  0.000     0  0.00  0  0  -8.411  -0.869   1.612   0.190   1.277   0.000 02O000M000t
00282 ARG03U0131_003 f 0.00  0.000     0  0.00  0  0  -8.476  -0.882   1.612   0.227   1.485   0.000 03O000M000t
00283 ARG+1U0131_004 f 0.00  1.000     0 12.50  0  1  -8.514  -0.883   1.612   0.427   0.517   0.000 +1O000M000t
00284 ASP01U0132_001 f 0.00  0.000     0  0.00  0  0  -2.389  -0.362   2.838   0.983   0.414   0.000 01O000M000t
00285 ASP01U0132_002 f 0.00  0.000     0  0.00  0  0  -2.389  -0.362   0.118   0.284   0.404   0.000 01O000M000t
00286 ASP02U0132_003 f 0.00  0.000     0  0.00  0  0  -2.418  -0.934   2.838   0.429  -0.125   0.000 02O000M000t
00287 ASP02U0132_004 f 0.00  0.000     0  0.00  0  0  -2.418  -0.934   0.118   0.232   0.885   0.000 02O000M000t
00288 ASP-1U0132_005 f 0.00 -1.000     0  4.75  0 -1  -2.275  -0.877   0.118  -1.130   1.208   0.000 -1O000M000t
00289 GLU01U0133_001 f 0.00  0.000     0  0.00  0  0   0.763  -2.837   2.935   0.591   1.613   0.000 01O000M000t
00290 GLU01U0133_002 f 0.00  0.000     0  0.00  0  0   0.763  -2.837   0.215   0.167   2.389   0.000 01O000M000t
00291 GLU02U0133_003 f 0.00  0.000     0  0.00  0  0   0.608  -3.219   2.935   0.085   1.596   0.000 02O000M000t
00292 GLU02U0133_004 f 0.00  0.000     0  0.00  0  0   0.608  -3.219   0.215   0.013   2.434   0.000 02O000M000t
00293 GLU-1U0133_005 f 0.00 -1.000     0  4.75  0 -1   0.537  -3.139   0.215  -0.818   8.492   0.000 -1O000M000t
00294 LEU01U0134_001 f 0.00  0.000     0  0.00  0  0  -3.309  -3.666   0.877   0.000   0.000   0.000 01O000M000t
00295 GLN01U0135_001 f 0.00  0.000     0  0.00  0  0  -1.791  -2.282   1.011   0.107  -0.420   0.000 01O000M000t
00296 GLN01U0135_002 f 0.00  0.000     0  0.00  0  0  -1.887  -2.314   1.027   0.077  -0.041   0.000 01R001M000t
00297 ARG01U0136_001 f 0.00  0.000     0  0.00  0  0   0.131  -5.111   0.895  -0.493   3.331   0.000 01O000M000t
00298 ARG02U0136_002 f 0.00  0.000     0  0.00  0  0   0.178  -5.119   0.895  -0.237   3.796   0.000 02O000M000t
00299 ARG03U0136_003 f 0.00  0.000     0  0.00  0  0   0.086  -5.119   0.895  -0.072   3.199   0.000 03O000M000t
00300 ARG03U0136_004 f 0.00  0.000     0  0.00  0  0   0.091  -5.120   0.895  -0.431   3.943   0.000 03O000M000t
00301 ARG+1U0136_005 f 0.00  1.000     0 12.50  0  1   0.046  -5.138   0.895  -0.017   4.959   0.000 +1O000M000t
00302 ILE01U0137_001 f 0.00  0.000     0  0.00  0  0   3.905  -2.460   0.864   0.000   0.000   0.000 01O000M000t
00303 THR01U0138_001 f 0.00  0.000     0  0.00  0  0  -4.279  -0.953   0.484  -0.143   0.312   0.000 01O000M000t
00304 THR01U0138_002 f 0.00  0.000     0  0.00  0  0  -4.279  -0.953   0.484  -0.575   0.559   0.000 01O000M000t
00305 THR01U0138_003 f 0.00  0.000     0  0.00  0  0  -4.279  -0.953   0.109  -0.324   0.145   0.000 01O000M000t
00306 ARG01U0139_001 f 0.00  0.000     0  0.00  0  0  -3.849  -4.230   0.926   0.411   1.025   0.000 01O000M000t
00307 ARG02U0139_002 f 0.00  0.000     0  0.00  0  0  -3.872  -4.230   0.926   0.390   1.772   0.000 02O000M000t
00308 ARG03U0139_003 f 0.00  0.000     0  0.00  0  0  -3.879  -4.189   0.926   0.432   1.680   0.000 03O000M000t
00309 ARG03U0139_004 f 0.00  0.000     0  0.00  0  0  -3.874  -4.198   0.926   0.477   1.810   0.000 03O000M000t
00310 ARG+1U0139_005 f 0.00  1.000     0 12.50  0  1  -3.918  -4.244   0.926  -0.324   1.523   0.000 +1O000M000t
00311 VAL01U0140_001 f 0.00  0.000     0  0.00  0  0   0.545  -0.310   0.402   0.000   0.000   0.000 01O000M000t
00312 LYS01U0141_001 f 0.00  0.000     0  0.00  0  0  -1.567  -4.049   1.292   0.044   0.343   0.000 01O000M000t
00313 LYS+1U0141_002 f 0.00  1.000     0 10.40  0  1  -1.614  -4.072   1.292  -0.113   1.844   0.000 +1O000M000t
00314 ASN01U0143_001 f 0.00  0.000     0  0.00  0  0   0.018  -4.988   0.356   0.671   1.748   0.000 01O000M000t
00315 ASN01U0143_002 f 0.00  0.000     0  0.00  0  0  -0.140  -3.827   0.350  -0.441   1.782   0.000 01R001M000t
00316 LEU01U0144_001 f 0.00  0.000     0  0.00  0  0   1.663  -4.469   0.596   0.000   0.000   0.000 01O000M000t
00317 ARG01U0145_001 f 0.00  0.000     0  0.00  0  0   1.418  -5.049   1.166   0.115   3.221   0.000 01O000M000t
00318 ARG02U0145_002 f 0.00  0.000     0  0.00  0  0   1.401  -5.035   1.166  -0.099   3.746   0.000 02O000M000t
00319 ARG02U0145_003 f 0.00  0.000     0  0.00  0  0   1.473  -5.049   1.166   0.154   3.524   0.000 02O000M000t
00320 ARG03U0145_004 f 0.00  0.000     0  0.00  0  0   1.393  -5.043   1.166  -0.049   3.590   0.000 03O000M000t
00321 ARG03U0145_005 f 0.00  0.000     0  0.00  0  0   1.397  -5.058   1.166   0.106   3.307   0.000 03O000M000t
00322 ARG+1U0145_006 f 0.00  1.000     0 12.50  0  1   1.354  -5.069   1.166   0.056   4.869   0.000 +1O000M000t
00323 VAL01U0146_001 f 0.00  0.000     0  0.00  0  0   0.481  -1.985   0.299   0.000   0.000   0.000 01O000M000t
00324 PHE01U0147_001 f 0.00  0.000     0  0.00  0  0   4.517  -5.291   0.095   0.000   0.000   0.000 01O000M000t
00325 THR01U0148_001 f 0.00  0.000     0  0.00  0  0   0.270  -1.310   0.402   0.605   1.982   0.000 01O000M000t
00326 THR01U0148_002 f 0.00  0.000     0  0.00  0  0   0.270  -1.310   0.403  -1.628   1.990   0.000 01O000M000t
00327 THR01U0148_003 f 0.00  0.000     0  0.00  0  0   0.270  -1.310   0.027  -0.225   1.978   0.000 01O000M000t
00328 GLU01U0149_001 f 0.00  0.000     0  0.00  0  0   0.937  -0.378   3.196   0.409   0.691   0.000 01O000M000t
00329 GLU01U0149_002 f 0.00  0.000     0  0.00  0  0   0.937  -0.378   0.476   0.020   1.463   0.000 01O000M000t
00330 GLU02U0149_003 f 0.00  0.000     0  0.00  0  0   0.664  -0.585   3.196  -0.033   1.772   0.000 02O000M000t
00331 GLU02U0149_004 f 0.00  0.000     0  0.00  0  0   0.664  -0.585   0.476  -0.009   1.191   0.000 02O000M000t
00332 GLU-1U0149_005 f 0.00 -1.000     0  4.75  0 -1   0.610  -0.534   0.476   0.211   4.154   0.000 -1O000M000t
00333 LEU01U0150_001 f 0.00  0.000     0  0.00  0  0   1.865  -5.043   0.654   0.000   0.000   0.000 01O000M000t
00334 TYR01U0151_001 f 0.00  0.000     0  0.00  0  0   4.568  -5.546   0.305  -0.160   2.493   0.000 01O000M000t
00335 TYR01U0151_002 f 0.00  0.000     0  0.00  0  0   4.568  -5.546   0.305  -0.715   2.541   0.000 01O000M000t
00336 TYR-1U0151_003 f 0.00 -1.000     0 10.20  0 -1   4.568  -5.546   0.305  -5.919  11.694   0.000 -1O000M000t
00337 LEU01U0152_001 f 0.00  0.000     0  0.00  0  0   1.702  -3.610   0.655   0.000   0.000   0.000 01O000M000t
00338 VAL01U0153_001 f 0.00  0.000     0  0.00  0  0   0.539  -3.522   0.004   0.000   0.000   0.000 01O000M000t
00339 VAL01U0155_001 f 0.00  0.000     0  0.00  0  0   0.606  -1.521   0.068   0.000   0.000   0.000 01O000M000t
00340 PHE01U0156_001 f 0.00  0.000     0  0.00  0  0   4.036  -2.222   0.393   0.000   0.000   0.000 01O000M000t
00341 ARG01U0157_001 f 0.00  0.000     0  0.00  0  0   0.274  -4.472   0.934  -0.125   2.934   0.000 01O000M000t
00342 ARG02U0157_002 f 0.00  0.000     0  0.00  0  0   0.269  -4.481   0.934   0.453   3.196   0.000 02O000M000t
00343 ARG03U0157_003 f 0.00  0.000     0  0.00  0  0   0.203  -4.484   0.934   0.235   3.008   0.000 03O000M000t
00344 ARG03U0157_004 f 0.00  0.000     0  0.00  0  0   0.207  -4.485   0.934   0.126   3.087   0.000 03O000M000t
00345 ARG+1U0157_005 f 0.00  1.000     0 12.50  0  1   0.164  -4.498   0.934  -0.330   5.128   0.000 +1O000M000t
00346 THR01U0158_001 f 0.00  0.000     0  0.00  0  0  -0.198   0.362   0.461   3.759   1.450   0.000 01O000M000t
00347 THR01U0158_002 f 0.00  0.000     0  0.00  0  0  -0.198   0.362   0.461  -1.402   0.467   0.000 01O000M000t
00348 THR01U0158_003 f 0.00  0.000     0  0.00  0  0  -0.198   0.362   0.086  -1.842   0.664   0.000 01O000M000t
00349 LEU01U0159_001 f 0.00  0.000     0  0.00  0  0   1.566  -2.209   0.515   0.000   0.000   0.000 01O000M000t
00350 ASP01U0160_001 f 0.00  0.000     0  0.00  0  0  -2.211   0.754   3.263   0.933  -0.083   0.000 01O000M000t
00351 ASP01U0160_002 f 0.00  0.000     0  0.00  0  0  -2.211   0.754   0.543   0.355   0.571   0.000 01O000M000t
00352 ASP02U0160_003 f 0.00  0.000     0  0.00  0  0  -2.265   0.179   3.263   0.456   0.014   0.000 02O000M000t
00353 ASP02U0160_004 f 0.00  0.000     0  0.00  0  0  -2.265   0.179   0.543   0.306   0.658   0.000 02O000M000t
00354 ASP-1U0160_005 f 0.00 -1.000     0  4.75  0 -1  -2.206   0.217   0.543  -1.180   0.952   0.000 -1O000M000t
00355 ASP01U0161_001 f 0.00  0.000     0  0.00  0  0  -0.326  -2.281   3.252   1.402   1.859   0.000 01O000M000t
00356 ASP01U0161_002 f 0.00  0.000     0  0.00  0  0  -0.326  -2.281   0.532   0.368   2.239   0.000 01O000M000t
00357 ASP02U0161_003 f 0.00  0.000     0  0.00  0  0  -0.483  -1.857   3.252  -0.064   1.355   0.000 02O000M000t
00358 ASP02U0161_004 f 0.00  0.000     0  0.00  0  0  -0.483  -1.857   0.532  -0.271   2.472   0.000 02O000M000t
00359 ASP-1U0161_005 f 0.00 -1.000     0  4.75  0 -1  -0.424  -2.167   0.532  -2.379   8.269   0.000 -1O000M000t
00360 ILE01U0162_001 f 0.00  0.000     0  0.00  0  0   3.070  -5.299   0.484   0.000   0.000   0.000 01O000M000t
00361 GLU01U0163_001 f 0.00  0.000     0  0.00  0  0  -1.371  -2.848   7.248   0.336  -0.165   0.000 01O000M000t
00362 GLU01U0163_002 f 0.00  0.000     0  0.00  0  0  -1.371  -2.848   4.528   0.255   0.716   0.000 01O000M000t
00363 GLU02U0163_003 f 0.00  0.000     0  0.00  0  0  -1.387  -2.836   7.248   0.294   0.036   0.000 02O000M000t
00364 GLU02U0163_004 f 0.00  0.000     0  0.00  0  0  -1.387  -2.836   4.528   0.152   1.217   0.000 02O000M000t
00365 GLU-1U0163_005 f 0.00 -1.000     0  4.75  0 -1  -1.450  -2.771   4.528  -0.679   2.103   0.000 -1O000M000t
00366 SER01U0164_001 f 0.00  0.000     0  0.00  0  0  -6.072   2.153   2.782  -0.369  -0.102   0.000 01O000M000t
00367 LYS01U0165_001 f 0.00  0.000     0  0.00  0  0  -8.933  -0.535   2.934  -0.013  -0.127   0.000 01O000M000t
00368 LYS+1U0165_002 f 0.00  1.000     0 10.40  0  1  -8.988  -0.537   2.934   0.090  -0.193   0.000 +1O000M000t
00369 ASP01U0166_001 f 0.00  0.000     0  0.00  0  0  -0.768  -4.856   3.187  -0.248   0.666   0.000 01O000M000t
00370 ASP01U0166_002 f 0.00  0.000     0  0.00  0  0  -0.768  -4.856   0.467  -0.461   1.500   0.000 01O000M000t
00371 ASP02U0166_003 f 0.00  0.000     0  0.00  0  0  -0.669  -5.198   3.187   1.713   1.716   0.000 02O000M000t
00372 ASP02U0166_004 f 0.00  0.000     0  0.00  0  0  -0.669  -5.198   0.467   0.068   1.455   0.000 02O000M000t
00373 ASP-1U0166_005 f 0.00 -1.000     0  4.75  0 -1  -0.772  -5.063   0.467  -2.562   4.652   0.000 -1O000M000t
00374 ALA01U0167_001 f 0.00  0.000     0  0.00  0  0  -4.617  -0.616   0.000   0.000   0.000   0.000 01O000M000t
00375 ILE01U0168_001 f 0.00  0.000     0  0.00  0  0   0.021  -1.712   0.675   0.000   0.000   0.000 01O000M000t
00376 PRO01U0169_001 f 0.00  0.000     0  0.00  0  0   0.291  -3.175   0.000   0.000   0.000   0.000 01O000M000t
00377 ASN01U0170_001 f 0.00  0.000     0  0.00  0  0  -3.027   0.012   0.491   0.088   0.023   0.000 01O000M000t
00378 ASN01U0170_002 f 0.00  0.000     0  0.00  0  0  -2.698  -0.048   3.333   0.287  -0.350   0.000 01O001M000t
00379 ASN01U0170_003 f 0.00  0.000     0  0.00  0  0  -3.081   1.317   0.490   0.634   0.104   0.000 01R002M000t
00380 ASN01U0170_004 f 0.00  0.000     0  0.00  0  0  -2.965   0.278   3.330   0.278  -0.354   0.000 01R003M000t
00381 PHE01U0171_001 f 0.00  0.000     0  0.00  0  0   3.791  -8.608   0.914   0.000   0.000   0.000 01O000M000t
00382 LEU01U0172_001 f 0.00  0.000     0  0.00  0  0   1.961  -2.821   0.515   0.000   0.000   0.000 01O000M000t
00383 GLN01U0173_001 f 0.00  0.000     0  0.00  0  0  -0.551  -1.772   0.574  -1.098   0.602   0.000 01O000M000t
00384 GLN01U0173_002 f 0.00  0.000     0  0.00  0  0   0.348  -2.390   0.575   0.416   0.610   0.000 01R001M000t
00385 LYS01U0174_001 f 0.00  0.000     0  0.00  0  0  -9.038   2.488   0.950  -0.027  -0.016   0.000 01O000M000t
00386 LYS+1U0174_002 f 0.00  1.000     0 10.40  0  1  -9.103   2.481   0.950   0.074   0.635   0.000 +1O000M000t
00387 LYS01U0175_001 f 0.00  0.000     0  0.00  0  0  -0.101  -4.526   0.867  -0.046  -0.130   0.000 01O000M000t
00388 LYS+1U0175_002 f 0.00  1.000     0 10.40  0  1  -0.154  -4.548   0.867   0.015   2.176   0.000 +1O000M000t
00389 THR01U0176_001 f 0.00  0.000     0  0.00  0  0  -6.719  -0.016   0.381  -0.286  -0.012   0.000 01O000M000t
00390 THR01U0176_002 f 0.00  0.000     0  0.00  0  0  -6.719  -0.016   0.381  -0.100   0.187   0.000 01O000M000t
00391 ARG01U0178_001 f 0.00  0.000     0  0.00  0  0 -11.162  16.956   3.190   0.034  -0.091   0.000 01O000M000t
00392 ARG02U0178_002 f 0.00  0.000     0  0.00  0  0 -11.198  16.950   3.190   0.062   0.940   0.000 02O000M000t
00393 ARG03U0178_003 f 0.00  0.000     0  0.00  0  0 -11.199  16.951   3.190   0.058   0.648   0.000 03O000M000t
00394 ARG+1U0178_004 f 0.00  1.000     0 12.50  0  1 -11.242  16.950   3.190   0.187  -0.277   0.000 +1O000M000t
00395 LYS01U0179_001 f 0.00  0.000     0  0.00  0  0  -1.429  -3.916   2.476   0.107   0.493   0.000 01O000M000t
00396 LYS+1U0179_002 f 0.00  1.000     0 10.40  0  1  -1.477  -3.934   2.476   0.708   2.936   0.000 +1O000M000t
00397 ASP01U0180_001 f 0.00  0.000     0  0.00  0  0  -1.126  -1.600   3.289   0.949   0.149   0.000 01O000M000t
00398 ASP01U0180_002 f 0.00  0.000     0  0.00  0  0  -1.126  -1.600   0.569   0.391   0.318   0.000 01O000M000t
00399 ASP02U0180_003 f 0.00  0.000     0  0.00  0  0  -1.034  -1.816   3.289   0.676   0.318   0.000 02O000M000t
00400 ASP02U0180_004 f 0.00  0.000     0  0.00  0  0  -1.034  -1.816   0.569   0.369   0.871   0.000 02O000M000t
00401 ASP-1U0180_005 f 0.00 -1.000     0  4.75  0 -1  -1.138  -1.768   0.569  -0.842   1.070   0.000 -1O000M000t
00402 PRO01U0181_001 f 0.00  0.000     0  0.00  0  0   0.171  -2.646   0.000   0.000   0.000   0.000 01O000M000t
00403 LEU01U0182_001 f 0.00  0.000     0  0.00  0  0   1.393  -3.487   0.423   0.000   0.000   0.000 01O000M000t
00404 LEU01U0183_001 f 0.00  0.000     0  0.00  0  0   1.856  -2.282   1.150   0.000   0.000   0.000 01O000M000t
00405 PHE01U0184_001 f 0.00  0.000     0  0.00  0  0   3.228  -5.281   0.086   0.000   0.000   0.000 01O000M000t
00406 SER01U0185_001 f 0.00  0.000     0  0.00  0  0  -0.048  -2.591   0.425  -0.641   0.789   0.000 01O000M000t
00407 SER01U0185_002 f 0.00  0.000     0  0.00  0  0  -0.048  -2.591   0.425   0.086   1.596   0.000 01O000M000t
00408 ILE01U0186_001 f 0.00  0.000     0  0.00  0  0   2.143  -2.215   0.629   0.000   0.000   0.000 01O000M000t
00409 LEU01U0187_001 f 0.00  0.000     0  0.00  0  0   2.173  -3.385   1.166   0.000   0.000   0.000 01O000M000t
00410 ARG01U0188_001 f 0.00  0.000     0  0.00  0  0  -5.289  -2.321   2.033   0.036   0.405   0.000 01O000M000t
00411 ARG02U0188_002 f 0.00  0.000     0  0.00  0  0  -5.349  -2.333   2.033   0.011   1.323   0.000 02O000M000t
00412 ARG03U0188_003 f 0.00  0.000     0  0.00  0  0  -5.354  -2.333   2.033   0.015   1.365   0.000 03O000M000t
00413 ARG+1U0188_004 f 0.00  1.000     0 12.50  0  1  -5.393  -2.334   2.033   0.056   0.567   0.000 +1O000M000t
00414 GLU01U0189_001 f 0.00  0.000     0  0.00  0  0   0.607  -3.344   3.969  -0.743   0.652   0.000 01O000M000t
00415 GLU01U0189_002 f 0.00  0.000     0  0.00  0  0   0.607  -3.344   1.249  -0.977   0.835   0.000 01O000M000t
00416 GLU02U0189_003 f 0.00  0.000     0  0.00  0  0   0.267  -3.177   3.969   2.566   1.668   0.000 02O000M000t
00417 GLU02U0189_004 f 0.00  0.000     0  0.00  0  0   0.267  -3.177   1.249  -0.477   0.893   0.000 02O000M000t
00418 GLU-1U0189_005 f 0.00 -1.000     0  4.75  0 -1   0.258  -3.348   1.249  -1.962   3.823   0.000 -1O000M000t
00419 ILE01U0190_001 f 0.00  0.000     0  0.00  0  0   3.796  -3.870   0.500   0.000   0.000   0.000 01O000M000t
00420 LEU01U0191_001 f 0.00  0.000     0  0.00  0  0   1.769  -2.572   0.528   0.000   0.000   0.000 01O000M000t
00421 ASN01U0192_001 f 0.00  0.000     0  0.00  0  0  -1.228   3.818   1.461  -1.805   0.700   0.000 01O000M000t
00422 ASN01U0192_002 f 0.00  0.000     0  0.00  0  0  -2.335  -0.024   1.337  -0.086  -0.061   0.000 01O001M000t
00423 ASN01U0192_003 f 0.00  0.000     0  0.00  0  0  -1.537   0.263   1.472   0.918   0.521   0.000 01R002M000t
00424 ASN01U0192_004 f 0.00  0.000     0  0.00  0  0  -2.387   1.014   1.335   0.408   0.201   0.000 01R003M000t
00425 TYR01U0193_001 f 0.00  0.000     0  0.00  0  0   3.205  -4.871   0.020  -2.462   1.989   0.000 01O000M000t
00426 TYR01U0193_002 f 0.00  0.000     0  0.00  0  0   3.205  -4.871   0.020   0.695   1.627   0.000 01O000M000t
00427 TYR-1U0193_003 f 0.00 -1.000     0 10.20  0 -1   3.205  -4.871   0.020   0.296   7.036   0.000 -1O000M000t
00428 LYS01U0194_001 f 0.00  0.000     0  0.00  0  0  -0.455   0.044   1.551  -0.089   0.142   0.000 01O000M000t
00429 LYS+1U0194_002 f 0.00  1.000     0 10.40  0  1  -0.501   0.036   1.551   0.711   1.027   0.000 +1O000M000t
00430 PHE01U0195_001 f 0.00  0.000     0  0.00  0  0   2.248  -5.496   0.499   0.000   0.000   0.000 01O000M000t
00431 LYS01U0196_001 f 0.00  0.000     0  0.00  0  0  -7.084  -1.139   1.219  -0.028   0.002   0.000 01O000M000t
00432 LYS+1U0196_002 f 0.00  1.000     0 10.40  0  1  -7.131  -1.141   1.219   0.135  -0.193   0.000 +1O000M000t
00433 LEU01U0197_001 f 0.00  0.000     0  0.00  0  0  -0.559   0.021   0.468   0.000   0.000   0.000 01O000M000t
00434 PHE01U0199_001 f 0.00  0.000     0  0.00  0  0   4.449  -5.432   0.006   0.000   0.000   0.000 01O000M000t
00435 THR01U0200_001 f 0.00  0.000     0  0.00  0  0   0.176  -3.575   0.577   1.093   1.961   0.000 01O000M000t
00436 THR01U0200_002 f 0.00  0.000     0  0.00  0  0   0.176  -3.575   0.202  -3.396   1.959   0.000 01O000M000t
00437 THR01U0201_001 f 0.00  0.000     0  0.00  0  0   0.188  -2.222   0.376  -1.761   1.964   0.000 01O000M000t
00438 THR01U0201_002 f 0.00  0.000     0  0.00  0  0   0.188  -2.222   0.376   0.458   1.895   0.000 01O000M000t
00439 THR01U0201_003 f 0.00  0.000     0  0.00  0  0   0.188  -2.222   0.001  -1.112   1.967   0.000 01O000M000t
00440 THR01U0202_001 f 0.00  0.000     0  0.00  0  0  -1.977  -1.056   0.820  -1.227   1.476   0.000 01O000M000t
00441 THR01U0202_002 f 0.00  0.000     0  0.00  0  0  -1.977  -1.056   0.445  -0.869   0.812   0.000 01O000M000t
00442 ILE01U0203_001 f 0.00  0.000     0  0.00  0  0   3.651  -3.636   0.452   0.000   0.000   0.000 01O000M000t
00443 ALA01U0204_001 f 0.00  0.000     0  0.00  0  0   0.000  -0.798   0.000   0.000   0.000   0.000 01O000M000t
00444 THR01U0205_001 f 0.00  0.000     0  0.00  0  0  -0.050  -2.797   0.385   0.328   1.560   0.000 01O000M000t
00445 THR01U0205_002 f 0.00  0.000     0  0.00  0  0  -0.050  -2.797   0.385  -0.083   0.842   0.000 01O000M000t
00446 ALA01U0206_001 f 0.00  0.000     0  0.00  0  0  -1.561  -1.422   0.000   0.000   0.000   0.000 01O000M000t
00447 PHE01U0207_001 f 0.00  0.000     0  0.00  0  0   4.483  -5.272   0.204   0.000   0.000   0.000 01O000M000t
00448 ILE01U0208_001 f 0.00  0.000     0  0.00  0  0   4.350  -2.264   0.480   0.000   0.000   0.000 01O000M000t
00449 LYS01U0209_001 f 0.00  0.000     0  0.00  0  0  -5.824  -3.806   1.623   0.049   0.190   0.000 01O000M000t
00450 LYS+1U0209_002 f 0.00  1.000     0 10.40  0  1  -5.871  -3.820   1.623  -0.081   0.903   0.000 +1O000M000t
00451 LYS01U0210_001 f 0.00  0.000     0  0.00  0  0  -1.254  -2.773   1.743  -0.014   0.362   0.000 01O000M000t
00452 LYS+1U0210_002 f 0.00  1.000     0 10.40  0  1  -1.318  -2.782   1.743  -0.043   1.517   0.000 +1O000M000t
00453 PHE01U0211_001 f 0.00  0.000     0  0.00  0  0   4.281  -5.821   0.004   0.000   0.000   0.000 01O000M000t
00454 ALA01U0212_001 f 0.00  0.000     0  0.00  0  0  -0.943  -1.223   0.000   0.000   0.000   0.000 01O000M000t
00455 PRO01U0213_001 f 0.00  0.000     0  0.00  0  0  -0.873  -2.234   0.000   0.000   0.000   0.000 01O000M000t
00456 LEU01U0214_001 f 0.00  0.000     0  0.00  0  0   1.597  -2.503   0.400   0.000   0.000   0.000 01O000M000t
00457 PHE01U0215_001 f 0.00  0.000     0  0.00  0  0   4.577  -7.702   0.080   0.000   0.000   0.000 01O000M000t
00458 ARG01U0216_001 f 0.00  0.000     0  0.00  0  0  -4.203  -4.174   0.868   0.088   1.252   0.000 01O000M000t
00459 ARG01U0216_002 f 0.00  0.000     0  0.00  0  0  -1.998  -4.081   0.857  -0.796   1.635   0.000 01O001M000t
00460 ARG02U0216_003 f 0.00  0.000     0  0.00  0  0  -4.242  -4.184   0.868  -0.059   2.198   0.000 02O000M000t
00461 ARG02U0216_004 f 0.00  0.000     0  0.00  0  0  -2.009  -4.002   0.857   0.162   2.529   0.000 02O001M000t
00462 ARG03U0216_005 f 0.00  0.000     0  0.00  0  0  -4.247  -4.183   0.868  -0.067   1.965   0.000 03O000M000t
00463 ARG03U0216_006 f 0.00  0.000     0  0.00  0  0  -2.014  -4.076   0.857  -0.797   2.468   0.000 03O001M000t
00464 ARG+1U0216_007 f 0.00  1.000     0 12.50  0  1  -4.285  -4.191   0.868  -0.253   1.747   0.000 +1O000M000t
00465 ARG+1U0216_008 f 0.00  1.000     0 12.50  0  1  -2.057  -4.093   0.857  -1.177   1.960   0.000 +1O001M000t
00466 ASP01U0217_001 f 0.00  0.000     0  0.00  0  0  -2.913  -1.169   3.601   0.538  -0.222   0.000 01O000M000t
00467 ASP01U0217_002 f 0.00  0.000     0  0.00  0  0  -2.913  -1.169   0.881   0.318   0.442   0.000 01O000M000t
00468 ASP02U0217_003 f 0.00  0.000     0  0.00  0  0  -2.844  -1.226   3.601   0.630  -0.431   0.000 02O000M000t
00469 ASP02U0217_004 f 0.00  0.000     0  0.00  0  0  -2.844  -1.226   0.881   0.335   0.162   0.000 02O000M000t
00470 ASP-1U0217_005 f 0.00 -1.000     0  4.75  0 -1  -2.830  -1.222   0.881  -0.250   0.332   0.000 -1O000M000t
00471 ASP01U0218_001 f 0.00  0.000     0  0.00  0  0  -3.364   0.726   3.055   0.503  -0.820   0.000 01O000M000t
00472 ASP01U0218_002 f 0.00  0.000     0  0.00  0  0  -3.364   0.726   0.335   0.224   0.450   0.000 01O000M000t
00473 ASP02U0218_003 f 0.00  0.000     0  0.00  0  0  -3.456   0.195   3.055   0.300  -0.631   0.000 02O000M000t
00474 ASP02U0218_004 f 0.00  0.000     0  0.00  0  0  -3.456   0.195   0.335   0.219   0.746   0.000 02O000M000t
00475 ASP-1U0218_005 f 0.00 -1.000     0  4.75  0 -1  -3.453   0.229   0.335  -0.403  -0.091   0.000 -1O000M000t
00476 ASP01U0219_001 f 0.00  0.000     0  0.00  0  0  -1.384  -1.424   3.441   1.970   0.931   0.000 01O000M000t
00477 ASP01U0219_002 f 0.00  0.000     0  0.00  0  0  -1.384  -1.424   0.721  -0.236   0.872   0.000 01O000M000t
00478 ASP02U0219_003 f 0.00  0.000     0  0.00  0  0  -1.360  -2.019   3.441  -0.617   0.480   0.000 02O000M000t
00479 ASP02U0219_004 f 0.00  0.000     0  0.00  0  0  -1.360  -2.019   0.721  -0.738   1.425   0.000 02O000M000t
00480 ASP-1U0219_005 f 0.00 -1.000     0  4.75  0 -1  -1.393  -1.952   0.721  -2.539   3.570   0.000 -1O000M000t
00481 ASN01U0220_001 f 0.00  0.000     0  0.00  0  0  -2.591  -1.149   0.233   0.385   0.001   0.000 01O000M000t
00482 ASN01U0220_002 f 0.00  0.000     0  0.00  0  0  -2.582  -0.073   0.232  -0.071  -0.193   0.000 01R001M000t
00483 SER01U0221_001 f 0.00  0.000     0  0.00  0  0  -1.824  -0.818   0.395   0.628   1.564   0.000 01O000M000t
00484 SER01U0221_002 f 0.00  0.000     0  0.00  0  0  -1.824  -0.818   0.395   0.237   1.561   0.000 01O000M000t
00485 SER01U0221_003 f 0.00  0.000     0  0.00  0  0  -1.824  -0.818   0.020  -1.283   0.781   0.000 01O000M000t
00486 TRP01U0222_001 f 0.00  0.000     0  0.00  0  0   1.103  -4.207   0.209   0.000   0.000   0.000 01O000M000t
00487 ASP01U0223_001 f 0.00  0.000     0  0.00  0  0  -1.342  -1.806   3.103   0.781   0.548   0.000 01O000M000t
00488 ASP01U0223_002 f 0.00  0.000     0  0.00  0  0  -1.342  -1.806   0.383   0.148   1.213   0.000 01O000M000t
00489 ASP02U0223_003 f 0.00  0.000     0  0.00  0  0  -1.426  -2.312   3.103   0.149  -0.163   0.000 02O000M000t
00490 ASP02U0223_004 f 0.00  0.000     0  0.00  0  0  -1.426  -2.312   0.383   0.123   1.422   0.000 02O000M000t
00491 ASP-1U0223_005 f 0.00 -1.000     0  4.75  0 -1  -1.340  -2.239   0.383  -0.606   2.042   0.000 -1O000M000t
00492 ASP01U0224_001 f 0.00  0.000     0  0.00  0  0  -2.767   0.582   3.088   0.593  -0.211   0.000 01O000M000t
00493 ASP01U0224_002 f 0.00  0.000     0  0.00  0  0  -2.767   0.582   0.368   0.263  -0.036   0.000 01O000M000t
00494 ASP02U0224_003 f 0.00  0.000     0  0.00  0  0  -2.892   0.075   3.088   0.317   0.020   0.000 02O000M000t
00495 ASP02U0224_004 f 0.00  0.000     0  0.00  0  0  -2.892   0.075   0.368   0.248   0.735   0.000 02O000M000t
00496 ASP-1U0224_005 f 0.00 -1.000     0  4.75  0 -1  -2.801   0.114   0.368  -0.326   0.284   0.000 -1O000M000t
00497 LEU01U0225_001 f 0.00  0.000     0  0.00  0  0   1.605  -3.888   0.443   0.000   0.000   0.000 01O000M000t
00498 ILE01U0226_001 f 0.00  0.000     0  0.00  0  0   1.395  -3.972   0.880   0.000   0.000   0.000 01O000M000t
00499 TYR01U0227_001 f 0.00  0.000     0  0.00  0  0   0.368  -4.380   0.012   0.191   0.696   0.000 01O000M000t
00500 TYR-1U0227_002 f 0.00 -1.000     0 10.20  0 -1   0.368  -4.380   0.012  -0.722   2.173   0.000 -1O000M000t
00501 ASP01U0228_001 f 0.00  0.000     0  0.00  0  0  -1.103   0.593   2.910   3.671   0.938   0.000 01O000M000t
00502 ASP01U0228_002 f 0.00  0.000     0  0.00  0  0  -1.103   0.593   0.190  -0.124   0.779   0.000 01O000M000t
00503 ASP02U0228_003 f 0.00  0.000     0  0.00  0  0  -0.959  -0.523   2.910  -0.816   0.369   0.000 02O000M000t
00504 ASP02U0228_004 f 0.00  0.000     0  0.00  0  0  -0.959  -0.523   0.190  -1.070   1.424   0.000 02O000M000t
00505 ASP-1U0228_005 f 0.00 -1.000     0  4.75  0 -1  -1.012  -0.449   0.190  -4.187   2.955   0.000 -1O000M000t
00506 SER01U0229_001 f 0.00  0.000     0  0.00  0  0  -5.341  -0.469   0.781  -0.090   0.046   0.000 01O000M000t
00507 SER01U0229_002 f 0.00  0.000     0  0.00  0  0  -5.341  -0.469   0.406  -0.809  -0.004   0.000 01O000M000t
00508 LYS01U0230_001 f 0.00  0.000     0  0.00  0  0  -5.952  -1.281   3.921  -0.028   0.046   0.000 01O000M000t
00509 LYS+1U0230_002 f 0.00  1.000     0 10.40  0  1  -6.004  -1.285   3.921   0.201  -0.155   0.000 +1O000M000t
00510 LEU01U0231_001 f 0.00  0.000     0  0.00  0  0   1.666  -2.477   0.709   0.000   0.000   0.000 01O000M000t
00511 LYS01U0232_001 f 0.00  0.000     0  0.00  0  0  -0.120  -1.396   1.874  -1.199   0.633   0.000 01O000M000t
00512 LYS+1U0232_002 f 0.00  1.000     0 10.40  0  1  -0.167  -0.476   1.874  -7.253   6.924   0.000 +1O000M000t
00513 ALA01U0234_001 f 0.00  0.000     0  0.00  0  0  -0.464  -1.571   0.000   0.000   0.000   0.000 01O000M000t
00514 LEU01U0235_001 f 0.00  0.000     0  0.00  0  0   1.700  -4.434   0.618   0.000   0.000   0.000 01O000M000t
00515 GLN01U0236_001 f 0.00  0.000     0  0.00  0  0  -0.129  -2.692   5.427   1.909   2.296   0.000 01O000M000t
00516 SER01U0237_001 f 0.00  0.000     0  0.00  0  0  -3.026  -1.242   0.555   0.056   0.302   0.000 01O000M000t
00517 SER01U0237_002 f 0.00  0.000     0  0.00  0  0  -3.026  -1.242   0.180  -0.566  -0.020   0.000 01O000M000t
00518 LEU01U0238_001 f 0.00  0.000     0  0.00  0  0   1.154  -5.614   0.471   0.000   0.000   0.000 01O000M000t
00519 PHE01U0239_001 f 0.00  0.000     0  0.00  0  0   4.384  -4.774   0.995   0.000   0.000   0.000 01O000M000t
00520 LYS01U0240_001 f 0.00  0.000     0  0.00  0  0  -4.451  -3.286   1.593   0.006   0.549   0.000 01O000M000t
00521 LYS+1U0240_002 f 0.00  1.000     0 10.40  0  1  -4.514  -3.293   1.593  -0.300   2.193   0.000 +1O000M000t
00522 ASN01U0241_001 f 0.00  0.000     0  0.00  0  0  -2.220  -2.398   2.018  -0.518   0.429   0.000 01O000M000t
00523 ASN01U0241_002 f 0.00  0.000     0  0.00  0  0  -2.429  -2.582   2.034   0.503  -0.123   0.000 01R001M000t
00524 PHE01U0242_001 f 0.00  0.000     0  0.00  0  0   4.095  -7.165   0.124   0.000   0.000   0.000 01O000M000t
00525 ILE01U0243_001 f 0.00  0.000     0  0.00  0  0   2.647  -0.171   0.591   0.000   0.000   0.000 01O000M000t
00526 ASP01U0244_001 f 0.00  0.000     0  0.00  0  0  -2.520   0.012   4.311   0.634  -0.460   0.000 01O000M000t
00527 ASP01U0244_002 f 0.00  0.000     0  0.00  0  0  -2.520   0.012   1.591   0.232   0.456   0.000 01O000M000t
00528 ASP02U0244_003 f 0.00  0.000     0  0.00  0  0  -2.521  -0.627   4.311   0.273  -0.610   0.000 02O000M000t
00529 ASP02U0244_004 f 0.00  0.000     0  0.00  0  0  -2.521  -0.627   1.591   0.210   0.461   0.000 02O000M000t
00530 ASP-1U0244_005 f 0.00 -1.000     0  4.75  0 -1  -2.474  -0.565   1.591  -0.278   0.192   0.000 -1O000M000t
00531 ALA01U0245_001 f 0.00  0.000     0  0.00  0  0  -2.176  -1.314   0.000   0.000   0.000   0.000 01O000M000t
00532 THR01U0246_001 f 0.00  0.000     0  0.00  0  0   0.209  -3.211   0.383   0.164   1.987   0.000 01O000M000t
00533 THR01U0246_002 f 0.00  0.000     0  0.00  0  0   0.209  -3.211   0.383  -1.534   1.969   0.000 01O000M000t
00534 THR01U0246_003 f 0.00  0.000     0  0.00  0  0   0.209  -3.211   0.008  -0.025   1.984   0.000 01O000M000t
00535 PHE01U0247_001 f 0.00  0.000     0  0.00  0  0   2.376  -4.593   0.596   0.000   0.000   0.000 01O000M000t
00536 ALA01U0248_001 f 0.00  0.000     0  0.00  0  0  -3.535  -1.358   0.000   0.000   0.000   0.000 01O000M000t
00537 ARG01U0249_001 f 0.00  0.000     0  0.00  0  0   1.469  -4.679   1.050   0.493   3.044   0.000 01O000M000t
00538 ARG02U0249_002 f 0.00  0.000     0  0.00  0  0   1.434  -4.783   1.050  -1.255   3.336   0.000 02O000M000t
00539 ARG02U0249_003 f 0.00  0.000     0  0.00  0  0   1.474  -4.774   1.050  -1.197   3.422   0.000 02O000M000t
00540 ARG03U0249_004 f 0.00  0.000     0  0.00  0  0   1.427  -4.777   1.050  -1.426   3.309   0.000 03O000M000t
00541 ARG+1U0249_005 f 0.00  1.000     0 12.50  0  1   1.389  -4.791   1.050  -3.327   5.506   0.000 +1O000M000t
00542 ALA01U0250_001 f 0.00  0.000     0  0.00  0  0   0.000  -2.358   0.000   0.000   0.000   0.000 01O000M000t
00543 THR01U0251_001 f 0.00  0.000     0  0.00  0  0  -1.813  -0.914   0.499  -0.046   0.990   0.000 01O000M000t
00544 THR01U0251_002 f 0.00  0.000     0  0.00  0  0  -1.813  -0.914   0.499  -0.953   1.491   0.000 01O000M000t
00545 GLU01U0252_001 f 0.00  0.000     0  0.00  0  0  -0.211  -1.456   3.218   0.231   0.434   0.000 01O000M000t
00546 GLU01U0252_002 f 0.00  0.000     0  0.00  0  0  -0.211  -1.456   0.498   0.097   0.773   0.000 01O000M000t
00547 GLU02U0252_003 f 0.00  0.000     0  0.00  0  0  -0.628  -1.413   3.218   0.120   0.436   0.000 02O000M000t
00548 GLU02U0252_004 f 0.00  0.000     0  0.00  0  0  -0.628  -1.413   0.498   0.098   1.099   0.000 02O000M000t
00549 GLU-1U0252_005 f 0.00 -1.000     0  4.75  0 -1  -0.584  -1.389   0.498  -0.124   1.462   0.000 -1O000M000t
00550 LEU01U0253_001 f 0.00  0.000     0  0.00  0  0   1.976  -5.110   0.728   0.000   0.000   0.000 01O000M000t
00551 HIS01U0254_001 f 0.00  0.000     0  0.00  0  0  -1.694  -7.128   0.137  -0.365   2.070   0.000 01O000M000t
00552 HIS01U0254_002 f 0.00  0.000     0  0.00  0  0  -1.206  -1.054   0.137   1.109   2.541   0.000 01R001M000t
00553 HIS02U0254_003 f 0.00  0.000     0  0.00  0  0  -1.715  -7.075   0.137   0.686   2.088   0.000 02O000M000t
00554 HIS02U0254_004 f 0.00  0.000     0  0.00  0  0  -1.218  -1.161   0.137  -0.732   2.456   0.000 02R001M000t
00555 HIS+1U0254_005 f 0.00  1.000     0  6.98  0  1  -1.742  -7.198   0.137  -1.654   3.891   0.000 +1O000M000t
00556 HIS+1U0254_006 f 0.00  1.000     0  6.98  0  1  -1.244  -1.185   0.137  -1.540   4.335   0.000 +1R001M000t
00557 LYS01U0255_001 f 0.00  0.000     0  0.00  0  0  -7.044  -3.254   2.712   0.048   0.217   0.000 01O000M000t
00558 LYS+1U0255_002 f 0.00  1.000     0 10.40  0  1  -7.093  -3.267   2.712  -0.156   0.827   0.000 +1O000M000t
00559 LYS01U0256_001 f 0.00  0.000     0  0.00  0  0  -3.591  -3.061   2.154   0.002   0.582   0.000 01O000M000t
00560 LYS+1U0256_002 f 0.00  1.000     0 10.40  0  1  -3.638  -3.069   2.154   0.032   2.577   0.000 +1O000M000t
00561 VAL01U0257_001 f 0.00  0.000     0  0.00  0  0   0.518  -3.309   0.000   0.000   0.000   0.000 01O000M000t
00562 ASN01U0258_001 f 0.00  0.000     0  0.00  0  0  -0.258  -3.947   1.365  -1.206   1.902   0.000 01O000M000t
00563 ASN01U0258_002 f 0.00  0.000     0  0.00  0  0  -1.071   0.989   0.270   0.181   1.171   0.000 01O001M000t
00564 ASN01U0258_003 f 0.00  0.000     0  0.00  0  0  -0.314  -3.691   1.369   1.168   1.967   0.000 01R002M000t
00565 LYS01U0259_001 f 0.00  0.000     0  0.00  0  0  -5.388  -0.963   1.281  -0.029   0.130   0.000 01O000M000t
00566 LYS+1U0259_002 f 0.00  1.000     0 10.40  0  1  -5.472  -0.968   1.281   0.071   0.116   0.000 +1O000M000t
00567 LEU01U0260_001 f 0.00  0.000     0  0.00  0  0   1.304  -5.824   0.556   0.000   0.000   0.000 01O000M000t
00568 GLN01U0261_001 f 0.00  0.000     0  0.00  0  0   0.082  -1.339   0.829  -1.162   1.042   0.000 01O000M000t
00569 GLN01U0261_002 f 0.00  0.000     0  0.00  0  0   0.147  -2.767   0.819   0.551   0.986   0.000 01R001M000t
00570 ARG01U0262_001 f 0.00  0.000     0  0.00  0  0  -6.457  -2.404   1.568  -0.080   0.131   0.000 01O000M000t
00571 ARG02U0262_002 f 0.00  0.000     0  0.00  0  0  -6.409  -2.407   1.568  -0.054   1.021   0.000 02O000M000t
00572 ARG03U0262_003 f 0.00  0.000     0  0.00  0  0  -6.492  -2.411   1.568  -0.067   0.918   0.000 03O000M000t
00573 ARG+1U0262_004 f 0.00  1.000     0 12.50  0  1  -6.536  -2.413   1.568  -0.082   0.383   0.000 +1O000M000t
00574 GLU01U0263_001 f 0.00  0.000     0  0.00  0  0  -0.770  -2.781   3.558   0.343   0.415   0.000 01O000M000t
00575 GLU01U0263_002 f 0.00  0.000     0  0.00  0  0  -0.770  -2.781   0.838   0.119   1.111   0.000 01O000M000t
00576 GLU02U0263_003 f 0.00  0.000     0  0.00  0  0  -0.778  -2.874   3.558   0.073   0.242   0.000 02O000M000t
00577 GLU02U0263_004 f 0.00  0.000     0  0.00  0  0  -0.778  -2.874   0.838   0.092   0.634   0.000 02O000M000t
00578 GLU-1U0263_005 f 0.00 -1.000     0  4.75  0 -1  -0.910  -2.820   0.838  -0.412   2.561   0.000 -1O000M000t
00579 HIS01U0264_001 f 0.00  0.000     0  0.00  0  0  -1.527  -5.069   0.594  -0.491   2.656   0.000 01O000M000t
00580 HIS02U0264_002 f 0.00  0.000     0  0.00  0  0  -1.543  -5.149   0.594   0.481   2.416   0.000 02O000M000t
00581 HIS+1U0264_003 f 0.00  1.000     0  6.98  0  1  -1.569  -5.165   0.594   1.751   4.414   0.000 +1O000M000t
00582 GLN01U0265_001 f 0.00  0.000     0  0.00  0  0  -0.429  -3.536   0.892   0.004  -0.007   0.000 01O000M000t
00583 GLN01U0265_002 f 0.00  0.000     0  0.00  0  0   0.774  -3.635   0.886  -0.031  -0.521   0.000 01R001M000t
00584 LYS01U0266_001 f 0.00  0.000     0  0.00  0  0  -3.755  -1.752   1.313  -0.008   0.261   0.000 01O000M000t
00585 LYS+1U0266_002 f 0.00  1.000     0 10.40  0  1  -3.803  -1.759   1.313   0.030   1.232   0.000 +1O000M000t
00586 CYS01U0267_001 f 0.00  0.000     0  0.00  0  0  -0.836  -2.435   0.866  -0.101   0.267   0.000 01O000M000t
00587 CYS01U0267_002 f 0.00  0.000     0  0.00  0  0  -0.836  -2.495   0.866  -0.435   0.523   0.000 01O000M000t
00588 CYS01U0267_003 f 0.00  0.000     0  0.00  0  0  -0.836  -2.435   0.866   0.079   0.461   0.000 01O000M000t
00589 CYS-1U0267_004 f 0.00 -1.000     0  9.10  0 -1  -0.834  -2.407   0.866  -1.094   3.915   0.000 -1O000M000t
00590 GLN01U0268_001 f 0.00  0.000     0  0.00  0  0   0.032  -5.271   1.117   0.008   0.710   0.000 01O000M000t
00591 GLN01U0268_002 f 0.00  0.000     0  0.00  0  0   1.502  -5.321   1.117  -0.040   0.675   0.000 01R001M000t
00592 ILE01U0269_001 f 0.00  0.000     0  0.00  0  0  -5.412   0.004   0.877   0.000   0.000   0.000 01O000M000t
00593 ARG01U0270_001 f 0.00  0.000     0  0.00  0  0  -5.120  -3.593   1.761   0.011   1.204   0.000 01O000M000t
00594 ARG02U0270_002 f 0.00  0.000     0  0.00  0  0  -5.148  -3.610   1.761   0.025   1.721   0.000 02O000M000t
00595 ARG03U0270_003 f 0.00  0.000     0  0.00  0  0  -5.155  -3.601   1.761   0.029   2.046   0.000 03O000M000t
00596 ARG03U0270_004 f 0.00  0.000     0  0.00  0  0  -5.151  -3.593   1.761   0.016   2.108   0.000 03O000M000t
00597 ARG+1U0270_005 f 0.00  1.000     0 12.50  0  1  -5.195  -3.623   1.761   0.123   1.372   0.000 +1O000M000t
00598 THR01U0271_001 f 0.00  0.000     0  0.00  0  0  -3.380  -1.265   0.547  -1.252   1.299   0.000 01O000M000t
00599 THR01U0271_002 f 0.00  0.000     0  0.00  0  0  -3.380  -1.265   0.547   2.884   1.585   0.000 01O000M000t
00600 THR01U0271_003 f 0.00  0.000     0  0.00  0  0  -3.380  -1.265   0.172  -1.450   0.832   0.000 01O000M000t
00601 LYS01U0273_001 f 0.00  0.000     0  0.00  0  0  -7.353  -2.368   1.240  -0.014  -0.175   0.000 01O000M000t
00602 LYS+1U0273_002 f 0.00  1.000     0 10.40  0  1  -7.400  -2.371   1.240   0.091  -0.234   0.000 +1O000M000t
00603 LEU01U0274_001 f 0.00  0.000     0  0.00  0  0  -7.190   0.046   0.423   0.000   0.000   0.000 01O000M000t
00604 ARG01U0275_001 f 0.00  0.000     0  0.00  0  0  -4.899  -2.504   0.871  -0.452   2.072   0.000 01O000M000t
00605 ARG02U0275_002 f 0.00  0.000     0  0.00  0  0  -4.961  -2.518   0.871  -0.172   2.852   0.000 02O000M000t
00606 ARG02U0275_003 f 0.00  0.000     0  0.00  0  0  -4.901  -2.517   0.871  -0.140   2.322   0.000 02O000M000t
00607 ARG03U0275_004 f 0.00  0.000     0  0.00  0  0  -4.966  -2.495   0.871  -0.090   2.742   0.000 03O000M000t
00608 ARG03U0275_005 f 0.00  0.000     0  0.00  0  0  -4.962  -2.488   0.871  -0.369   2.687   0.000 03O000M000t
00609 ARG+1U0275_006 f 0.00  1.000     0 12.50  0  1  -5.005  -2.528   0.871   0.670   3.283   0.000 +1O000M000t
00610 ASP01U0276_001 f 0.00  0.000     0  0.00  0  0   0.146  -2.679   3.705   3.607   2.345   0.000 01O000M000t
00611 ASP01U0276_002 f 0.00  0.000     0  0.00  0  0   0.146  -2.679   0.985   1.069   2.628   0.000 01O000M000t
00612 ASP02U0276_003 f 0.00  0.000     0  0.00  0  0   0.173  -3.532   3.705  -2.975   2.139   0.000 02O000M000t
00613 ASP02U0276_004 f 0.00  0.000     0  0.00  0  0   0.173  -3.532   0.985  -2.020   3.057   0.000 02O000M000t
00614 ASP-1U0276_005 f 0.00 -1.000     0  4.75  0 -1   0.108  -3.399   0.985  -7.943  11.378   0.000 -1O000M000t
00615 GLU01U0277_001 f 0.00  0.000     0  0.00  0  0  -2.728   0.184   4.431   0.520  -0.409   0.000 01O000M000t
00616 GLU01U0277_002 f 0.00  0.000     0  0.00  0  0  -2.728   0.184   1.711   0.213   0.658   0.000 01O000M000t
00617 GLU02U0277_003 f 0.00  0.000     0  0.00  0  0  -2.692   0.188   4.431   0.273  -0.715   0.000 02O000M000t
00618 GLU02U0277_004 f 0.00  0.000     0  0.00  0  0  -2.692   0.188   1.711   0.171   0.261   0.000 02O000M000t
00619 GLU-1U0277_005 f 0.00 -1.000     0  4.75  0 -1  -2.745   0.212   1.711  -0.461   0.139   0.000 -1O000M000t
00620 TYR01U0278_001 f 0.00  0.000     0  0.00  0  0   0.794  -6.064   0.052   0.274   0.516   0.000 01O000M000t
00621 TYR-1U0278_002 f 0.00 -1.000     0 10.20  0 -1   0.794  -6.064   0.052  -1.001   1.791   0.000 -1O000M000t
00622 VAL01U0279_001 f 0.00  0.000     0  0.00  0  0  -0.002  -2.176   0.039   0.000   0.000   0.000 01O000M000t
00623 GLU01U0280_001 f 0.00  0.000     0  0.00  0  0  -1.012  -0.333   2.961   0.347   0.495   0.000 01O000M000t
00624 GLU01U0280_002 f 0.00  0.000     0  0.00  0  0  -1.012  -0.333   0.241   0.001   0.921   0.000 01O000M000t
00625 GLU02U0280_003 f 0.00  0.000     0  0.00  0  0  -1.251  -0.640   2.961   0.382   0.438   0.000 02O000M000t
00626 GLU02U0280_004 f 0.00  0.000     0  0.00  0  0  -1.251  -0.640   0.241   0.089   1.194   0.000 02O000M000t
00627 GLU-1U0280_005 f 0.00 -1.000     0  4.75  0 -1  -1.247  -0.575   0.241  -0.795   2.496   0.000 -1O000M000t
00628 GLU01U0281_001 f 0.00  0.000     0  0.00  0  0  -0.471  -2.304   3.087   0.263  -0.026   0.000 01O000M000t
00629 GLU01U0281_002 f 0.00  0.000     0  0.00  0  0  -0.471  -2.304   0.367   0.107   0.294   0.000 01O000M000t
00630 GLU02U0281_003 f 0.00  0.000     0  0.00  0  0  -0.857  -2.287   3.087   0.117  -0.128   0.000 02O000M000t
00631 GLU02U0281_004 f 0.00  0.000     0  0.00  0  0  -0.857  -2.287   0.367   0.087   0.585   0.000 02O000M000t
00632 GLU-1U0281_005 f 0.00 -1.000     0  4.75  0 -1  -0.860  -2.262   0.367  -0.242   0.791   0.000 -1O000M000t
00633 TYR01U0282_001 f 0.00  0.000     0  0.00  0  0   3.530  -6.216   0.135   0.139   2.169   0.000 01O000M000t
00634 TYR01U0282_002 f 0.00  0.000     0  0.00  0  0   3.530  -6.216   0.135   0.250   1.713   0.000 01O000M000t
00635 TYR-1U0282_003 f 0.00 -1.000     0 10.20  0 -1   3.530  -6.216   0.135  -0.893   5.864   0.000 -1O000M000t
00636 ASP01U0283_001 f 0.00  0.000     0  0.00  0  0  -1.559  -1.111   3.413   0.615   0.690   0.000 01O000M000t
00637 ASP01U0283_002 f 0.00  0.000     0  0.00  0  0  -1.559  -1.111   0.693   0.148   0.388   0.000 01O000M000t
00638 ASP02U0283_003 f 0.00  0.000     0  0.00  0  0  -1.548  -1.715   3.413   0.131   0.190   0.000 02O000M000t
00639 ASP02U0283_004 f 0.00  0.000     0  0.00  0  0  -1.548  -1.715   0.693   0.109   1.261   0.000 02O000M000t
00640 ASP-1U0283_005 f 0.00 -1.000     0  4.75  0 -1  -1.551  -1.645   0.693  -0.120   2.958   0.000 -1O000M000t
00641 LYS01U0284_001 f 0.00  0.000     0  0.00  0  0  -7.812  -3.083   2.706   0.044   0.232   0.000 01O000M000t
00642 LYS+1U0284_002 f 0.00  1.000     0 10.40  0  1  -7.874  -3.116   2.706  -0.151   0.705   0.000 +1O000M000t
00643 LEU01U0285_001 f 0.00  0.000     0  0.00  0  0   0.010  -2.511   0.990   0.000   0.000   0.000 01O000M000t
00644 LEU01U0286_001 f 0.00  0.000     0  0.00  0  0   1.000  -2.716   0.534   0.000   0.000   0.000 01O000M000t
00645 PRO01U0287_001 f 0.00  0.000     0  0.00  0  0  -3.732  -2.576   0.000   0.000   0.000   0.000 01O000M000t
00646 ILE01U0288_001 f 0.00  0.000     0  0.00  0  0   1.782  -2.370   0.543   0.000   0.000   0.000 01O000M000t
00647 PHE01U0289_001 f 0.00  0.000     0  0.00  0  0   4.660  -8.537   0.259   0.000   0.000   0.000 01O000M000t
00648 ILE01U0290_001 f 0.00  0.000     0  0.00  0  0  -2.171   2.434   0.465   0.000   0.000   0.000 01O000M000t
00649 ARG01U0291_001 f 0.00  0.000     0  0.00  0  0   0.032  -7.703   1.271   0.533   3.388   0.000 01O000M000t
00650 ARG02U0291_002 f 0.00  0.000     0  0.00  0  0   0.086  -7.691   1.271  -1.465   3.448   0.000 02O000M000t
00651 ARG03U0291_003 f 0.00  0.000     0  0.00  0  0  -0.009  -7.678   1.271  -1.692   3.472   0.000 03O000M000t
00652 ARG03U0291_004 f 0.00  0.000     0  0.00  0  0  -0.004  -7.628   1.271   0.389   3.785   0.000 03O000M000t
00653 ARG+1U0291_005 f 0.00  1.000     0 12.50  0  1  -0.048  -7.711   1.271  -3.984   5.788   0.000 +1O000M000t
00654 PHE01U0292_001 f 0.00  0.000     0  0.00  0  0   4.326  -8.807   0.983   0.000   0.000   0.000 01O000M000t
00655 LYS01U0293_001 f 0.00  0.000     0  0.00  0  0  -1.465  -4.721   0.870   0.299   0.361   0.000 01O000M000t
00656 LYS+1U0293_002 f 0.00  1.000     0 10.40  0  1  -1.511  -4.714   0.870  -2.236   3.257   0.000 +1O000M000t
00657 THR01U0294_001 f 0.00  0.000     0  0.00  0  0  -4.349  -0.329   0.375   0.034   0.166   0.000 01O000M000t
00658 THR01U0294_002 f 0.00  0.000     0  0.00  0  0  -4.349  -0.329   0.375  -1.098   0.825   0.000 01O000M000t
00659 THR01U0294_003 f 0.00  0.000     0  0.00  0  0  -4.349  -0.329   0.000  -0.214   0.203   0.000 01O000M000t
00660 SER01U0295_001 f 0.00  0.000     0  0.00  0  0   0.000  -3.527   0.508  -0.125   1.009   0.000 01O000M000t
00661 SER01U0295_002 f 0.00  0.000     0  0.00  0  0   0.000  -3.527   0.508  -0.673   0.933   0.000 01O000M000t
00662 SER01U0295_003 f 0.00  0.000     0  0.00  0  0   0.000  -3.527   0.133   0.081   1.487   0.000 01O000M000t
00663 ALA01U0296_001 f 0.00  0.000     0  0.00  0  0   0.000  -1.649   0.000   0.000   0.000   0.000 01O000M000t
00664 ILE01U0297_001 f 0.00  0.000     0  0.00  0  0  -1.976  -1.108   0.790   0.000   0.000   0.000 01O000M000t
00665 THR01U0298_001 f 0.00  0.000     0  0.00  0  0  -1.128  -1.676   0.407  -0.217   0.245   0.000 01O000M000t
00666 THR01U0298_002 f 0.00  0.000     0  0.00  0  0  -1.128  -1.676   0.032  -0.319   0.352   0.000 01O000M000t
00667 LEU01U0299_001 f 0.00  0.000     0  0.00  0  0   1.713  -5.247   0.698   0.000   0.000   0.000 01O000M000t
00668 GLU01U0301_001 f 0.00  0.000     0  0.00  0  0  -1.258  -3.252   3.583  -0.061  -0.451   0.000 01O000M000t
00669 GLU01U0301_002 f 0.00  0.000     0  0.00  0  0  -1.258  -3.252   0.863  -0.029   0.563   0.000 01O000M000t
00670 GLU02U0301_003 f 0.00  0.000     0  0.00  0  0  -0.919  -3.289   3.583  -0.008  -0.146   0.000 02O000M000t
00671 GLU02U0301_004 f 0.00  0.000     0  0.00  0  0  -0.919  -3.289   0.863  -0.032   0.739   0.000 02O000M000t
00672 GLU-1U0301_005 f 0.00 -1.000     0  4.75  0 -1  -1.375  -3.216   0.863   0.100   0.749   0.000 -1O000M000t
00673 PHE01U0302_001 f 0.00  0.000     0  0.00  0  0   3.782  -6.824   0.094   0.000   0.000   0.000 01O000M000t
00674 PHE01U0303_001 f 0.00  0.000     0  0.00  0  0   3.925  -3.392   0.204   0.000   0.000   0.000 01O000M000t
00675 LYS01U0304_001 f 0.00  0.000     0  0.00  0  0  -7.318  -0.442   1.684  -0.034   0.181   0.000 01O000M000t
00676 LYS+1U0304_002 f 0.00  1.000     0 10.40  0  1  -7.381  -0.452   1.684  -0.324   0.484   0.000 +1O000M000t
00677 LEU01U0305_001 f 0.00  0.000     0  0.00  0  0  -1.265  -4.334   0.657   0.000   0.000   0.000 01O000M000t
00678 GLU01U0306_001 f 0.00  0.000     0  0.00  0  0  -2.805  -1.602   3.044   0.377  -0.101   0.000 01O000M000t
00679 GLU01U0306_002 f 0.00  0.000     0  0.00  0  0  -2.805  -1.602   0.324   0.063   0.669   0.000 01O000M000t
00680 GLU02U0306_003 f 0.00  0.000     0  0.00  0  0  -3.118  -1.728   3.044   0.049  -0.486   0.000 02O000M000t
00681 GLU02U0306_004 f 0.00  0.000     0  0.00  0  0  -3.118  -1.728   0.324   0.021   0.528   0.000 02O000M000t
00682 GLU-1U0306_005 f 0.00 -1.000     0  4.75  0 -1  -3.046  -1.681   0.324  -0.172   0.077   0.000 -1O000M000t
00683 ILE01U0307_001 f 0.00  0.000     0  0.00  0  0   5.473   6.057   2.066   0.000   0.000   0.000 01O000M000t
00684 PRO01U0308_001 f 0.00  0.000     0  0.00  0  0  -1.532  -2.350   0.000   0.000   0.000   0.000 01O000M000t
00685 GLU01U0309_001 f 0.00  0.000     0  0.00  0  0  -2.554  -1.556   3.505  -0.429  -0.172   0.000 01O000M000t
00686 GLU01U0309_002 f 0.00  0.000     0  0.00  0  0  -2.554  -1.556   0.785  -0.518   0.482   0.000 01O000M000t
00687 GLU02U0309_003 f 0.00  0.000     0  0.00  0  0  -2.611  -1.347   3.505   2.849   1.022   0.000 02O000M000t
00688 GLU02U0309_004 f 0.00  0.000     0  0.00  0  0  -2.611  -1.347   0.785  -0.216   0.765   0.000 02O000M000t
00689 GLU-1U0309_005 f 0.00 -1.000     0  4.75  0 -1  -2.673  -1.526   0.785  -1.883   1.316   0.000 -1O000M000t
00690 LEU01U0310_001 f 0.00  0.000     0  0.00  0  0   1.519  -2.546   0.482   0.000   0.000   0.000 01O000M000t
00691 HIS01U0311_001 f 0.00  0.000     0  0.00  0  0  -7.549  -2.184   0.163   0.224   0.961   0.000 01O000M000t
00692 HIS01U0311_002 f 0.00  0.000     0  0.00  0  0  -7.356  -2.141   0.163   0.273   0.559   0.000 01R001M000t
00693 HIS02U0311_003 f 0.00  0.000     0  0.00  0  0  -7.568  -2.260   0.163  -0.076   0.594   0.000 02O000M000t
00694 HIS02U0311_004 f 0.00  0.000     0  0.00  0  0  -7.369  -2.141   0.163  -0.017   0.736   0.000 02R001M000t
00695 HIS+1U0311_005 f 0.00  1.000     0  6.98  0  1  -7.595  -2.273   0.163   0.802   0.341   0.000 +1O000M000t
00696 HIS+1U0311_006 f 0.00  1.000     0  6.98  0  1  -7.395  -2.164   0.163   0.939  -0.061   0.000 +1R001M000t
00697 HIS01U0312_001 f 0.00  0.000     0  0.00  0  0  -0.202  -5.312   0.100   0.019   3.656   0.000 01O000M000t
00698 HIS02U0312_002 f 0.00  0.000     0  0.00  0  0  -0.219  -5.359   0.100  -0.306   3.720   0.000 02O000M000t
00699 HIS+1U0312_003 f 0.00  1.000     0  6.98  0  1  -0.246  -5.384   0.100   0.756   8.766   0.000 +1O000M000t
00700 HIS01U0313_001 f 0.00  0.000     0  0.00  0  0  -8.451  -1.280   0.092   0.188   0.773   0.000 01O000M000t
00701 HIS01U0313_002 f 0.00  0.000     0  0.00  0  0  -8.743  -1.045   0.092   0.480   0.270   0.000 01R001M000t
00702 HIS02U0313_003 f 0.00  0.000     0  0.00  0  0  -8.466  -1.350   0.092   0.214   0.403   0.000 02O000M000t
00703 HIS02U0313_004 f 0.00  0.000     0  0.00  0  0  -8.757  -1.051   0.092   0.347   0.330   0.000 02R001M000t
00704 HIS+1U0313_005 f 0.00  1.000     0  6.98  0  1  -8.493  -1.354   0.092   0.750  -0.190   0.000 +1O000M000t
00705 HIS+1U0313_006 f 0.00  1.000     0  6.98  0  1  -8.783  -1.058   0.092   0.817  -0.436   0.000 +1R001M000t
00706 HIS01U0314_001 f 0.00  0.000     0  0.00  0  0  -3.568  -2.364   0.159   0.273   1.576   0.000 01O000M000t
00707 HIS02U0314_002 f 0.00  0.000     0  0.00  0  0  -3.587  -2.422   0.159   0.402   1.604   0.000 02O000M000t
00708 HIS+1U0314_003 f 0.00  1.000     0  6.98  0  1  -3.614  -2.432   0.159   1.114   2.470   0.000 +1O000M000t
00709 HIS01U0315_001 f 0.00  0.000     0  0.00  0  0  -7.131   0.125   0.033  -0.136   1.307   0.000 01O000M000t
00710 HIS02U0315_002 f 0.00  0.000     0  0.00  0  0  -7.148   0.022   0.033   0.433   1.529   0.000 02O000M000t
00711 HIS+1U0315_003 f 0.00  1.000     0  6.98  0  1  -7.175   0.019   0.033   0.759   2.156   0.000 +1O000M000t
00712 CTR01U0315_001 f 0.00  0.000     0  0.00  0  0  -5.079   1.332   2.720   0.033  -0.986   0.000 01O000M000t
00713 CTR01U0315_002 f 0.00  0.000     0  0.00  0  0  -5.033   0.491   0.000  -0.053  -0.775   0.000 01O000M000t
00714 CTR02U0315_003 f 0.00  0.000     0  0.00  0  0  -5.003   0.572   2.720   0.048  -1.055   0.000 02O000M000t
00715 CTR02U0315_004 f 0.00  0.000     0  0.00  0  0  -5.192   0.532   0.000  -0.032  -0.824   0.000 02O000M000t
00716 CTR-1U0315_005 f 0.00 -1.000     0  3.75  0 -1  -5.019   0.574   0.000   0.074  -0.428   0.000 -1O000M000t
00717 _CL-1U0401_001 f 0.00 -1.000     0  0.00  0  0   0.000  -4.129   0.000  -7.767  11.437   0.000 -1O000M000t
00718 _CLDMU0401_002 f 0.00  0.000     0  0.00  0  0   0.000   0.000   0.000   0.000   0.000   0.000         DMt
