  pH           0     1     2     3     4     5     6     7     8     9    10    11    12    13    14
NTR+U0001_  1.00  1.00  1.00  1.00  1.00  0.97  0.77  0.26  0.04  0.00  0.00  0.00  0.00  0.00  0.00
ASP-U0002_ -0.00 -0.05 -0.29 -0.77 -0.94 -0.99 -1.00 -1.00 -1.00 -1.00 -1.00 -1.00 -1.00 -1.00 -1.00
ASP-U0003_ -0.00 -0.00 -0.03 -0.19 -0.61 -0.90 -0.99 -1.00 -1.00 -1.00 -1.00 -1.00 -1.00 -1.00 -1.00
ARG+U0005_  1.00  1.00  1.00  1.00  1.00  1.00  1.00  1.00  1.00  1.00  1.00  1.00  0.99  0.90  0.49
LYS+U0006_  1.00  1.00  1.00  1.00  1.00  1.00  1.00  1.00  0.99  0.95  0.76  0.34  0.06  0.01  0.00
LYS+U0007_  1.00  1.00  1.00  1.00  1.00  1.00  1.00  1.00  1.00  0.97  0.77  0.31  0.05  0.01  0.00
GLU-U0008_ -0.00 -0.00 -0.03 -0.14 -0.55 -0.90 -0.99 -1.00 -1.00 -1.00 -1.00 -1.00 -1.00 -1.00 -1.00
HIS+U0010_  1.00  1.00  1.00  1.00  0.99  0.97  0.78  0.27  0.04  0.00  0.00  0.00  0.00  0.00  0.00
ASP-U0011_ -0.00 -0.00 -0.01 -0.10 -0.47 -0.87 -0.99 -1.00 -1.00 -1.00 -1.00 -1.00 -1.00 -1.00 -1.00
ARG+U0015_  1.00  1.00  1.00  1.00  1.00  1.00  1.00  1.00  1.00  1.00  1.00  0.97  0.76  0.24  0.03
GLU-U0020_ -0.00 -0.00 -0.01 -0.08 -0.44 -0.87 -0.98 -1.00 -1.00 -1.00 -1.00 -1.00 -1.00 -1.00 -1.00
GLU-U0021_ -0.00 -0.00 -0.00 -0.04 -0.27 -0.75 -0.97 -1.00 -1.00 -1.00 -1.00 -1.00 -1.00 -1.00 -1.00
CTR-U0024_ -0.00 -0.00 -0.00 -0.02 -0.13 -0.55 -0.92 -0.99 -1.00 -1.00 -1.00 -1.00 -1.00 -1.00 -1.00
NTR+U0029_  1.00  1.00  1.00  1.00  1.00  1.00  0.98  0.85  0.37  0.06  0.01  0.00  0.00  0.00  0.00
LYS+U0029_  1.00  1.00  1.00  1.00  1.00  1.00  1.00  1.00  1.00  0.95  0.66  0.17  0.02  0.00  0.00
ASP-U0031_ -0.00 -0.00 -0.03 -0.27 -0.81 -0.96 -1.00 -1.00 -1.00 -1.00 -1.00 -1.00 -1.00 -1.00 -1.00
LYS+U0035_  1.00  1.00  1.00  1.00  1.00  1.00  1.00  1.00  0.99  0.94  0.61  0.15  0.02  0.00  0.00
ARG+U0036_  1.00  1.00  1.00  1.00  1.00  1.00  1.00  1.00  1.00  0.92  0.62  0.19  0.03  0.01  0.00
LYS+U0042_  1.00  1.00  1.00  1.00  1.00  1.00  1.00  1.00  1.00  0.97  0.76  0.27  0.04  0.01  0.00
LYS+U0043_  1.00  1.00  1.00  1.00  1.00  1.00  1.00  1.00  1.00  1.00  0.99  0.98  0.91  0.55  0.12
LYS+U0045_  1.00  1.00  1.00  1.00  1.00  1.00  1.00  1.00  1.00  0.97  0.81  0.33  0.05  0.01  0.00
LYS+U0046_  1.00  1.00  1.00  1.00  1.00  1.00  1.00  1.00  0.99  0.94  0.63  0.16  0.02  0.00  0.00
LYS+U0050_  1.00  1.00  1.00  1.00  1.00  1.00  1.00  1.00  0.99  0.93  0.59  0.13  0.02  0.00  0.00
GLU-U0053_ -0.00 -0.00 -0.03 -0.14 -0.46 -0.86 -0.98 -1.00 -1.00 -1.00 -1.00 -1.00 -1.00 -1.00 -1.00
LYS+U0058_  1.00  1.00  1.00  1.00  1.00  1.00  1.00  1.00  0.99  0.89  0.49  0.12  0.02  0.00  0.00
ASP-U0059_ -0.31 -0.79 -0.97 -1.00 -1.00 -1.00 -1.00 -1.00 -1.00 -1.00 -1.00 -1.00 -1.00 -1.00 -1.00
GLU-U0062_ -0.00 -0.00 -0.00 -0.03 -0.19 -0.67 -0.95 -1.00 -1.00 -1.00 -1.00 -1.00 -1.00 -1.00 -1.00
GLU-U0066_ -0.14 -0.52 -0.90 -0.99 -1.00 -1.00 -1.00 -1.00 -1.00 -1.00 -1.00 -1.00 -1.00 -1.00 -1.00
LYS+U0067_  0.17  0.03  0.00  0.00  0.00  0.00  0.00  0.00  0.00  0.00  0.00  0.00  0.00  0.00  0.00
TYR-U0068_ -0.00 -0.00 -0.00 -0.00 -0.00 -0.00 -0.00 -0.00 -0.00 -0.00 -0.01 -0.09 -0.46 -0.89 -0.99
GLU-U0071_ -0.00 -0.00 -0.01 -0.04 -0.29 -0.81 -0.97 -1.00 -1.00 -1.00 -1.00 -1.00 -1.00 -1.00 -1.00
GLU-U0078_ -0.00 -0.00 -0.01 -0.07 -0.40 -0.85 -0.98 -1.00 -1.00 -1.00 -1.00 -1.00 -1.00 -1.00 -1.00
CYS-U0079_ -0.00 -0.00 -0.00 -0.00 -0.00 -0.00 -0.00 -0.00 -0.00 -0.00 -0.00 -0.00 -0.00 -0.03 -0.18
LYS+U0086_  1.00  1.00  1.00  1.00  1.00  1.00  1.00  1.00  1.00  0.98  0.84  0.36  0.06  0.01  0.00
ASP-U0088_ -0.00 -0.01 -0.08 -0.43 -0.86 -0.97 -1.00 -1.00 -1.00 -1.00 -1.00 -1.00 -1.00 -1.00 -1.00
ASP-U0089_ -0.00 -0.00 -0.00 -0.04 -0.24 -0.73 -0.96 -1.00 -1.00 -1.00 -1.00 -1.00 -1.00 -1.00 -1.00
GLU-U0095_ -0.00 -0.02 -0.16 -0.57 -0.86 -0.97 -1.00 -1.00 -1.00 -1.00 -1.00 -1.00 -1.00 -1.00 -1.00
HIS+U0101_  0.45  0.18  0.07  0.01  0.00  0.00  0.00  0.00  0.00  0.00  0.00  0.00  0.00  0.00  0.00
ARG+U0103_  1.00  1.00  1.00  1.00  1.00  1.00  1.00  1.00  1.00  1.00  0.99  0.93  0.62  0.17  0.03
ARG+U0107_  1.00  1.00  1.00  1.00  1.00  1.00  1.00  1.00  1.00  1.00  1.00  1.00  1.00  0.98  0.92
GLU-U0121_ -0.00 -0.00 -0.00 -0.01 -0.11 -0.46 -0.76 -0.94 -0.99 -1.00 -1.00 -1.00 -1.00 -1.00 -1.00
ASP-U0126_ -0.00 -0.02 -0.20 -0.71 -0.96 -0.99 -1.00 -1.00 -1.00 -1.00 -1.00 -1.00 -1.00 -1.00 -1.00
GLU-U0128_ -0.00 -0.00 -0.00 -0.06 -0.35 -0.83 -0.98 -1.00 -1.00 -1.00 -1.00 -1.00 -1.00 -1.00 -1.00
GLU-U0130_ -0.00 -0.00 -0.00 -0.01 -0.11 -0.54 -0.91 -0.99 -1.00 -1.00 -1.00 -1.00 -1.00 -1.00 -1.00
ARG+U0131_  1.00  1.00  1.00  1.00  1.00  1.00  1.00  1.00  1.00  1.00  1.00  0.98  0.81  0.29  0.04
ASP-U0132_ -0.00 -0.00 -0.02 -0.13 -0.57 -0.92 -0.99 -1.00 -1.00 -1.00 -1.00 -1.00 -1.00 -1.00 -1.00
GLU-U0133_ -0.65 -0.94 -1.00 -1.00 -1.00 -1.00 -1.00 -1.00 -1.00 -1.00 -1.00 -1.00 -1.00 -1.00 -1.00
ARG+U0136_  1.00  1.00  1.00  1.00  1.00  1.00  1.00  1.00  1.00  1.00  1.00  1.00  1.00  1.00  1.00
ARG+U0139_  0.91  0.52  0.10  0.01  0.00  0.00  0.00  0.00  0.00  0.00  0.00  0.00  0.00  0.00  0.00
LYS+U0141_  1.00  1.00  1.00  1.00  1.00  1.00  1.00  0.99  0.94  0.61  0.15  0.02  0.00  0.00  0.00
ARG+U0145_  1.00  1.00  1.00  1.00  1.00  1.00  1.00  1.00  1.00  1.00  1.00  1.00  1.00  1.00  0.99
GLU-U0149_ -0.42 -0.84 -0.98 -1.00 -1.00 -1.00 -1.00 -1.00 -1.00 -1.00 -1.00 -1.00 -1.00 -1.00 -1.00
TYR-U0151_ -0.00 -0.00 -0.00 -0.00 -0.00 -0.00 -0.00 -0.00 -0.00 -0.00 -0.00 -0.01 -0.02 -0.11 -0.51
ARG+U0157_  1.00  1.00  1.00  1.00  1.00  1.00  1.00  1.00  1.00  1.00  1.00  1.00  1.00  1.00  1.00
ASP-U0160_ -0.00 -0.02 -0.13 -0.57 -0.91 -0.99 -1.00 -1.00 -1.00 -1.00 -1.00 -1.00 -1.00 -1.00 -1.00
ASP-U0161_ -0.08 -0.30 -0.75 -0.96 -1.00 -1.00 -1.00 -1.00 -1.00 -1.00 -1.00 -1.00 -1.00 -1.00 -1.00
GLU-U0163_ -0.00 -0.00 -0.00 -0.01 -0.09 -0.29 -0.65 -0.93 -0.99 -1.00 -1.00 -1.00 -1.00 -1.00 -1.00
LYS+U0165_  1.00  1.00  1.00  1.00  1.00  1.00  1.00  1.00  1.00  0.97  0.78  0.26  0.04  0.00  0.00
ASP-U0166_ -0.00 -0.00 -0.00 -0.03 -0.18 -0.56 -0.85 -0.97 -1.00 -1.00 -1.00 -1.00 -1.00 -1.00 -1.00
LYS+U0174_  1.00  1.00  1.00  1.00  1.00  1.00  1.00  1.00  0.99  0.91  0.53  0.10  0.01  0.00  0.00
LYS+U0175_  1.00  1.00  1.00  1.00  1.00  1.00  1.00  0.98  0.89  0.49  0.13  0.02  0.00  0.00  0.00
ARG+U0178_  1.00  1.00  1.00  1.00  1.00  1.00  1.00  1.00  1.00  1.00  1.00  0.98  0.85  0.36  0.05
LYS+U0179_  1.00  1.00  1.00  1.00  1.00  1.00  1.00  1.00  0.96  0.76  0.33  0.06  0.01  0.00  0.00
ASP-U0180_ -0.00 -0.00 -0.05 -0.31 -0.79 -0.97 -1.00 -1.00 -1.00 -1.00 -1.00 -1.00 -1.00 -1.00 -1.00
ARG+U0188_  1.00  1.00  1.00  1.00  1.00  1.00  1.00  1.00  1.00  1.00  1.00  0.99  0.89  0.51  0.10
GLU-U0189_ -0.00 -0.00 -0.00 -0.01 -0.04 -0.20 -0.48 -0.87 -0.98 -1.00 -1.00 -1.00 -1.00 -1.00 -1.00
TYR-U0193_ -0.00 -0.00 -0.00 -0.00 -0.00 -0.00 -0.00 -0.00 -0.00 -0.00 -0.00 -0.00 -0.00 -0.00 -0.00
LYS+U0194_  1.00  1.00  1.00  1.00  1.00  1.00  1.00  1.00  1.00  0.97  0.74  0.25  0.03  0.00  0.00
LYS+U0196_  1.00  1.00  1.00  1.00  1.00  1.00  1.00  1.00  0.99  0.93  0.60  0.16  0.03  0.00  0.00
LYS+U0209_  1.00  1.00  1.00  1.00  1.00  1.00  1.00  1.00  0.99  0.90  0.51  0.10  0.01  0.00  0.00
LYS+U0210_  1.00  1.00  1.00  1.00  1.00  1.00  1.00  0.99  0.95  0.69  0.23  0.04  0.00  0.00  0.00
ARG+U0216_  1.00  1.00  1.00  1.00  1.00  1.00  1.00  1.00  1.00  1.00  0.99  0.97  0.87  0.46  0.08
ASP-U0217_ -0.00 -0.00 -0.01 -0.06 -0.35 -0.81 -0.97 -1.00 -1.00 -1.00 -1.00 -1.00 -1.00 -1.00 -1.00
ASP-U0218_ -0.00 -0.00 -0.04 -0.30 -0.75 -0.96 -1.00 -1.00 -1.00 -1.00 -1.00 -1.00 -1.00 -1.00 -1.00
ASP-U0219_ -0.00 -0.00 -0.01 -0.11 -0.42 -0.84 -0.98 -1.00 -1.00 -1.00 -1.00 -1.00 -1.00 -1.00 -1.00
ASP-U0223_ -0.00 -0.00 -0.02 -0.17 -0.61 -0.91 -0.99 -1.00 -1.00 -1.00 -1.00 -1.00 -1.00 -1.00 -1.00
ASP-U0224_ -0.00 -0.00 -0.01 -0.13 -0.49 -0.88 -0.99 -1.00 -1.00 -1.00 -1.00 -1.00 -1.00 -1.00 -1.00
TYR-U0227_ -0.00 -0.00 -0.00 -0.00 -0.00 -0.00 -0.00 -0.00 -0.00 -0.01 -0.11 -0.53 -0.92 -0.99 -1.00
ASP-U0228_ -0.00 -0.01 -0.08 -0.40 -0.86 -0.97 -1.00 -1.00 -1.00 -1.00 -1.00 -1.00 -1.00 -1.00 -1.00
LYS+U0230_  1.00  1.00  1.00  1.00  1.00  1.00  1.00  1.00  1.00  0.98  0.86  0.38  0.06  0.01  0.00
LYS+U0232_  1.00  1.00  1.00  1.00  1.00  1.00  1.00  1.00  1.00  1.00  0.98  0.88  0.46  0.11  0.02
LYS+U0240_  1.00  1.00  1.00  1.00  1.00  1.00  1.00  0.99  0.95  0.67  0.19  0.03  0.00  0.00  0.00
ASP-U0244_ -0.00 -0.00 -0.01 -0.08 -0.47 -0.89 -0.99 -1.00 -1.00 -1.00 -1.00 -1.00 -1.00 -1.00 -1.00
ARG+U0249_  1.00  1.00  1.00  1.00  1.00  1.00  1.00  1.00  1.00  1.00  0.99  0.98  0.89  0.55  0.17
GLU-U0252_ -0.04 -0.27 -0.78 -0.97 -1.00 -1.00 -1.00 -1.00 -1.00 -1.00 -1.00 -1.00 -1.00 -1.00 -1.00
HIS+U0254_  1.00  1.00  1.00  0.99  0.92  0.61  0.15  0.02  0.00  0.00  0.00  0.00  0.00  0.00  0.00
LYS+U0255_  1.00  1.00  1.00  1.00  1.00  1.00  1.00  1.00  0.99  0.94  0.60  0.14  0.02  0.00  0.00
LYS+U0256_  1.00  1.00  1.00  1.00  1.00  1.00  1.00  1.00  0.99  0.92  0.61  0.17  0.03  0.00  0.00
LYS+U0259_  1.00  1.00  1.00  1.00  1.00  1.00  1.00  1.00  1.00  0.96  0.71  0.24  0.04  0.01  0.00
ARG+U0262_  1.00  1.00  1.00  1.00  1.00  1.00  1.00  1.00  1.00  1.00  0.99  0.97  0.83  0.33  0.05
GLU-U0263_ -0.00 -0.01 -0.07 -0.39 -0.86 -0.98 -1.00 -1.00 -1.00 -1.00 -1.00 -1.00 -1.00 -1.00 -1.00
HIS+U0264_  1.00  1.00  1.00  1.00  1.00  1.00  1.00  0.98  0.83  0.33  0.05  0.01  0.00  0.00  0.00
LYS+U0266_  1.00  1.00  1.00  1.00  1.00  1.00  1.00  1.00  1.00  0.99  0.90  0.52  0.12  0.02  0.00
CYS-U0267_ -0.00 -0.00 -0.00 -0.00 -0.00 -0.00 -0.00 -0.00 -0.00 -0.00 -0.01 -0.03 -0.12 -0.25 -0.45
ARG+U0270_  1.00  1.00  1.00  1.00  1.00  1.00  1.00  1.00  1.00  1.00  1.00  1.00  0.95  0.70  0.47
LYS+U0273_  1.00  1.00  1.00  1.00  1.00  1.00  1.00  1.00  1.00  0.96  0.72  0.21  0.03  0.00  0.00
ARG+U0275_  1.00  1.00  1.00  1.00  1.00  1.00  1.00  1.00  1.00  1.00  1.00  1.00  0.98  0.84  0.36
ASP-U0276_ -0.98 -1.00 -1.00 -1.00 -1.00 -1.00 -1.00 -1.00 -1.00 -1.00 -1.00 -1.00 -1.00 -1.00 -1.00
GLU-U0277_ -0.00 -0.00 -0.01 -0.06 -0.39 -0.84 -0.98 -1.00 -1.00 -1.00 -1.00 -1.00 -1.00 -1.00 -1.00
TYR-U0278_ -0.00 -0.00 -0.00 -0.00 -0.00 -0.00 -0.00 -0.00 -0.00 -0.00 -0.03 -0.20 -0.63 -0.90 -0.98
GLU-U0280_ -0.07 -0.42 -0.88 -0.98 -1.00 -1.00 -1.00 -1.00 -1.00 -1.00 -1.00 -1.00 -1.00 -1.00 -1.00
GLU-U0281_ -0.00 -0.00 -0.01 -0.04 -0.30 -0.80 -0.97 -1.00 -1.00 -1.00 -1.00 -1.00 -1.00 -1.00 -1.00
TYR-U0282_ -0.00 -0.00 -0.00 -0.00 -0.00 -0.00 -0.00 -0.00 -0.00 -0.00 -0.00 -0.00 -0.02 -0.13 -0.49
ASP-U0283_ -0.00 -0.00 -0.01 -0.09 -0.45 -0.87 -0.98 -1.00 -1.00 -1.00 -1.00 -1.00 -1.00 -1.00 -1.00
LYS+U0284_  1.00  1.00  1.00  1.00  1.00  1.00  1.00  1.00  1.00  0.97  0.79  0.28  0.04  0.00  0.00
ARG+U0291_  1.00  1.00  1.00  1.00  1.00  1.00  1.00  1.00  1.00  1.00  1.00  1.00  0.96  0.79  0.38
LYS+U0293_  1.00  1.00  1.00  1.00  1.00  1.00  1.00  1.00  0.99  0.90  0.49  0.09  0.01  0.00  0.00
GLU-U0301_ -0.00 -0.00 -0.00 -0.02 -0.17 -0.63 -0.94 -0.99 -1.00 -1.00 -1.00 -1.00 -1.00 -1.00 -1.00
LYS+U0304_  1.00  1.00  1.00  1.00  1.00  1.00  1.00  1.00  0.99  0.92  0.60  0.14  0.02  0.00  0.00
GLU-U0306_ -0.00 -0.00 -0.00 -0.07 -0.38 -0.86 -0.98 -1.00 -1.00 -1.00 -1.00 -1.00 -1.00 -1.00 -1.00
GLU-U0309_ -0.00 -0.00 -0.02 -0.16 -0.62 -0.94 -0.99 -1.00 -1.00 -1.00 -1.00 -1.00 -1.00 -1.00 -1.00
HIS+U0311_  1.00  1.00  1.00  1.00  0.99  0.95  0.75  0.26  0.04  0.00  0.00  0.00  0.00  0.00  0.00
HIS+U0312_  0.10  0.01  0.00  0.00  0.00  0.00  0.00  0.00  0.00  0.00  0.00  0.00  0.00  0.00  0.00
HIS+U0313_  1.00  1.00  1.00  1.00  1.00  0.99  0.94  0.65  0.17  0.02  0.00  0.00  0.00  0.00  0.00
HIS+U0314_  1.00  1.00  0.99  0.89  0.56  0.26  0.15  0.04  0.01  0.00  0.00  0.00  0.00  0.00  0.00
HIS+U0315_  1.00  1.00  1.00  0.96  0.86  0.77  0.54  0.17  0.02  0.00  0.00  0.00  0.00  0.00  0.00
CTR-U0315_ -0.00 -0.00 -0.02 -0.15 -0.57 -0.93 -0.99 -1.00 -1.00 -1.00 -1.00 -1.00 -1.00 -1.00 -1.00
_CL-U0401_  0.00  0.00  0.00  0.00  0.00  0.00  0.00  0.00  0.00  0.00  0.00  0.00  0.00  0.00  0.00
----------
Net_Charge 55.95 52.51 48.51 41.98 29.02 14.98  8.04  3.82  1.11 -2.73 -12.15 -25.51 -33.51 -40.39 -46.27
Protons    55.95 52.51 48.51 41.98 29.02 14.98  8.04  3.82  1.11 -2.73 -12.15 -25.51 -33.51 -40.39 -46.27
Electrons   0.00  0.00  0.00  0.00  0.00  0.00  0.00  0.00  0.00  0.00  0.00  0.00  0.00  0.00  0.00
