   confID        vdw0    sas     sum
NTR01U0001_001  -0.003  -2.159  -2.162
NTR+1U0001_002  -0.005  -2.159  -2.164
MET01U0001_001   5.682  -0.206   5.476
ASP01U0002_001   0.282  -2.802  -2.519
ASP01U0002_002   0.282  -2.802  -2.519
ASP02U0002_003   0.193  -2.613  -2.421
ASP02U0002_004   0.193  -2.613  -2.421
ASP-1U0002_005   0.182  -2.652  -2.470
ASP01U0003_001   0.071  -1.588  -1.517
ASP01U0003_002   0.071  -1.588  -1.517
ASP02U0003_003   0.137  -1.601  -1.464
ASP02U0003_004   0.137  -1.601  -1.464
ASP-1U0003_005   0.066  -1.537  -1.471
ARG01U0005_001   1.136  -4.578  -3.442
ARG02U0005_002   1.098  -4.578  -3.479
ARG02U0005_003   1.159  -4.578  -3.419
ARG03U0005_004   1.093  -4.578  -3.485
ARG03U0005_005   1.097  -4.578  -3.480
ARG+1U0005_006   1.054  -4.578  -3.523
LYS01U0006_001   3.394  -0.582   2.812
LYS+1U0006_002   3.299  -0.582   2.718
LYS01U0007_001   2.275  -4.169  -1.894
LYS+1U0007_002   2.225  -4.169  -1.943
GLU01U0008_001   2.250  -2.846  -0.596
GLU01U0008_002   2.250  -2.846  -0.596
GLU02U0008_003   1.801  -2.900  -1.098
GLU02U0008_004   1.801  -2.900  -1.098
GLU-1U0008_005   1.730  -2.786  -1.056
LEU01U0009_001   1.738  -0.222   1.515
HIS01U0010_001  -0.158  -1.429  -1.587
HIS01U0010_002  -0.115  -1.359  -1.474
HIS02U0010_003  -0.176  -1.429  -1.606
HIS02U0010_004  -0.128  -1.359  -1.487
HIS+1U0010_005  -0.203  -1.429  -1.633
HIS+1U0010_006  -0.154  -1.359  -1.513
ASP01U0011_001   0.119  -2.429  -2.310
ASP01U0011_002   0.119  -2.429  -2.310
ASP02U0011_003   0.195  -2.530  -2.335
ASP02U0011_004   0.195  -2.530  -2.335
ASP-1U0011_005   0.112  -2.382  -2.269
LEU01U0012_001   1.820  -2.901  -1.081
ASN01U0013_001   0.243   0.000   0.243
ASN01U0013_002   0.066   0.000   0.066
THR01U0014_001   0.184  -2.231  -2.047
THR01U0014_002   0.184  -2.231  -2.047
THR01U0014_003   0.184  -2.231  -2.047
ARG01U0015_001   2.910  -4.780  -1.870
ARG02U0015_002   2.875  -4.780  -1.906
ARG02U0015_003   2.897  -4.780  -1.883
ARG03U0015_004   2.868  -4.780  -1.913
ARG+1U0015_005   2.828  -4.780  -1.952
ALA01U0016_001   0.000   0.000   0.000
TRP01U0017_001   2.649  -0.775   1.875
ASN01U0018_001   0.225  -2.541  -2.315
ASN01U0018_002   0.046  -2.544  -2.498
GLU01U0020_001   3.150  -2.292   0.858
GLU01U0020_002   3.150  -2.292   0.858
GLU02U0020_003   3.941  -2.205   1.736
GLU02U0020_004   3.941  -2.205   1.736
GLU-1U0020_005   3.079  -2.192   0.887
GLU01U0021_001   1.731  -2.474  -0.742
GLU01U0021_002   1.731  -2.474  -0.742
GLU02U0021_003   1.415  -2.583  -1.168
GLU02U0021_004   1.415  -2.583  -1.168
GLU-1U0021_005   1.331  -2.522  -1.191
VAL01U0022_001   0.655   0.000   0.655
PHE01U0023_001   4.468  -0.693   3.775
PRO01U0024_001   0.215  -7.121  -6.906
CTR01U0024_001  -0.021  -2.548  -2.569
CTR01U0024_002   0.104  -2.548  -2.444
CTR02U0024_003  -0.022  -2.761  -2.783
CTR02U0024_004   0.041  -2.510  -2.469
CTR-1U0024_005   0.000  -2.548  -2.548
NTR01U0029_001  -0.003  -3.733  -3.736
NTR+1U0029_002  -0.005  -3.733  -3.738
LYS01U0029_001   1.950 -10.325  -8.375
LYS+1U0029_002   1.893 -10.325  -8.433
LEU01U0030_001   1.689  -4.961  -3.272
ASP01U0031_001   0.085  -1.616  -1.531
ASP01U0031_002   0.085  -1.616  -1.531
ASP02U0031_003   0.156  -1.568  -1.412
ASP02U0031_004   0.156  -1.568  -1.412
ASP-1U0031_005   0.081  -1.524  -1.444
SER01U0032_001   0.000  -1.813  -1.813
SER01U0032_002   0.000  -1.813  -1.813
SER01U0032_003   0.000  -1.813  -1.813
SER01U0033_001   0.000  -2.664  -2.664
SER01U0033_002   0.000  -2.664  -2.664
SER01U0033_003   0.000  -2.664  -2.664
ILE01U0034_001   1.553  -7.691  -6.139
LYS01U0035_001   1.389 -10.959  -9.570
LYS+1U0035_002   1.344 -10.959  -9.615
ARG01U0036_001   1.767  -2.795  -1.028
ARG02U0036_002   1.752  -2.795  -1.043
ARG02U0036_003   1.836  -2.795  -0.959
ARG03U0036_004   1.744  -2.795  -1.051
ARG03U0036_005   1.748  -2.795  -1.047
ARG+1U0036_006   1.705  -2.795  -1.090
ASN01U0037_001   0.471   0.000   0.471
THR01U0038_001   0.235  -2.550  -2.315
THR01U0038_002   0.235  -2.550  -2.315
PHE01U0040_001   4.629   0.000   4.629
ILE01U0041_001   2.995  -0.274   2.721
LYS01U0042_001   1.625  -8.846  -7.220
LYS+1U0042_002   1.578  -8.846  -7.268
LYS01U0043_001   1.374  -3.382  -2.008
LYS+1U0043_002   1.323  -3.382  -2.059
LEU01U0044_001   1.638   0.000   1.638
LYS01U0045_001   1.068  -6.529  -5.461
LYS+1U0045_002   1.020  -6.529  -5.509
LYS01U0046_001   1.995  -6.178  -4.183
LYS+1U0046_002   1.946  -6.178  -4.232
PHE01U0048_001   4.045   0.000   4.045
VAL01U0049_001   0.575  -2.624  -2.049
LYS01U0050_001   2.593  -6.731  -4.138
LYS+1U0050_002   2.514  -6.731  -4.218
SER01U0052_001   0.000   0.000   0.000
SER01U0052_002   0.000   0.000   0.000
GLU01U0053_001   3.636  -1.247   2.389
GLU01U0053_002   3.636  -1.247   2.389
GLU02U0053_003   2.970  -1.158   1.811
GLU02U0053_004   2.970  -1.158   1.811
GLU-1U0053_005   2.878  -1.137   1.741
SER01U0054_001   0.000  -4.664  -4.664
SER01U0054_002   0.000  -4.664  -4.664
SER01U0055_001   0.000  -2.089  -2.089
SER01U0055_002   0.000  -2.089  -2.089
SER01U0055_003   0.000  -2.089  -2.089
LEU01U0056_001   2.181   0.000   2.181
LEU01U0057_001   1.462  -2.746  -1.284
LYS01U0058_001   2.074  -6.637  -4.563
LYS+1U0058_002   2.015  -6.637  -4.621
ASP01U0059_001   0.358  -0.398  -0.040
ASP01U0059_002   0.358  -0.398  -0.040
ASP02U0059_003   0.424  -0.345   0.080
ASP02U0059_004   0.424  -0.345   0.080
ASP-1U0059_005   0.316  -0.345  -0.029
LEU01U0060_001   1.856   0.000   1.856
SER01U0061_001   0.000  -1.426  -1.426
GLU01U0062_001   2.225  -2.473  -0.247
GLU01U0062_002   2.225  -2.473  -0.247
GLU02U0062_003   1.760  -2.489  -0.730
GLU02U0062_004   1.760  -2.489  -0.730
GLU-1U0062_005   1.699  -2.403  -0.704
ALA01U0063_001   0.000   0.000   0.000
SER01U0064_001   0.000  -0.963  -0.963
SER01U0064_002   0.000  -0.963  -0.963
LEU01U0065_001   2.255   0.000   2.255
GLU01U0066_001   1.229  -1.886  -0.656
GLU01U0066_002   1.229  -1.886  -0.656
GLU02U0066_003   1.446  -1.844  -0.398
GLU02U0066_004   1.446  -1.844  -0.398
GLU-1U0066_005   1.125  -1.791  -0.666
LYS01U0067_001  10.499  -5.164   5.335
LYS+1U0067_002  10.830  -5.164   5.666
TYR01U0068_001   4.366  -1.619   2.747
TYR-1U0068_002   4.366  -1.619   2.747
LEU01U0069_001   1.740  -1.185   0.556
SER01U0070_001   0.000  -4.944  -4.944
GLU01U0071_001   2.907  -2.025   0.882
GLU01U0071_002   2.907  -2.025   0.882
GLU02U0071_003   2.335  -2.056   0.279
GLU02U0071_004   2.335  -2.056   0.279
GLU-1U0071_005   2.265  -1.903   0.362
ILE01U0072_001   3.560   0.000   3.560
ILE01U0073_001   1.744  -1.062   0.682
VAL01U0074_001   0.595  -6.452  -5.857
THR01U0075_001   0.190  -0.120   0.070
THR01U0075_002   0.190  -0.120   0.070
THR01U0075_003   0.190  -0.120   0.070
VAL01U0076_001   0.632   0.000   0.632
THR01U0077_001   0.212  -0.932  -0.721
THR01U0077_002   0.212  -0.932  -0.721
GLU01U0078_001   1.095  -2.850  -1.755
GLU01U0078_002   1.095  -2.850  -1.755
GLU02U0078_003   1.176  -2.808  -1.631
GLU02U0078_004   1.176  -2.808  -1.631
GLU-1U0078_005   0.983  -2.756  -1.774
CYS01U0079_001  -0.002  -0.214  -0.216
CYS01U0079_002  -0.002  -0.214  -0.216
CYS01U0079_003  -0.002  -0.214  -0.217
CYS-1U0079_004   0.000  -0.214  -0.214
LEU01U0080_001   1.754   0.000   1.754
LEU01U0081_001   1.843  -2.041  -0.198
ASN01U0082_001   0.466  -2.600  -2.134
VAL01U0083_001   0.653  -0.052   0.602
LEU01U0084_001   1.707  -6.007  -4.301
ASN01U0085_001   0.236  -1.975  -1.739
ASN01U0085_002   0.053  -1.863  -1.809
LYS01U0086_001   1.673  -6.624  -4.951
LYS+1U0086_002   1.603  -6.624  -5.020
ASN01U0087_001   0.312  -2.436  -2.124
ASP01U0088_001   0.362  -2.247  -1.885
ASP01U0088_002   0.362  -2.247  -1.885
ASP02U0088_003   0.268  -2.351  -2.083
ASP02U0088_004   0.268  -2.351  -2.083
ASP-1U0088_005   0.250  -2.309  -2.059
ASP01U0089_001   0.061  -0.428  -0.366
ASP01U0089_002   0.061  -0.428  -0.366
ASP02U0089_003   0.127  -0.388  -0.261
ASP02U0089_004   0.127  -0.388  -0.261
ASP-1U0089_005   0.057  -0.379  -0.322
VAL01U0090_001   0.682   0.000   0.682
ILE01U0091_001   1.996  -2.386  -0.390
ALA01U0092_001   0.000   0.000   0.000
ALA01U0093_001   0.000   0.000   0.000
VAL01U0094_001   0.545   0.000   0.545
GLU01U0095_001   2.771  -0.772   1.999
GLU01U0095_002   2.771  -0.772   1.999
GLU02U0095_003   2.226  -0.821   1.405
GLU02U0095_004   2.226  -0.821   1.405
GLU-1U0095_005   2.159  -0.758   1.401
ILE01U0096_001   1.591   0.000   1.591
ILE01U0097_001   2.530   0.000   2.530
SER01U0098_001   0.000   0.000   0.000
SER01U0098_002   0.000   0.000   0.000
LEU01U0100_001   2.021   0.000   2.021
HIS01U0101_001  -0.180   0.000  -0.180
HIS02U0101_002  -0.198   0.000  -0.198
HIS+1U0101_003  -0.224   0.000  -0.224
GLN01U0102_001   1.462  -0.207   1.255
GLN01U0102_002   2.219  -0.236   1.983
ARG01U0103_001   2.858  -1.454   1.403
ARG02U0103_002   2.812  -1.454   1.358
ARG02U0103_003   2.885  -1.454   1.431
ARG03U0103_004   2.805  -1.454   1.351
ARG+1U0103_005   2.766  -1.454   1.311
PHE01U0104_001   4.511   0.000   4.511
ASN01U0105_001   0.476  -1.062  -0.586
ARG01U0107_001   1.830  -6.394  -4.563
ARG02U0107_002   1.814  -6.394  -4.580
ARG03U0107_003   1.806  -6.394  -4.588
ARG03U0107_004   1.810  -6.394  -4.584
ARG+1U0107_005   1.767  -6.394  -4.627
PHE01U0108_001   4.457   0.000   4.457
THR01U0109_001   0.196   0.000   0.196
THR01U0109_002   0.196   0.000   0.196
SER01U0110_001   0.000   0.000   0.000
SER01U0110_002   0.000   0.000   0.000
SER01U0110_003   0.000   0.000   0.000
PRO01U0111_001   0.238  -1.503  -1.265
LEU01U0112_001   1.463   0.000   1.463
LEU01U0113_001   1.693   0.000   1.693
ALA01U0115_001   0.000  -2.128  -2.128
PHE01U0116_001   4.389   0.000   4.389
LEU01U0117_001   1.616   0.000   1.616
GLN01U0118_001   0.899  -2.467  -1.568
GLN01U0118_002   1.199  -2.241  -1.041
ALA01U0119_001   0.000  -0.052  -0.052
PHE01U0120_001   4.377   0.000   4.377
GLU01U0121_001   1.428  -0.940   0.488
GLU01U0121_002   1.428  -0.940   0.488
GLU02U0121_003   1.197  -1.037   0.160
GLU02U0121_004   1.197  -1.037   0.160
GLU-1U0121_005   1.104  -0.938   0.166
ASN01U0122_001   0.247  -0.709  -0.462
ASN01U0122_002   0.053  -0.577  -0.524
PRO01U0123_001   0.204  -1.391  -1.187
SER01U0124_001   0.000  -5.315  -5.315
VAL01U0125_001   0.548  -6.230  -5.682
ASP01U0126_001   0.065  -2.372  -2.307
ASP01U0126_002   0.065  -2.372  -2.307
ASP02U0126_003   0.134  -2.402  -2.268
ASP02U0126_004   0.134  -2.402  -2.268
ASP-1U0126_005   0.062  -2.407  -2.345
ILE01U0127_001   2.271  -0.206   2.065
GLU01U0128_001   0.953  -3.613  -2.660
GLU01U0128_002   0.953  -3.613  -2.660
GLU02U0128_003   0.885  -3.682  -2.798
GLU02U0128_004   0.885  -3.682  -2.798
GLU-1U0128_005   0.779  -3.539  -2.760
SER01U0129_001   0.000  -1.850  -1.850
SER01U0129_002   0.000  -1.850  -1.850
SER01U0129_003   0.000  -1.850  -1.850
GLU01U0130_001   2.593  -1.737   0.856
GLU01U0130_002   2.593  -1.737   0.856
GLU02U0130_003   2.064  -1.706   0.358
GLU02U0130_004   2.064  -1.706   0.358
GLU-1U0130_005   1.996  -1.697   0.300
ARG01U0131_001   1.656 -10.083  -8.427
ARG02U0131_002   1.672 -10.083  -8.411
ARG03U0131_003   1.607 -10.083  -8.476
ARG+1U0131_004   1.569 -10.083  -8.514
ASP01U0132_001   0.072  -2.461  -2.389
ASP01U0132_002   0.072  -2.461  -2.389
ASP02U0132_003   0.140  -2.558  -2.418
ASP02U0132_004   0.140  -2.558  -2.418
ASP-1U0132_005   0.067  -2.343  -2.275
GLU01U0133_001   0.908  -0.145   0.763
GLU01U0133_002   0.908  -0.145   0.763
GLU02U0133_003   0.746  -0.138   0.608
GLU02U0133_004   0.746  -0.138   0.608
GLU-1U0133_005   0.675  -0.138   0.537
LEU01U0134_001   1.890  -5.199  -3.309
GLN01U0135_001   1.051  -2.842  -1.791
GLN01U0135_002   0.794  -2.681  -1.887
ARG01U0136_001   2.956  -2.824   0.131
ARG02U0136_002   3.002  -2.824   0.178
ARG03U0136_003   2.910  -2.824   0.086
ARG03U0136_004   2.915  -2.824   0.091
ARG+1U0136_005   2.870  -2.824   0.046
ILE01U0137_001   3.956  -0.052   3.905
THR01U0138_001   0.190  -4.469  -4.279
THR01U0138_002   0.190  -4.469  -4.279
THR01U0138_003   0.190  -4.469  -4.279
ARG01U0139_001   2.487  -6.337  -3.849
ARG02U0139_002   2.464  -6.337  -3.872
ARG03U0139_003   2.458  -6.337  -3.879
ARG03U0139_004   2.462  -6.337  -3.874
ARG+1U0139_005   2.419  -6.337  -3.918
VAL01U0140_001   0.596  -0.052   0.545
LYS01U0141_001   1.368  -2.935  -1.567
LYS+1U0141_002   1.321  -2.935  -1.614
ASN01U0143_001   0.210  -0.192   0.018
ASN01U0143_002   0.037  -0.177  -0.140
LEU01U0144_001   1.766  -0.103   1.663
ARG01U0145_001   2.499  -1.081   1.418
ARG02U0145_002   2.481  -1.081   1.401
ARG02U0145_003   2.554  -1.081   1.473
ARG03U0145_004   2.473  -1.081   1.393
ARG03U0145_005   2.477  -1.081   1.397
ARG+1U0145_006   2.434  -1.081   1.354
VAL01U0146_001   0.533  -0.052   0.481
PHE01U0147_001   4.517   0.000   4.517
THR01U0148_001   0.270   0.000   0.270
THR01U0148_002   0.270   0.000   0.270
THR01U0148_003   0.270   0.000   0.270
GLU01U0149_001   1.428  -0.491   0.937
GLU01U0149_002   1.428  -0.491   0.937
GLU02U0149_003   1.162  -0.498   0.664
GLU02U0149_004   1.162  -0.498   0.664
GLU-1U0149_005   1.093  -0.482   0.610
LEU01U0150_001   1.865   0.000   1.865
TYR01U0151_001   4.568   0.000   4.568
TYR01U0151_002   4.568   0.000   4.568
TYR-1U0151_003   4.568   0.000   4.568
LEU01U0152_001   1.702   0.000   1.702
VAL01U0153_001   0.539   0.000   0.539
VAL01U0155_001   0.606   0.000   0.606
PHE01U0156_001   4.036   0.000   4.036
ARG01U0157_001   1.751  -1.477   0.274
ARG02U0157_002   1.746  -1.477   0.269
ARG03U0157_003   1.680  -1.477   0.203
ARG03U0157_004   1.685  -1.477   0.207
ARG+1U0157_005   1.641  -1.477   0.164
THR01U0158_001   0.211  -0.409  -0.198
THR01U0158_002   0.211  -0.409  -0.198
THR01U0158_003   0.211  -0.409  -0.198
LEU01U0159_001   1.669  -0.103   1.566
ASP01U0160_001   0.068  -2.279  -2.211
ASP01U0160_002   0.068  -2.279  -2.211
ASP02U0160_003   0.135  -2.400  -2.265
ASP02U0160_004   0.135  -2.400  -2.265
ASP-1U0160_005   0.064  -2.270  -2.206
ASP01U0161_001   0.260  -0.586  -0.326
ASP01U0161_002   0.260  -0.586  -0.326
ASP02U0161_003   0.169  -0.652  -0.483
ASP02U0161_004   0.169  -0.652  -0.483
ASP-1U0161_005   0.162  -0.586  -0.424
ILE01U0162_001   3.276  -0.206   3.070
GLU01U0163_001   0.782  -2.153  -1.371
GLU01U0163_002   0.782  -2.153  -1.371
GLU02U0163_003   0.758  -2.145  -1.387
GLU02U0163_004   0.758  -2.145  -1.387
GLU-1U0163_005   0.655  -2.105  -1.450
SER01U0164_001   0.000  -6.072  -6.072
LYS01U0165_001   1.490 -10.423  -8.933
LYS+1U0165_002   1.434 -10.423  -8.988
ASP01U0166_001   0.243  -1.011  -0.768
ASP01U0166_002   0.243  -1.011  -0.768
ASP02U0166_003   0.335  -1.005  -0.669
ASP02U0166_004   0.335  -1.005  -0.669
ASP-1U0166_005   0.227  -0.999  -0.772
ALA01U0167_001   0.000  -4.617  -4.617
ILE01U0168_001   1.875  -1.854   0.021
PRO01U0169_001   0.291   0.000   0.291
ASN01U0170_001   0.259  -3.285  -3.027
ASN01U0170_002   0.481  -3.179  -2.698
ASN01U0170_003   0.067  -3.148  -3.081
ASN01U0170_004   0.244  -3.209  -2.965
PHE01U0171_001   4.609  -0.817   3.791
LEU01U0172_001   2.013  -0.052   1.961
GLN01U0173_001   1.420  -1.971  -0.551
GLN01U0173_002   2.354  -2.005   0.348
LYS01U0174_001   0.975 -10.013  -9.038
LYS+1U0174_002   0.910 -10.013  -9.103
LYS01U0175_001   2.085  -2.186  -0.101
LYS+1U0175_002   2.032  -2.186  -0.154
THR01U0176_001   0.217  -6.936  -6.719
THR01U0176_002   0.217  -6.936  -6.719
ARG01U0178_001   1.552 -12.714 -11.162
ARG02U0178_002   1.516 -12.714 -11.198
ARG03U0178_003   1.515 -12.714 -11.199
ARG+1U0178_004   1.472 -12.714 -11.242
LYS01U0179_001   1.069  -2.498  -1.429
LYS+1U0179_002   1.022  -2.498  -1.477
ASP01U0180_001   0.224  -1.350  -1.126
ASP01U0180_002   0.224  -1.350  -1.126
ASP02U0180_003   0.305  -1.339  -1.034
ASP02U0180_004   0.305  -1.339  -1.034
ASP-1U0180_005   0.206  -1.344  -1.138
PRO01U0181_001   0.219  -0.048   0.171
LEU01U0182_001   1.445  -0.052   1.393
LEU01U0183_001   1.856   0.000   1.856
PHE01U0184_001   4.409  -1.181   3.228
SER01U0185_001   0.000  -0.048  -0.048
SER01U0185_002   0.000  -0.048  -0.048
ILE01U0186_001   2.143   0.000   2.143
LEU01U0187_001   2.173   0.000   2.173
ARG01U0188_001   2.391  -7.680  -5.289
ARG02U0188_002   2.332  -7.680  -5.349
ARG03U0188_003   2.326  -7.680  -5.354
ARG+1U0188_004   2.287  -7.680  -5.393
GLU01U0189_001   1.862  -1.255   0.607
GLU01U0189_002   1.862  -1.255   0.607
GLU02U0189_003   1.489  -1.222   0.267
GLU02U0189_004   1.489  -1.222   0.267
GLU-1U0189_005   1.429  -1.172   0.258
ILE01U0190_001   3.848  -0.052   3.796
LEU01U0191_001   1.769   0.000   1.769
ASN01U0192_001   0.432  -1.660  -1.228
ASN01U0192_002   0.197  -2.533  -2.335
ASN01U0192_003   0.312  -1.848  -1.537
ASN01U0192_004   0.028  -2.415  -2.387
TYR01U0193_001   4.285  -1.080   3.205
TYR01U0193_002   4.285  -1.080   3.205
TYR-1U0193_003   4.285  -1.080   3.205
LYS01U0194_001   3.072  -3.527  -0.455
LYS+1U0194_002   3.026  -3.527  -0.501
PHE01U0195_001   4.268  -2.020   2.248
LYS01U0196_001   0.997  -8.081  -7.084
LYS+1U0196_002   0.950  -8.081  -7.131
LEU01U0197_001   1.450  -2.009  -0.559
PHE01U0199_001   4.500  -0.051   4.449
THR01U0200_001   0.176   0.000   0.176
THR01U0200_002   0.176   0.000   0.176
THR01U0201_001   0.188   0.000   0.188
THR01U0201_002   0.188   0.000   0.188
THR01U0201_003   0.188   0.000   0.188
THR01U0202_001   0.169  -2.146  -1.977
THR01U0202_002   0.169  -2.146  -1.977
ILE01U0203_001   3.651   0.000   3.651
ALA01U0204_001   0.000   0.000   0.000
THR01U0205_001   0.303  -0.353  -0.050
THR01U0205_002   0.303  -0.353  -0.050
ALA01U0206_001   0.000  -1.561  -1.561
PHE01U0207_001   4.533  -0.051   4.483
ILE01U0208_001   4.350   0.000   4.350
LYS01U0209_001   1.030  -6.855  -5.824
LYS+1U0209_002   0.983  -6.855  -5.871
LYS01U0210_001   2.158  -3.412  -1.254
LYS+1U0210_002   2.095  -3.412  -1.318
PHE01U0211_001   4.399  -0.118   4.281
ALA01U0212_001   0.000  -0.943  -0.943
PRO01U0213_001   0.252  -1.125  -0.873
LEU01U0214_001   1.597   0.000   1.597
PHE01U0215_001   4.577   0.000   4.577
ARG01U0216_001   1.446  -5.649  -4.203
ARG01U0216_002   1.754  -3.751  -1.998
ARG02U0216_003   1.407  -5.649  -4.242
ARG02U0216_004   1.742  -3.751  -2.009
ARG03U0216_005   1.402  -5.649  -4.247
ARG03U0216_006   1.737  -3.751  -2.014
ARG+1U0216_007   1.363  -5.649  -4.285
ARG+1U0216_008   1.694  -3.751  -2.057
ASP01U0217_001   0.321  -3.234  -2.913
ASP01U0217_002   0.321  -3.234  -2.913
ASP02U0217_003   0.377  -3.221  -2.844
ASP02U0217_004   0.377  -3.221  -2.844
ASP-1U0217_005   0.279  -3.109  -2.830
ASP01U0218_001   0.139  -3.503  -3.364
ASP01U0218_002   0.139  -3.503  -3.364
ASP02U0218_003   0.218  -3.674  -3.456
ASP02U0218_004   0.218  -3.674  -3.456
ASP-1U0218_005   0.130  -3.583  -3.453
ASP01U0219_001   0.108  -1.492  -1.384
ASP01U0219_002   0.108  -1.492  -1.384
ASP02U0219_003   0.182  -1.542  -1.360
ASP02U0219_004   0.182  -1.542  -1.360
ASP-1U0219_005   0.102  -1.494  -1.393
ASN01U0220_001   0.240  -2.830  -2.591
ASN01U0220_002   0.052  -2.634  -2.582
SER01U0221_001   0.000  -1.824  -1.824
SER01U0221_002   0.000  -1.824  -1.824
SER01U0221_003   0.000  -1.824  -1.824
TRP01U0222_001   2.534  -1.432   1.103
ASP01U0223_001   0.072  -1.413  -1.342
ASP01U0223_002   0.072  -1.413  -1.342
ASP02U0223_003   0.143  -1.569  -1.426
ASP02U0223_004   0.143  -1.569  -1.426
ASP-1U0223_005   0.068  -1.408  -1.340
ASP01U0224_001   0.102  -2.869  -2.767
ASP01U0224_002   0.102  -2.869  -2.767
ASP02U0224_003   0.180  -3.072  -2.892
ASP02U0224_004   0.180  -3.072  -2.892
ASP-1U0224_005   0.098  -2.898  -2.801
LEU01U0225_001   1.605   0.000   1.605
ILE01U0226_001   1.601  -0.206   1.395
TYR01U0227_001   4.468  -4.100   0.368
TYR-1U0227_002   4.468  -4.100   0.368
ASP01U0228_001   0.131  -1.234  -1.103
ASP01U0228_002   0.131  -1.234  -1.103
ASP02U0228_003   0.213  -1.172  -0.959
ASP02U0228_004   0.213  -1.172  -0.959
ASP-1U0228_005   0.125  -1.137  -1.012
SER01U0229_001   0.000  -5.341  -5.341
SER01U0229_002   0.000  -5.341  -5.341
LYS01U0230_001   2.068  -8.020  -5.952
LYS+1U0230_002   2.016  -8.020  -6.004
LEU01U0231_001   1.666   0.000   1.666
LYS01U0232_001   0.911  -1.030  -0.120
LYS+1U0232_002   0.863  -1.030  -0.167
ALA01U0234_001   0.000  -0.464  -0.464
LEU01U0235_001   1.700   0.000   1.700
GLN01U0236_001   0.696  -0.825  -0.129
SER01U0237_001   0.000  -3.026  -3.026
SER01U0237_002   0.000  -3.026  -3.026
LEU01U0238_001   1.720  -0.567   1.154
PHE01U0239_001   4.384   0.000   4.384
LYS01U0240_001   0.887  -5.338  -4.451
LYS+1U0240_002   0.825  -5.338  -4.514
ASN01U0241_001   0.512  -2.732  -2.220
ASN01U0241_002   0.363  -2.792  -2.429
PHE01U0242_001   4.549  -0.455   4.095
ILE01U0243_001   2.802  -0.155   2.647
ASP01U0244_001   0.062  -2.582  -2.520
ASP01U0244_002   0.062  -2.582  -2.520
ASP02U0244_003   0.129  -2.650  -2.521
ASP02U0244_004   0.129  -2.650  -2.521
ASP-1U0244_005   0.059  -2.532  -2.474
ALA01U0245_001   0.000  -2.176  -2.176
THR01U0246_001   0.209   0.000   0.209
THR01U0246_002   0.209   0.000   0.209
THR01U0246_003   0.209   0.000   0.209
PHE01U0247_001   3.899  -1.522   2.376
ALA01U0248_001   0.000  -3.535  -3.535
ARG01U0249_001   2.796  -1.326   1.469
ARG02U0249_002   2.760  -1.326   1.434
ARG02U0249_003   2.800  -1.326   1.474
ARG03U0249_004   2.754  -1.326   1.427
ARG+1U0249_005   2.715  -1.326   1.389
ALA01U0250_001   0.000   0.000   0.000
THR01U0251_001   0.213  -2.026  -1.813
THR01U0251_002   0.213  -2.026  -1.813
GLU01U0252_001   1.857  -2.068  -0.211
GLU01U0252_002   1.857  -2.068  -0.211
GLU02U0252_003   1.468  -2.096  -0.628
GLU02U0252_004   1.468  -2.096  -0.628
GLU-1U0252_005   1.405  -1.989  -0.584
LEU01U0253_001   1.976   0.000   1.976
HIS01U0254_001  -0.096  -1.598  -1.694
HIS01U0254_002  -0.030  -1.176  -1.206
HIS02U0254_003  -0.117  -1.598  -1.715
HIS02U0254_004  -0.042  -1.176  -1.218
HIS+1U0254_005  -0.143  -1.598  -1.742
HIS+1U0254_006  -0.068  -1.176  -1.244
LYS01U0255_001   1.034  -8.078  -7.044
LYS+1U0255_002   0.985  -8.078  -7.093
LYS01U0256_001   0.971  -4.562  -3.591
LYS+1U0256_002   0.924  -4.562  -3.638
VAL01U0257_001   0.518   0.000   0.518
ASN01U0258_001   0.495  -0.752  -0.258
ASN01U0258_002   0.163  -1.233  -1.071
ASN01U0258_003   0.260  -0.573  -0.314
LYS01U0259_001   2.334  -7.722  -5.388
LYS+1U0259_002   2.250  -7.722  -5.472
LEU01U0260_001   2.025  -0.721   1.304
GLN01U0261_001   0.786  -0.704   0.082
GLN01U0261_002   0.880  -0.733   0.147
ARG01U0262_001   2.500  -8.957  -6.457
ARG02U0262_002   2.549  -8.957  -6.409
ARG03U0262_003   2.465  -8.957  -6.492
ARG+1U0262_004   2.421  -8.957  -6.536
GLU01U0263_001   0.748  -1.519  -0.770
GLU01U0263_002   0.748  -1.519  -0.770
GLU02U0263_003   0.675  -1.453  -0.778
GLU02U0263_004   0.675  -1.453  -0.778
GLU-1U0263_005   0.572  -1.482  -0.910
HIS01U0264_001  -0.230  -1.296  -1.527
HIS02U0264_002  -0.246  -1.296  -1.543
HIS+1U0264_003  -0.273  -1.296  -1.569
GLN01U0265_001   1.716  -2.144  -0.429
GLN01U0265_002   2.840  -2.066   0.774
LYS01U0266_001   1.735  -5.490  -3.755
LYS+1U0266_002   1.687  -5.490  -3.803
CYS01U0267_001  -0.002  -0.834  -0.836
CYS01U0267_002  -0.002  -0.834  -0.836
CYS01U0267_003  -0.003  -0.834  -0.836
CYS-1U0267_004   0.000  -0.834  -0.834
GLN01U0268_001   2.041  -2.008   0.032
GLN01U0268_002   3.414  -1.912   1.502
ILE01U0269_001   2.736  -8.148  -5.412
ARG01U0270_001   2.303  -7.423  -5.120
ARG02U0270_002   2.276  -7.423  -5.148
ARG03U0270_003   2.268  -7.423  -5.155
ARG03U0270_004   2.272  -7.423  -5.151
ARG+1U0270_005   2.229  -7.423  -5.195
THR01U0271_001   0.219  -3.599  -3.380
THR01U0271_002   0.219  -3.599  -3.380
THR01U0271_003   0.219  -3.599  -3.380
LYS01U0273_001   0.953  -8.306  -7.353
LYS+1U0273_002   0.906  -8.306  -7.400
LEU01U0274_001   1.786  -8.976  -7.190
ARG01U0275_001   1.353  -6.252  -4.899
ARG02U0275_002   1.291  -6.252  -4.961
ARG02U0275_003   1.352  -6.252  -4.901
ARG03U0275_004   1.286  -6.252  -4.966
ARG03U0275_005   1.291  -6.252  -4.962
ARG+1U0275_006   1.247  -6.252  -5.005
ASP01U0276_001   0.314  -0.167   0.146
ASP01U0276_002   0.314  -0.167   0.146
ASP02U0276_003   0.376  -0.204   0.173
ASP02U0276_004   0.376  -0.204   0.173
ASP-1U0276_005   0.275  -0.167   0.108
GLU01U0277_001   0.600  -3.328  -2.728
GLU01U0277_002   0.600  -3.328  -2.728
GLU02U0277_003   0.586  -3.278  -2.692
GLU02U0277_004   0.586  -3.278  -2.692
GLU-1U0277_005   0.476  -3.221  -2.745
TYR01U0278_001   4.527  -3.733   0.794
TYR-1U0278_002   4.527  -3.733   0.794
VAL01U0279_001   0.513  -0.515  -0.002
GLU01U0280_001   1.230  -2.242  -1.012
GLU01U0280_002   1.230  -2.242  -1.012
GLU02U0280_003   1.009  -2.261  -1.251
GLU02U0280_004   1.009  -2.261  -1.251
GLU-1U0280_005   0.932  -2.178  -1.247
GLU01U0281_001   1.838  -2.309  -0.471
GLU01U0281_002   1.838  -2.309  -0.471
GLU02U0281_003   1.461  -2.318  -0.857
GLU02U0281_004   1.461  -2.318  -0.857
GLU-1U0281_005   1.393  -2.253  -0.860
TYR01U0282_001   4.339  -0.809   3.530
TYR01U0282_002   4.339  -0.809   3.530
TYR-1U0282_003   4.339  -0.809   3.530
ASP01U0283_001   0.050  -1.609  -1.559
ASP01U0283_002   0.050  -1.609  -1.559
ASP02U0283_003   0.113  -1.661  -1.548
ASP02U0283_004   0.113  -1.661  -1.548
ASP-1U0283_005   0.046  -1.598  -1.551
LYS01U0284_001   1.055  -8.867  -7.812
LYS+1U0284_002   0.994  -8.867  -7.874
LEU01U0285_001   1.710  -1.700   0.010
LEU01U0286_001   1.515  -0.515   1.000
PRO01U0287_001   0.302  -4.034  -3.732
ILE01U0288_001   2.809  -1.027   1.782
PHE01U0289_001   4.660   0.000   4.660
ILE01U0290_001   1.245  -3.416  -2.171
ARG01U0291_001   1.852  -1.820   0.032
ARG02U0291_002   1.906  -1.820   0.086
ARG03U0291_003   1.811  -1.820  -0.009
ARG03U0291_004   1.816  -1.820  -0.004
ARG+1U0291_005   1.772  -1.820  -0.048
PHE01U0292_001   4.326   0.000   4.326
LYS01U0293_001   0.709  -2.173  -1.465
LYS+1U0293_002   0.662  -2.173  -1.511
THR01U0294_001   0.218  -4.566  -4.349
THR01U0294_002   0.218  -4.566  -4.349
THR01U0294_003   0.218  -4.566  -4.349
SER01U0295_001   0.000   0.000   0.000
SER01U0295_002   0.000   0.000   0.000
SER01U0295_003   0.000   0.000   0.000
ALA01U0296_001   0.000   0.000   0.000
ILE01U0297_001   2.177  -4.153  -1.976
THR01U0298_001   0.179  -1.306  -1.128
THR01U0298_002   0.179  -1.306  -1.128
LEU01U0299_001   1.713   0.000   1.713
GLU01U0301_001   1.612  -2.870  -1.258
GLU01U0301_002   1.612  -2.870  -1.258
GLU02U0301_003   2.037  -2.956  -0.919
GLU02U0301_004   2.037  -2.956  -0.919
GLU-1U0301_005   1.548  -2.924  -1.375
PHE01U0302_001   4.643  -0.862   3.782
PHE01U0303_001   4.279  -0.354   3.925
LYS01U0304_001   1.209  -8.527  -7.318
LYS+1U0304_002   1.147  -8.527  -7.381
LEU01U0305_001   2.250  -3.516  -1.265
GLU01U0306_001   1.094  -3.899  -2.805
GLU01U0306_002   1.094  -3.899  -2.805
GLU02U0306_003   0.924  -4.042  -3.118
GLU02U0306_004   0.924  -4.042  -3.118
GLU-1U0306_005   0.832  -3.878  -3.046
ILE01U0307_001   6.966  -1.494   5.473
PRO01U0308_001   0.219  -1.751  -1.532
GLU01U0309_001   0.785  -3.339  -2.554
GLU01U0309_002   0.785  -3.339  -2.554
GLU02U0309_003   0.699  -3.310  -2.611
GLU02U0309_004   0.699  -3.310  -2.611
GLU-1U0309_005   0.598  -3.272  -2.673
LEU01U0310_001   1.828  -0.309   1.519
HIS01U0311_001  -0.152  -7.397  -7.549
HIS01U0311_002  -0.105  -7.251  -7.356
HIS02U0311_003  -0.171  -7.397  -7.568
HIS02U0311_004  -0.118  -7.251  -7.369
HIS+1U0311_005  -0.198  -7.397  -7.595
HIS+1U0311_006  -0.144  -7.251  -7.395
HIS01U0312_001  -0.202   0.000  -0.202
HIS02U0312_002  -0.219   0.000  -0.219
HIS+1U0312_003  -0.246   0.000  -0.246
HIS01U0313_001  -0.269  -8.182  -8.451
HIS01U0313_002  -0.235  -8.508  -8.743
HIS02U0313_003  -0.284  -8.182  -8.466
HIS02U0313_004  -0.249  -8.508  -8.757
HIS+1U0313_005  -0.311  -8.182  -8.493
HIS+1U0313_006  -0.275  -8.508  -8.783
HIS01U0314_001  -0.144  -3.424  -3.568
HIS02U0314_002  -0.163  -3.424  -3.587
HIS+1U0314_003  -0.190  -3.424  -3.614
HIS01U0315_001  -0.184  -6.947  -7.131
HIS02U0315_002  -0.201  -6.947  -7.148
HIS+1U0315_003  -0.228  -6.947  -7.175
CTR01U0315_001  -0.021  -5.058  -5.079
CTR01U0315_002   0.102  -5.136  -5.033
CTR02U0315_003  -0.022  -4.981  -5.003
CTR02U0315_004   0.040  -5.232  -5.192
CTR-1U0315_005   0.000  -5.019  -5.019
_CL-1U0401_001   0.000   0.000   0.000
